2020-03-23 14:39:11,898 - Starting PayApplication on Samphanie with PID 16564 (E:\IdeaProjects\pay\target\classes started by ZSY in E:\IdeaProjects\pay)
2020-03-23 14:39:11,901 - No active profile set, falling back to default profiles: default
2020-03-23 14:39:12,725 - No MyBatis mapper was found in '[com.samphanie.pay]' package. Please check your configuration.
2020-03-23 14:39:13,067 - Tomcat initialized with port(s): 8080 (http)
2020-03-23 14:39:13,076 - Initializing ProtocolHandler ["http-nio-8080"]
2020-03-23 14:39:13,077 - Starting service [Tomcat]
2020-03-23 14:39:13,077 - Starting Servlet engine: [Apache Tomcat/9.0.31]
2020-03-23 14:39:13,214 - Initializing Spring embedded WebApplicationContext
2020-03-23 14:39:13,215 - Root WebApplicationContext: initialization completed in 1267 ms
2020-03-23 14:39:13,417 - Initializing ExecutorService 'applicationTaskExecutor'
2020-03-23 14:39:15,246 - Starting ProtocolHandler ["http-nio-8080"]
2020-03-23 14:39:15,269 - Tomcat started on port(s): 8080 (http) with context path ''
2020-03-23 14:39:15,274 - Started PayApplication in 4.164 seconds (JVM running for 5.764)
2020-03-23 14:40:34,312 - Initializing Spring DispatcherServlet 'dispatcherServlet'
2020-03-23 14:40:34,312 - Initializing Servlet 'dispatcherServlet'
2020-03-23 14:40:34,318 - Completed initialization in 6 ms
2020-03-23 14:40:35,433 - sign content: app_id=2016101800717551&biz_content={"out_trade_no":"123456789","total_amount":"0.01","subject":"微信点餐订单","product_code":"FAST_INSTANT_TRADE_PAY"}&charset=utf-8&method=alipay.trade.page.pay&notify_url=http://samphanie.natapp1.cc/sell/pay/notify&return_url=http://samphanie.natapp1.cc/sell/pay/return&sign_type=RSA2&timestamp=2020-03-23 14:40:35&version=1.0
2020-03-23 14:43:04,553 - Starting PayApplication on Samphanie with PID 11664 (E:\IdeaProjects\pay\target\classes started by ZSY in E:\IdeaProjects\pay)
2020-03-23 14:43:04,558 - No active profile set, falling back to default profiles: default
2020-03-23 14:43:05,235 - No MyBatis mapper was found in '[com.samphanie.pay]' package. Please check your configuration.
2020-03-23 14:43:05,606 - Tomcat initialized with port(s): 8080 (http)
2020-03-23 14:43:05,613 - Initializing ProtocolHandler ["http-nio-8080"]
2020-03-23 14:43:05,614 - Starting service [Tomcat]
2020-03-23 14:43:05,614 - Starting Servlet engine: [Apache Tomcat/9.0.31]
2020-03-23 14:43:05,764 - Initializing Spring embedded WebApplicationContext
2020-03-23 14:43:05,764 - Root WebApplicationContext: initialization completed in 1158 ms
2020-03-23 14:43:05,938 - Initializing ExecutorService 'applicationTaskExecutor'
2020-03-23 14:43:07,683 - Starting ProtocolHandler ["http-nio-8080"]
2020-03-23 14:43:07,706 - Tomcat started on port(s): 8080 (http) with context path ''
2020-03-23 14:43:07,710 - Started PayApplication in 3.766 seconds (JVM running for 5.326)
2020-03-23 14:43:10,826 - Initializing Spring DispatcherServlet 'dispatcherServlet'
2020-03-23 14:43:10,827 - Initializing Servlet 'dispatcherServlet'
2020-03-23 14:43:10,833 - Completed initialization in 6 ms
2020-03-23 14:43:11,753 - sign content: app_id=2016101800717551&biz_content={"out_trade_no":"123456789","total_amount":"0.01","subject":"微信点餐订单","product_code":"FAST_INSTANT_TRADE_PAY"}&charset=utf-8&method=alipay.trade.page.pay&notify_url=http://samphanie.natapp1.cc/sell/pay/notify&return_url=http://samphanie.natapp1.cc/sell/pay/return&sign_type=RSA2&timestamp=2020-03-23 14:43:11&version=1.0
2020-03-23 14:51:46,274 - --> POST https://api.mch.weixin.qq.com/pay/unifiedorder
2020-03-23 14:51:46,274 - Content-Type: application/xml; charset=utf-8
2020-03-23 14:51:46,274 - Content-Length: 479
2020-03-23 14:51:46,274 - 
2020-03-23 14:51:46,275 - <xml>
   <appid>wxf575fcff4fd8fddd</appid>
   <mch_id></mch_id>
   <nonce_str>bYZbOMTcJPenYIrC</nonce_str>
   <sign>B6AAAEF879373AF6E99EF968EE2F8B1D</sign>
   <attach>附加的信息</attach>
   <body>微信点餐订单</body>
   <notify_url>http://samphanie.natapp1.cc/sell/pay/notify</notify_url>
   <openid></openid>
   <out_trade_no>123456789</out_trade_no>
   <spbill_create_ip>8.8.8.8</spbill_create_ip>
   <total_fee>1</total_fee>
   <trade_type>NATIVE</trade_type>
</xml>
2020-03-23 14:51:46,275 - --> END POST (479-byte body)
2020-03-23 14:51:46,650 - <-- 200 OK https://api.mch.weixin.qq.com/pay/unifiedorder (374ms)
2020-03-23 14:51:46,650 - Server: nginx
2020-03-23 14:51:46,650 - Date: Mon, 23 Mar 2020 06:51:38 GMT
2020-03-23 14:51:46,650 - Content-Type: text/plain
2020-03-23 14:51:46,650 - Content-Length: 115
2020-03-23 14:51:46,650 - Connection: keep-alive
2020-03-23 14:51:46,650 - Keep-Alive: timeout=8
2020-03-23 14:51:46,651 - 
2020-03-23 14:51:46,651 - <xml><return_code><![CDATA[FAIL]]></return_code><return_msg><![CDATA[mch_id参数格式错误]]></return_msg></xml>
2020-03-23 14:51:46,651 - <-- END HTTP (115-byte body)
2020-03-23 14:53:03,802 - sign content: app_id=2016101800717551&biz_content={"out_trade_no":"123456789","total_amount":"0.01","subject":"微信点餐订单","product_code":"FAST_INSTANT_TRADE_PAY"}&charset=utf-8&method=alipay.trade.page.pay&notify_url=http://samphanie.natapp1.cc/sell/pay/notify&return_url=http://samphanie.natapp1.cc/sell/pay/return&sign_type=RSA2&timestamp=2020-03-23 14:53:03&version=1.0
2020-03-23 14:53:47,752 - Starting PayApplication on Samphanie with PID 13556 (E:\IdeaProjects\pay\target\classes started by ZSY in E:\IdeaProjects\pay)
2020-03-23 14:53:47,755 - No active profile set, falling back to default profiles: default
2020-03-23 14:53:48,623 - No MyBatis mapper was found in '[com.samphanie.pay]' package. Please check your configuration.
2020-03-23 14:53:49,037 - Tomcat initialized with port(s): 8080 (http)
2020-03-23 14:53:49,051 - Initializing ProtocolHandler ["http-nio-8080"]
2020-03-23 14:53:49,052 - Starting service [Tomcat]
2020-03-23 14:53:49,052 - Starting Servlet engine: [Apache Tomcat/9.0.31]
2020-03-23 14:53:49,226 - Initializing Spring embedded WebApplicationContext
2020-03-23 14:53:49,226 - Root WebApplicationContext: initialization completed in 1372 ms
2020-03-23 14:53:49,417 - Initializing ExecutorService 'applicationTaskExecutor'
2020-03-23 14:53:51,271 - Starting ProtocolHandler ["http-nio-8080"]
2020-03-23 14:53:51,296 - Tomcat started on port(s): 8080 (http) with context path ''
2020-03-23 14:53:51,300 - Started PayApplication in 4.31 seconds (JVM running for 6.16)
2020-03-23 14:53:51,344 - Initializing Spring DispatcherServlet 'dispatcherServlet'
2020-03-23 14:53:51,344 - Initializing Servlet 'dispatcherServlet'
2020-03-23 14:53:51,349 - Completed initialization in 5 ms
2020-03-23 14:53:52,416 - sign content: app_id=2016101800717551&biz_content={"out_trade_no":"123456789","total_amount":"0.01","subject":"微信点餐订单","product_code":"FAST_INSTANT_TRADE_PAY"}&charset=utf-8&method=alipay.trade.page.pay&notify_url=http://samphanie.natapp1.cc/sell/pay/notify&return_url=http://samphanie.natapp1.cc/sell/pay/return&sign_type=RSA2&timestamp=2020-03-23 14:53:52&version=1.0
2020-03-23 14:53:54,858 - sign content: app_id=2016101800717551&biz_content={"out_trade_no":"123456789","total_amount":"0.01","subject":"微信点餐订单","product_code":"FAST_INSTANT_TRADE_PAY"}&charset=utf-8&method=alipay.trade.page.pay&notify_url=http://samphanie.natapp1.cc/sell/pay/notify&return_url=http://samphanie.natapp1.cc/sell/pay/return&sign_type=RSA2&timestamp=2020-03-23 14:53:54&version=1.0
2020-03-23 14:53:58,425 - sign content: app_id=2016101800717551&biz_content={"out_trade_no":"123456789","total_amount":"0.01","subject":"微信点餐订单","product_code":"FAST_INSTANT_TRADE_PAY"}&charset=utf-8&method=alipay.trade.page.pay&notify_url=http://samphanie.natapp1.cc/sell/pay/notify&return_url=http://samphanie.natapp1.cc/sell/pay/return&sign_type=RSA2&timestamp=2020-03-23 14:53:58&version=1.0
2020-03-23 14:55:58,304 - Starting PayApplication on Samphanie with PID 6156 (E:\IdeaProjects\pay\target\classes started by ZSY in E:\IdeaProjects\pay)
2020-03-23 14:55:58,307 - No active profile set, falling back to default profiles: default
2020-03-23 14:55:59,106 - No MyBatis mapper was found in '[com.samphanie.pay]' package. Please check your configuration.
2020-03-23 14:55:59,464 - Tomcat initialized with port(s): 8080 (http)
2020-03-23 14:55:59,472 - Initializing ProtocolHandler ["http-nio-8080"]
2020-03-23 14:55:59,473 - Starting service [Tomcat]
2020-03-23 14:55:59,473 - Starting Servlet engine: [Apache Tomcat/9.0.31]
2020-03-23 14:55:59,628 - Initializing Spring embedded WebApplicationContext
2020-03-23 14:55:59,629 - Root WebApplicationContext: initialization completed in 1228 ms
2020-03-23 14:55:59,830 - Initializing ExecutorService 'applicationTaskExecutor'
2020-03-23 14:56:01,628 - Starting ProtocolHandler ["http-nio-8080"]
2020-03-23 14:56:01,651 - Tomcat started on port(s): 8080 (http) with context path ''
2020-03-23 14:56:01,655 - Started PayApplication in 4.082 seconds (JVM running for 5.685)
2020-03-23 14:56:01,859 - Initializing Spring DispatcherServlet 'dispatcherServlet'
2020-03-23 14:56:01,860 - Initializing Servlet 'dispatcherServlet'
2020-03-23 14:56:01,864 - Completed initialization in 4 ms
2020-03-23 14:56:03,010 - sign content: app_id=2016101800717551&biz_content={"out_trade_no":"123456789","total_amount":"0.01","subject":"微信点餐订单","product_code":"FAST_INSTANT_TRADE_PAY"}&charset=utf-8&method=alipay.trade.page.pay&notify_url=http://samphanie.natapp1.cc/sell/pay/notify&return_url=http://samphanie.natapp1.cc/sell/pay/return&sign_type=RSA2&timestamp=2020-03-23 14:56:03&version=1.0
2020-03-23 14:56:03,039 - 【发起支付】 payResponse=PayResponse(prePayParams=null, payUri=null, appId=null, timeStamp=null, nonceStr=null, packAge=null, signType=null, paySign=null, orderAmount=null, orderId=null, outTradeNo=null, mwebUrl=null, body=<form id='bestPayForm' name="punchout_form" method="post" action="https://openapi.alipaydev.com//gateway.do?charset=utf-8&method=alipay.trade.page.pay&sign=UTnyBP0iUFg9L5DTJWAj8g5uuNwXohOVxgQzLgyJqJQnv6LQ8xOmsg3b7hLy2171H%2BWtzyTZacLZSPUFaYP4n3fvRMpxGhg9TczCvcDg29h3JuIbPddUiY%2BOUBhxBZd8KbVgg5OLz80Ni9ncDz8iFglDUNUUV6KhJwf5cDNMEhUTV2eznSoeKrLPm19cJokRzO0p%2BrYf6a%2FH36PmhQeNhzYzA2QuSACfsTQLXdFyfcKiXKQOgFoORsgQ1NrckEbkuSPksq3eeQyq0Ub3tDI0H7tedgLHWK9y2huPz4Ux7ov1LOqgCw39IHwA14S5fKYyzKM4ScOGqqOiDG5v%2Fi3hbg%3D%3D&return_url=http%3A%2F%2Fsamphanie.natapp1.cc%2Fsell%2Fpay%2Freturn&notify_url=http%3A%2F%2Fsamphanie.natapp1.cc%2Fsell%2Fpay%2Fnotify&app_id=2016101800717551&sign_type=RSA2&version=1.0&timestamp=2020-03-23+14%3A56%3A03">
<input type="hidden" name="biz_content" value="{&quot;out_trade_no&quot;:&quot;123456789&quot;,&quot;total_amount&quot;:&quot;0.01&quot;,&quot;subject&quot;:&quot;微信点餐订单&quot;,&quot;product_code&quot;:&quot;FAST_INSTANT_TRADE_PAY&quot;}">
<input type="submit" value="立即支付" style="display:none" >
</form>
<script>document.getElementById('bestPayForm').submit();</script>, codeUrl=null, attach=null, payPlatformEnum=null)
2020-03-23 14:56:52,609 - sign content: app_id=2016101800717551&biz_content={"out_trade_no":"123456789","total_amount":"0.01","subject":"微信点餐订单","product_code":"FAST_INSTANT_TRADE_PAY"}&charset=utf-8&method=alipay.trade.page.pay&notify_url=http://samphanie.natapp1.cc/sell/pay/notify&return_url=http://samphanie.natapp1.cc/sell/pay/return&sign_type=RSA2&timestamp=2020-03-23 14:56:52&version=1.0
2020-03-23 14:56:52,626 - 【发起支付】 payResponse=PayResponse(prePayParams=null, payUri=null, appId=null, timeStamp=null, nonceStr=null, packAge=null, signType=null, paySign=null, orderAmount=null, orderId=null, outTradeNo=null, mwebUrl=null, body=<form id='bestPayForm' name="punchout_form" method="post" action="https://openapi.alipaydev.com//gateway.do?charset=utf-8&method=alipay.trade.page.pay&sign=J5SGW1O0Ati1xFfHAMCchJTmha3E2cLRklLZphkRj3Q0udqUdk9m7pCePPbKY7HwBNatntLTNS%2FM%2Fr2syLaE7g4qKImK716sv5%2F80B6%2BgHMA0doaqhdYhY%2BbCke%2FvRU1fRnTlpjHPMSNB7rxS5N9IN0aZxXDnG9wuHhI%2BD6i1G6U2IBPNFI2wxF2hQs1MhybhCiune6eqLPhA3WHC6UH36cyqWaRI%2FQ5fIjsRzSxC0rHo4%2B0QdsOSuhcrjNFNcxdyr9UC7GEcsffinklWGQQ5U4Ce4khKnr4vFGmrejZPWjQypcuThNAX6U9i1h3IBlONYc%2BKr4Xj1t%2FvXz0%2BA%2Fq8A%3D%3D&return_url=http%3A%2F%2Fsamphanie.natapp1.cc%2Fsell%2Fpay%2Freturn&notify_url=http%3A%2F%2Fsamphanie.natapp1.cc%2Fsell%2Fpay%2Fnotify&app_id=2016101800717551&sign_type=RSA2&version=1.0&timestamp=2020-03-23+14%3A56%3A52">
<input type="hidden" name="biz_content" value="{&quot;out_trade_no&quot;:&quot;123456789&quot;,&quot;total_amount&quot;:&quot;0.01&quot;,&quot;subject&quot;:&quot;微信点餐订单&quot;,&quot;product_code&quot;:&quot;FAST_INSTANT_TRADE_PAY&quot;}">
<input type="submit" value="立即支付" style="display:none" >
</form>
<script>document.getElementById('bestPayForm').submit();</script>, codeUrl=null, attach=null, payPlatformEnum=null)
2020-03-23 14:56:53,823 - sign content: app_id=2016101800717551&biz_content={"out_trade_no":"123456789","total_amount":"0.01","subject":"微信点餐订单","product_code":"FAST_INSTANT_TRADE_PAY"}&charset=utf-8&method=alipay.trade.page.pay&notify_url=http://samphanie.natapp1.cc/sell/pay/notify&return_url=http://samphanie.natapp1.cc/sell/pay/return&sign_type=RSA2&timestamp=2020-03-23 14:56:53&version=1.0
2020-03-23 14:56:53,839 - 【发起支付】 payResponse=PayResponse(prePayParams=null, payUri=null, appId=null, timeStamp=null, nonceStr=null, packAge=null, signType=null, paySign=null, orderAmount=null, orderId=null, outTradeNo=null, mwebUrl=null, body=<form id='bestPayForm' name="punchout_form" method="post" action="https://openapi.alipaydev.com//gateway.do?charset=utf-8&method=alipay.trade.page.pay&sign=GnYP2ZCVMJ7%2BUR7zVQdberEWuNZHerkjghtMqE877ccq9c%2BF48XLRCleLEIVRE95iH3PrfZ9O6o5hAW27z2FwmlFyQCFyi7N6mysXutKuPcM3Ann7HYs0JY8uYe4Uq8UdaaQzjJLld7sdJQvDfJ26tjtK74VtIw7L2kyhz8bqdhQDxdhM%2BmxhRTuW0b9eWYdiwMU08HcQnaB1t97KVVFyie5TfZba66c8HaavBjF5nlPVUmtv5ISsiYX02j9VE%2BkxRXq%2Bf%2F8Hwy5aFgiMtuW2tYZJ55YQcmN2sFNJoVmvmfDuC%2BL8aq6S3VsnDjlOzngXcqcoAgasV9Cf%2B3FW8g4Eg%3D%3D&return_url=http%3A%2F%2Fsamphanie.natapp1.cc%2Fsell%2Fpay%2Freturn&notify_url=http%3A%2F%2Fsamphanie.natapp1.cc%2Fsell%2Fpay%2Fnotify&app_id=2016101800717551&sign_type=RSA2&version=1.0&timestamp=2020-03-23+14%3A56%3A53">
<input type="hidden" name="biz_content" value="{&quot;out_trade_no&quot;:&quot;123456789&quot;,&quot;total_amount&quot;:&quot;0.01&quot;,&quot;subject&quot;:&quot;微信点餐订单&quot;,&quot;product_code&quot;:&quot;FAST_INSTANT_TRADE_PAY&quot;}">
<input type="submit" value="立即支付" style="display:none" >
</form>
<script>document.getElementById('bestPayForm').submit();</script>, codeUrl=null, attach=null, payPlatformEnum=null)
2020-03-23 14:56:54,353 - sign content: app_id=2016101800717551&biz_content={"out_trade_no":"123456789","total_amount":"0.01","subject":"微信点餐订单","product_code":"FAST_INSTANT_TRADE_PAY"}&charset=utf-8&method=alipay.trade.page.pay&notify_url=http://samphanie.natapp1.cc/sell/pay/notify&return_url=http://samphanie.natapp1.cc/sell/pay/return&sign_type=RSA2&timestamp=2020-03-23 14:56:54&version=1.0
2020-03-23 14:56:54,369 - 【发起支付】 payResponse=PayResponse(prePayParams=null, payUri=null, appId=null, timeStamp=null, nonceStr=null, packAge=null, signType=null, paySign=null, orderAmount=null, orderId=null, outTradeNo=null, mwebUrl=null, body=<form id='bestPayForm' name="punchout_form" method="post" action="https://openapi.alipaydev.com//gateway.do?charset=utf-8&method=alipay.trade.page.pay&sign=JJBFXUovQmF3GRRnCtOQe5ciCbnZGfzDlpavJdEGMcLtrXx51y%2BRS5xYjQ6ZmbFp4vaofiUyTo94fAKObIlP9mgRJ2r6Wgdcy8KxR0v0x0ENyfFsX7UqDTuVpwSQU2WLkhojduACivZETTjY7LKrHomwmtdGfgzjOMoMbkQeiLCs41a4vqBp8eJE8Wr4bqGHN93lzMu2FXwqiJmuZVFlbQKiu2cazeDXZ5ru8c9Q4To3E0mjYQ23stlZs4Y%2BH4ApYolWem36BfuB%2FxII4TzA61AoDehPRKAYOUSi6C2kIGWiXs%2FQeulwFyazbv6QtE2T%2FIwy3CrDHlxXndLFX3uJyg%3D%3D&return_url=http%3A%2F%2Fsamphanie.natapp1.cc%2Fsell%2Fpay%2Freturn&notify_url=http%3A%2F%2Fsamphanie.natapp1.cc%2Fsell%2Fpay%2Fnotify&app_id=2016101800717551&sign_type=RSA2&version=1.0&timestamp=2020-03-23+14%3A56%3A54">
<input type="hidden" name="biz_content" value="{&quot;out_trade_no&quot;:&quot;123456789&quot;,&quot;total_amount&quot;:&quot;0.01&quot;,&quot;subject&quot;:&quot;微信点餐订单&quot;,&quot;product_code&quot;:&quot;FAST_INSTANT_TRADE_PAY&quot;}">
<input type="submit" value="立即支付" style="display:none" >
</form>
<script>document.getElementById('bestPayForm').submit();</script>, codeUrl=null, attach=null, payPlatformEnum=null)
2020-03-23 14:56:54,550 - sign content: app_id=2016101800717551&biz_content={"out_trade_no":"123456789","total_amount":"0.01","subject":"微信点餐订单","product_code":"FAST_INSTANT_TRADE_PAY"}&charset=utf-8&method=alipay.trade.page.pay&notify_url=http://samphanie.natapp1.cc/sell/pay/notify&return_url=http://samphanie.natapp1.cc/sell/pay/return&sign_type=RSA2&timestamp=2020-03-23 14:56:54&version=1.0
2020-03-23 14:56:54,566 - 【发起支付】 payResponse=PayResponse(prePayParams=null, payUri=null, appId=null, timeStamp=null, nonceStr=null, packAge=null, signType=null, paySign=null, orderAmount=null, orderId=null, outTradeNo=null, mwebUrl=null, body=<form id='bestPayForm' name="punchout_form" method="post" action="https://openapi.alipaydev.com//gateway.do?charset=utf-8&method=alipay.trade.page.pay&sign=JJBFXUovQmF3GRRnCtOQe5ciCbnZGfzDlpavJdEGMcLtrXx51y%2BRS5xYjQ6ZmbFp4vaofiUyTo94fAKObIlP9mgRJ2r6Wgdcy8KxR0v0x0ENyfFsX7UqDTuVpwSQU2WLkhojduACivZETTjY7LKrHomwmtdGfgzjOMoMbkQeiLCs41a4vqBp8eJE8Wr4bqGHN93lzMu2FXwqiJmuZVFlbQKiu2cazeDXZ5ru8c9Q4To3E0mjYQ23stlZs4Y%2BH4ApYolWem36BfuB%2FxII4TzA61AoDehPRKAYOUSi6C2kIGWiXs%2FQeulwFyazbv6QtE2T%2FIwy3CrDHlxXndLFX3uJyg%3D%3D&return_url=http%3A%2F%2Fsamphanie.natapp1.cc%2Fsell%2Fpay%2Freturn&notify_url=http%3A%2F%2Fsamphanie.natapp1.cc%2Fsell%2Fpay%2Fnotify&app_id=2016101800717551&sign_type=RSA2&version=1.0&timestamp=2020-03-23+14%3A56%3A54">
<input type="hidden" name="biz_content" value="{&quot;out_trade_no&quot;:&quot;123456789&quot;,&quot;total_amount&quot;:&quot;0.01&quot;,&quot;subject&quot;:&quot;微信点餐订单&quot;,&quot;product_code&quot;:&quot;FAST_INSTANT_TRADE_PAY&quot;}">
<input type="submit" value="立即支付" style="display:none" >
</form>
<script>document.getElementById('bestPayForm').submit();</script>, codeUrl=null, attach=null, payPlatformEnum=null)
2020-03-23 14:56:54,734 - sign content: app_id=2016101800717551&biz_content={"out_trade_no":"123456789","total_amount":"0.01","subject":"微信点餐订单","product_code":"FAST_INSTANT_TRADE_PAY"}&charset=utf-8&method=alipay.trade.page.pay&notify_url=http://samphanie.natapp1.cc/sell/pay/notify&return_url=http://samphanie.natapp1.cc/sell/pay/return&sign_type=RSA2&timestamp=2020-03-23 14:56:54&version=1.0
2020-03-23 14:56:54,750 - 【发起支付】 payResponse=PayResponse(prePayParams=null, payUri=null, appId=null, timeStamp=null, nonceStr=null, packAge=null, signType=null, paySign=null, orderAmount=null, orderId=null, outTradeNo=null, mwebUrl=null, body=<form id='bestPayForm' name="punchout_form" method="post" action="https://openapi.alipaydev.com//gateway.do?charset=utf-8&method=alipay.trade.page.pay&sign=JJBFXUovQmF3GRRnCtOQe5ciCbnZGfzDlpavJdEGMcLtrXx51y%2BRS5xYjQ6ZmbFp4vaofiUyTo94fAKObIlP9mgRJ2r6Wgdcy8KxR0v0x0ENyfFsX7UqDTuVpwSQU2WLkhojduACivZETTjY7LKrHomwmtdGfgzjOMoMbkQeiLCs41a4vqBp8eJE8Wr4bqGHN93lzMu2FXwqiJmuZVFlbQKiu2cazeDXZ5ru8c9Q4To3E0mjYQ23stlZs4Y%2BH4ApYolWem36BfuB%2FxII4TzA61AoDehPRKAYOUSi6C2kIGWiXs%2FQeulwFyazbv6QtE2T%2FIwy3CrDHlxXndLFX3uJyg%3D%3D&return_url=http%3A%2F%2Fsamphanie.natapp1.cc%2Fsell%2Fpay%2Freturn&notify_url=http%3A%2F%2Fsamphanie.natapp1.cc%2Fsell%2Fpay%2Fnotify&app_id=2016101800717551&sign_type=RSA2&version=1.0&timestamp=2020-03-23+14%3A56%3A54">
<input type="hidden" name="biz_content" value="{&quot;out_trade_no&quot;:&quot;123456789&quot;,&quot;total_amount&quot;:&quot;0.01&quot;,&quot;subject&quot;:&quot;微信点餐订单&quot;,&quot;product_code&quot;:&quot;FAST_INSTANT_TRADE_PAY&quot;}">
<input type="submit" value="立即支付" style="display:none" >
</form>
<script>document.getElementById('bestPayForm').submit();</script>, codeUrl=null, attach=null, payPlatformEnum=null)
2020-03-23 14:56:54,890 - sign content: app_id=2016101800717551&biz_content={"out_trade_no":"123456789","total_amount":"0.01","subject":"微信点餐订单","product_code":"FAST_INSTANT_TRADE_PAY"}&charset=utf-8&method=alipay.trade.page.pay&notify_url=http://samphanie.natapp1.cc/sell/pay/notify&return_url=http://samphanie.natapp1.cc/sell/pay/return&sign_type=RSA2&timestamp=2020-03-23 14:56:54&version=1.0
2020-03-23 14:56:54,905 - 【发起支付】 payResponse=PayResponse(prePayParams=null, payUri=null, appId=null, timeStamp=null, nonceStr=null, packAge=null, signType=null, paySign=null, orderAmount=null, orderId=null, outTradeNo=null, mwebUrl=null, body=<form id='bestPayForm' name="punchout_form" method="post" action="https://openapi.alipaydev.com//gateway.do?charset=utf-8&method=alipay.trade.page.pay&sign=JJBFXUovQmF3GRRnCtOQe5ciCbnZGfzDlpavJdEGMcLtrXx51y%2BRS5xYjQ6ZmbFp4vaofiUyTo94fAKObIlP9mgRJ2r6Wgdcy8KxR0v0x0ENyfFsX7UqDTuVpwSQU2WLkhojduACivZETTjY7LKrHomwmtdGfgzjOMoMbkQeiLCs41a4vqBp8eJE8Wr4bqGHN93lzMu2FXwqiJmuZVFlbQKiu2cazeDXZ5ru8c9Q4To3E0mjYQ23stlZs4Y%2BH4ApYolWem36BfuB%2FxII4TzA61AoDehPRKAYOUSi6C2kIGWiXs%2FQeulwFyazbv6QtE2T%2FIwy3CrDHlxXndLFX3uJyg%3D%3D&return_url=http%3A%2F%2Fsamphanie.natapp1.cc%2Fsell%2Fpay%2Freturn&notify_url=http%3A%2F%2Fsamphanie.natapp1.cc%2Fsell%2Fpay%2Fnotify&app_id=2016101800717551&sign_type=RSA2&version=1.0&timestamp=2020-03-23+14%3A56%3A54">
<input type="hidden" name="biz_content" value="{&quot;out_trade_no&quot;:&quot;123456789&quot;,&quot;total_amount&quot;:&quot;0.01&quot;,&quot;subject&quot;:&quot;微信点餐订单&quot;,&quot;product_code&quot;:&quot;FAST_INSTANT_TRADE_PAY&quot;}">
<input type="submit" value="立即支付" style="display:none" >
</form>
<script>document.getElementById('bestPayForm').submit();</script>, codeUrl=null, attach=null, payPlatformEnum=null)
2020-03-23 14:56:55,050 - sign content: app_id=2016101800717551&biz_content={"out_trade_no":"123456789","total_amount":"0.01","subject":"微信点餐订单","product_code":"FAST_INSTANT_TRADE_PAY"}&charset=utf-8&method=alipay.trade.page.pay&notify_url=http://samphanie.natapp1.cc/sell/pay/notify&return_url=http://samphanie.natapp1.cc/sell/pay/return&sign_type=RSA2&timestamp=2020-03-23 14:56:55&version=1.0
2020-03-23 14:56:55,065 - 【发起支付】 payResponse=PayResponse(prePayParams=null, payUri=null, appId=null, timeStamp=null, nonceStr=null, packAge=null, signType=null, paySign=null, orderAmount=null, orderId=null, outTradeNo=null, mwebUrl=null, body=<form id='bestPayForm' name="punchout_form" method="post" action="https://openapi.alipaydev.com//gateway.do?charset=utf-8&method=alipay.trade.page.pay&sign=tJN6N%2B31Di23jfNYxHtxJSh4oqKnjO4jL470VVj%2BGrMN8CzrLARwvl6Bv4Xw%2BE9KDspLuGPPRgO4UOIwDG0uUOZTDlYEXocCVhUYlAoh48BLZAlh7gH1HfCP5qamN1QNTA8hx4wzLl%2BsciClDRRvFGobl1ubpcHkxWG13iO97dH9xhyjQY4K31qK%2FVw736i9i8%2B30jXyRhEqJ5EvzS2qnmgFgPAc6iYbLWHfkwsImavMEtwKK3DqYP14DYQNKeFFktoUo%2FF9Hc5iRaxxP5XUpIQhNMkPRMECHrZg2myrKA%2FTcgsKAM%2F88wCMfW7M%2BWAQXcu1CceEz0iLl%2BiYulLVcg%3D%3D&return_url=http%3A%2F%2Fsamphanie.natapp1.cc%2Fsell%2Fpay%2Freturn&notify_url=http%3A%2F%2Fsamphanie.natapp1.cc%2Fsell%2Fpay%2Fnotify&app_id=2016101800717551&sign_type=RSA2&version=1.0&timestamp=2020-03-23+14%3A56%3A55">
<input type="hidden" name="biz_content" value="{&quot;out_trade_no&quot;:&quot;123456789&quot;,&quot;total_amount&quot;:&quot;0.01&quot;,&quot;subject&quot;:&quot;微信点餐订单&quot;,&quot;product_code&quot;:&quot;FAST_INSTANT_TRADE_PAY&quot;}">
<input type="submit" value="立即支付" style="display:none" >
</form>
<script>document.getElementById('bestPayForm').submit();</script>, codeUrl=null, attach=null, payPlatformEnum=null)
2020-03-23 14:56:55,211 - sign content: app_id=2016101800717551&biz_content={"out_trade_no":"123456789","total_amount":"0.01","subject":"微信点餐订单","product_code":"FAST_INSTANT_TRADE_PAY"}&charset=utf-8&method=alipay.trade.page.pay&notify_url=http://samphanie.natapp1.cc/sell/pay/notify&return_url=http://samphanie.natapp1.cc/sell/pay/return&sign_type=RSA2&timestamp=2020-03-23 14:56:55&version=1.0
2020-03-23 14:56:55,228 - 【发起支付】 payResponse=PayResponse(prePayParams=null, payUri=null, appId=null, timeStamp=null, nonceStr=null, packAge=null, signType=null, paySign=null, orderAmount=null, orderId=null, outTradeNo=null, mwebUrl=null, body=<form id='bestPayForm' name="punchout_form" method="post" action="https://openapi.alipaydev.com//gateway.do?charset=utf-8&method=alipay.trade.page.pay&sign=tJN6N%2B31Di23jfNYxHtxJSh4oqKnjO4jL470VVj%2BGrMN8CzrLARwvl6Bv4Xw%2BE9KDspLuGPPRgO4UOIwDG0uUOZTDlYEXocCVhUYlAoh48BLZAlh7gH1HfCP5qamN1QNTA8hx4wzLl%2BsciClDRRvFGobl1ubpcHkxWG13iO97dH9xhyjQY4K31qK%2FVw736i9i8%2B30jXyRhEqJ5EvzS2qnmgFgPAc6iYbLWHfkwsImavMEtwKK3DqYP14DYQNKeFFktoUo%2FF9Hc5iRaxxP5XUpIQhNMkPRMECHrZg2myrKA%2FTcgsKAM%2F88wCMfW7M%2BWAQXcu1CceEz0iLl%2BiYulLVcg%3D%3D&return_url=http%3A%2F%2Fsamphanie.natapp1.cc%2Fsell%2Fpay%2Freturn&notify_url=http%3A%2F%2Fsamphanie.natapp1.cc%2Fsell%2Fpay%2Fnotify&app_id=2016101800717551&sign_type=RSA2&version=1.0&timestamp=2020-03-23+14%3A56%3A55">
<input type="hidden" name="biz_content" value="{&quot;out_trade_no&quot;:&quot;123456789&quot;,&quot;total_amount&quot;:&quot;0.01&quot;,&quot;subject&quot;:&quot;微信点餐订单&quot;,&quot;product_code&quot;:&quot;FAST_INSTANT_TRADE_PAY&quot;}">
<input type="submit" value="立即支付" style="display:none" >
</form>
<script>document.getElementById('bestPayForm').submit();</script>, codeUrl=null, attach=null, payPlatformEnum=null)
2020-03-23 14:56:56,923 - sign content: app_id=2016101800717551&biz_content={"out_trade_no":"123456789","total_amount":"0.01","subject":"微信点餐订单","product_code":"FAST_INSTANT_TRADE_PAY"}&charset=utf-8&method=alipay.trade.page.pay&notify_url=http://samphanie.natapp1.cc/sell/pay/notify&return_url=http://samphanie.natapp1.cc/sell/pay/return&sign_type=RSA2&timestamp=2020-03-23 14:56:56&version=1.0
2020-03-23 14:56:56,941 - 【发起支付】 payResponse=PayResponse(prePayParams=null, payUri=null, appId=null, timeStamp=null, nonceStr=null, packAge=null, signType=null, paySign=null, orderAmount=null, orderId=null, outTradeNo=null, mwebUrl=null, body=<form id='bestPayForm' name="punchout_form" method="post" action="https://openapi.alipaydev.com//gateway.do?charset=utf-8&method=alipay.trade.page.pay&sign=EJj3Xbi1xmfsMXkZV31tUEMkmV71kl2U%2F9mNJcTwDIg89xtkkIj8qWkDOgWi%2FoRYhkO%2BvvGfBY3mM6Q%2BnRv0TIA6EP5aDLOsyFjZVc4Bat3opIRkovUDLsOeqX1F4vbI2k6PKnehEu0EABIbhuRSeQfIb8Obq1%2BwxiF5HH7QQ2ERPlMTCcWd9bTqBmzi76cNfmkJfAN%2FQXKQSfjtlrF30PO7AHr60L0B9JiCNE3kRADcRbIuffoGYEUUBBxDLdmepCyFc4Gkttfhg%2BqSulHWY%2BAT1fHdz3jXhFqR2ZtjTOXyfz18P42DS6wBMJ5Ogbi6D6iEhh4QrRacR5EdGLgvzQ%3D%3D&return_url=http%3A%2F%2Fsamphanie.natapp1.cc%2Fsell%2Fpay%2Freturn&notify_url=http%3A%2F%2Fsamphanie.natapp1.cc%2Fsell%2Fpay%2Fnotify&app_id=2016101800717551&sign_type=RSA2&version=1.0&timestamp=2020-03-23+14%3A56%3A56">
<input type="hidden" name="biz_content" value="{&quot;out_trade_no&quot;:&quot;123456789&quot;,&quot;total_amount&quot;:&quot;0.01&quot;,&quot;subject&quot;:&quot;微信点餐订单&quot;,&quot;product_code&quot;:&quot;FAST_INSTANT_TRADE_PAY&quot;}">
<input type="submit" value="立即支付" style="display:none" >
</form>
<script>document.getElementById('bestPayForm').submit();</script>, codeUrl=null, attach=null, payPlatformEnum=null)
2020-03-23 15:16:40,751 - Starting PayApplication on Samphanie with PID 9172 (E:\IdeaProjects\pay\target\classes started by ZSY in E:\IdeaProjects\pay)
2020-03-23 15:16:40,753 - No active profile set, falling back to default profiles: default
2020-03-23 15:16:41,488 - No MyBatis mapper was found in '[com.samphanie.pay]' package. Please check your configuration.
2020-03-23 15:16:41,836 - Tomcat initialized with port(s): 8080 (http)
2020-03-23 15:16:41,844 - Initializing ProtocolHandler ["http-nio-8080"]
2020-03-23 15:16:41,845 - Starting service [Tomcat]
2020-03-23 15:16:41,845 - Starting Servlet engine: [Apache Tomcat/9.0.31]
2020-03-23 15:16:41,983 - Initializing Spring embedded WebApplicationContext
2020-03-23 15:16:41,983 - Root WebApplicationContext: initialization completed in 1132 ms
2020-03-23 15:16:42,155 - Initializing ExecutorService 'applicationTaskExecutor'
2020-03-23 15:16:43,835 - Starting ProtocolHandler ["http-nio-8080"]
2020-03-23 15:16:43,858 - Tomcat started on port(s): 8080 (http) with context path ''
2020-03-23 15:16:43,860 - Started PayApplication in 3.67 seconds (JVM running for 5.342)
2020-03-23 15:16:43,980 - Initializing Spring DispatcherServlet 'dispatcherServlet'
2020-03-23 15:16:43,981 - Initializing Servlet 'dispatcherServlet'
2020-03-23 15:16:43,986 - Completed initialization in 5 ms
2020-03-23 15:16:45,080 - sign content: app_id=2016101800717551&biz_content={"out_trade_no":"123456789","total_amount":"0.01","subject":"微信点餐订单","product_code":"FAST_INSTANT_TRADE_PAY"}&charset=utf-8&method=alipay.trade.page.pay&notify_url=http://samphanie.natapp1.cc/sell/pay/notify&return_url=http://samphanie.natapp1.cc/sell/pay/return&sign_type=RSA2&timestamp=2020-03-23 15:16:45&version=1.0
2020-03-23 15:16:45,105 - 【发起支付】 payResponse=PayResponse(prePayParams=null, payUri=null, appId=null, timeStamp=null, nonceStr=null, packAge=null, signType=null, paySign=null, orderAmount=null, orderId=null, outTradeNo=null, mwebUrl=null, body=<form id='bestPayForm' name="punchout_form" method="post" action="https://openapi.alipaydev.com//gateway.do?charset=utf-8&method=alipay.trade.page.pay&sign=U1aLAfEKr8t2RcscrcJ7RWD1V5%2F5Yj0ttExv6oD%2FLsEdSUgBfXCrdydA5tLwRQxwuM0y6Qpi4J3vGp4U95Izw3Xi1xhoYXTnasCJPssTD4zOFJlxq4NtqNZaZi0o%2BCP1zbfewZLlycOTbNbwauNBPk8q8sVLV9ynbIuOmOWrNk483xxJpjbXpaVBdGOeaSK7WVF%2F2rq4nqFPmNFY2l49Kg%2BAUJRHHeQ58Phmnl9yDUfAIqwRzZg6IaQsd9cNJexvLWXNS4mcWmXw8NKasGsa7biRGDliJdp7mVqCH7Bj5SAZXgFmL%2Bnf8aOHGa2yaVlD1955AwjT2mKK9sbBowpcng%3D%3D&return_url=http%3A%2F%2Fsamphanie.natapp1.cc%2Fsell%2Fpay%2Freturn&notify_url=http%3A%2F%2Fsamphanie.natapp1.cc%2Fsell%2Fpay%2Fnotify&app_id=2016101800717551&sign_type=RSA2&version=1.0&timestamp=2020-03-23+15%3A16%3A45">
<input type="hidden" name="biz_content" value="{&quot;out_trade_no&quot;:&quot;123456789&quot;,&quot;total_amount&quot;:&quot;0.01&quot;,&quot;subject&quot;:&quot;微信点餐订单&quot;,&quot;product_code&quot;:&quot;FAST_INSTANT_TRADE_PAY&quot;}">
<input type="submit" value="立即支付" style="display:none" >
</form>
<script>document.getElementById('bestPayForm').submit();</script>, codeUrl=null, attach=null, payPlatformEnum=null, prepayId=null)
2020-03-23 15:18:41,139 - Starting PayApplication on Samphanie with PID 3976 (E:\IdeaProjects\pay\target\classes started by ZSY in E:\IdeaProjects\pay)
2020-03-23 15:18:41,142 - No active profile set, falling back to default profiles: default
2020-03-23 15:18:41,805 - No MyBatis mapper was found in '[com.samphanie.pay]' package. Please check your configuration.
2020-03-23 15:18:42,155 - Tomcat initialized with port(s): 8080 (http)
2020-03-23 15:18:42,163 - Initializing ProtocolHandler ["http-nio-8080"]
2020-03-23 15:18:42,163 - Starting service [Tomcat]
2020-03-23 15:18:42,163 - Starting Servlet engine: [Apache Tomcat/9.0.31]
2020-03-23 15:18:42,298 - Initializing Spring embedded WebApplicationContext
2020-03-23 15:18:42,298 - Root WebApplicationContext: initialization completed in 1073 ms
2020-03-23 15:18:42,466 - Initializing ExecutorService 'applicationTaskExecutor'
2020-03-23 15:18:44,163 - Starting ProtocolHandler ["http-nio-8080"]
2020-03-23 15:18:44,186 - Tomcat started on port(s): 8080 (http) with context path ''
2020-03-23 15:18:44,189 - Started PayApplication in 3.62 seconds (JVM running for 5.125)
2020-03-23 15:18:56,590 - Initializing Spring DispatcherServlet 'dispatcherServlet'
2020-03-23 15:18:56,591 - Initializing Servlet 'dispatcherServlet'
2020-03-23 15:18:56,596 - Completed initialization in 5 ms
2020-03-23 15:19:07,089 - sign content: app_id=2016101800717551&biz_content={"out_trade_no":"123456789","total_amount":"0.01","subject":"微信点餐订单","product_code":"FAST_INSTANT_TRADE_PAY"}&charset=utf-8&method=alipay.trade.page.pay&notify_url=http://samphanie.natapp1.cc/sell/pay/notify&return_url=www.lanbojy.com&sign_type=RSA2&timestamp=2020-03-23 15:19:07&version=1.0
2020-03-23 15:19:07,116 - 【发起支付】 payResponse=PayResponse(prePayParams=null, payUri=null, appId=null, timeStamp=null, nonceStr=null, packAge=null, signType=null, paySign=null, orderAmount=null, orderId=null, outTradeNo=null, mwebUrl=null, body=<form id='bestPayForm' name="punchout_form" method="post" action="https://openapi.alipaydev.com//gateway.do?charset=utf-8&method=alipay.trade.page.pay&sign=Bu5mdsx8xwL4jwCPWwnenhp7kDJWGUH%2BsqkNWoavBRmDh3anK1C4WaLDqaRxisCO3biz1XU%2B7UaH8dVumHEYxFB7uJo%2Fs4VjL6xf7Ox2LWfr9SPH87VZWZPIgxEmWeD27kIUJ%2FsUkBlUyH5VsOnwWLf%2FpT75jrcm4ocZsqSmmdE801dcMsb%2F3b90nTMjtxBINELguEhWjADEgZL50Q6K9cuttLRFQiWPCJVpLoSOMrha5K2%2Bn8hcu9zR52PEoBq4Wr0pUzqrlSXyNBXHiCznXpY56tYy6qnYMoVHPoBVIHmR%2Faqcn9jMpCMXl7AYLtwGCMPwam66pBeZg7MsSTyO7Q%3D%3D&return_url=www.lanbojy.com&notify_url=http%3A%2F%2Fsamphanie.natapp1.cc%2Fsell%2Fpay%2Fnotify&app_id=2016101800717551&sign_type=RSA2&version=1.0&timestamp=2020-03-23+15%3A19%3A07">
<input type="hidden" name="biz_content" value="{&quot;out_trade_no&quot;:&quot;123456789&quot;,&quot;total_amount&quot;:&quot;0.01&quot;,&quot;subject&quot;:&quot;微信点餐订单&quot;,&quot;product_code&quot;:&quot;FAST_INSTANT_TRADE_PAY&quot;}">
<input type="submit" value="立即支付" style="display:none" >
</form>
<script>document.getElementById('bestPayForm').submit();</script>, codeUrl=null, attach=null, payPlatformEnum=null, prepayId=null)
2020-03-23 15:19:23,651 - Resolved [org.springframework.web.method.annotation.MethodArgumentTypeMismatchException: Failed to convert value of type 'java.lang.String' to required type 'com.lly835.bestpay.enums.BestPayTypeEnum'; nested exception is org.springframework.core.convert.ConversionFailedException: Failed to convert from type [java.lang.String] to type [@org.springframework.web.bind.annotation.RequestParam com.lly835.bestpay.enums.BestPayTypeEnum] for value 'A'; nested exception is java.lang.IllegalArgumentException: No enum constant com.lly835.bestpay.enums.BestPayTypeEnum.A]
2020-03-23 15:19:30,149 - Resolved [org.springframework.web.method.annotation.MethodArgumentTypeMismatchException: Failed to convert value of type 'java.lang.String' to required type 'com.lly835.bestpay.enums.BestPayTypeEnum'; nested exception is org.springframework.core.convert.ConversionFailedException: Failed to convert from type [java.lang.String] to type [@org.springframework.web.bind.annotation.RequestParam com.lly835.bestpay.enums.BestPayTypeEnum] for value 'A'; nested exception is java.lang.IllegalArgumentException: No enum constant com.lly835.bestpay.enums.BestPayTypeEnum.A]
2020-03-23 15:19:54,064 - sign content: app_id=2016101800717551&biz_content={"out_trade_no":"123456780","total_amount":"0.01","subject":"微信点餐订单","product_code":"FAST_INSTANT_TRADE_PAY"}&charset=utf-8&method=alipay.trade.page.pay&notify_url=http://samphanie.natapp1.cc/sell/pay/notify&return_url=www.lanbojy.com&sign_type=RSA2&timestamp=2020-03-23 15:19:54&version=1.0
2020-03-23 15:19:54,081 - 【发起支付】 payResponse=PayResponse(prePayParams=null, payUri=null, appId=null, timeStamp=null, nonceStr=null, packAge=null, signType=null, paySign=null, orderAmount=null, orderId=null, outTradeNo=null, mwebUrl=null, body=<form id='bestPayForm' name="punchout_form" method="post" action="https://openapi.alipaydev.com//gateway.do?charset=utf-8&method=alipay.trade.page.pay&sign=J1MmKxlRv2HKW2bj26Hm%2BqC24DBGFs4g%2F7OV5vXK3M3WMl6VVoVcWK4FMa0biyd%2B6W7%2FYsOgqkZcOsEod2hwlH3JupTJz2lMnw6hQvL8j8WBHA2nVxiruJxbgFKsnRe4n5cPqlJhrWK1ZeeRgXI5z55zcNOGDtiffl2gExTupqMXHBqyyul6sI91FDn5VsvU7BPx%2FLEzD5nJZ9ay%2FqEasnThV7dmjUcmXfAJakajzRKSqfIhblnBGWJWyGunsmc9LjOo1udYBGhkQ5Irwr6zh3ft6BChpU7Wm85ewkB0TAu7F%2FARQrb923o8VDps16nxQianr%2FejTzOdtKwzFIw6Nw%3D%3D&return_url=www.lanbojy.com&notify_url=http%3A%2F%2Fsamphanie.natapp1.cc%2Fsell%2Fpay%2Fnotify&app_id=2016101800717551&sign_type=RSA2&version=1.0&timestamp=2020-03-23+15%3A19%3A54">
<input type="hidden" name="biz_content" value="{&quot;out_trade_no&quot;:&quot;123456780&quot;,&quot;total_amount&quot;:&quot;0.01&quot;,&quot;subject&quot;:&quot;微信点餐订单&quot;,&quot;product_code&quot;:&quot;FAST_INSTANT_TRADE_PAY&quot;}">
<input type="submit" value="立即支付" style="display:none" >
</form>
<script>document.getElementById('bestPayForm').submit();</script>, codeUrl=null, attach=null, payPlatformEnum=null, prepayId=null)
2020-03-23 15:21:58,838 - Starting PayApplication on Samphanie with PID 19408 (E:\IdeaProjects\pay\target\classes started by ZSY in E:\IdeaProjects\pay)
2020-03-23 15:21:58,840 - No active profile set, falling back to default profiles: default
2020-03-23 15:21:59,511 - No MyBatis mapper was found in '[com.samphanie.pay]' package. Please check your configuration.
2020-03-23 15:21:59,865 - Tomcat initialized with port(s): 8080 (http)
2020-03-23 15:21:59,873 - Initializing ProtocolHandler ["http-nio-8080"]
2020-03-23 15:21:59,873 - Starting service [Tomcat]
2020-03-23 15:21:59,873 - Starting Servlet engine: [Apache Tomcat/9.0.31]
2020-03-23 15:22:00,007 - Initializing Spring embedded WebApplicationContext
2020-03-23 15:22:00,007 - Root WebApplicationContext: initialization completed in 1081 ms
2020-03-23 15:22:00,175 - Initializing ExecutorService 'applicationTaskExecutor'
2020-03-23 15:22:01,864 - Starting ProtocolHandler ["http-nio-8080"]
2020-03-23 15:22:01,885 - Tomcat started on port(s): 8080 (http) with context path ''
2020-03-23 15:22:01,887 - Started PayApplication in 3.629 seconds (JVM running for 5.173)
2020-03-23 15:22:06,675 - Initializing Spring DispatcherServlet 'dispatcherServlet'
2020-03-23 15:22:06,675 - Initializing Servlet 'dispatcherServlet'
2020-03-23 15:22:06,682 - Completed initialization in 7 ms
2020-03-23 15:22:07,584 - sign content: app_id=2016101800717551&biz_content={"out_trade_no":"123456781","total_amount":"0.01","subject":"微信点餐订单","product_code":"FAST_INSTANT_TRADE_PAY"}&charset=utf-8&method=alipay.trade.page.pay&notify_url=http://samphanie.natapp1.cc/sell/pay/notify&return_url=http://www.lanbojy.com&sign_type=RSA2&timestamp=2020-03-23 15:22:07&version=1.0
2020-03-23 15:22:07,608 - 【发起支付】 payResponse=PayResponse(prePayParams=null, payUri=null, appId=null, timeStamp=null, nonceStr=null, packAge=null, signType=null, paySign=null, orderAmount=null, orderId=null, outTradeNo=null, mwebUrl=null, body=<form id='bestPayForm' name="punchout_form" method="post" action="https://openapi.alipaydev.com//gateway.do?charset=utf-8&method=alipay.trade.page.pay&sign=d3X4%2FzxEw8Hc2HMa%2FRZwf3jDz99BridrCzhtCCrizcK%2F2xS91iX2YoKybB7igjzX%2FAZ1rYheB3xXR8twuhgYBxF0K%2FyevsfSsqbVZiQ9IZs3qilzuq6ZHbnpFQcpYiVhCDnCbXZcyCWzoKNP%2BBRCUhRpcQFeB3m11b4Lte307HYij7XpV4%2Fu1VtiYkVEeH2G8MqAKh0GS8vl4sQZpH5CdDJsuzqUfJ5NgwThx3HyZ4fti1oIIOvk26Lne0I8lOwJWN7o6ZEOvGcX%2FUXJ119uMULGWr%2FCg4fgPzhgB5y40Yz28Sg6sO0SfYvQkh5bblWzJij%2FLkeKcUhIhfyp7EY29A%3D%3D&return_url=http%3A%2F%2Fwww.lanbojy.com&notify_url=http%3A%2F%2Fsamphanie.natapp1.cc%2Fsell%2Fpay%2Fnotify&app_id=2016101800717551&sign_type=RSA2&version=1.0&timestamp=2020-03-23+15%3A22%3A07">
<input type="hidden" name="biz_content" value="{&quot;out_trade_no&quot;:&quot;123456781&quot;,&quot;total_amount&quot;:&quot;0.01&quot;,&quot;subject&quot;:&quot;微信点餐订单&quot;,&quot;product_code&quot;:&quot;FAST_INSTANT_TRADE_PAY&quot;}">
<input type="submit" value="立即支付" style="display:none" >
</form>
<script>document.getElementById('bestPayForm').submit();</script>, codeUrl=null, attach=null, payPlatformEnum=null, prepayId=null)
2020-03-23 15:26:03,840 - sign content: app_id=2016101800717551&biz_content={"out_trade_no":"123456789","total_amount":"0.01","subject":"微信点餐订单","product_code":"FAST_INSTANT_TRADE_PAY"}&charset=utf-8&method=alipay.trade.page.pay&notify_url=http://samphanie.natapp1.cc/sell/pay/notify&return_url=http://www.lanbojy.com&sign_type=RSA2&timestamp=2020-03-23 15:26:03&version=1.0
2020-03-23 15:26:03,862 - 【发起支付】 payResponse=PayResponse(prePayParams=null, payUri=null, appId=null, timeStamp=null, nonceStr=null, packAge=null, signType=null, paySign=null, orderAmount=null, orderId=null, outTradeNo=null, mwebUrl=null, body=<form id='bestPayForm' name="punchout_form" method="post" action="https://openapi.alipaydev.com//gateway.do?charset=utf-8&method=alipay.trade.page.pay&sign=nWDAo3aMYBJf7zDRi7qGxYM%2Bx7WaX9UnTp6zcq8BVdzjUJRAyj4IgQb1WF9mpO5rqMqAjKHJg6xpOS1pBS%2FVficOEO12ckCq0gRxjWLzDHYUda09demP6LA%2BHYDkzpbwhzctaJMuhJMzQPo51%2BSQJtpkMzOgVqXmry%2FFCCEN%2BVu1FA7%2BvCst9kWiizmhPZv5PQUinCLIHB%2FfS1N1TgyaaD3P9JXhPkeL3twnGaOx62N7%2FiZbk3XQDiEyJMKVE2b71Q69Uf5ZQ%2B%2F1flNrSwUzfb13sUS9pa5dDMRrLppibnFPSYDTE8sE%2B3urOTqPFqne5Sz90t%2FaJt4IM0KIOTiW1A%3D%3D&return_url=http%3A%2F%2Fwww.lanbojy.com&notify_url=http%3A%2F%2Fsamphanie.natapp1.cc%2Fsell%2Fpay%2Fnotify&app_id=2016101800717551&sign_type=RSA2&version=1.0&timestamp=2020-03-23+15%3A26%3A03">
<input type="hidden" name="biz_content" value="{&quot;out_trade_no&quot;:&quot;123456789&quot;,&quot;total_amount&quot;:&quot;0.01&quot;,&quot;subject&quot;:&quot;微信点餐订单&quot;,&quot;product_code&quot;:&quot;FAST_INSTANT_TRADE_PAY&quot;}">
<input type="submit" value="立即支付" style="display:none" >
</form>
<script>document.getElementById('bestPayForm').submit();</script>, codeUrl=null, attach=null, payPlatformEnum=null, prepayId=null)
2020-03-23 15:26:16,694 - sign content: app_id=2016101800717551&biz_content={"out_trade_no":"123456789","total_amount":"0.01","subject":"微信点餐订单","product_code":"FAST_INSTANT_TRADE_PAY"}&charset=utf-8&method=alipay.trade.page.pay&notify_url=http://samphanie.natapp1.cc/sell/pay/notify&return_url=http://www.lanbojy.com&sign_type=RSA2&timestamp=2020-03-23 15:26:16&version=1.0
2020-03-23 15:26:16,716 - 【发起支付】 payResponse=PayResponse(prePayParams=null, payUri=null, appId=null, timeStamp=null, nonceStr=null, packAge=null, signType=null, paySign=null, orderAmount=null, orderId=null, outTradeNo=null, mwebUrl=null, body=<form id='bestPayForm' name="punchout_form" method="post" action="https://openapi.alipaydev.com//gateway.do?charset=utf-8&method=alipay.trade.page.pay&sign=KHDdOtkXXtP97WfJSONQe35WKzyYTHovjFbSiA10PB0K%2BSkbrrJE2YHmfWtOp9jlAdCCLx9GJd7pGMVyQ0qhxUD%2FwP4lcIpLwkppxwrNRoRBtAK5CTrs7%2FRza3pe4Z8AurkxBs9w%2BdvTw%2Fwng0GDsBLSo6w2o9ePyj6m6IB4DqZG7nAswZFwl876qGtRrt4%2BcfTrHVrtPg4rDMZ9LXNlJiBpKP7xSwgGGoKIfTZlauL1fMbT8EQ2bjEFkOla2Eax8Q4%2FP9GZiVmXQxLvOgDcGtlF81GSZTL2rqNPIxcy5eesnT%2FFjbo1LL9kouUz%2BRnSf%2BJw06I399WKs%2FlPX7Z8ew%3D%3D&return_url=http%3A%2F%2Fwww.lanbojy.com&notify_url=http%3A%2F%2Fsamphanie.natapp1.cc%2Fsell%2Fpay%2Fnotify&app_id=2016101800717551&sign_type=RSA2&version=1.0&timestamp=2020-03-23+15%3A26%3A16">
<input type="hidden" name="biz_content" value="{&quot;out_trade_no&quot;:&quot;123456789&quot;,&quot;total_amount&quot;:&quot;0.01&quot;,&quot;subject&quot;:&quot;微信点餐订单&quot;,&quot;product_code&quot;:&quot;FAST_INSTANT_TRADE_PAY&quot;}">
<input type="submit" value="立即支付" style="display:none" >
</form>
<script>document.getElementById('bestPayForm').submit();</script>, codeUrl=null, attach=null, payPlatformEnum=null, prepayId=null)
2020-03-23 15:26:37,798 - sign content: app_id=2016101800717551&biz_content={"out_trade_no":"1234567891","total_amount":"0.01","subject":"微信点餐订单","product_code":"FAST_INSTANT_TRADE_PAY"}&charset=utf-8&method=alipay.trade.page.pay&notify_url=http://samphanie.natapp1.cc/sell/pay/notify&return_url=http://www.lanbojy.com&sign_type=RSA2&timestamp=2020-03-23 15:26:37&version=1.0
2020-03-23 15:26:37,819 - 【发起支付】 payResponse=PayResponse(prePayParams=null, payUri=null, appId=null, timeStamp=null, nonceStr=null, packAge=null, signType=null, paySign=null, orderAmount=null, orderId=null, outTradeNo=null, mwebUrl=null, body=<form id='bestPayForm' name="punchout_form" method="post" action="https://openapi.alipaydev.com//gateway.do?charset=utf-8&method=alipay.trade.page.pay&sign=agAcptVDSKbDbceXcBPSdiaLbXKRCpss32ARlghLpgqYpI%2FqpWYAgJIWuap2aGDmxpx4qeH%2Bq5mVErVoeImJNP1qMRTBQDAIQIPIWK3Y7ZPPVPJAqso1EKP7TxwdgzYsqeWnT5J0%2BUDlqBD%2BOitMxVMnk4z0LrcWjDi3nyjbUFY9ePsb04PB5TGnDUY89%2BUD5gkilh0xk%2FvFv2p35nID%2FOVtO7wxzFQsDbv7X0Dlx%2BrVqtf2q%2BaWz6J4eKfYWQ%2FmOF4oUUeIfvg8hUk0w4CGR7m8y0yX8DNbKb67zwRGYelwo21w24m5AGrqffBL7s4iJsNwwZMuhpbQ9Qpu9rsjEg%3D%3D&return_url=http%3A%2F%2Fwww.lanbojy.com&notify_url=http%3A%2F%2Fsamphanie.natapp1.cc%2Fsell%2Fpay%2Fnotify&app_id=2016101800717551&sign_type=RSA2&version=1.0&timestamp=2020-03-23+15%3A26%3A37">
<input type="hidden" name="biz_content" value="{&quot;out_trade_no&quot;:&quot;1234567891&quot;,&quot;total_amount&quot;:&quot;0.01&quot;,&quot;subject&quot;:&quot;微信点餐订单&quot;,&quot;product_code&quot;:&quot;FAST_INSTANT_TRADE_PAY&quot;}">
<input type="submit" value="立即支付" style="display:none" >
</form>
<script>document.getElementById('bestPayForm').submit();</script>, codeUrl=null, attach=null, payPlatformEnum=null, prepayId=null)
2020-03-23 15:30:56,181 - Starting PayApplication on Samphanie with PID 15644 (E:\IdeaProjects\pay\target\classes started by ZSY in E:\IdeaProjects\pay)
2020-03-23 15:30:56,184 - No active profile set, falling back to default profiles: default
2020-03-23 15:30:56,922 - No MyBatis mapper was found in '[com.samphanie.pay]' package. Please check your configuration.
2020-03-23 15:30:57,304 - Tomcat initialized with port(s): 8080 (http)
2020-03-23 15:30:57,313 - Initializing ProtocolHandler ["http-nio-8080"]
2020-03-23 15:30:57,314 - Starting service [Tomcat]
2020-03-23 15:30:57,314 - Starting Servlet engine: [Apache Tomcat/9.0.31]
2020-03-23 15:30:57,462 - Initializing Spring embedded WebApplicationContext
2020-03-23 15:30:57,462 - Root WebApplicationContext: initialization completed in 1179 ms
2020-03-23 15:30:57,653 - Initializing ExecutorService 'applicationTaskExecutor'
2020-03-23 15:30:59,665 - Starting ProtocolHandler ["http-nio-8080"]
2020-03-23 15:30:59,688 - Tomcat started on port(s): 8080 (http) with context path ''
2020-03-23 15:30:59,691 - Started PayApplication in 4.097 seconds (JVM running for 5.657)
2020-03-23 15:31:18,189 - Initializing Spring DispatcherServlet 'dispatcherServlet'
2020-03-23 15:31:18,189 - Initializing Servlet 'dispatcherServlet'
2020-03-23 15:31:18,195 - Completed initialization in 6 ms
2020-03-23 15:31:19,144 - sign content: app_id=2016101800717551&biz_content={"out_trade_no":"123456789","total_amount":"0.01","subject":"微信点餐订单","product_code":"FAST_INSTANT_TRADE_PAY"}&charset=utf-8&method=alipay.trade.page.pay&notify_url=http://samphanie.natapp1.cc/pay/notify&return_url=http://www.lanbojy.com&sign_type=RSA2&timestamp=2020-03-23 15:31:19&version=1.0
2020-03-23 15:31:19,170 - 【发起支付】 payResponse=PayResponse(prePayParams=null, payUri=null, appId=null, timeStamp=null, nonceStr=null, packAge=null, signType=null, paySign=null, orderAmount=null, orderId=null, outTradeNo=null, mwebUrl=null, body=<form id='bestPayForm' name="punchout_form" method="post" action="https://openapi.alipaydev.com//gateway.do?charset=utf-8&method=alipay.trade.page.pay&sign=M9Fkvw8xQxXWSnhcyxIIoxi%2FKtQEtuMOMhaKxCpp%2FfyHgQDLaiJNZr%2FZjUPb9TvASa67sw4oAVm8YceWApsbgKlgJKrS0fSBRFxEEtPbu1gWYnAOQs9VlaHe5xzl6f0xYMyeiod5PEDa9G55rCzwYt5t4TBEYzBQsEcs7%2FDO5Xe45Vvnevw4uqXdaGiJccJyvYTzonFi1XaLlRab4f8f%2FS3HQelXuyMNpdiSpFTjJkky1IlYCQyeM2PCm9ooKooMojsNVHcGt2dmvsagGti3%2FLiM4r0wQznS8yO4GqWOyn0vo%2FUF5bIDP%2Ba4H6nw4YV1Ck6pkSVcHfUULNYEl4gTJw%3D%3D&return_url=http%3A%2F%2Fwww.lanbojy.com&notify_url=http%3A%2F%2Fsamphanie.natapp1.cc%2Fpay%2Fnotify&app_id=2016101800717551&sign_type=RSA2&version=1.0&timestamp=2020-03-23+15%3A31%3A19">
<input type="hidden" name="biz_content" value="{&quot;out_trade_no&quot;:&quot;123456789&quot;,&quot;total_amount&quot;:&quot;0.01&quot;,&quot;subject&quot;:&quot;微信点餐订单&quot;,&quot;product_code&quot;:&quot;FAST_INSTANT_TRADE_PAY&quot;}">
<input type="submit" value="立即支付" style="display:none" >
</form>
<script>document.getElementById('bestPayForm').submit();</script>, codeUrl=null, attach=null, payPlatformEnum=null, prepayId=null)
2020-03-23 15:31:34,542 - sign content: app_id=2016101800717551&biz_content={"out_trade_no":"1234567892","total_amount":"0.01","subject":"微信点餐订单","product_code":"FAST_INSTANT_TRADE_PAY"}&charset=utf-8&method=alipay.trade.page.pay&notify_url=http://samphanie.natapp1.cc/pay/notify&return_url=http://www.lanbojy.com&sign_type=RSA2&timestamp=2020-03-23 15:31:34&version=1.0
2020-03-23 15:31:34,560 - 【发起支付】 payResponse=PayResponse(prePayParams=null, payUri=null, appId=null, timeStamp=null, nonceStr=null, packAge=null, signType=null, paySign=null, orderAmount=null, orderId=null, outTradeNo=null, mwebUrl=null, body=<form id='bestPayForm' name="punchout_form" method="post" action="https://openapi.alipaydev.com//gateway.do?charset=utf-8&method=alipay.trade.page.pay&sign=tMsy%2B2QHZR2%2Bn4uPLPtwW%2BC15g3ZeMLabeVj0L22fj4Qe3UB1HEiAfYenUku1otUzGX5fimwba51%2Fm4tBxYHUFqonQZmmvFnauny7Nh0k4Pev8y3AcCBuGdj13YNteHc0kfXs%2FyRaH1yeywpxZQDByD3UByBpM6lGZubJYDNdrV09QFVzhGJ%2B1jh7fytdpTArkIOg3o3qmtpqF1oOjFsytb336bl00HSP3VjlesFQT%2BiCVTQy1BQ3ayfTUoBtfQ3CbC4jlBrOL2VZ9agzN4rCBy3bovLuYm4oWDSuqOT4dAbczDybURTZmXk3FRZolo4KqGdlJmU1CTeh6ay5qt5jQ%3D%3D&return_url=http%3A%2F%2Fwww.lanbojy.com&notify_url=http%3A%2F%2Fsamphanie.natapp1.cc%2Fpay%2Fnotify&app_id=2016101800717551&sign_type=RSA2&version=1.0&timestamp=2020-03-23+15%3A31%3A34">
<input type="hidden" name="biz_content" value="{&quot;out_trade_no&quot;:&quot;1234567892&quot;,&quot;total_amount&quot;:&quot;0.01&quot;,&quot;subject&quot;:&quot;微信点餐订单&quot;,&quot;product_code&quot;:&quot;FAST_INSTANT_TRADE_PAY&quot;}">
<input type="submit" value="立即支付" style="display:none" >
</form>
<script>document.getElementById('bestPayForm').submit();</script>, codeUrl=null, attach=null, payPlatformEnum=null, prepayId=null)
2020-03-23 15:36:52,851 - Starting PayApplication on Samphanie with PID 4360 (E:\IdeaProjects\pay\target\classes started by ZSY in E:\IdeaProjects\pay)
2020-03-23 15:36:52,855 - No active profile set, falling back to default profiles: default
2020-03-23 15:36:53,550 - No MyBatis mapper was found in '[com.samphanie.pay]' package. Please check your configuration.
2020-03-23 15:36:53,905 - Tomcat initialized with port(s): 8080 (http)
2020-03-23 15:36:53,913 - Initializing ProtocolHandler ["http-nio-8080"]
2020-03-23 15:36:53,913 - Starting service [Tomcat]
2020-03-23 15:36:53,913 - Starting Servlet engine: [Apache Tomcat/9.0.31]
2020-03-23 15:36:54,045 - Initializing Spring embedded WebApplicationContext
2020-03-23 15:36:54,045 - Root WebApplicationContext: initialization completed in 1106 ms
2020-03-23 15:36:54,215 - Initializing ExecutorService 'applicationTaskExecutor'
2020-03-23 15:36:55,888 - Starting ProtocolHandler ["http-nio-8080"]
2020-03-23 15:36:55,910 - Tomcat started on port(s): 8080 (http) with context path ''
2020-03-23 15:36:55,912 - Started PayApplication in 3.619 seconds (JVM running for 5.191)
2020-03-23 15:37:08,534 - Starting PayApplication on Samphanie with PID 11940 (E:\IdeaProjects\pay\target\classes started by ZSY in E:\IdeaProjects\pay)
2020-03-23 15:37:08,539 - No active profile set, falling back to default profiles: default
2020-03-23 15:37:09,331 - No MyBatis mapper was found in '[com.samphanie.pay]' package. Please check your configuration.
2020-03-23 15:37:09,691 - Tomcat initialized with port(s): 8080 (http)
2020-03-23 15:37:09,700 - Initializing ProtocolHandler ["http-nio-8080"]
2020-03-23 15:37:09,701 - Starting service [Tomcat]
2020-03-23 15:37:09,701 - Starting Servlet engine: [Apache Tomcat/9.0.31]
2020-03-23 15:37:09,842 - Initializing Spring embedded WebApplicationContext
2020-03-23 15:37:09,842 - Root WebApplicationContext: initialization completed in 1147 ms
2020-03-23 15:37:10,043 - Initializing ExecutorService 'applicationTaskExecutor'
2020-03-23 15:37:11,859 - Starting ProtocolHandler ["http-nio-8080"]
2020-03-23 15:37:11,881 - Tomcat started on port(s): 8080 (http) with context path ''
2020-03-23 15:37:11,884 - Started PayApplication in 4.007 seconds (JVM running for 5.577)
2020-03-23 15:37:37,322 - Initializing Spring DispatcherServlet 'dispatcherServlet'
2020-03-23 15:37:37,322 - Initializing Servlet 'dispatcherServlet'
2020-03-23 15:37:37,330 - Completed initialization in 8 ms
2020-03-23 15:37:38,323 - sign content: app_id=2016101800717551&biz_content={"out_trade_no":"1234567891","total_amount":"0.01","subject":"微信点餐订单","product_code":"FAST_INSTANT_TRADE_PAY"}&charset=utf-8&method=alipay.trade.page.pay&notify_url=http://samphanie.natapp1.cc/pay/notify&return_url=http://www.lanbojy.com&sign_type=RSA2&timestamp=2020-03-23 15:37:38&version=1.0
2020-03-23 15:37:38,355 - 【发起支付】 payResponse=PayResponse(prePayParams=null, payUri=null, appId=null, timeStamp=null, nonceStr=null, packAge=null, signType=null, paySign=null, orderAmount=null, orderId=null, outTradeNo=null, mwebUrl=null, body=<form id='bestPayForm' name="punchout_form" method="post" action="https://openapi.alipaydev.com//gateway.do?charset=utf-8&method=alipay.trade.page.pay&sign=Enkp5jJKJ%2FjVFgcmFahDPiyFX0Nr0J6iHAuqfkx4%2FXH3blhrf1ezT280sR%2BBg%2BOZkpuGSMVp0QaSjXomepRwylIX3NTcyCoyXTNG8UZWcZU9WOAHW%2F2bBaQJgMH5mJ2lZ0pyUvkwQGDjLYdHWmo9gwjBgBunqSubi7Nt%2B0qVgNveEDF8DNByhrCpS%2BinroApp96nT5HUkIKwa0z0v9yJm6PbhRJqdoCUKvpbWwLUrbJMBYbL%2BdxXfpPpKQnjacS%2BEOKJB6zQdPvSzqaW7hK5VB%2BCQVpqyzQuMNJ%2BBebjIVed%2BLfj4xmJPGk12S8X6uVgdEG1p39AtjKSCqQT%2Bvgm%2Fw%3D%3D&return_url=http%3A%2F%2Fwww.lanbojy.com&notify_url=http%3A%2F%2Fsamphanie.natapp1.cc%2Fpay%2Fnotify&app_id=2016101800717551&sign_type=RSA2&version=1.0&timestamp=2020-03-23+15%3A37%3A38">
<input type="hidden" name="biz_content" value="{&quot;out_trade_no&quot;:&quot;1234567891&quot;,&quot;total_amount&quot;:&quot;0.01&quot;,&quot;subject&quot;:&quot;微信点餐订单&quot;,&quot;product_code&quot;:&quot;FAST_INSTANT_TRADE_PAY&quot;}">
<input type="submit" value="立即支付" style="display:none" >
</form>
<script>document.getElementById('bestPayForm').submit();</script>, codeUrl=null, attach=null, payPlatformEnum=null, prepayId=null)
2020-03-23 15:39:26,525 - sign content: app_id=2016101800717551&biz_content={"out_trade_no":"12345678903","total_amount":"0.01","subject":"微信点餐订单","product_code":"FAST_INSTANT_TRADE_PAY"}&charset=utf-8&method=alipay.trade.page.pay&notify_url=http://samphanie.natapp1.cc/pay/notify&return_url=http://www.lanbojy.com&sign_type=RSA2&timestamp=2020-03-23 15:39:26&version=1.0
2020-03-23 15:39:26,549 - 【发起支付】 payResponse=PayResponse(prePayParams=null, payUri=null, appId=null, timeStamp=null, nonceStr=null, packAge=null, signType=null, paySign=null, orderAmount=null, orderId=null, outTradeNo=null, mwebUrl=null, body=<form id='bestPayForm' name="punchout_form" method="post" action="https://openapi.alipaydev.com//gateway.do?charset=utf-8&method=alipay.trade.page.pay&sign=ZoiOF2x%2BT4rE1ivqAJ%2FYEnpC%2BWYYOpbvl7I4KsFcInJLKLtDfihm%2FFqyqPHv4LYtnAdGvQmhKYI8X7Nfw7bP4PV06UmeO0MVL%2B5vqBOC1qP2n5gu1AzJv5hNS5mO8S3Ck5ROSEjMDrNH1DR7tlOBblTXJSyuzWfHuMJ9yRK%2Ber10Kj%2B2kVUDzJeidF%2B3oZHPcvfk9UHzoQvq41mOrCTSXNKRdP%2ByKdPWF34HpvLgNmr4wu8MKq4R3eL9XDrPmWQTouWlS3PoF6Juj5t4SICZGC7YbVmg7BatOkUxwgREVlL42QOHAPKw%2BBbrYLa%2Fo%2BQhW17%2F%2FqFfwqRJSAqYdPMTpg%3D%3D&return_url=http%3A%2F%2Fwww.lanbojy.com&notify_url=http%3A%2F%2Fsamphanie.natapp1.cc%2Fpay%2Fnotify&app_id=2016101800717551&sign_type=RSA2&version=1.0&timestamp=2020-03-23+15%3A39%3A26">
<input type="hidden" name="biz_content" value="{&quot;out_trade_no&quot;:&quot;12345678903&quot;,&quot;total_amount&quot;:&quot;0.01&quot;,&quot;subject&quot;:&quot;微信点餐订单&quot;,&quot;product_code&quot;:&quot;FAST_INSTANT_TRADE_PAY&quot;}">
<input type="submit" value="立即支付" style="display:none" >
</form>
<script>document.getElementById('bestPayForm').submit();</script>, codeUrl=null, attach=null, payPlatformEnum=null, prepayId=null)
2020-03-23 15:40:42,494 - 【异步通知】支付平台的数据request=gmt_create=2020-03-23+15%3A39%3A32&charset=utf-8&gmt_payment=2020-03-23+15%3A40%3A32&notify_time=2020-03-23+15%3A40%3A33&subject=%E5%BE%AE%E4%BF%A1%E7%82%B9%E9%A4%90%E8%AE%A2%E5%8D%95&sign=HvvoRWjvIq8pAb2Rvca6dvuifXzJv1zQwSCNy4xhqCzn%2FZzMgQ00LjkcpiIU43X2PFTheVYvG9wlBKI9mGQ5k0wq35187RNzQQKlgKqFKByF33oSb10CwIehNWdZoWk9kEQyg5LohtVvahj6VOAUpp4tNnA2wgzjH3wsRd%2Fu5LxXKNeNLkxuxrPzuqiY3fU7wE5ySqqjXHawQFw4utAM37sPxObGqlRrEreRagty6qIGQX8k1%2FfGc0KvEgE%2FaDBJ1thSz5x%2BSAvH25FatMHTg6cqyVBDVA%2BeKVqrJYICt9V%2FqvsBPwF2nVmkIeExyEMkC4ZYoYS7sFeQQFGkw5J4Ag%3D%3D&buyer_id=2088102180583851&invoice_amount=0.01&version=1.0&notify_id=2020032300222154033083850505029140&fund_bill_list=%5B%7B%22amount%22%3A%220.01%22%2C%22fundChannel%22%3A%22ALIPAYACCOUNT%22%7D%5D&notify_type=trade_status_sync&out_trade_no=12345678903&total_amount=0.01&trade_status=TRADE_SUCCESS&trade_no=2020032322001483850500834643&auth_app_id=2016101800717551&receipt_amount=0.01&point_amount=0.00&app_id=2016101800717551&buyer_pay_amount=0.01&sign_type=RSA2&seller_id=2088102180172158
2020-03-23 15:41:24,411 - 【异步通知】支付平台的数据request=gmt_create=2020-03-23+15%3A31%3A42&charset=utf-8&gmt_payment=2020-03-23+15%3A41%3A14&notify_time=2020-03-23+15%3A41%3A15&subject=%E5%BE%AE%E4%BF%A1%E7%82%B9%E9%A4%90%E8%AE%A2%E5%8D%95&sign=bk1xd619AVorRmf%2FN4vugZHDWrtykj2SR2AMiIA727yx64vZnj8lGmAUtQHkeN%2F4Jz%2FuB0ovxU%2F6CNtgys1f9AvJ2kU9HAd8PsbVNq7z%2BERyhk%2F0YDlJwcEHAoV%2FJCn%2FiWs%2FPXd0ZOeXxPkF50U5AAFirqVGZREF5bM8UP6YDkedOEqy8mV3GHWltzgKQNVYRS%2FAzW%2By2DLpVsBxqj%2Fme%2FIA0WGkQKYAkOgvqqgx%2FTBDwa3t7wxVn6ExQQhtoRz1YfpwEGXoWV%2Fkg0yxnm%2BhyHujqp4WgBvUwm2SNzfJTxv9jkk7wPQCqNIQKQ42%2FkH1P5p%2FDTXupTRK5RNBvXaRzw%3D%3D&buyer_id=2088102180583851&invoice_amount=0.01&version=1.0&notify_id=2020032300222154115083850505033891&fund_bill_list=%5B%7B%22amount%22%3A%220.01%22%2C%22fundChannel%22%3A%22ALIPAYACCOUNT%22%7D%5D&notify_type=trade_status_sync&out_trade_no=1234567892&total_amount=0.01&trade_status=TRADE_SUCCESS&trade_no=2020032322001483850500834853&auth_app_id=2016101800717551&receipt_amount=0.01&point_amount=0.00&app_id=2016101800717551&buyer_pay_amount=0.01&sign_type=RSA2&seller_id=2088102180172158
2020-03-23 16:23:43,718 - Starting PayApplication on Samphanie with PID 14264 (E:\IdeaProjects\pay\target\classes started by ZSY in E:\IdeaProjects\pay)
2020-03-23 16:23:43,721 - No active profile set, falling back to default profiles: default
2020-03-23 16:23:44,868 - Tomcat initialized with port(s): 8080 (http)
2020-03-23 16:23:44,876 - Initializing ProtocolHandler ["http-nio-8080"]
2020-03-23 16:23:44,877 - Starting service [Tomcat]
2020-03-23 16:23:44,877 - Starting Servlet engine: [Apache Tomcat/9.0.31]
2020-03-23 16:23:45,015 - Initializing Spring embedded WebApplicationContext
2020-03-23 16:23:45,016 - Root WebApplicationContext: initialization completed in 1193 ms
2020-03-23 16:23:46,839 - Initializing ExecutorService 'applicationTaskExecutor'
2020-03-23 16:23:47,075 - Starting ProtocolHandler ["http-nio-8080"]
2020-03-23 16:23:47,096 - Tomcat started on port(s): 8080 (http) with context path ''
2020-03-23 16:23:47,099 - Started PayApplication in 3.934 seconds (JVM running for 5.512)
2020-03-23 16:24:12,542 - Initializing Spring DispatcherServlet 'dispatcherServlet'
2020-03-23 16:24:12,542 - Initializing Servlet 'dispatcherServlet'
2020-03-23 16:24:12,549 - Completed initialization in 7 ms
2020-03-23 16:24:12,696 - HikariPool-1 - Starting...
2020-03-23 16:24:12,866 - HikariPool-1 - Start completed.
2020-03-23 16:24:13,817 - sign content: app_id=2016101800717551&biz_content={"out_trade_no":"1234567895","total_amount":"0.01","subject":"微信点餐订单","product_code":"FAST_INSTANT_TRADE_PAY"}&charset=utf-8&method=alipay.trade.page.pay&notify_url=http://samphanie.natapp1.cc/pay/notify&return_url=http://www.lanbojy.com&sign_type=RSA2&timestamp=2020-03-23 16:24:13&version=1.0
2020-03-23 16:24:13,843 - 【发起支付】 payResponse=PayResponse(prePayParams=null, payUri=null, appId=null, timeStamp=null, nonceStr=null, packAge=null, signType=null, paySign=null, orderAmount=null, orderId=null, outTradeNo=null, mwebUrl=null, body=<form id='bestPayForm' name="punchout_form" method="post" action="https://openapi.alipaydev.com//gateway.do?charset=utf-8&method=alipay.trade.page.pay&sign=Rc6IFwms4Bp%2B5GG%2BTL%2BfV5djFvZGJ0vUMad9JodzHKRZc6KtCx5NhskaHiTctbv0PWcjS0SgZwrucrfJuCrvkZP5Pm8RMx1LHLdW8iXjYDpsH%2FCfNa5EXlamQKqSXbqNDO7EkDFDY31h%2BiMHSxmThYZDBUtYaVDLjEe3rT5VctUXNZyOarYGjWyKqAb3CHIFWXoNb1zkxBUBySIHwSNlBync19T1lCOtIZveaCPy5KZN3LtDJ1rrhNbLLwefGrKUoOJgLyD%2FqEGXE0HeCdKKZkMLPXjt5bwE%2F5v1Os4XlXfSnrxMrqcPFwVpduI0Le%2FHuGV0nE6QM1XYHZzgOb2tVA%3D%3D&return_url=http%3A%2F%2Fwww.lanbojy.com&notify_url=http%3A%2F%2Fsamphanie.natapp1.cc%2Fpay%2Fnotify&app_id=2016101800717551&sign_type=RSA2&version=1.0&timestamp=2020-03-23+16%3A24%3A13">
<input type="hidden" name="biz_content" value="{&quot;out_trade_no&quot;:&quot;1234567895&quot;,&quot;total_amount&quot;:&quot;0.01&quot;,&quot;subject&quot;:&quot;微信点餐订单&quot;,&quot;product_code&quot;:&quot;FAST_INSTANT_TRADE_PAY&quot;}">
<input type="submit" value="立即支付" style="display:none" >
</form>
<script>document.getElementById('bestPayForm').submit();</script>, codeUrl=null, attach=null, payPlatformEnum=null, prepayId=null)
2020-03-23 16:24:26,694 - 【异步通知】支付平台的数据request=gmt_create=2020-03-23+16%3A24%3A10&charset=utf-8&gmt_payment=2020-03-23+16%3A24%3A17&notify_time=2020-03-23+16%3A24%3A18&subject=%E5%BE%AE%E4%BF%A1%E7%82%B9%E9%A4%90%E8%AE%A2%E5%8D%95&sign=WJlNaJyH9UMUDd4jHzd2PqVzhS9fLRwEMFUMcW1S%2F%2BiJqQx6iXayaoU0mkoOR7dc08dBj21Bb2ubz6Gc8AZWqtN36zTW6rg%2FuRv7xst0IkSdf2Iwcqgw9lPHWARQERH73HHUEjRqLpOlFRo9f4WbuC1K9B40aNopB%2BW5Xr0P6bDYqTLiZF%2BqNgjCFl2rTBDA1ETckQy47aLjDp13DfvajeiV6m53A9xvRRZEGSv7H%2B9Ci%2BdZvm9qUiqGfNYlQmHrv7t1kteYjTnZg%2F6CPa5cZGnaTr74UX2Kia5zwy%2FhqHma%2FtPf2Nehz98fMfckG2tIon0JNAoW3Uaj6ZNHJfXMsA%3D%3D&buyer_id=2088102180583851&invoice_amount=0.01&version=1.0&notify_id=2020032300222162417083850505033893&fund_bill_list=%5B%7B%22amount%22%3A%220.01%22%2C%22fundChannel%22%3A%22ALIPAYACCOUNT%22%7D%5D&notify_type=trade_status_sync&out_trade_no=1234567895&total_amount=0.01&trade_status=TRADE_SUCCESS&trade_no=2020032322001483850500834644&auth_app_id=2016101800717551&receipt_amount=0.01&point_amount=0.00&app_id=2016101800717551&buyer_pay_amount=0.01&sign_type=RSA2&seller_id=2088102180172158
2020-03-23 16:28:32,045 - sign content: app_id=2016101800717551&biz_content={"out_trade_no":"12345678910","total_amount":"0.01","subject":"微信点餐订单","product_code":"FAST_INSTANT_TRADE_PAY"}&charset=utf-8&method=alipay.trade.page.pay&notify_url=http://samphanie.natapp1.cc/pay/notify&return_url=http://www.lanbojy.com&sign_type=RSA2&timestamp=2020-03-23 16:28:32&version=1.0
2020-03-23 16:28:32,066 - 【发起支付】 payResponse=PayResponse(prePayParams=null, payUri=null, appId=null, timeStamp=null, nonceStr=null, packAge=null, signType=null, paySign=null, orderAmount=null, orderId=null, outTradeNo=null, mwebUrl=null, body=<form id='bestPayForm' name="punchout_form" method="post" action="https://openapi.alipaydev.com//gateway.do?charset=utf-8&method=alipay.trade.page.pay&sign=iFhGxNQdam%2FEgKv6fn95MXdmVvzR11vQC5yhzyNNsOi26wNqz1qj9wgoUP%2BEQjPTCa2FkkpEdEV5RZLLMeYCqShTWoZfhYVE%2B6XzwfMNrM9ev49ynDINE5ybULt7%2BY0lJ%2FkETeGDeVOARI1BRU72yqtDWy3quJwrJATAQsC2o2ahcnyUVbJwkW4jKT0WY9iRugMKtjTcQw7R34Ylm51uuLOtXRhYTpi3QnRD%2FhOD%2FCXYXl8oOe9pRg1omnnEyv0AIDn2cArxjhSBPw32znz%2FavCJdHxr2fW%2F0BlD6qXa3ki6XFZOqqNq84zOKSJxm%2BBibm0KvB1QbGH1Fa95CIdKXw%3D%3D&return_url=http%3A%2F%2Fwww.lanbojy.com&notify_url=http%3A%2F%2Fsamphanie.natapp1.cc%2Fpay%2Fnotify&app_id=2016101800717551&sign_type=RSA2&version=1.0&timestamp=2020-03-23+16%3A28%3A32">
<input type="hidden" name="biz_content" value="{&quot;out_trade_no&quot;:&quot;12345678910&quot;,&quot;total_amount&quot;:&quot;0.01&quot;,&quot;subject&quot;:&quot;微信点餐订单&quot;,&quot;product_code&quot;:&quot;FAST_INSTANT_TRADE_PAY&quot;}">
<input type="submit" value="立即支付" style="display:none" >
</form>
<script>document.getElementById('bestPayForm').submit();</script>, codeUrl=null, attach=null, payPlatformEnum=null, prepayId=null)
