2020-03-21 15:27:48,874 - Starting PayApplication on Samphanie with PID 15184 (E:\IdeaProjects\pay\target\classes started by ZSY in E:\IdeaProjects\pay)
2020-03-21 15:27:48,877 - No active profile set, falling back to default profiles: default
2020-03-21 15:27:51,241 - No MyBatis mapper was found in '[com.samphanie.pay]' package. Please check your configuration.
2020-03-21 15:27:52,437 - Tomcat initialized with port(s): 8080 (http)
2020-03-21 15:27:52,466 - Initializing ProtocolHandler ["http-nio-8080"]
2020-03-21 15:27:52,467 - Starting service [Tomcat]
2020-03-21 15:27:52,467 - Starting Servlet engine: [Apache Tomcat/9.0.31]
2020-03-21 15:27:52,688 - Initializing Spring embedded WebApplicationContext
2020-03-21 15:27:52,688 - Root WebApplicationContext: initialization completed in 3666 ms
2020-03-21 15:27:52,977 - Initializing ExecutorService 'applicationTaskExecutor'
2020-03-21 15:27:54,999 - Starting ProtocolHandler ["http-nio-8080"]
2020-03-21 15:27:55,041 - Tomcat started on port(s): 8080 (http) with context path ''
2020-03-21 15:27:55,046 - Started PayApplication in 7.583 seconds (JVM running for 10.376)
2020-03-21 15:29:38,568 - Initializing Spring DispatcherServlet 'dispatcherServlet'
2020-03-21 15:29:38,568 - Initializing Servlet 'dispatcherServlet'
2020-03-21 15:29:38,574 - Completed initialization in 6 ms
2020-03-21 15:33:23,581 - Starting PayApplication on Samphanie with PID 18712 (E:\IdeaProjects\pay\target\classes started by ZSY in E:\IdeaProjects\pay)
2020-03-21 15:33:23,585 - No active profile set, falling back to default profiles: default
2020-03-21 15:33:24,443 - No MyBatis mapper was found in '[com.samphanie.pay]' package. Please check your configuration.
2020-03-21 15:33:24,899 - Tomcat initialized with port(s): 8080 (http)
2020-03-21 15:33:24,910 - Initializing ProtocolHandler ["http-nio-8080"]
2020-03-21 15:33:24,911 - Starting service [Tomcat]
2020-03-21 15:33:24,911 - Starting Servlet engine: [Apache Tomcat/9.0.31]
2020-03-21 15:33:25,074 - Initializing Spring embedded WebApplicationContext
2020-03-21 15:33:25,074 - Root WebApplicationContext: initialization completed in 1382 ms
2020-03-21 15:33:25,311 - Initializing ExecutorService 'applicationTaskExecutor'
2020-03-21 15:33:27,533 - Starting ProtocolHandler ["http-nio-8080"]
2020-03-21 15:33:27,559 - Tomcat started on port(s): 8080 (http) with context path ''
2020-03-21 15:33:27,561 - Started PayApplication in 4.631 seconds (JVM running for 6.406)
2020-03-21 15:33:27,721 - Initializing Spring DispatcherServlet 'dispatcherServlet'
2020-03-21 15:33:27,721 - Initializing Servlet 'dispatcherServlet'
2020-03-21 15:33:27,726 - Completed initialization in 5 ms
