2020-04-09 19:17:42,745 - Starting PayApplication on Samphanie with PID 138128 (E:\IdeaProjects\pay\target\classes started by ZSY in E:\IdeaProjects\pay)
2020-04-09 19:17:42,796 - No active profile set, falling back to default profiles: default
2020-04-09 19:17:48,770 - Tomcat initialized with port(s): 8080 (http)
2020-04-09 19:17:48,820 - Initializing ProtocolHandler ["http-nio-8080"]
2020-04-09 19:17:48,821 - Starting service [Tomcat]
2020-04-09 19:17:48,821 - Starting Servlet engine: [Apache Tomcat/9.0.31]
2020-04-09 19:17:49,421 - Initializing Spring embedded WebApplicationContext
2020-04-09 19:17:49,421 - Root WebApplicationContext: initialization completed in 6164 ms
2020-04-09 19:17:56,429 - Initializing ExecutorService 'applicationTaskExecutor'
2020-04-09 19:17:57,273 - Starting ProtocolHandler ["http-nio-8080"]
2020-04-09 19:17:57,323 - Tomcat started on port(s): 8080 (http) with context path ''
2020-04-09 19:17:57,326 - Started PayApplication in 17.074 seconds (JVM running for 20.902)
2020-04-09 19:21:21,440 - Initializing Spring DispatcherServlet 'dispatcherServlet'
2020-04-09 19:21:21,441 - Initializing Servlet 'dispatcherServlet'
2020-04-09 19:21:21,448 - Completed initialization in 7 ms
2020-04-09 19:22:18,716 - Resolved [org.springframework.web.bind.MissingServletRequestParameterException: Required BigDecimal parameter 'amount' is not present]
2020-04-09 19:22:21,965 - Resolved [org.springframework.web.bind.MissingServletRequestParameterException: Required BigDecimal parameter 'amount' is not present]
2020-04-09 19:24:25,422 - HikariPool-1 - Starting...
2020-04-09 19:24:25,747 - HikariPool-1 - Start completed.
2020-04-09 19:24:26,261 - sign content: app_id=2016101800717551&biz_content={"out_trade_no":"1202004081038217966","total_amount":"3299.0","subject":"微信点餐订单","product_code":"FAST_INSTANT_TRADE_PAY"}&charset=utf-8&method=alipay.trade.page.pay&notify_url=http://samphanie.natapp1.cc/pay/notify&return_url=http://www.lanbojy.com&sign_type=RSA2&timestamp=2020-04-09 19:24:26&version=1.0
2020-04-09 19:24:26,309 - 【发起支付】 payResponse=PayResponse(prePayParams=null, payUri=null, appId=null, timeStamp=null, nonceStr=null, packAge=null, signType=null, paySign=null, orderAmount=null, orderId=null, outTradeNo=null, mwebUrl=null, body=<form id='bestPayForm' name="punchout_form" method="post" action="https://openapi.alipaydev.com//gateway.do?charset=utf-8&method=alipay.trade.page.pay&sign=S%2FfmFtXm2t5hKovtIpOoAwU%2F0pLovonBOQq1%2FZYQ645Zv95RZP3W1Ug4PYafmTUDjtMDlKfOCXN%2BhW%2FH8ZqTWQT6D5R26f9%2F%2BBcEyGF6iKx62HQZjC7ZiXO%2Fdky3Y7mCn1Mo%2BF0betzVcT%2B9ijZHyBEZ09XqoMp5ryGejNmPk2M5WYRI0BVynUMbaUoBXYyEXeqbki8nb4wIdPVkEAOsdfNtppcuZrUC2RF%2FS%2FQ%2BZJBtIKwBdp3%2BvSltjmRJk%2FAwqb86dk7PL9iE6ewpIEY8XGrAgypKmj6DEHBz%2FdX0dTZXwYgDDBMr%2FEauErQqhw7XFnYVBkEvFqiq8zghOZj%2BUA%3D%3D&return_url=http%3A%2F%2Fwww.lanbojy.com&notify_url=http%3A%2F%2Fsamphanie.natapp1.cc%2Fpay%2Fnotify&app_id=2016101800717551&sign_type=RSA2&version=1.0&timestamp=2020-04-09+19%3A24%3A26">
<input type="hidden" name="biz_content" value="{&quot;out_trade_no&quot;:&quot;1202004081038217966&quot;,&quot;total_amount&quot;:&quot;3299.0&quot;,&quot;subject&quot;:&quot;微信点餐订单&quot;,&quot;product_code&quot;:&quot;FAST_INSTANT_TRADE_PAY&quot;}">
<input type="submit" value="立即支付" style="display:none" >
</form>
<script>document.getElementById('bestPayForm').submit();</script>, codeUrl=null, attach=null, payPlatformEnum=null, prepayId=null)
2020-04-09 19:29:24,151 - 【异步通知】支付平台的数据request=gmt_create=2020-04-09+19%3A26%3A00&charset=utf-8&gmt_payment=2020-04-09+19%3A26%3A21&notify_time=2020-04-09+19%3A29%3A19&subject=%E5%BE%AE%E4%BF%A1%E7%82%B9%E9%A4%90%E8%AE%A2%E5%8D%95&sign=AuqmPE%2B2p8VBtss6datlJSKw9v3xsJz8veTcE%2FLOTxGf4Od3dNmiGzNm5jMxFPp2QcrNw5tsshGNpa22I7GvYWTjsA1OeBqOGe5JCEwtd7OC9Ht7XPF53EFxaoXzDSTqWoMsp79KU475oUi3x8pscjkkOFDsTjHUL9%2F6B3nx8ynGY99RnCDGugTVbU1NJ%2Bhm0StBXKgIA6HnONjDqfLRsa%2BxiOm8FzySSLNf9oDq%2F1c6OLUBaMwDWk1aegi%2F3Vjpwup%2BJH0k%2F8qGb2LNRiIPI3laC1wayZCRPaAXG1S%2B10Z%2FF0S2WSpz9oVDgH3bpo0f3UsOUgBgA13TgCGaPInHDA%3D%3D&buyer_id=2088102180583851&invoice_amount=3299.00&version=1.0&notify_id=dd4586c89e5856b549cc5e3734184d9mk9&fund_bill_list=%5B%7B%22amount%22%3A%223299.00%22%2C%22fundChannel%22%3A%22ALIPAYACCOUNT%22%7D%5D&notify_type=trade_status_sync&out_trade_no=1202004081038217966&total_amount=3299.00&trade_status=TRADE_SUCCESS&trade_no=2020040922001483850500844820&auth_app_id=2016101800717551&receipt_amount=3299.00&point_amount=0.00&app_id=2016101800717551&buyer_pay_amount=3299.00&sign_type=RSA2&seller_id=2088102180172158
2020-04-09 19:29:24,302 - Attempting to connect to: [192.168.200.101:5672]
2020-04-09 19:29:43,860 - 【异步通知】支付平台的数据request=gmt_create=2020-04-09+19%3A26%3A00&charset=utf-8&gmt_payment=2020-04-09+19%3A26%3A21&notify_time=2020-04-09+19%3A29%3A39&subject=%E5%BE%AE%E4%BF%A1%E7%82%B9%E9%A4%90%E8%AE%A2%E5%8D%95&sign=CNYiDzlUSCNbh85cOzko02XWyixxlROLEcXKdywEnVnQljqy2kEhB%2BFngzZ8Lws0lygUDyKlpqJnGLe63WdoMKpI1PFE4zj3i%2BT4ddsfGyI0J%2FGiBVGNGym%2BP0hgIQU%2B4scmD4BqAJjX9udxkl7dx8qTgCohGhELj0NrbmPBn1IqaY6oGAkMx14wLBEvZBwSpoLFhuvKZ4iTzqEALdIi1ysfL6WA%2FnUiAz57aswIW7SzoaMTs2ImW2FMYuwQKvnWoB1vMRuFhZuuvT6dwpssoL6d96Ml9ywCxtutKejsMVCeF6YrdhjifVhetvGGJheUjWnbyeRuin5UTmw8lJm7ww%3D%3D&buyer_id=2088102180583851&invoice_amount=3299.00&version=1.0&notify_id=dd4586c89e5856b549cc5e3734184d9mk9&fund_bill_list=%5B%7B%22amount%22%3A%223299.00%22%2C%22fundChannel%22%3A%22ALIPAYACCOUNT%22%7D%5D&notify_type=trade_status_sync&out_trade_no=1202004081038217966&total_amount=3299.00&trade_status=TRADE_SUCCESS&trade_no=2020040922001483850500844820&auth_app_id=2016101800717551&receipt_amount=3299.00&point_amount=0.00&app_id=2016101800717551&buyer_pay_amount=3299.00&sign_type=RSA2&seller_id=2088102180172158
2020-04-09 19:29:44,590 - 【异步通知】支付平台的数据request=gmt_create=2020-04-09+19%3A26%3A00&charset=utf-8&gmt_payment=2020-04-09+19%3A26%3A21&notify_time=2020-04-09+19%3A29%3A40&subject=%E5%BE%AE%E4%BF%A1%E7%82%B9%E9%A4%90%E8%AE%A2%E5%8D%95&sign=Y4HrxIjRpFVBr4TcI8mTnOgYEuBrRs44fGZjl06EIziuee%2FMcEgas7fUjQrhxo7s8P8%2FOVUlwKeg2uUwLiBuYf5l4MZsH3djlZJ%2BWm0yWN2ZhgI%2FhvdYXhkPAFr7%2F2HtFrdcW5%2FxflCoMgt7UBNw%2FvuC5%2BlG4svcRbZJ%2FVrpzQNhoXwQFXacVhSRNEJQQDNwRTqvRb0288ZaY8rUD54KS0LnOdc042G7H0Fxc1G4v%2B%2BygrUlGRO%2Fea%2BEhizqqSAZKk1mr7Jwrk5xRPZHVwO4mK3aV7ixZp3GSVQBF%2F6KHq4i8N%2BRrnfQjFRx1eDDDYxPg9H0NlSlX8Vm1tuMiY%2Bwqg%3D%3D&buyer_id=2088102180583851&invoice_amount=3299.00&version=1.0&notify_id=dd4586c89e5856b549cc5e3734184d9mk9&fund_bill_list=%5B%7B%22amount%22%3A%223299.00%22%2C%22fundChannel%22%3A%22ALIPAYACCOUNT%22%7D%5D&notify_type=trade_status_sync&out_trade_no=1202004081038217966&total_amount=3299.00&trade_status=TRADE_SUCCESS&trade_no=2020040922001483850500844820&auth_app_id=2016101800717551&receipt_amount=3299.00&point_amount=0.00&app_id=2016101800717551&buyer_pay_amount=3299.00&sign_type=RSA2&seller_id=2088102180172158
2020-04-09 19:29:45,313 - Attempting to connect to: [192.168.200.101:5672]
2020-04-09 19:29:49,082 - 【异步通知】支付平台的数据request=gmt_create=2020-04-09+19%3A26%3A00&charset=utf-8&gmt_payment=2020-04-09+19%3A26%3A21&notify_time=2020-04-09+19%3A29%3A44&subject=%E5%BE%AE%E4%BF%A1%E7%82%B9%E9%A4%90%E8%AE%A2%E5%8D%95&sign=Sn8Dl1LwSMr6fddehalrBmQE%2FslllmGLhQkZ2EQRy2zfpU6WWY1%2BehzuwPr0f8gW5NbEOIphsF%2F7ThWGHXx7tmwMfkQFnxTciLM1EYbGDayDeyF4%2BqO10cpz%2BS%2F%2FHPzMupA8cMQ4ob5f2Zg3pB16OCRdBqsElyC0A0z%2F0OiQsJqvl3xJ%2BgBp6BjZsVUJAIoi7CNm8Nz8Tz9AeMkv5bk4pjDMO8ZOmJzfd5XQLJFLmo9K8BgJrhcX0NF2uP9n4Ct64aDsk1T6YZXMBjEMvHoFWN46pJNfT%2BHdO8qlZNxtTqlj1oUpzMIkX5D6mVdzRo1MYN%2Bi7bqVZH9CG5D444QX4A%3D%3D&buyer_id=2088102180583851&invoice_amount=3299.00&version=1.0&notify_id=dd4586c89e5856b549cc5e3734184d9mk9&fund_bill_list=%5B%7B%22amount%22%3A%223299.00%22%2C%22fundChannel%22%3A%22ALIPAYACCOUNT%22%7D%5D&notify_type=trade_status_sync&out_trade_no=1202004081038217966&total_amount=3299.00&trade_status=TRADE_SUCCESS&trade_no=2020040922001483850500844820&auth_app_id=2016101800717551&receipt_amount=3299.00&point_amount=0.00&app_id=2016101800717551&buyer_pay_amount=3299.00&sign_type=RSA2&seller_id=2088102180172158
2020-04-09 19:30:06,331 - Attempting to connect to: [192.168.200.101:5672]
2020-04-09 19:30:27,339 - Attempting to connect to: [192.168.200.101:5672]
2020-04-09 19:59:13,575 - Starting PayApplication on Samphanie with PID 39344 (E:\IdeaProjects\pay\target\classes started by ZSY in E:\IdeaProjects\pay)
2020-04-09 19:59:13,579 - No active profile set, falling back to default profiles: default
2020-04-09 19:59:15,381 - Tomcat initialized with port(s): 8080 (http)
2020-04-09 19:59:15,392 - Initializing ProtocolHandler ["http-nio-8080"]
2020-04-09 19:59:15,392 - Starting service [Tomcat]
2020-04-09 19:59:15,393 - Starting Servlet engine: [Apache Tomcat/9.0.31]
2020-04-09 19:59:15,584 - Initializing Spring embedded WebApplicationContext
2020-04-09 19:59:15,585 - Root WebApplicationContext: initialization completed in 1888 ms
2020-04-09 19:59:20,388 - Exception encountered during context initialization - cancelling refresh attempt: org.springframework.beans.factory.UnsatisfiedDependencyException: Error creating bean with name 'payController': Unsatisfied dependency expressed through field 'iPayService'; nested exception is org.springframework.beans.factory.UnsatisfiedDependencyException: Error creating bean with name 'payServiceImpl': Unsatisfied dependency expressed through field 'amqpTemplate'; nested exception is org.springframework.beans.factory.UnsatisfiedDependencyException: Error creating bean with name 'rabbitTemplate' defined in class path resource [org/springframework/boot/autoconfigure/amqp/RabbitAutoConfiguration$RabbitTemplateConfiguration.class]: Unsatisfied dependency expressed through method 'rabbitTemplate' parameter 0; nested exception is org.springframework.boot.context.properties.ConfigurationPropertiesBindException: Error creating bean with name 'spring.rabbitmq-org.springframework.boot.autoconfigure.amqp.RabbitProperties': Could not bind properties to 'RabbitProperties' : prefix=spring.rabbitmq, ignoreInvalidFields=false, ignoreUnknownFields=true; nested exception is org.springframework.boot.context.properties.bind.BindException: Failed to bind properties under 'spring.rabbitmq' to org.springframework.boot.autoconfigure.amqp.RabbitProperties
2020-04-09 19:59:20,391 - Stopping service [Tomcat]
2020-04-09 19:59:20,403 - 

Error starting ApplicationContext. To display the conditions report re-run your application with 'debug' enabled.
2020-04-09 19:59:58,354 - Starting PayApplication on Samphanie with PID 4644 (E:\IdeaProjects\pay\target\classes started by ZSY in E:\IdeaProjects\pay)
2020-04-09 19:59:58,357 - No active profile set, falling back to default profiles: default
2020-04-09 19:59:59,617 - Tomcat initialized with port(s): 8080 (http)
2020-04-09 19:59:59,625 - Initializing ProtocolHandler ["http-nio-8080"]
2020-04-09 19:59:59,626 - Starting service [Tomcat]
2020-04-09 19:59:59,626 - Starting Servlet engine: [Apache Tomcat/9.0.31]
2020-04-09 19:59:59,774 - Initializing Spring embedded WebApplicationContext
2020-04-09 19:59:59,774 - Root WebApplicationContext: initialization completed in 1315 ms
2020-04-09 20:00:04,282 - Exception encountered during context initialization - cancelling refresh attempt: org.springframework.beans.factory.UnsatisfiedDependencyException: Error creating bean with name 'payController': Unsatisfied dependency expressed through field 'iPayService'; nested exception is org.springframework.beans.factory.UnsatisfiedDependencyException: Error creating bean with name 'payServiceImpl': Unsatisfied dependency expressed through field 'amqpTemplate'; nested exception is org.springframework.beans.factory.UnsatisfiedDependencyException: Error creating bean with name 'rabbitTemplate' defined in class path resource [org/springframework/boot/autoconfigure/amqp/RabbitAutoConfiguration$RabbitTemplateConfiguration.class]: Unsatisfied dependency expressed through method 'rabbitTemplate' parameter 0; nested exception is org.springframework.boot.context.properties.ConfigurationPropertiesBindException: Error creating bean with name 'spring.rabbitmq-org.springframework.boot.autoconfigure.amqp.RabbitProperties': Could not bind properties to 'RabbitProperties' : prefix=spring.rabbitmq, ignoreInvalidFields=false, ignoreUnknownFields=true; nested exception is org.springframework.boot.context.properties.bind.BindException: Failed to bind properties under 'spring.rabbitmq' to org.springframework.boot.autoconfigure.amqp.RabbitProperties
2020-04-09 20:00:04,286 - Stopping service [Tomcat]
2020-04-09 20:00:04,299 - 

Error starting ApplicationContext. To display the conditions report re-run your application with 'debug' enabled.
2020-04-09 20:00:40,088 - Starting PayApplication on Samphanie with PID 150564 (E:\IdeaProjects\pay\target\classes started by ZSY in E:\IdeaProjects\pay)
2020-04-09 20:00:40,091 - No active profile set, falling back to default profiles: default
2020-04-09 20:00:41,436 - Tomcat initialized with port(s): 8080 (http)
2020-04-09 20:00:41,444 - Initializing ProtocolHandler ["http-nio-8080"]
2020-04-09 20:00:41,445 - Starting service [Tomcat]
2020-04-09 20:00:41,445 - Starting Servlet engine: [Apache Tomcat/9.0.31]
2020-04-09 20:00:41,594 - Initializing Spring embedded WebApplicationContext
2020-04-09 20:00:41,595 - Root WebApplicationContext: initialization completed in 1396 ms
2020-04-09 20:00:49,076 - Initializing ExecutorService 'applicationTaskExecutor'
2020-04-09 20:00:49,449 - Starting ProtocolHandler ["http-nio-8080"]
2020-04-09 20:00:49,485 - Tomcat started on port(s): 8080 (http) with context path ''
2020-04-09 20:00:49,489 - Started PayApplication in 10.009 seconds (JVM running for 12.774)
2020-04-09 20:03:38,787 - Initializing Spring DispatcherServlet 'dispatcherServlet'
2020-04-09 20:03:38,788 - Initializing Servlet 'dispatcherServlet'
2020-04-09 20:03:38,797 - Completed initialization in 9 ms
2020-04-09 20:03:38,847 - HikariPool-1 - Starting...
2020-04-09 20:03:38,977 - HikariPool-1 - Start completed.
2020-04-09 20:03:39,158 - sign content: app_id=2016101800717551&biz_content={"out_trade_no":"1202004081015234836","total_amount":"3299.0","subject":"微信点餐订单","product_code":"FAST_INSTANT_TRADE_PAY"}&charset=utf-8&method=alipay.trade.page.pay&notify_url=http://samphanie.natapp1.cc/pay/notify&return_url=http://www.lanbojy.com&sign_type=RSA2&timestamp=2020-04-09 20:03:39&version=1.0
2020-04-09 20:03:39,190 - 【发起支付】 payResponse=PayResponse(prePayParams=null, payUri=null, appId=null, timeStamp=null, nonceStr=null, packAge=null, signType=null, paySign=null, orderAmount=null, orderId=null, outTradeNo=null, mwebUrl=null, body=<form id='bestPayForm' name="punchout_form" method="post" action="https://openapi.alipaydev.com//gateway.do?charset=utf-8&method=alipay.trade.page.pay&sign=RbDccSn1WAEupgOSR7dlKFNF6pOAxUXkF8CKwKi2Zgh3zlyT6ece9seiJhhe33TmhHKNx5LU7Dip2l1Unv6n%2BeyhkQxNDIm5nfPtx74yYAn8c7SBU%2B8ArFBxX1Z%2F%2F4tUDWAnE8ZABnwa2d8rSNkl%2F2orBkQCHlp43uIGyGYW4vnnwJQJ4%2Fp3zUywnfsLQEqSihvVehQmyY1YyV3Z%2Bxq%2Fb4ANrOFhYrc2SL2Xg1%2FCTbGeEPa89RqprZkTM%2BYrsJ503W%2BqDxi4GuuRQPWCAAZnJ9NXnfazPzunan33G5h8bJrw4Tmyzaeq8E1wrgF3cbebblKojJlLlx59AHclsd3nNg%3D%3D&return_url=http%3A%2F%2Fwww.lanbojy.com&notify_url=http%3A%2F%2Fsamphanie.natapp1.cc%2Fpay%2Fnotify&app_id=2016101800717551&sign_type=RSA2&version=1.0&timestamp=2020-04-09+20%3A03%3A39">
<input type="hidden" name="biz_content" value="{&quot;out_trade_no&quot;:&quot;1202004081015234836&quot;,&quot;total_amount&quot;:&quot;3299.0&quot;,&quot;subject&quot;:&quot;微信点餐订单&quot;,&quot;product_code&quot;:&quot;FAST_INSTANT_TRADE_PAY&quot;}">
<input type="submit" value="立即支付" style="display:none" >
</form>
<script>document.getElementById('bestPayForm').submit();</script>, codeUrl=null, attach=null, payPlatformEnum=null, prepayId=null)
2020-04-09 20:04:23,587 - 【异步通知】支付平台的数据request=gmt_create=2020-04-09+20%3A04%3A07&charset=utf-8&gmt_payment=2020-04-09+20%3A04%3A18&notify_time=2020-04-09+20%3A04%3A19&subject=%E5%BE%AE%E4%BF%A1%E7%82%B9%E9%A4%90%E8%AE%A2%E5%8D%95&sign=fpguKYFI44bqWxrw0y8%2BSp8WVCGsQNE1sIQrTISpxLZtT5pOh21OVIWutWG3WE7LYaEDmBgITsA76OH8btwID2YypbUB6bnF5adfP0lxNHIogQXR3NiRZhPYdhSCFSW%2F8odWfAk5bRgXFKWTz6XqGk2KWaRpYWgOsZscsFKkmUDItEXKTjxZ2b2zuVQC918MHeMTgbjiR5go1OQvRaNQW%2Feb0RhkeW7tKtX1FvlbwYw9b8MaJuB5RJ6Wq4z79wX5mEr9gQicf75tpjrKx8bUjEy2QtziKN%2FhHIAhA0oSHy%2BWprbW2ngZ4mBSs067%2F4kVGpZ6xH6bwI7xQ6AMfPp8%2Fg%3D%3D&buyer_id=2088102180583851&invoice_amount=3299.00&version=1.0&notify_id=2020040900222200418083850505254482&fund_bill_list=%5B%7B%22amount%22%3A%223299.00%22%2C%22fundChannel%22%3A%22ALIPAYACCOUNT%22%7D%5D&notify_type=trade_status_sync&out_trade_no=1202004081015234836&total_amount=3299.00&trade_status=TRADE_SUCCESS&trade_no=2020040922001483850500845219&auth_app_id=2016101800717551&receipt_amount=3299.00&point_amount=0.00&app_id=2016101800717551&buyer_pay_amount=3299.00&sign_type=RSA2&seller_id=2088102180172158
2020-04-09 20:04:23,684 - Attempting to connect to: [www.samphanie.cn:5672]
2020-04-09 20:04:23,826 - Created new connection: rabbitConnectionFactory#1a891add:0/SimpleConnection@49fede2 [delegate=amqp://guest@182.254.171.162:5672/, localPort= 54154]
