2020-03-24 15:25:38,507 - HikariPool-1 - Thread starvation or clock leap detected (housekeeper delta=22h50m39s821ms281µs900ns).
2020-03-24 16:06:51,797 - Starting PayApplication on Samphanie with PID 3852 (E:\IdeaProjects\pay\target\classes started by ZSY in E:\IdeaProjects\pay)
2020-03-24 16:06:51,800 - No active profile set, falling back to default profiles: default
2020-03-24 16:06:53,750 - Tomcat initialized with port(s): 8080 (http)
2020-03-24 16:06:53,778 - Initializing ProtocolHandler ["http-nio-8080"]
2020-03-24 16:06:53,779 - Starting service [Tomcat]
2020-03-24 16:06:53,779 - Starting Servlet engine: [Apache Tomcat/9.0.31]
2020-03-24 16:06:54,009 - Initializing Spring embedded WebApplicationContext
2020-03-24 16:06:54,010 - Root WebApplicationContext: initialization completed in 2147 ms
2020-03-24 16:06:56,036 - Initializing ExecutorService 'applicationTaskExecutor'
2020-03-24 16:06:56,355 - Starting ProtocolHandler ["http-nio-8080"]
2020-03-24 16:06:56,408 - Tomcat started on port(s): 8080 (http) with context path ''
2020-03-24 16:06:56,411 - Started PayApplication in 5.435 seconds (JVM running for 7.225)
2020-03-24 16:07:23,854 - Initializing Spring DispatcherServlet 'dispatcherServlet'
2020-03-24 16:07:23,854 - Initializing Servlet 'dispatcherServlet'
2020-03-24 16:07:23,860 - Completed initialization in 6 ms
2020-03-24 16:07:24,805 - sign content: app_id=2016101800717551&biz_content={"out_trade_no":"","trade_no":"123456789"}&charset=utf-8&method=alipay.trade.query&sign_type=RSA2&timestamp=2020-03-24 16:07:24&version=1.0
2020-03-24 16:07:24,962 - --> POST https://openapi.alipay.com/gateway.do
2020-03-24 16:07:24,962 - Content-Type: application/x-www-form-urlencoded
2020-03-24 16:07:24,962 - Content-Length: 609
2020-03-24 16:07:24,962 - 
2020-03-24 16:07:24,963 - charset=utf-8&app_auth_token=&biz_content=%7B%22out_trade_no%22%3A%22%22%2C%22trade_no%22%3A%22123456789%22%7D&method=alipay.trade.query&sign=g%2FSEqJNkF3fUj3%2BaWLG715gXPBh1wUr4eTJC%2FYkiQfu93SHx6MZV84lntLNA8iZb7uZizfe3r%2BiJW75JEEzQwTSEtWOYKUIsjhs9%2FTt0amCDJ4xYp6bqbuT5omSXgBsUV2MZgBMz5T89jMTX59VPPx7qazi%2BUWlfSRfOdxpXN5DiKPR54rOHyBFH0eo1q%2FryH1pB0Z7Cw09wQ9ZW4lWhDSTR%2BU2DWTbA6ZzzfsxgMvipOGnO05alVy4n%2FUeD1q74NlMOvrowCvNFqg%2FY%2F177B5jRr8%2Fr%2B%2F9cqCHXDUJ5%2Bz%2BM4YLD8dkTxO1P9ZjRBOFyHBrb8nXzGiuYqDx9XJn0kQ%3D%3D&app_id=2016101800717551&sign_type=RSA2&version=1.0&timestamp=2020-03-24%2016%3A07%3A24
2020-03-24 16:07:24,963 - --> END POST (609-byte body)
2020-03-24 16:07:25,275 - <-- 200 OK https://openapi.alipay.com/gateway.do (311ms)
2020-03-24 16:07:25,276 - Server: Tengine/2.1.0
2020-03-24 16:07:25,276 - Date: Tue, 24 Mar 2020 08:07:14 GMT
2020-03-24 16:07:25,276 - Content-Type: text/html;charset=GBK
2020-03-24 16:07:25,276 - Content-Length: 134
2020-03-24 16:07:25,276 - Connection: keep-alive
2020-03-24 16:07:25,276 - Set-Cookie: JSESSIONID=E003802F793EC59333A194A7A509EA73; Path=/; HttpOnly
2020-03-24 16:07:25,276 - Set-Cookie: spanner=cajWsQjaxgWtApedLdHqJeYM2YDVkfMa4EJoL7C0n0A=;path=/;secure;
2020-03-24 16:07:25,276 - Via: spanner-internet-5878.gtj[200]
2020-03-24 16:07:25,276 - 
2020-03-24 16:07:25,276 - {"alipay_trade_query_response":{"code":"40002","msg":"Invalid Arguments","sub_code":"isv.invalid-app-id","sub_msg":"无效的AppID参数"}}
2020-03-24 16:07:25,276 - <-- END HTTP (134-byte body)
2020-03-24 16:07:50,502 - sign content: app_id=2016101800717551&biz_content={"out_trade_no":"","trade_no":"123456789100"}&charset=utf-8&method=alipay.trade.query&sign_type=RSA2&timestamp=2020-03-24 16:07:50&version=1.0
2020-03-24 16:07:50,526 - --> POST https://openapi.alipay.com/gateway.do
2020-03-24 16:07:50,526 - Content-Type: application/x-www-form-urlencoded
2020-03-24 16:07:50,526 - Content-Length: 606
2020-03-24 16:07:50,526 - 
2020-03-24 16:07:50,527 - charset=utf-8&app_auth_token=&biz_content=%7B%22out_trade_no%22%3A%22%22%2C%22trade_no%22%3A%22123456789100%22%7D&method=alipay.trade.query&sign=FyHv6TfnbtSDJv4rXR2CaLlrmGumtz4YFtCD2zjqpsx7WqpWcSUspgukx0uEXM0%2F5FyooJQPW2d1SZ1e%2F7srMo8N0pQCqQ3YHhtN51g5yGhkJ%2BGT6b7uTKkeaH6%2Fi1afcn0JAKDk0tR3T6AYYjxoIVAGbRRlfCDCn%2Bx1AfiRs%2B3lIr3u5%2BwuvqpBVAXauw7f%2FQGR4Ati4SgejT0eTiBi0KQb27ca3uPVxQC5LNd%2B3Zsa4iqHCcuazyS11HVt%2FQ7heTVE%2BpRPTeHWrB7gERvl974%2BaIhr6voPxczcZKNZa2ScQrcBI9et0eK4jAmb2R%2BINSof6Q6NJV8cLvMzBx5Baw%3D%3D&app_id=2016101800717551&sign_type=RSA2&version=1.0&timestamp=2020-03-24%2016%3A07%3A50
2020-03-24 16:07:50,527 - --> END POST (606-byte body)
2020-03-24 16:07:50,726 - <-- 200 OK https://openapi.alipay.com/gateway.do (198ms)
2020-03-24 16:07:50,726 - Server: Tengine/2.1.0
2020-03-24 16:07:50,726 - Date: Tue, 24 Mar 2020 08:07:39 GMT
2020-03-24 16:07:50,726 - Content-Type: text/html;charset=GBK
2020-03-24 16:07:50,726 - Content-Length: 134
2020-03-24 16:07:50,726 - Connection: keep-alive
2020-03-24 16:07:50,726 - Set-Cookie: JSESSIONID=07E7565F105555F1410C5A83934BC657; Path=/; HttpOnly
2020-03-24 16:07:50,726 - Set-Cookie: spanner=xV5UNXQqNFQGwxXw1SxEIZeJLDH/XK4iXt2T4qEYgj0=;path=/;secure;
2020-03-24 16:07:50,726 - Via: spanner-internet-5177.gtj[200]
2020-03-24 16:07:50,726 - 
2020-03-24 16:07:50,726 - {"alipay_trade_query_response":{"code":"40002","msg":"Invalid Arguments","sub_code":"isv.invalid-app-id","sub_msg":"无效的AppID参数"}}
2020-03-24 16:07:50,726 - <-- END HTTP (134-byte body)
2020-03-24 16:07:53,930 - sign content: app_id=2016101800717551&biz_content={"out_trade_no":"","trade_no":"123456789100"}&charset=utf-8&method=alipay.trade.query&sign_type=RSA2&timestamp=2020-03-24 16:07:53&version=1.0
2020-03-24 16:07:53,948 - --> POST https://openapi.alipay.com/gateway.do
2020-03-24 16:07:53,948 - Content-Type: application/x-www-form-urlencoded
2020-03-24 16:07:53,948 - Content-Length: 598
2020-03-24 16:07:53,948 - 
2020-03-24 16:07:53,948 - charset=utf-8&app_auth_token=&biz_content=%7B%22out_trade_no%22%3A%22%22%2C%22trade_no%22%3A%22123456789100%22%7D&method=alipay.trade.query&sign=ILfBJ7JIZhdMeW7LltcIRHEreAfQUBAHRMYqSXtcXF0i3wtohBJwea%2FWPEibfqjM9n8eISX%2Fi4ZYHTAU7pUQ9SWE5yL5gdUckWg0GFi5p79NPXQGrDp8Bj2WW7fFYfojJcjheB8v8mut4GqyXRdUrxSSWZJ%2FY0pveTNHbKl3taTlilOSA3MnBC5h2zKf0m8GOXSsDd0Ywenqhnl%2FM7xrWxY7n8Lzkw%2BVmvP1D4v7sqPL1wHdT43eIhYkAEqacH8k7pPSu9BwRspEJOqWmoUlV9aB8PDpgEzw%2F%2F1g555NPODchMwZN6%2F%2BWXOtxTNPvl8lINrkQIQ152oGP07bib3ToQ%3D%3D&app_id=2016101800717551&sign_type=RSA2&version=1.0&timestamp=2020-03-24%2016%3A07%3A53
2020-03-24 16:07:53,948 - --> END POST (598-byte body)
2020-03-24 16:07:54,147 - <-- 200 OK https://openapi.alipay.com/gateway.do (198ms)
2020-03-24 16:07:54,148 - Server: Tengine/2.1.0
2020-03-24 16:07:54,148 - Date: Tue, 24 Mar 2020 08:07:43 GMT
2020-03-24 16:07:54,148 - Content-Type: text/html;charset=GBK
2020-03-24 16:07:54,148 - Content-Length: 134
2020-03-24 16:07:54,148 - Connection: keep-alive
2020-03-24 16:07:54,148 - Set-Cookie: JSESSIONID=4B68EAE16F1587EE14BF90CA96577A6C; Path=/; HttpOnly
2020-03-24 16:07:54,148 - Set-Cookie: spanner=vagIugzFOeAbHrsrmUt5WwSShS4Bjs1K4EJoL7C0n0A=;path=/;secure;
2020-03-24 16:07:54,148 - Via: spanner-internet-5886.gtj[200]
2020-03-24 16:07:54,148 - 
2020-03-24 16:07:54,148 - {"alipay_trade_query_response":{"code":"40002","msg":"Invalid Arguments","sub_code":"isv.invalid-app-id","sub_msg":"无效的AppID参数"}}
2020-03-24 16:07:54,148 - <-- END HTTP (134-byte body)
2020-03-24 16:10:22,475 - sign content: app_id=2016101800717551&biz_content={"out_trade_no":"","trade_no":"1234567891"}&charset=utf-8&method=alipay.trade.query&sign_type=RSA2&timestamp=2020-03-24 16:10:22&version=1.0
2020-03-24 16:10:22,493 - --> POST https://openapi.alipay.com/gateway.do
2020-03-24 16:10:22,493 - Content-Type: application/x-www-form-urlencoded
2020-03-24 16:10:22,493 - Content-Length: 594
2020-03-24 16:10:22,493 - 
2020-03-24 16:10:22,493 - charset=utf-8&app_auth_token=&biz_content=%7B%22out_trade_no%22%3A%22%22%2C%22trade_no%22%3A%221234567891%22%7D&method=alipay.trade.query&sign=M%2Fb2U0vC%2F8%2F3HW%2BSDmvB7TVogrISIbC1JbL1rrLXJ9heBze7VIrYbU%2BphgkeIDT17AW2oytOuMQqB6lI7Zc3cbidApIRbEDxvPGNCeOVvRoPstHdXjRtoxE0sAzSfyZNLGhSN3KxIEac3sP7Y%2BGKDAFHYQ3y5fliujfhEQy6sDPeaN3OGVkfKKcrFB26KjpfLjp6yst5vA4hUpRYS5t4550BzOCJw8Dry1VyXoWhM8rPV%2F1IKqClj6ZOWOhmhYv3KSM4Z38h7TuUpxA2QV3Aqhvnt37oDyfXGA3hMuo4dn3C8CE2ChtazvMczMGyLKczJY%2FNXgKXurqdJPYq9X3N1w%3D%3D&app_id=2016101800717551&sign_type=RSA2&version=1.0&timestamp=2020-03-24%2016%3A10%3A22
2020-03-24 16:10:22,494 - --> END POST (594-byte body)
2020-03-24 16:10:22,684 - <-- 200 OK https://openapi.alipay.com/gateway.do (189ms)
2020-03-24 16:10:22,684 - Server: Tengine/2.1.0
2020-03-24 16:10:22,684 - Date: Tue, 24 Mar 2020 08:10:11 GMT
2020-03-24 16:10:22,684 - Content-Type: text/html;charset=GBK
2020-03-24 16:10:22,684 - Content-Length: 134
2020-03-24 16:10:22,684 - Connection: keep-alive
2020-03-24 16:10:22,684 - Set-Cookie: JSESSIONID=527923BFC62E2CC9885A3BA249206DBA; Path=/; HttpOnly
2020-03-24 16:10:22,684 - Set-Cookie: spanner=awdpqurk5Nx/5wF9v6+LMt5B8+MMuNZy;path=/;secure;
2020-03-24 16:10:22,684 - Via: spanner-internet-5877.gtj[200]
2020-03-24 16:10:22,684 - 
2020-03-24 16:10:22,684 - {"alipay_trade_query_response":{"code":"40002","msg":"Invalid Arguments","sub_code":"isv.invalid-app-id","sub_msg":"无效的AppID参数"}}
2020-03-24 16:10:22,685 - <-- END HTTP (134-byte body)
2020-03-24 16:17:12,336 - sign content: app_id=2016101800717551&biz_content={"out_trade_no":"","trade_no":"123456789002"}&charset=utf-8&method=alipay.trade.query&sign_type=RSA2&timestamp=2020-03-24 16:17:12&version=1.0
2020-03-24 16:17:12,356 - --> POST https://openapi.alipay.com/gateway.do
2020-03-24 16:17:12,356 - Content-Type: application/x-www-form-urlencoded
2020-03-24 16:17:12,357 - Content-Length: 590
2020-03-24 16:17:12,357 - 
2020-03-24 16:17:12,357 - charset=utf-8&app_auth_token=&biz_content=%7B%22out_trade_no%22%3A%22%22%2C%22trade_no%22%3A%22123456789002%22%7D&method=alipay.trade.query&sign=Xtd19oghhbn2Zg58tHdv6l%2FNuF52yCNvPI9pYk9vsNMvRyCerZJ8%2FfmgSZ8CAmqkNmvIRxzvomoH7hI4fimxFexMlGw7fJHozrVsHRYjp5T8GcGSBBSFQeyLgpwr2DCN61JzjjN6kmkpyLq3LGhW34Wl9iW%2Fh6QSgEz0LZAOkeZd4782bCTWXCXJBaqye%2BWgnm80GFiNv0HdhfPGO6BMrJYXzWrcvzDrovXU5o7jjCrk6vCOkYz5xjPMrFc2WBWhb6A0RnCPUIyeOMjsPkZrV0KyYBEcDjUONQlGNWVK51Bno9ajWHlHAsqdO9TpAneeH52ej%2FW0IRpgg2SColjnqg%3D%3D&app_id=2016101800717551&sign_type=RSA2&version=1.0&timestamp=2020-03-24%2016%3A17%3A12
2020-03-24 16:17:12,357 - --> END POST (590-byte body)
2020-03-24 16:17:12,551 - <-- 200 OK https://openapi.alipay.com/gateway.do (194ms)
2020-03-24 16:17:12,551 - Server: Tengine/2.1.0
2020-03-24 16:17:12,551 - Date: Tue, 24 Mar 2020 08:17:01 GMT
2020-03-24 16:17:12,551 - Content-Type: text/html;charset=GBK
2020-03-24 16:17:12,551 - Content-Length: 134
2020-03-24 16:17:12,551 - Connection: keep-alive
2020-03-24 16:17:12,552 - Set-Cookie: JSESSIONID=BD46CC171936DBB9AB4AB84FF306A1D3; Path=/; HttpOnly
2020-03-24 16:17:12,552 - Set-Cookie: spanner=E73jfXwmKiSVb+bxqDov5QOXBh3tlD3n;path=/;secure;
2020-03-24 16:17:12,552 - Via: spanner-internet-5210.em14[200]
2020-03-24 16:17:12,552 - 
2020-03-24 16:17:12,552 - {"alipay_trade_query_response":{"code":"40002","msg":"Invalid Arguments","sub_code":"isv.invalid-app-id","sub_msg":"无效的AppID参数"}}
2020-03-24 16:17:12,552 - <-- END HTTP (134-byte body)
2020-03-24 16:17:41,585 - Starting PayApplication on Samphanie with PID 11924 (E:\IdeaProjects\pay\target\classes started by ZSY in E:\IdeaProjects\pay)
2020-03-24 16:17:41,587 - No active profile set, falling back to default profiles: default
2020-03-24 16:17:42,572 - Tomcat initialized with port(s): 8080 (http)
2020-03-24 16:17:42,579 - Initializing ProtocolHandler ["http-nio-8080"]
2020-03-24 16:17:42,580 - Starting service [Tomcat]
2020-03-24 16:17:42,580 - Starting Servlet engine: [Apache Tomcat/9.0.31]
2020-03-24 16:17:42,712 - Initializing Spring embedded WebApplicationContext
2020-03-24 16:17:42,712 - Root WebApplicationContext: initialization completed in 1030 ms
2020-03-24 16:17:44,517 - Initializing ExecutorService 'applicationTaskExecutor'
2020-03-24 16:17:44,744 - Starting ProtocolHandler ["http-nio-8080"]
2020-03-24 16:17:44,769 - Tomcat started on port(s): 8080 (http) with context path ''
2020-03-24 16:17:44,773 - Started PayApplication in 3.724 seconds (JVM running for 5.267)
2020-03-24 16:17:50,386 - Initializing Spring DispatcherServlet 'dispatcherServlet'
2020-03-24 16:17:50,387 - Initializing Servlet 'dispatcherServlet'
2020-03-24 16:17:50,393 - Completed initialization in 6 ms
2020-03-24 16:17:50,475 - HikariPool-1 - Starting...
2020-03-24 16:17:50,745 - HikariPool-1 - Start completed.
2020-03-24 16:17:51,728 - sign content: app_id=2016101800717551&biz_content={"out_trade_no":"123456789002","total_amount":"0.01","subject":"微信点餐订单","product_code":"FAST_INSTANT_TRADE_PAY"}&charset=utf-8&method=alipay.trade.page.pay&notify_url=http://samphanie.natapp1.cc/pay/notify&return_url=http://www.lanbojy.com&sign_type=RSA2&timestamp=2020-03-24 16:17:51&version=1.0
2020-03-24 16:17:51,752 - 【发起支付】 payResponse=PayResponse(prePayParams=null, payUri=null, appId=null, timeStamp=null, nonceStr=null, packAge=null, signType=null, paySign=null, orderAmount=null, orderId=null, outTradeNo=null, mwebUrl=null, body=<form id='bestPayForm' name="punchout_form" method="post" action="https://openapi.alipaydev.com//gateway.do?charset=utf-8&method=alipay.trade.page.pay&sign=QrsDiZ%2F8IIw654o2ZDrh3L2jCoJpVjlq2uU3%2B5tVFWgXeSbtvvVZkmRXsUnbO1BTNWrh1gadiPJRPyx0LXmb4PcHF%2B%2BHRnItI5O3LiCTHjovMuqmiQs310PRFfMusOIEPEnSSSCvLrTB9pu%2FdVe66TfOEqkqsnxVESAPOu%2Fau3xOnj53Xui%2FRP1osmVYflAJjaBUsplQ%2FzMr0mNLBtWoYDce4rI4zNhv8ggV6viwAggAFdJuRMU5U5iw3%2FiEvCOqtOHovHorcFu%2FR%2FA8RmNSpinmyW1we9WcJh9oeTun8LiHBjKKGuKLO8zPxQrOdU%2FHKYqFgu3mOsCU0k3%2FPqen6A%3D%3D&return_url=http%3A%2F%2Fwww.lanbojy.com&notify_url=http%3A%2F%2Fsamphanie.natapp1.cc%2Fpay%2Fnotify&app_id=2016101800717551&sign_type=RSA2&version=1.0&timestamp=2020-03-24+16%3A17%3A51">
<input type="hidden" name="biz_content" value="{&quot;out_trade_no&quot;:&quot;123456789002&quot;,&quot;total_amount&quot;:&quot;0.01&quot;,&quot;subject&quot;:&quot;微信点餐订单&quot;,&quot;product_code&quot;:&quot;FAST_INSTANT_TRADE_PAY&quot;}">
<input type="submit" value="立即支付" style="display:none" >
</form>
<script>document.getElementById('bestPayForm').submit();</script>, codeUrl=null, attach=null, payPlatformEnum=null, prepayId=null)
2020-03-24 16:18:03,447 - sign content: app_id=2016101800717551&biz_content={"out_trade_no":"1234567891","total_amount":"0.01","subject":"微信点餐订单","product_code":"FAST_INSTANT_TRADE_PAY"}&charset=utf-8&method=alipay.trade.page.pay&notify_url=http://samphanie.natapp1.cc/pay/notify&return_url=http://www.lanbojy.com&sign_type=RSA2&timestamp=2020-03-24 16:18:03&version=1.0
2020-03-24 16:18:03,465 - 【发起支付】 payResponse=PayResponse(prePayParams=null, payUri=null, appId=null, timeStamp=null, nonceStr=null, packAge=null, signType=null, paySign=null, orderAmount=null, orderId=null, outTradeNo=null, mwebUrl=null, body=<form id='bestPayForm' name="punchout_form" method="post" action="https://openapi.alipaydev.com//gateway.do?charset=utf-8&method=alipay.trade.page.pay&sign=KLAiK1jSGLqo4LJFkxgFaHhox%2B8IU6kUncX9Y%2Fgs6KivroIH46RzSTMUvpCX00ZSnQbslfIipHU%2FIe%2FH87J6HH272dDQ%2FntJ3PTYOhQi3Yo6LpG%2BcH039gXXNA8FDPROM65Jm08zQZKNnacGsuajETHh6CUrg%2BqDpfCihZaJvCHPFrWiwpTMNTHBkfhOGiDNz6RprWD%2BnTTBgbTqeTzm9zWKB%2F9I%2FcpN2pnwLvqs30gZius6GX7gq60vhEts0qFvFlqcDWmxUua6q3tFYr9Mumi9UKrTwtCBB55QHErK%2BKPCVo5V3hpmTy5XsjNv4x79SBdIRuw5D59ALGp3Wb7KfQ%3D%3D&return_url=http%3A%2F%2Fwww.lanbojy.com&notify_url=http%3A%2F%2Fsamphanie.natapp1.cc%2Fpay%2Fnotify&app_id=2016101800717551&sign_type=RSA2&version=1.0&timestamp=2020-03-24+16%3A18%3A03">
<input type="hidden" name="biz_content" value="{&quot;out_trade_no&quot;:&quot;1234567891&quot;,&quot;total_amount&quot;:&quot;0.01&quot;,&quot;subject&quot;:&quot;微信点餐订单&quot;,&quot;product_code&quot;:&quot;FAST_INSTANT_TRADE_PAY&quot;}">
<input type="submit" value="立即支付" style="display:none" >
</form>
<script>document.getElementById('bestPayForm').submit();</script>, codeUrl=null, attach=null, payPlatformEnum=null, prepayId=null)
2020-03-24 16:18:09,844 - sign content: app_id=2016101800717551&biz_content={"out_trade_no":"123456789100","total_amount":"0.01","subject":"微信点餐订单","product_code":"FAST_INSTANT_TRADE_PAY"}&charset=utf-8&method=alipay.trade.page.pay&notify_url=http://samphanie.natapp1.cc/pay/notify&return_url=http://www.lanbojy.com&sign_type=RSA2&timestamp=2020-03-24 16:18:09&version=1.0
2020-03-24 16:18:09,869 - 【发起支付】 payResponse=PayResponse(prePayParams=null, payUri=null, appId=null, timeStamp=null, nonceStr=null, packAge=null, signType=null, paySign=null, orderAmount=null, orderId=null, outTradeNo=null, mwebUrl=null, body=<form id='bestPayForm' name="punchout_form" method="post" action="https://openapi.alipaydev.com//gateway.do?charset=utf-8&method=alipay.trade.page.pay&sign=Sn7rTn%2FxzlcEuqOr2zWQ6KNTiMUvZArcMGuocGWU4I%2FtB6ikmvpoX8GIzjoDSc9bG899W6gAj7FXCqMFgRB%2BJwpVsynkOrfTrVpOe7GsKJU%2B8w5QnebUXCtGsYA42L54E9vQu85iSumKvIPasalBYbvnui9wMxAdGryWxjdqRIR3Wu9AWYUo6d4NjB3jamgVFkgPvGQSGNZ3dtIPS1KfuyPpEZSgyb6s73Vn1fV%2FdEuOnTknMcleInwZ0z2lICGdRQ7LLPoWvgvVsfY7Kv07ZN4s%2FPFUTsK3CVlWcuTXsVS0CY2QeafAtW6qs01hCO1JJLcmUjAqql5dkZS0FOyldw%3D%3D&return_url=http%3A%2F%2Fwww.lanbojy.com&notify_url=http%3A%2F%2Fsamphanie.natapp1.cc%2Fpay%2Fnotify&app_id=2016101800717551&sign_type=RSA2&version=1.0&timestamp=2020-03-24+16%3A18%3A09">
<input type="hidden" name="biz_content" value="{&quot;out_trade_no&quot;:&quot;123456789100&quot;,&quot;total_amount&quot;:&quot;0.01&quot;,&quot;subject&quot;:&quot;微信点餐订单&quot;,&quot;product_code&quot;:&quot;FAST_INSTANT_TRADE_PAY&quot;}">
<input type="submit" value="立即支付" style="display:none" >
</form>
<script>document.getElementById('bestPayForm').submit();</script>, codeUrl=null, attach=null, payPlatformEnum=null, prepayId=null)
2020-03-24 16:18:39,837 - sign content: app_id=2016101800717551&biz_content={"out_trade_no":"12345678912","total_amount":"0.01","subject":"微信点餐订单","product_code":"FAST_INSTANT_TRADE_PAY"}&charset=utf-8&method=alipay.trade.page.pay&notify_url=http://samphanie.natapp1.cc/pay/notify&return_url=http://www.lanbojy.com&sign_type=RSA2&timestamp=2020-03-24 16:18:39&version=1.0
2020-03-24 16:18:39,856 - 【发起支付】 payResponse=PayResponse(prePayParams=null, payUri=null, appId=null, timeStamp=null, nonceStr=null, packAge=null, signType=null, paySign=null, orderAmount=null, orderId=null, outTradeNo=null, mwebUrl=null, body=<form id='bestPayForm' name="punchout_form" method="post" action="https://openapi.alipaydev.com//gateway.do?charset=utf-8&method=alipay.trade.page.pay&sign=ndmwQXX2hDbgypF6AiYdn%2BtSPdYMMAhds%2BkcQqg0X6s2s00lMISvix%2FmeslC1Xz1%2FRXy5%2FHsCdChWhm5aErrwnll1KQqAt0fbyPNMRcj4JXOvjn9G1u42vb8%2FuX6s%2FpZ3qvgw%2FQYILYiOP0ngT%2B4ZkoQBmFKtB31C0hSiT0%2BRdpwEZHCooOqbPkTHgqboDxvqn%2BwO739KmYKgdfSgmVYbelYoquh510sRda8TPMsAOC%2FMfx1WjRNhDY68w53U9m8kxMSt2N11Wtvae%2BSMIR%2BghmWwsX9zqrsC2hhiiwZkqVncIf8nfVQU70tR17MwOW2tNDOG33I3wn6JaOfyjbPYw%3D%3D&return_url=http%3A%2F%2Fwww.lanbojy.com&notify_url=http%3A%2F%2Fsamphanie.natapp1.cc%2Fpay%2Fnotify&app_id=2016101800717551&sign_type=RSA2&version=1.0&timestamp=2020-03-24+16%3A18%3A39">
<input type="hidden" name="biz_content" value="{&quot;out_trade_no&quot;:&quot;12345678912&quot;,&quot;total_amount&quot;:&quot;0.01&quot;,&quot;subject&quot;:&quot;微信点餐订单&quot;,&quot;product_code&quot;:&quot;FAST_INSTANT_TRADE_PAY&quot;}">
<input type="submit" value="立即支付" style="display:none" >
</form>
<script>document.getElementById('bestPayForm').submit();</script>, codeUrl=null, attach=null, payPlatformEnum=null, prepayId=null)
2020-03-24 16:19:35,226 - Starting PayApplication on Samphanie with PID 4704 (E:\IdeaProjects\pay\target\classes started by ZSY in E:\IdeaProjects\pay)
2020-03-24 16:19:35,229 - No active profile set, falling back to default profiles: default
2020-03-24 16:19:36,247 - Tomcat initialized with port(s): 8080 (http)
2020-03-24 16:19:36,254 - Initializing ProtocolHandler ["http-nio-8080"]
2020-03-24 16:19:36,255 - Starting service [Tomcat]
2020-03-24 16:19:36,255 - Starting Servlet engine: [Apache Tomcat/9.0.31]
2020-03-24 16:19:36,387 - Initializing Spring embedded WebApplicationContext
2020-03-24 16:19:36,388 - Root WebApplicationContext: initialization completed in 1062 ms
2020-03-24 16:19:38,186 - Initializing ExecutorService 'applicationTaskExecutor'
2020-03-24 16:19:38,418 - Starting ProtocolHandler ["http-nio-8080"]
2020-03-24 16:19:38,440 - Tomcat started on port(s): 8080 (http) with context path ''
2020-03-24 16:19:38,443 - Started PayApplication in 3.775 seconds (JVM running for 5.324)
2020-03-24 16:20:32,199 - Initializing Spring DispatcherServlet 'dispatcherServlet'
2020-03-24 16:20:32,200 - Initializing Servlet 'dispatcherServlet'
2020-03-24 16:20:32,207 - Completed initialization in 7 ms
2020-03-24 16:20:32,275 - HikariPool-1 - Starting...
2020-03-24 16:20:32,419 - HikariPool-1 - Start completed.
2020-03-24 16:20:40,703 - sign content: app_id=2016101800717551&biz_content={"out_trade_no":"123456789101","total_amount":"0.01","subject":"微信点餐订单","product_code":"FAST_INSTANT_TRADE_PAY"}&charset=utf-8&method=alipay.trade.page.pay&notify_url=http://samphanie.natapp1.cc/pay/notify&return_url=http://www.lanbojy.com&sign_type=RSA2&timestamp=2020-03-24 16:20:40&version=1.0
2020-03-24 16:20:40,727 - 【发起支付】 payResponse=PayResponse(prePayParams=null, payUri=null, appId=null, timeStamp=null, nonceStr=null, packAge=null, signType=null, paySign=null, orderAmount=null, orderId=null, outTradeNo=null, mwebUrl=null, body=<form id='bestPayForm' name="punchout_form" method="post" action="https://openapi.alipaydev.com//gateway.do?charset=utf-8&method=alipay.trade.page.pay&sign=prBQWFEr4aj8bfVIKsrR61O9Z%2Bq0aZ2UEIE%2B0JYT3g0sSun1rSU%2F4xckQ82ZRcAWbYRH%2FevYicboxh3DWTfMJDDi%2F64YSSIhtNZ%2BneGq2qOWu4P0JgnTheojfWpOLcE4vBWZ6cUjUHDH%2FCnUEx1Hr1%2FZCVNhFKVKxpm%2FZXCEtHlEkMrw9B%2BYI9zg7vMjPTt5bfMX0CpK146ic87r5hKGCWTnnoPrNYoBORvw%2FpmppvW1Jl1ph6vPmREwXnO3TEP%2BF2iMis728Phqw90bFx7%2BJIDrpS06falklIvSnF4lHxsraJqqyjOq3kzUiA4tkvANIxwOhGEeWfKQajV7RBrqtQ%3D%3D&return_url=http%3A%2F%2Fwww.lanbojy.com&notify_url=http%3A%2F%2Fsamphanie.natapp1.cc%2Fpay%2Fnotify&app_id=2016101800717551&sign_type=RSA2&version=1.0&timestamp=2020-03-24+16%3A20%3A40">
<input type="hidden" name="biz_content" value="{&quot;out_trade_no&quot;:&quot;123456789101&quot;,&quot;total_amount&quot;:&quot;0.01&quot;,&quot;subject&quot;:&quot;微信点餐订单&quot;,&quot;product_code&quot;:&quot;FAST_INSTANT_TRADE_PAY&quot;}">
<input type="submit" value="立即支付" style="display:none" >
</form>
<script>document.getElementById('bestPayForm').submit();</script>, codeUrl=null, attach=null, payPlatformEnum=null, prepayId=null)
2020-03-24 16:34:50,789 - Starting PayApplication on Samphanie with PID 11176 (E:\IdeaProjects\pay\target\classes started by ZSY in E:\IdeaProjects\pay)
2020-03-24 16:34:50,791 - No active profile set, falling back to default profiles: default
2020-03-24 16:34:51,845 - Tomcat initialized with port(s): 8080 (http)
2020-03-24 16:34:51,852 - Initializing ProtocolHandler ["http-nio-8080"]
2020-03-24 16:34:51,853 - Starting service [Tomcat]
2020-03-24 16:34:51,853 - Starting Servlet engine: [Apache Tomcat/9.0.31]
2020-03-24 16:34:51,990 - Initializing Spring embedded WebApplicationContext
2020-03-24 16:34:51,991 - Root WebApplicationContext: initialization completed in 1112 ms
2020-03-24 16:34:53,888 - Initializing ExecutorService 'applicationTaskExecutor'
2020-03-24 16:34:54,138 - Starting ProtocolHandler ["http-nio-8080"]
2020-03-24 16:34:54,159 - Tomcat started on port(s): 8080 (http) with context path ''
2020-03-24 16:34:54,162 - Started PayApplication in 3.949 seconds (JVM running for 5.535)
2020-03-24 16:34:59,671 - Initializing Spring DispatcherServlet 'dispatcherServlet'
2020-03-24 16:34:59,671 - Initializing Servlet 'dispatcherServlet'
2020-03-24 16:34:59,676 - Completed initialization in 5 ms
2020-03-24 16:34:59,790 - HikariPool-1 - Starting...
2020-03-24 16:34:59,937 - HikariPool-1 - Start completed.
2020-03-24 16:35:00,902 - sign content: app_id=2016101800717551&biz_content={"out_trade_no":"","trade_no":"123456789100"}&charset=utf-8&method=alipay.trade.query&sign_type=RSA2&timestamp=2020-03-24 16:35:00&version=1.0
2020-03-24 16:35:00,947 - --> POST https://openapi.alipay.com/gateway.do
2020-03-24 16:35:00,947 - Content-Type: application/x-www-form-urlencoded
2020-03-24 16:35:00,948 - Content-Length: 606
2020-03-24 16:35:00,948 - 
2020-03-24 16:35:00,948 - charset=utf-8&app_auth_token=&biz_content=%7B%22out_trade_no%22%3A%22%22%2C%22trade_no%22%3A%22123456789100%22%7D&method=alipay.trade.query&sign=Cts5k7h0dHoOoDKo8XuAweqtzNFIAXxBRFjeHu%2BkQZtl5aS1cn6SsQ1BZcu6SScgjYxav0a5nTh%2FZ6eOMWDT5VpEH4HH8ZliS1%2B5m1V9dQ0kg%2BONanBkwoS2PZrw406v2%2BUzNjlYyIxaGVqOs1FfQBLN%2B%2Byo%2BqGyxLSF6ovxsKtLpmmF8GPWkXiKnthks8%2FJ5i9M8R7BL15rXsUzBwt8VF074%2FFHeezj1m2J3ETOLy9UyIjR3jYstTtC8PbQN%2FCoGXZcczjuPP0o775SMQQiuTRqg%2FP3zvmHJdICFfL6crlJ4EkolL1Yg8hAZHERoMo%2FWEmEXBOh6T4EYGhVS0KfXQ%3D%3D&app_id=2016101800717551&sign_type=RSA2&version=1.0&timestamp=2020-03-24%2016%3A35%3A00
2020-03-24 16:35:00,948 - --> END POST (606-byte body)
2020-03-24 16:35:01,179 - <-- 200 OK https://openapi.alipay.com/gateway.do (231ms)
2020-03-24 16:35:01,179 - Server: Tengine/2.1.0
2020-03-24 16:35:01,179 - Date: Tue, 24 Mar 2020 08:34:50 GMT
2020-03-24 16:35:01,179 - Content-Type: text/html;charset=GBK
2020-03-24 16:35:01,179 - Content-Length: 134
2020-03-24 16:35:01,179 - Connection: keep-alive
2020-03-24 16:35:01,179 - Set-Cookie: JSESSIONID=0E5A22C3C7A20F2033D35F0D70A6247E; Path=/; HttpOnly
2020-03-24 16:35:01,179 - Set-Cookie: spanner=rkG7OTeC0mgGwxXw1SxEIXofgBogIRsS4EJoL7C0n0A=;path=/;secure;
2020-03-24 16:35:01,179 - Via: spanner-internet-5353.et15[200]
2020-03-24 16:35:01,180 - 
2020-03-24 16:35:01,180 - {"alipay_trade_query_response":{"code":"40002","msg":"Invalid Arguments","sub_code":"isv.invalid-app-id","sub_msg":"无效的AppID参数"}}
2020-03-24 16:35:01,180 - <-- END HTTP (134-byte body)
2020-03-24 16:35:08,325 - sign content: app_id=2016101800717551&biz_content={"out_trade_no":"","trade_no":"12345678944"}&charset=utf-8&method=alipay.trade.query&sign_type=RSA2&timestamp=2020-03-24 16:35:08&version=1.0
2020-03-24 16:35:08,346 - --> POST https://openapi.alipay.com/gateway.do
2020-03-24 16:35:08,347 - Content-Type: application/x-www-form-urlencoded
2020-03-24 16:35:08,347 - Content-Length: 597
2020-03-24 16:35:08,347 - 
2020-03-24 16:35:08,347 - charset=utf-8&app_auth_token=&biz_content=%7B%22out_trade_no%22%3A%22%22%2C%22trade_no%22%3A%2212345678944%22%7D&method=alipay.trade.query&sign=KQo02YrpTmi5oTFKiKE0yrrYJFfYiUuCwN3N3KFZtkscuDEA%2FaHzHXwAQxpzJ0%2BbmIyJnp7qxxZsECcTJ7Xu0yTplGh77DVf96O5TKHvkRiEmauKaVAgMhoQWac9pwQZmCEtOqE8wxnFr%2BRzXYtvEMB5AwPVct3K8E5lLmuz9gV99VvLTTrgyT3sRVjvM%2FGngFrLQCjrEmmdYQKuaH3Ey%2FHmsaW7YvCihqvvbSFzKOmTe%2FR5dPe3hK%2FxLJnokIDpLYYOcNYF0TPyelaDM30zhHSnhLz30C7G89pNs4PriGKAMwNm%2FDND2Cw1aMWpSDoM5gT8Q1ZGrU1ULhm%2FUUbOYA%3D%3D&app_id=2016101800717551&sign_type=RSA2&version=1.0&timestamp=2020-03-24%2016%3A35%3A08
2020-03-24 16:35:08,347 - --> END POST (597-byte body)
2020-03-24 16:35:08,603 - <-- 200 OK https://openapi.alipay.com/gateway.do (254ms)
2020-03-24 16:35:08,603 - Server: Tengine/2.1.0
2020-03-24 16:35:08,603 - Date: Tue, 24 Mar 2020 08:34:57 GMT
2020-03-24 16:35:08,603 - Content-Type: text/html;charset=GBK
2020-03-24 16:35:08,603 - Content-Length: 134
2020-03-24 16:35:08,603 - Connection: keep-alive
2020-03-24 16:35:08,603 - Set-Cookie: JSESSIONID=06C4E635CDEA16ABB5C9C1BF6E23778D; Path=/; HttpOnly
2020-03-24 16:35:08,603 - Set-Cookie: spanner=916sbYrAGOU/BfXNxYb1a/lpkOlguvEK;path=/;secure;
2020-03-24 16:35:08,603 - Via: spanner-internet-5337.et15[200]
2020-03-24 16:35:08,603 - 
2020-03-24 16:35:08,603 - {"alipay_trade_query_response":{"code":"40002","msg":"Invalid Arguments","sub_code":"isv.invalid-app-id","sub_msg":"无效的AppID参数"}}
2020-03-24 16:35:08,603 - <-- END HTTP (134-byte body)
2020-03-24 16:35:33,917 - Starting PayApplication on Samphanie with PID 5064 (E:\IdeaProjects\pay\target\classes started by ZSY in E:\IdeaProjects\pay)
2020-03-24 16:35:33,919 - No active profile set, falling back to default profiles: default
2020-03-24 16:35:35,066 - Tomcat initialized with port(s): 8080 (http)
2020-03-24 16:35:35,074 - Initializing ProtocolHandler ["http-nio-8080"]
2020-03-24 16:35:35,074 - Starting service [Tomcat]
2020-03-24 16:35:35,074 - Starting Servlet engine: [Apache Tomcat/9.0.31]
2020-03-24 16:35:35,218 - Initializing Spring embedded WebApplicationContext
2020-03-24 16:35:35,218 - Root WebApplicationContext: initialization completed in 1208 ms
2020-03-24 16:35:37,171 - Initializing ExecutorService 'applicationTaskExecutor'
2020-03-24 16:35:37,450 - Starting ProtocolHandler ["http-nio-8080"]
2020-03-24 16:35:37,471 - Tomcat started on port(s): 8080 (http) with context path ''
2020-03-24 16:35:37,474 - Started PayApplication in 4.123 seconds (JVM running for 5.703)
2020-03-24 16:35:40,610 - Initializing Spring DispatcherServlet 'dispatcherServlet'
2020-03-24 16:35:40,610 - Initializing Servlet 'dispatcherServlet'
2020-03-24 16:35:40,615 - Completed initialization in 5 ms
2020-03-24 16:35:40,711 - HikariPool-1 - Starting...
2020-03-24 16:35:40,856 - HikariPool-1 - Start completed.
2020-03-24 16:35:41,837 - sign content: app_id=2016101800717551&biz_content={"out_trade_no":"12345678944","total_amount":"0.01","subject":"微信点餐订单","product_code":"FAST_INSTANT_TRADE_PAY"}&charset=utf-8&method=alipay.trade.page.pay&notify_url=http://samphanie.natapp1.cc/pay/notify&return_url=http://www.lanbojy.com&sign_type=RSA2&timestamp=2020-03-24 16:35:41&version=1.0
2020-03-24 16:35:41,861 - 【发起支付】 payResponse=PayResponse(prePayParams=null, payUri=null, appId=null, timeStamp=null, nonceStr=null, packAge=null, signType=null, paySign=null, orderAmount=null, orderId=null, outTradeNo=null, mwebUrl=null, body=<form id='bestPayForm' name="punchout_form" method="post" action="https://openapi.alipaydev.com//gateway.do?charset=utf-8&method=alipay.trade.page.pay&sign=fyMhiH50%2BdmSsHWcxr8DyxRVppXaR%2B7I8CCiHA0Xmsr6l8H0FMvEltsXuMu7OXy2HVxNMAAjbotPm9i1Ikrd2eE6aQxu2qfXElClnJ2DcVlZ%2B1VAi5SivX9rjD4pXCtpMv9GRcEM%2FIzEu7l5bVh4C2JLw46%2B0XpyHV1Uf145UOVKia%2B0cBWmu%2F37UvcNaIbYXdmlxiIrwkdJl90aqzTMy%2BKq8PBUQTZN8P8ZS30M3DJKgrVKDQoJq3TC2WF11TRX4t5A%2BO1tFmdit%2BNUbdveA8CK5Hni1VXYkVFyROboER7hSlHdMuBdNDYIu%2BV52ii7yVPaTDoKq2H7ZJ5Jp74eUQ%3D%3D&return_url=http%3A%2F%2Fwww.lanbojy.com&notify_url=http%3A%2F%2Fsamphanie.natapp1.cc%2Fpay%2Fnotify&app_id=2016101800717551&sign_type=RSA2&version=1.0&timestamp=2020-03-24+16%3A35%3A41">
<input type="hidden" name="biz_content" value="{&quot;out_trade_no&quot;:&quot;12345678944&quot;,&quot;total_amount&quot;:&quot;0.01&quot;,&quot;subject&quot;:&quot;微信点餐订单&quot;,&quot;product_code&quot;:&quot;FAST_INSTANT_TRADE_PAY&quot;}">
<input type="submit" value="立即支付" style="display:none" >
</form>
<script>document.getElementById('bestPayForm').submit();</script>, codeUrl=null, attach=null, payPlatformEnum=null, prepayId=null)
2020-03-24 16:38:11,189 - sign content: app_id=2016101800717551&biz_content={"out_trade_no":"12345678944","total_amount":"0.01","subject":"微信点餐订单","product_code":"FAST_INSTANT_TRADE_PAY"}&charset=utf-8&method=alipay.trade.page.pay&notify_url=http://samphanie.natapp1.cc/pay/notify&return_url=http://www.lanbojy.com&sign_type=RSA2&timestamp=2020-03-24 16:38:11&version=1.0
2020-03-24 16:38:11,208 - 【发起支付】 payResponse=PayResponse(prePayParams=null, payUri=null, appId=null, timeStamp=null, nonceStr=null, packAge=null, signType=null, paySign=null, orderAmount=null, orderId=null, outTradeNo=null, mwebUrl=null, body=<form id='bestPayForm' name="punchout_form" method="post" action="https://openapi.alipaydev.com//gateway.do?charset=utf-8&method=alipay.trade.page.pay&sign=oqX7lBVUlpOLRHrzdBweZ%2F8%2FbtC%2Flol%2FmPUhineukygpIK5zSghkEBjpYwwym8PY3o8%2BOvVQ%2F%2BsfgVltpMFsw7vIt9Px1YYnDnDug08XevEeJNMh1rdSVOELhcfkIDsgTaE1NcgA0CzVxBIleHLKUCp07t2Tlt9pHLEiIEAmGD%2FOQOZEsFQDiCsbCSH9kGN%2F4m8vsrPsaWguh942I%2BljNCq5%2FtH84MJ1MJcw2i5jUpKcxRWUQM5wfYLcEY19lLr%2FwL8t3S0gdNQGPg9V5N7fofYEGfc7dEi7Fsj1KImaX3PC5y2p%2Blkm8gGWjdA48b2zgeP8PO8emGbdTyGQ76QNGw%3D%3D&return_url=http%3A%2F%2Fwww.lanbojy.com&notify_url=http%3A%2F%2Fsamphanie.natapp1.cc%2Fpay%2Fnotify&app_id=2016101800717551&sign_type=RSA2&version=1.0&timestamp=2020-03-24+16%3A38%3A11">
<input type="hidden" name="biz_content" value="{&quot;out_trade_no&quot;:&quot;12345678944&quot;,&quot;total_amount&quot;:&quot;0.01&quot;,&quot;subject&quot;:&quot;微信点餐订单&quot;,&quot;product_code&quot;:&quot;FAST_INSTANT_TRADE_PAY&quot;}">
<input type="submit" value="立即支付" style="display:none" >
</form>
<script>document.getElementById('bestPayForm').submit();</script>, codeUrl=null, attach=null, payPlatformEnum=null, prepayId=null)
2020-03-24 16:38:58,844 - 【异步通知】支付平台的数据request=gmt_create=2020-03-24+16%3A36%3A31&charset=utf-8&gmt_payment=2020-03-24+16%3A38%3A46&notify_time=2020-03-24+16%3A38%3A47&subject=%E5%BE%AE%E4%BF%A1%E7%82%B9%E9%A4%90%E8%AE%A2%E5%8D%95&sign=R5vV3%2FBZ0HxRQN40P30mUG2yhZDfV2GEO6QLmwDvO9GqkrUhG87dKRKsAmACA7KzIaGmRJp7zc7dVVZ6%2Fu%2Fz31sStMExJGdXIGBHeBXaZit9OMwrwAD56%2B%2FmGuQp4FG7SxHEZ1wPXICmbmkj6ti0ueJr1QUvwFp3jlZBPWLhq01gMpgM%2B%2FYYo%2B%2FqpJDY%2F0fJ6vXIwHq4shjk0hWWVQRdVorHJJTkjPccRkbSvItcyT2MfCNHE53gCANmCcuCW9XcN30SZmf4wDEjIZfqCwkQc6kLU%2FDPvMS3EDf68%2B48t8HENr9u6ttRosIbaqGJQs4LUQ0aGAlADpziX4hwUcVvhw%3D%3D&buyer_id=2088102180583851&invoice_amount=0.01&version=1.0&notify_id=2020032400222163847083850505047881&fund_bill_list=%5B%7B%22amount%22%3A%220.01%22%2C%22fundChannel%22%3A%22ALIPAYACCOUNT%22%7D%5D&notify_type=trade_status_sync&out_trade_no=12345678944&total_amount=0.01&trade_status=TRADE_SUCCESS&trade_no=2020032422001483850500835679&auth_app_id=2016101800717551&receipt_amount=0.01&point_amount=0.00&app_id=2016101800717551&buyer_pay_amount=0.01&sign_type=RSA2&seller_id=2088102180172158
2020-03-24 16:39:25,451 - sign content: app_id=2016101800717551&biz_content={"out_trade_no":"123456789100","total_amount":"0.01","subject":"微信点餐订单","product_code":"FAST_INSTANT_TRADE_PAY"}&charset=utf-8&method=alipay.trade.page.pay&notify_url=http://samphanie.natapp1.cc/pay/notify&return_url=http://www.lanbojy.com&sign_type=RSA2&timestamp=2020-03-24 16:39:25&version=1.0
2020-03-24 16:39:25,467 - 【发起支付】 payResponse=PayResponse(prePayParams=null, payUri=null, appId=null, timeStamp=null, nonceStr=null, packAge=null, signType=null, paySign=null, orderAmount=null, orderId=null, outTradeNo=null, mwebUrl=null, body=<form id='bestPayForm' name="punchout_form" method="post" action="https://openapi.alipaydev.com//gateway.do?charset=utf-8&method=alipay.trade.page.pay&sign=WCMKTIsBxY2BEPAEI68Eu4ETewZFufVnuI6rcXU6F%2BnuuVos7t1mwRDnmEBmYLeE%2B8Q7IVTdjrmZJ8SCwKMz%2BfHmK0st9KPhTWXoGQswovjVttz04oTs9p783eD4SQxp4WVmn9vhAdnmkI%2FaMpnOKRoo1Hoai2SO4lo0DOwFOsYK8kA5ZphrspPJPt%2FYYg1Yr%2B0BhxSwwll5n9C9TqqzqzLGqU9P2u1xR94w47o4TQ%2FCjp1Yk3kiYegzNHyBICMFqbwGa0eFTouR%2F%2Fh4vBRcKq2oTcuONoChgxhDlnr57RbytwJJbhEP3ZW4jqA0EhMTLVBTL7Qn9gFG4Jc6NmtjQw%3D%3D&return_url=http%3A%2F%2Fwww.lanbojy.com&notify_url=http%3A%2F%2Fsamphanie.natapp1.cc%2Fpay%2Fnotify&app_id=2016101800717551&sign_type=RSA2&version=1.0&timestamp=2020-03-24+16%3A39%3A25">
<input type="hidden" name="biz_content" value="{&quot;out_trade_no&quot;:&quot;123456789100&quot;,&quot;total_amount&quot;:&quot;0.01&quot;,&quot;subject&quot;:&quot;微信点餐订单&quot;,&quot;product_code&quot;:&quot;FAST_INSTANT_TRADE_PAY&quot;}">
<input type="submit" value="立即支付" style="display:none" >
</form>
<script>document.getElementById('bestPayForm').submit();</script>, codeUrl=null, attach=null, payPlatformEnum=null, prepayId=null)
2020-03-24 16:39:52,171 - sign content: app_id=2016101800717551&biz_content={"out_trade_no":"123456789111","total_amount":"0.01","subject":"微信点餐订单","product_code":"FAST_INSTANT_TRADE_PAY"}&charset=utf-8&method=alipay.trade.page.pay&notify_url=http://samphanie.natapp1.cc/pay/notify&return_url=http://www.lanbojy.com&sign_type=RSA2&timestamp=2020-03-24 16:39:52&version=1.0
2020-03-24 16:39:52,190 - 【发起支付】 payResponse=PayResponse(prePayParams=null, payUri=null, appId=null, timeStamp=null, nonceStr=null, packAge=null, signType=null, paySign=null, orderAmount=null, orderId=null, outTradeNo=null, mwebUrl=null, body=<form id='bestPayForm' name="punchout_form" method="post" action="https://openapi.alipaydev.com//gateway.do?charset=utf-8&method=alipay.trade.page.pay&sign=jqKacLWn5SodNkSJN7h%2BnCW0asj7cz969loMSMU%2FfLu5pnRVc%2BIazIOMjhqkRzYLvepoyaAWlvyv38ef9alvdgu48s5G5rFtR3EmG%2B2yER9R3Oq0umq5KiSzskx2kNYajkvEmndZqy2Tj3enqfNOAdrsncZ25xFa08KaKPTn7DAaW3FzS9yn5HeyoOemC1bbS%2F27HawktKurP2Ft5VxjOeHfACUU%2Fl1xH8H260ee2tecHB%2Bk7WqMexhYYP2z4lAM%2FA1O5O15d%2BrZzvrKcbf1dHwUXIdTw6tVkumG5b5i2mpKI3xbFZ4twBWZ3KOhA9BHdMl5Kk8gh6SqC6113lkxKQ%3D%3D&return_url=http%3A%2F%2Fwww.lanbojy.com&notify_url=http%3A%2F%2Fsamphanie.natapp1.cc%2Fpay%2Fnotify&app_id=2016101800717551&sign_type=RSA2&version=1.0&timestamp=2020-03-24+16%3A39%3A52">
<input type="hidden" name="biz_content" value="{&quot;out_trade_no&quot;:&quot;123456789111&quot;,&quot;total_amount&quot;:&quot;0.01&quot;,&quot;subject&quot;:&quot;微信点餐订单&quot;,&quot;product_code&quot;:&quot;FAST_INSTANT_TRADE_PAY&quot;}">
<input type="submit" value="立即支付" style="display:none" >
</form>
<script>document.getElementById('bestPayForm').submit();</script>, codeUrl=null, attach=null, payPlatformEnum=null, prepayId=null)
2020-03-24 16:40:13,683 - sign content: app_id=2016101800717551&biz_content={"out_trade_no":"123456789111","total_amount":"0.01","subject":"微信点餐订单","product_code":"FAST_INSTANT_TRADE_PAY"}&charset=utf-8&method=alipay.trade.page.pay&notify_url=http://samphanie.natapp1.cc/pay/notify&return_url=http://www.lanbojy.com&sign_type=RSA2&timestamp=2020-03-24 16:40:13&version=1.0
2020-03-24 16:40:13,700 - 【发起支付】 payResponse=PayResponse(prePayParams=null, payUri=null, appId=null, timeStamp=null, nonceStr=null, packAge=null, signType=null, paySign=null, orderAmount=null, orderId=null, outTradeNo=null, mwebUrl=null, body=<form id='bestPayForm' name="punchout_form" method="post" action="https://openapi.alipaydev.com//gateway.do?charset=utf-8&method=alipay.trade.page.pay&sign=eOEK3HKyvXXoOnatGT%2B37nj1xoaf80nmky%2Bs046p8Rv2AI238Lt8K9hsn%2BZCHlSU2uoOnjZ8vp1eooQRrGr%2BUjcGlqzb1bYJ8SBWEcJ8vG7AB1bNBrhORqN6nRTxm4gycUH0UwpTWG3D52wvMW5OjSTSCBN1oGn689fHpi9ks9poE5AFrprJ9WTt7T%2Bc%2BIr3XWU5Kepqx70BgTky%2BlfjeXxNelBdBrBfTd3IH7mV7tUw00KqzjOkvxOxpIKnjcqVR%2BGeJsUG5KxZBPTQ2qlnVjKfBY62lFnTTpt6wDwNmXBxbjcYXk3KW%2Fl0vwyZKON%2FhcgHqSCYlGFiuP7rFhd14w%3D%3D&return_url=http%3A%2F%2Fwww.lanbojy.com&notify_url=http%3A%2F%2Fsamphanie.natapp1.cc%2Fpay%2Fnotify&app_id=2016101800717551&sign_type=RSA2&version=1.0&timestamp=2020-03-24+16%3A40%3A13">
<input type="hidden" name="biz_content" value="{&quot;out_trade_no&quot;:&quot;123456789111&quot;,&quot;total_amount&quot;:&quot;0.01&quot;,&quot;subject&quot;:&quot;微信点餐订单&quot;,&quot;product_code&quot;:&quot;FAST_INSTANT_TRADE_PAY&quot;}">
<input type="submit" value="立即支付" style="display:none" >
</form>
<script>document.getElementById('bestPayForm').submit();</script>, codeUrl=null, attach=null, payPlatformEnum=null, prepayId=null)
2020-03-24 16:41:00,649 - sign content: app_id=2016101800717551&biz_content={"out_trade_no":"123456789111","total_amount":"0.01","subject":"微信点餐订单","product_code":"FAST_INSTANT_TRADE_PAY"}&charset=utf-8&method=alipay.trade.page.pay&notify_url=http://samphanie.natapp1.cc/pay/notify&return_url=http://www.lanbojy.com&sign_type=RSA2&timestamp=2020-03-24 16:41:00&version=1.0
2020-03-24 16:41:00,667 - 【发起支付】 payResponse=PayResponse(prePayParams=null, payUri=null, appId=null, timeStamp=null, nonceStr=null, packAge=null, signType=null, paySign=null, orderAmount=null, orderId=null, outTradeNo=null, mwebUrl=null, body=<form id='bestPayForm' name="punchout_form" method="post" action="https://openapi.alipaydev.com//gateway.do?charset=utf-8&method=alipay.trade.page.pay&sign=azAGE9m3lrdFsOa4yVfeEWzzlk79%2B3aTbPAM3Lvqx4y3IEWADtPylu6bhW4CHwFMc5pTq5fk4sb10FuMqDrAMu%2B7R%2BCEW%2BbzX9OXuwsm6WI5hrLYnl0i9udsH10851t3JW6eMYQJwH9fHabe%2F0ik6oeiABzobQGl0PD2kv8hbGlzBw1lT1ISd6CChRQolCSQirbG2STx2uaBup8qsuHtLkPMcG5A7%2BI%2FxUdpi5yRcREk6Sx0Paql3Cqm275H6oP%2FhTiVHX2E98VjiBgp92DFkzUSl%2BriF1lx2dSJxv1f2VBE70XIDUPI17c86OpinXe0vnaF1Sk6jPngPuMCYheNEA%3D%3D&return_url=http%3A%2F%2Fwww.lanbojy.com&notify_url=http%3A%2F%2Fsamphanie.natapp1.cc%2Fpay%2Fnotify&app_id=2016101800717551&sign_type=RSA2&version=1.0&timestamp=2020-03-24+16%3A41%3A00">
<input type="hidden" name="biz_content" value="{&quot;out_trade_no&quot;:&quot;123456789111&quot;,&quot;total_amount&quot;:&quot;0.01&quot;,&quot;subject&quot;:&quot;微信点餐订单&quot;,&quot;product_code&quot;:&quot;FAST_INSTANT_TRADE_PAY&quot;}">
<input type="submit" value="立即支付" style="display:none" >
</form>
<script>document.getElementById('bestPayForm').submit();</script>, codeUrl=null, attach=null, payPlatformEnum=null, prepayId=null)
2020-03-24 16:41:28,750 - 【异步通知】支付平台的数据request=gmt_create=2020-03-24+16%3A39%3A48&charset=utf-8&gmt_payment=2020-03-24+16%3A41%3A16&notify_time=2020-03-24+16%3A41%3A17&subject=%E5%BE%AE%E4%BF%A1%E7%82%B9%E9%A4%90%E8%AE%A2%E5%8D%95&sign=VkozGESLlJyActg9SLlv6QSqXf6Su3wx67OXNZ9AwXyjdANwT7fFD7gFlSyexZ0kHjG3baDsGZ7a%2F9sdOKc%2BnIht9TBbiHeLKgud%2BlHggh%2BgnkqDnokF3vtZ5VfDZqjJYWIYEbfOege1%2F2dpKaDkgvHR%2FFly1pvAYmxUk%2FnH1ExHUefFuKRMUdoBsGDLPSYqM88GNxG4UX02f3kGg%2FXhF2x3e4G179mK43rcMOoSriKq0OyGxzlN2ouUkh8TsY6jlcGR9QCWFipwW6o14Tt%2F0lRLLvTH4m7flmLYwsItblgZ0M8Hu%2BJp4AXmYu%2BosP%2BEuDx4p8hsX0mlQh%2BtxHHp3g%3D%3D&buyer_id=2088102180583851&invoice_amount=0.01&version=1.0&notify_id=83cf1c81309fc470a4d830b72e96571mk9&fund_bill_list=%5B%7B%22amount%22%3A%220.01%22%2C%22fundChannel%22%3A%22ALIPAYACCOUNT%22%7D%5D&notify_type=trade_status_sync&out_trade_no=123456789111&total_amount=0.01&trade_status=TRADE_SUCCESS&trade_no=2020032422001483850500835392&auth_app_id=2016101800717551&receipt_amount=0.01&point_amount=0.00&app_id=2016101800717551&buyer_pay_amount=0.01&sign_type=RSA2&seller_id=2088102180172158
2020-03-24 16:45:56,252 - Starting PayApplication on Samphanie with PID 11620 (E:\IdeaProjects\pay\target\classes started by ZSY in E:\IdeaProjects\pay)
2020-03-24 16:45:56,255 - No active profile set, falling back to default profiles: default
2020-03-24 16:45:57,502 - Tomcat initialized with port(s): 8080 (http)
2020-03-24 16:45:57,511 - Initializing ProtocolHandler ["http-nio-8080"]
2020-03-24 16:45:57,512 - Starting service [Tomcat]
2020-03-24 16:45:57,512 - Starting Servlet engine: [Apache Tomcat/9.0.31]
2020-03-24 16:45:57,690 - Initializing Spring embedded WebApplicationContext
2020-03-24 16:45:57,690 - Root WebApplicationContext: initialization completed in 1361 ms
2020-03-24 16:45:59,561 - Initializing ExecutorService 'applicationTaskExecutor'
2020-03-24 16:45:59,793 - Starting ProtocolHandler ["http-nio-8080"]
2020-03-24 16:45:59,814 - Tomcat started on port(s): 8080 (http) with context path ''
2020-03-24 16:45:59,816 - Started PayApplication in 4.237 seconds (JVM running for 5.846)
2020-03-24 16:46:51,700 - Starting PayApplication on Samphanie with PID 14076 (E:\IdeaProjects\pay\target\classes started by ZSY in E:\IdeaProjects\pay)
2020-03-24 16:46:51,704 - No active profile set, falling back to default profiles: default
2020-03-24 16:46:52,799 - Tomcat initialized with port(s): 8080 (http)
2020-03-24 16:46:52,807 - Initializing ProtocolHandler ["http-nio-8080"]
2020-03-24 16:46:52,808 - Starting service [Tomcat]
2020-03-24 16:46:52,808 - Starting Servlet engine: [Apache Tomcat/9.0.31]
2020-03-24 16:46:52,943 - Initializing Spring embedded WebApplicationContext
2020-03-24 16:46:52,944 - Root WebApplicationContext: initialization completed in 1139 ms
2020-03-24 16:46:54,772 - Initializing ExecutorService 'applicationTaskExecutor'
2020-03-24 16:46:55,033 - Starting ProtocolHandler ["http-nio-8080"]
2020-03-24 16:46:55,054 - Tomcat started on port(s): 8080 (http) with context path ''
2020-03-24 16:46:55,057 - Started PayApplication in 3.924 seconds (JVM running for 5.537)
2020-03-24 16:48:16,269 - Initializing Spring DispatcherServlet 'dispatcherServlet'
2020-03-24 16:48:16,270 - Initializing Servlet 'dispatcherServlet'
2020-03-24 16:48:16,278 - Completed initialization in 8 ms
2020-03-24 16:48:17,188 - sign content: app_id=2016101800717551&biz_content={"out_trade_no":"123456789"}&charset=utf-8&method=alipay.trade.query&sign_type=RSA2&timestamp=2020-03-24 16:48:17&version=1.0
2020-03-24 16:48:17,243 - --> POST https://openapi.alipay.com/gateway.do
2020-03-24 16:48:17,243 - Content-Type: application/x-www-form-urlencoded
2020-03-24 16:48:17,243 - Content-Length: 569
2020-03-24 16:48:17,244 - 
2020-03-24 16:48:17,244 - charset=utf-8&app_auth_token=&biz_content=%7B%22out_trade_no%22%3A%22123456789%22%7D&method=alipay.trade.query&sign=ZDzCY1TCRCaRirWkdCyG2Gx7Y%2Fy80pl70yKKzCamzULFJmIiK%2FwV5iJHn%2Fk3gPyDBZnuLUQhYYThAPEaIXjKpailvJSL975eBqJkqJzm0ucESJV4fds%2BKJYTI7QpV0XicS9pNJelg1Rvd9NqiL7bi8lOKGLI2GjK9qQS8I2Tt%2Fbae2V%2Biy264JN2UZlbwDAGvQFap4jMPFa8Me2KcUZIPdAJJCkyfC8R3mBWrqfLPGpp0Hln7RyK24U7vs4ql%2FJgTuKs2oYhT8K6wSCzB938mJxoyTmz9PJYcR6iBrghomsWiw%2BXugNQfQlsjTiBNxLSageN6TWmyb9ICJ%2BY0mxFpw%3D%3D&app_id=2016101800717551&sign_type=RSA2&version=1.0&timestamp=2020-03-24%2016%3A48%3A17
2020-03-24 16:48:17,244 - --> END POST (569-byte body)
2020-03-24 16:48:17,461 - <-- 200 OK https://openapi.alipay.com/gateway.do (218ms)
2020-03-24 16:48:17,462 - Server: Tengine/2.1.0
2020-03-24 16:48:17,462 - Date: Tue, 24 Mar 2020 08:48:06 GMT
2020-03-24 16:48:17,462 - Content-Type: text/html;charset=GBK
2020-03-24 16:48:17,462 - Content-Length: 134
2020-03-24 16:48:17,462 - Connection: keep-alive
2020-03-24 16:48:17,462 - Set-Cookie: JSESSIONID=6F9F20D11889D37AE950952481BAA6CF; Path=/; HttpOnly
2020-03-24 16:48:17,462 - Set-Cookie: spanner=bOHhsTboIq9CMIPMOKpRNevBkbEEOtyA4EJoL7C0n0A=;path=/;secure;
2020-03-24 16:48:17,462 - Via: spanner-internet-5346.et15[200]
2020-03-24 16:48:17,462 - 
2020-03-24 16:48:17,462 - {"alipay_trade_query_response":{"code":"40002","msg":"Invalid Arguments","sub_code":"isv.invalid-app-id","sub_msg":"无效的AppID参数"}}
2020-03-24 16:48:17,463 - <-- END HTTP (134-byte body)
2020-03-24 16:48:23,840 - sign content: app_id=2016101800717551&biz_content={"out_trade_no":"12345678944"}&charset=utf-8&method=alipay.trade.query&sign_type=RSA2&timestamp=2020-03-24 16:48:23&version=1.0
2020-03-24 16:48:23,865 - --> POST https://openapi.alipay.com/gateway.do
2020-03-24 16:48:23,865 - Content-Type: application/x-www-form-urlencoded
2020-03-24 16:48:23,865 - Content-Length: 575
2020-03-24 16:48:23,865 - 
2020-03-24 16:48:23,865 - charset=utf-8&app_auth_token=&biz_content=%7B%22out_trade_no%22%3A%2212345678944%22%7D&method=alipay.trade.query&sign=MTee4f%2BqjJZ8S5FdjerPdo19yn0SyY2uT70KRSv6JwKHgC%2F2FBKR0p%2BbheoVPifQOOa6jxYxsIQZcB%2FuEVd9CaydlLpJYrcsTcvMe4iOlsPPcYiWvv64LynERHU5mbK29KitwPkrmdeyfFqfT02dXV%2Bz7Gjzp6pmm%2FpR2%2FV6xG7QRzzszKfC9X9tAOwDxW3TKuPvgFbmpj%2BXiUpChT8UpPQCCwWkkiu2cudEL3p02EXtauWhlHmP%2B2wCgLgIflhayJNFZvcY6vEqeepCjvzhQldoX4s%2FYileXaAOxuXawN%2Bn0qDRdflq0AuiZEtGP1jwwFVo5gRsek3UASmL03iNBw%3D%3D&app_id=2016101800717551&sign_type=RSA2&version=1.0&timestamp=2020-03-24%2016%3A48%3A23
2020-03-24 16:48:23,865 - --> END POST (575-byte body)
2020-03-24 16:48:24,078 - <-- 200 OK https://openapi.alipay.com/gateway.do (212ms)
2020-03-24 16:48:24,078 - Server: Tengine/2.1.0
2020-03-24 16:48:24,078 - Date: Tue, 24 Mar 2020 08:48:13 GMT
2020-03-24 16:48:24,078 - Content-Type: text/html;charset=GBK
2020-03-24 16:48:24,078 - Content-Length: 134
2020-03-24 16:48:24,078 - Connection: keep-alive
2020-03-24 16:48:24,078 - Set-Cookie: JSESSIONID=4AC3FC3258AA38FDB8F56BEE24BA8796; Path=/; HttpOnly
2020-03-24 16:48:24,078 - Set-Cookie: spanner=oGMbhCTiJ47AyFs7NJSQn5Mgcd4uo9ixXt2T4qEYgj0=;path=/;secure;
2020-03-24 16:48:24,078 - Via: spanner-internet-5335.et15[200]
2020-03-24 16:48:24,078 - 
2020-03-24 16:48:24,078 - {"alipay_trade_query_response":{"code":"40002","msg":"Invalid Arguments","sub_code":"isv.invalid-app-id","sub_msg":"无效的AppID参数"}}
2020-03-24 16:48:24,079 - <-- END HTTP (134-byte body)
2020-03-24 16:49:09,662 - Starting PayApplication on Samphanie with PID 2924 (E:\IdeaProjects\pay\target\classes started by ZSY in E:\IdeaProjects\pay)
2020-03-24 16:49:09,666 - No active profile set, falling back to default profiles: default
2020-03-24 16:49:10,864 - Tomcat initialized with port(s): 8080 (http)
2020-03-24 16:49:10,874 - Initializing ProtocolHandler ["http-nio-8080"]
2020-03-24 16:49:10,874 - Starting service [Tomcat]
2020-03-24 16:49:10,875 - Starting Servlet engine: [Apache Tomcat/9.0.31]
2020-03-24 16:49:11,039 - Initializing Spring embedded WebApplicationContext
2020-03-24 16:49:11,039 - Root WebApplicationContext: initialization completed in 1318 ms
2020-03-24 16:49:13,104 - Initializing ExecutorService 'applicationTaskExecutor'
2020-03-24 16:49:13,431 - Starting ProtocolHandler ["http-nio-8080"]
2020-03-24 16:49:13,462 - Tomcat started on port(s): 8080 (http) with context path ''
2020-03-24 16:49:13,466 - Started PayApplication in 4.524 seconds (JVM running for 6.65)
2020-03-24 16:49:24,193 - Initializing Spring DispatcherServlet 'dispatcherServlet'
2020-03-24 16:49:24,194 - Initializing Servlet 'dispatcherServlet'
2020-03-24 16:49:24,201 - Completed initialization in 7 ms
2020-03-24 17:09:10,908 - sign content: app_id=2016101800717551&biz_content={"trade_no":"12345678944"}&charset=utf-8&method=alipay.trade.query&sign_type=RSA2&timestamp=2020-03-24 17:09:10&version=1.0
2020-03-24 17:09:10,908 - sign content: app_id=2016101800717551&biz_content={"out_trade_no":"12345678944"}&charset=utf-8&method=alipay.trade.query&sign_type=RSA2&timestamp=2020-03-24 17:09:10&version=1.0
2020-03-24 17:09:10,975 - --> POST https://openapi.alipay.com/gateway.do
2020-03-24 17:09:10,975 - --> POST https://openapi.alipay.com/gateway.do
2020-03-24 17:09:10,975 - Content-Type: application/x-www-form-urlencoded
2020-03-24 17:09:10,975 - Content-Type: application/x-www-form-urlencoded
2020-03-24 17:09:10,975 - Content-Length: 559
2020-03-24 17:09:10,975 - Content-Length: 585
2020-03-24 17:09:10,975 - 
2020-03-24 17:09:10,975 - 
2020-03-24 17:09:10,976 - charset=utf-8&app_auth_token=&biz_content=%7B%22trade_no%22%3A%2212345678944%22%7D&method=alipay.trade.query&sign=Rt2pShZtaa957FuooodBeNjInkVWxx5Ifb7JoQugw2XwyYXPntS%2BFI8vRvCei6qrwT4GY8pMHjFvTMkOEADCXLC2soxASekNVt8dIGYgITR%2B3Yr%2BNn5Mf8XfHqk68Yaq0l4mogGLdqB4DpVRyPziErawgsuhb3jt4Y0ShT34lh6CwBNRePb25IWA6XkapV6LqXqjcPyxA6Eb1TqwyewNtgrz2yYGgrwehrFaKtQkUOQB9%2BCearc%2FU2f2Lv7JlgUwySIv4rQ8urBAgT1WgVUwxBL05oeG4dNeUVVWZMgDRLMdvkVftHanlerQFaut6qPdzkpfo9qyOelYMuqu6obrEA%3D%3D&app_id=2016101800717551&sign_type=RSA2&version=1.0&timestamp=2020-03-24%2017%3A09%3A10
2020-03-24 17:09:10,976 - charset=utf-8&app_auth_token=&biz_content=%7B%22out_trade_no%22%3A%2212345678944%22%7D&method=alipay.trade.query&sign=rwjcjKZJZhJ44KAWcK5C%2F5%2Bqa0SUDvqiiaI62b4%2FxONRsO%2FlZ8Nubgp1LNp7EpcRZ2bVQQ58i%2FkDWTqpDOkD6DlsODVcF4Z9hJzTK9GRXijJFx5mtybiCmuhaqhLinBuHQYKcC0KYtGfIdd9iCAsd8%2Fhw77hhBYoY%2FPjCcoVKG9ZojutfCzFHlamVc%2FF1dWmyqcIx81bHSm%2BmaOPAFJqqDwEQp6WTjLvcHB%2B7imr6E%2B7tY9UV1NYNCECyrh7boD97AO1uGE3PDb5LiY0%2BxZT3W5C%2BvnlPWP6%2Fk9Mq%2F31uQzouvd4QAOpOJPmKr8bFVAS4drQPDkyPTjYXi4%2BffENWA%3D%3D&app_id=2016101800717551&sign_type=RSA2&version=1.0&timestamp=2020-03-24%2017%3A09%3A10
2020-03-24 17:09:10,976 - --> END POST (559-byte body)
2020-03-24 17:09:10,976 - --> END POST (585-byte body)
2020-03-24 17:09:11,271 - <-- 200 OK https://openapi.alipay.com/gateway.do (294ms)
2020-03-24 17:09:11,271 - Server: Tengine/2.1.0
2020-03-24 17:09:11,271 - Date: Tue, 24 Mar 2020 09:09:00 GMT
2020-03-24 17:09:11,271 - Content-Type: text/html;charset=GBK
2020-03-24 17:09:11,271 - Content-Length: 134
2020-03-24 17:09:11,271 - Connection: keep-alive
2020-03-24 17:09:11,271 - Set-Cookie: JSESSIONID=8670EB2D80AE20E91C61DCD5DD6E942B; Path=/; HttpOnly
2020-03-24 17:09:11,271 - Set-Cookie: spanner=/bZIqaqn5rhR5j+CBqOVMVxwZ93hDw00Xt2T4qEYgj0=;path=/;secure;
2020-03-24 17:09:11,272 - Via: spanner-internet-5044.su18[200]
2020-03-24 17:09:11,272 - 
2020-03-24 17:09:11,272 - {"alipay_trade_query_response":{"code":"40002","msg":"Invalid Arguments","sub_code":"isv.invalid-app-id","sub_msg":"无效的AppID参数"}}
2020-03-24 17:09:11,272 - <-- END HTTP (134-byte body)
2020-03-24 17:09:11,273 - <-- 200 OK https://openapi.alipay.com/gateway.do (297ms)
2020-03-24 17:09:11,274 - Server: Tengine/2.1.0
2020-03-24 17:09:11,274 - Date: Tue, 24 Mar 2020 09:09:00 GMT
2020-03-24 17:09:11,274 - Content-Type: text/html;charset=GBK
2020-03-24 17:09:11,274 - Content-Length: 134
2020-03-24 17:09:11,274 - Connection: keep-alive
2020-03-24 17:09:11,274 - Set-Cookie: JSESSIONID=888681C74AFF287379F8E9569A2A184B; Path=/; HttpOnly
2020-03-24 17:09:11,274 - Set-Cookie: spanner=2n9V3kuJbA22LAqd353Hi6uhlXmd2e8pXt2T4qEYgj0=;path=/;secure;
2020-03-24 17:09:11,274 - Via: spanner-internet-5034.su18[200]
2020-03-24 17:09:11,274 - 
2020-03-24 17:09:11,274 - {"alipay_trade_query_response":{"code":"40002","msg":"Invalid Arguments","sub_code":"isv.invalid-app-id","sub_msg":"无效的AppID参数"}}
2020-03-24 17:09:11,274 - <-- END HTTP (134-byte body)
2020-03-24 17:09:11,430 - Shutting down ExecutorService 'applicationTaskExecutor'
2020-03-24 17:09:25,731 - Starting PayApplication on Samphanie with PID 7992 (E:\IdeaProjects\pay\target\classes started by ZSY in E:\IdeaProjects\pay)
2020-03-24 17:09:25,734 - No active profile set, falling back to default profiles: default
2020-03-24 17:09:27,120 - Tomcat initialized with port(s): 8080 (http)
2020-03-24 17:09:27,133 - Initializing ProtocolHandler ["http-nio-8080"]
2020-03-24 17:09:27,133 - Starting service [Tomcat]
2020-03-24 17:09:27,134 - Starting Servlet engine: [Apache Tomcat/9.0.31]
2020-03-24 17:09:27,302 - Initializing Spring embedded WebApplicationContext
2020-03-24 17:09:27,302 - Root WebApplicationContext: initialization completed in 1458 ms
2020-03-24 17:09:29,823 - Initializing ExecutorService 'applicationTaskExecutor'
2020-03-24 17:09:30,107 - Starting ProtocolHandler ["http-nio-8080"]
2020-03-24 17:09:30,138 - Tomcat started on port(s): 8080 (http) with context path ''
2020-03-24 17:09:30,143 - Started PayApplication in 5.075 seconds (JVM running for 7.588)
2020-03-24 17:10:15,140 - Initializing Spring DispatcherServlet 'dispatcherServlet'
2020-03-24 17:10:15,141 - Initializing Servlet 'dispatcherServlet'
2020-03-24 17:10:15,150 - Completed initialization in 9 ms
2020-03-24 17:10:16,455 - sign content: app_id=2016101800717551&biz_content={"trade_no":"12345678944"}&charset=utf-8&method=alipay.trade.query&sign_type=RSA2&timestamp=2020-03-24 17:10:16&version=1.0
2020-03-24 17:10:16,513 - --> POST https://openapi.alipay.com/gateway.do
2020-03-24 17:10:16,513 - Content-Type: application/x-www-form-urlencoded
2020-03-24 17:10:16,514 - Content-Length: 569
2020-03-24 17:10:16,514 - 
2020-03-24 17:10:16,514 - charset=utf-8&app_auth_token=&biz_content=%7B%22trade_no%22%3A%2212345678944%22%7D&method=alipay.trade.query&sign=RJ4URwnbJGrGuvhXc9EiYIZVUPDUgaU23o%2BcFISo2BAcHraJ21fVDoT%2BpsWjxFSeV7DZ71WQt9%2Bmie79aiO9jGGll8F8hD%2B7eCPs3uR9nfBbO841eBMlcofvM%2FZtkgdA9mIVOk1fMkY4K6k8%2B0vNND71hW0re3nI5eW4BszgR1LW12smubNtQWznnkU9ilXUbhGyZNbkTe1sHrjoGD1YKcVhbK0ycM6L0iea28COCN%2B7rvlvfvQIl51BJTY2MZidb%2FagouIt01H62CMHawnUOb5s4ujtPeGLayCYhdAHVMP7oiB1PaWImq8TeD0WipGolUu0sX73zC%2FgXaYyT6tU%2FA%3D%3D&app_id=2016101800717551&sign_type=RSA2&version=1.0&timestamp=2020-03-24%2017%3A10%3A16
2020-03-24 17:10:16,514 - --> END POST (569-byte body)
2020-03-24 17:10:16,815 - <-- 200 OK https://openapi.alipay.com/gateway.do (300ms)
2020-03-24 17:10:16,815 - Server: Tengine/2.1.0
2020-03-24 17:10:16,815 - Date: Tue, 24 Mar 2020 09:10:05 GMT
2020-03-24 17:10:16,815 - Content-Type: text/html;charset=GBK
2020-03-24 17:10:16,815 - Content-Length: 134
2020-03-24 17:10:16,815 - Connection: keep-alive
2020-03-24 17:10:16,815 - Set-Cookie: JSESSIONID=22840A3CA0CC1A687C06C78818E1052F; Path=/; HttpOnly
2020-03-24 17:10:16,815 - Set-Cookie: spanner=YUdzeo132UtgdFahMPBcZux+gat0VbbZ4EJoL7C0n0A=;path=/;secure;
2020-03-24 17:10:16,815 - Via: spanner-internet-5161.gtj[200]
2020-03-24 17:10:16,816 - 
2020-03-24 17:10:16,816 - {"alipay_trade_query_response":{"code":"40002","msg":"Invalid Arguments","sub_code":"isv.invalid-app-id","sub_msg":"无效的AppID参数"}}
2020-03-24 17:10:16,816 - <-- END HTTP (134-byte body)
2020-03-24 17:15:26,166 - HikariPool-1 - Starting...
2020-03-24 17:15:26,307 - HikariPool-1 - Start completed.
2020-03-24 17:15:26,353 - sign content: app_id=2016101800717551&biz_content={"out_trade_no":"12345678944","total_amount":"0.01","subject":"微信点餐订单","product_code":"FAST_INSTANT_TRADE_PAY"}&charset=utf-8&method=alipay.trade.page.pay&notify_url=http://samphanie.natapp1.cc/pay/notify&return_url=http://www.lanbojy.com&sign_type=RSA2&timestamp=2020-03-24 17:15:26&version=1.0
2020-03-24 17:15:26,372 - 【发起支付】 payResponse=PayResponse(prePayParams=null, payUri=null, appId=null, timeStamp=null, nonceStr=null, packAge=null, signType=null, paySign=null, orderAmount=null, orderId=null, outTradeNo=null, mwebUrl=null, body=<form id='bestPayForm' name="punchout_form" method="post" action="https://openapi.alipaydev.com//gateway.do?charset=utf-8&method=alipay.trade.page.pay&sign=tStcrQO2342kELg8acz5%2FpIy%2Fg73XPrAwAeKuh8kUhLt05YPGm8cCsW78HadPUPvGh7rl1Lc718wM6iWEMuyG5KXKDi8nBizrY0b0v%2F6fUCkgvtyDf4rXD%2FudtkMXAn7S1RaZqwNd%2F3tkMERN6zBerz2kcx5uQZBOQPsJ77EWrj2TpZvJZY8z8YSxxFN1l6TV6UM6Ny58ODlFAjAceIF%2FcGujh6Sf1HsbkRmRhZxmxmTW8uw2sCT4IQQCg8zY6VVHgJvY9lz9oo65RFtHSaUzUHOyavFeHogHZDXTenrVFf3T7qWQqvZkPyiXHwWnw%2BCYSZFVK85TS4AyD3jUGWUHA%3D%3D&return_url=http%3A%2F%2Fwww.lanbojy.com&notify_url=http%3A%2F%2Fsamphanie.natapp1.cc%2Fpay%2Fnotify&app_id=2016101800717551&sign_type=RSA2&version=1.0&timestamp=2020-03-24+17%3A15%3A26">
<input type="hidden" name="biz_content" value="{&quot;out_trade_no&quot;:&quot;12345678944&quot;,&quot;total_amount&quot;:&quot;0.01&quot;,&quot;subject&quot;:&quot;微信点餐订单&quot;,&quot;product_code&quot;:&quot;FAST_INSTANT_TRADE_PAY&quot;}">
<input type="submit" value="立即支付" style="display:none" >
</form>
<script>document.getElementById('bestPayForm').submit();</script>, codeUrl=null, attach=null, payPlatformEnum=null, prepayId=null)
2020-03-24 17:24:40,268 - Starting PayApplication on Samphanie with PID 19688 (E:\IdeaProjects\pay\target\classes started by ZSY in E:\IdeaProjects\pay)
2020-03-24 17:24:40,271 - No active profile set, falling back to default profiles: default
2020-03-24 17:24:41,630 - Tomcat initialized with port(s): 8080 (http)
2020-03-24 17:24:41,639 - Initializing ProtocolHandler ["http-nio-8080"]
2020-03-24 17:24:41,640 - Starting service [Tomcat]
2020-03-24 17:24:41,640 - Starting Servlet engine: [Apache Tomcat/9.0.31]
2020-03-24 17:24:41,783 - Initializing Spring embedded WebApplicationContext
2020-03-24 17:24:41,783 - Root WebApplicationContext: initialization completed in 1414 ms
2020-03-24 17:24:44,364 - Initializing ExecutorService 'applicationTaskExecutor'
2020-03-24 17:24:44,669 - Starting ProtocolHandler ["http-nio-8080"]
2020-03-24 17:24:44,691 - Tomcat started on port(s): 8080 (http) with context path ''
2020-03-24 17:24:44,694 - Started PayApplication in 5.12 seconds (JVM running for 7.248)
2020-03-24 17:25:00,522 - Initializing Spring DispatcherServlet 'dispatcherServlet'
2020-03-24 17:25:00,522 - Initializing Servlet 'dispatcherServlet'
2020-03-24 17:25:00,530 - Completed initialization in 8 ms
2020-03-24 17:25:01,737 - sign content: app_id=2016101800717551&biz_content={"out_trade_no":"12345678944"}&charset=utf-8&method=alipay.trade.query&sign_type=RSA2&timestamp=2020-03-24 17:25:01&version=1.0
2020-03-24 17:25:01,796 - --> POST https://openapi.alipay.com/gateway.do
2020-03-24 17:25:01,796 - Content-Type: application/x-www-form-urlencoded
2020-03-24 17:25:01,796 - Content-Length: 571
2020-03-24 17:25:01,796 - 
2020-03-24 17:25:01,796 - charset=utf-8&app_auth_token=&biz_content=%7B%22out_trade_no%22%3A%2212345678944%22%7D&method=alipay.trade.query&sign=QT%2FJpcvL5wZoQUR8LV0OcN%2FxfrCvrq%2FUq9WAAVQyTXmQd8Hqlz0%2FFSZDJ%2BPSolCrCVRC5rrTFSyu0xMI4FzhCKOdprV5%2Bh469rGJZpAwR4b4Cx57BKLzPJx7gsMHyU%2BCbPkQNA4berafZxb5z9zX8QUGmioMM49c5u8Ig7ejO1KbBqch2UZpfI114jCuSiG52YlqBKZJFZp5MklQZeAbRTZHyzG18Lpyw6ofTnK%2B0PquuaMgIUrIZtTTltwpqMAdFDVWf0Zz0KNQv%2FFbyvSauXp9W51PlqFe61LwD3rpQNlKdJlGcL9X5Hjc1r6eRb7JqDnQIIqIuW8Ip7UZePMFfA%3D%3D&app_id=2016101800717551&sign_type=RSA2&version=1.0&timestamp=2020-03-24%2017%3A25%3A01
2020-03-24 17:25:01,796 - --> END POST (571-byte body)
2020-03-24 17:25:02,069 - <-- 200 OK https://openapi.alipay.com/gateway.do (272ms)
2020-03-24 17:25:02,069 - Server: Tengine/2.1.0
2020-03-24 17:25:02,069 - Date: Tue, 24 Mar 2020 09:24:51 GMT
2020-03-24 17:25:02,069 - Content-Type: text/html;charset=GBK
2020-03-24 17:25:02,069 - Content-Length: 134
2020-03-24 17:25:02,069 - Connection: keep-alive
2020-03-24 17:25:02,069 - Set-Cookie: JSESSIONID=FAA44B66A33B24E5840C822AC14BA6F8; Path=/; HttpOnly
2020-03-24 17:25:02,069 - Set-Cookie: spanner=RL7xUd1OsfCFDB5fuDgPUrbbducchPyMXt2T4qEYgj0=;path=/;secure;
2020-03-24 17:25:02,069 - Via: spanner-internet-5312.et15[200]
2020-03-24 17:25:02,070 - 
2020-03-24 17:25:02,070 - {"alipay_trade_query_response":{"code":"40002","msg":"Invalid Arguments","sub_code":"isv.invalid-app-id","sub_msg":"无效的AppID参数"}}
2020-03-24 17:25:02,070 - <-- END HTTP (134-byte body)
2020-03-24 17:25:09,771 - HikariPool-1 - Starting...
2020-03-24 17:25:09,911 - HikariPool-1 - Start completed.
2020-03-24 17:25:09,963 - sign content: app_id=2016101800717551&biz_content={"out_trade_no":"1234567891","total_amount":"0.01","subject":"微信点餐订单","product_code":"FAST_INSTANT_TRADE_PAY"}&charset=utf-8&method=alipay.trade.page.pay&notify_url=http://samphanie.natapp1.cc/pay/notify&return_url=http://www.lanbojy.com&sign_type=RSA2&timestamp=2020-03-24 17:25:09&version=1.0
2020-03-24 17:25:09,981 - 【发起支付】 payResponse=PayResponse(prePayParams=null, payUri=null, appId=null, timeStamp=null, nonceStr=null, packAge=null, signType=null, paySign=null, orderAmount=null, orderId=null, outTradeNo=null, mwebUrl=null, body=<form id='bestPayForm' name="punchout_form" method="post" action="https://openapi.alipaydev.com//gateway.do?charset=utf-8&method=alipay.trade.page.pay&sign=VfbeTZt7Y%2F5CmBqQH4v8QWKtAgclBjYY2z%2Fr9koSayCBvV6A2q7VgfUMI8hqR%2Fx5GZaxcWK8ep3cfmhiF8k6qvtHGUw7JTJTfFKKAG6K9qr%2F%2F8kj%2B3Qi0Tq67tKtcGzniS2M58F%2FiqHj6wR8HBPFfafBWBbWLkBwIbyeOvkzYsXtPDl3HnoItX%2BYBPGgJbOlZ2Rni4qI4aFtH%2B0dPYohg%2BCR8jVq0qrTVJPngI4P9%2FlpkB4Vm9BFJ1NSOaZCootdaHu9n9Bime%2Fg0ZJLchTVXJwGmdPeKCzD9s3lB4V%2BJxgzkxPSA6MLdQ%2FR59%2BWKSPzVngLq66mKfjmqqItmaQIAg%3D%3D&return_url=http%3A%2F%2Fwww.lanbojy.com&notify_url=http%3A%2F%2Fsamphanie.natapp1.cc%2Fpay%2Fnotify&app_id=2016101800717551&sign_type=RSA2&version=1.0&timestamp=2020-03-24+17%3A25%3A09">
<input type="hidden" name="biz_content" value="{&quot;out_trade_no&quot;:&quot;1234567891&quot;,&quot;total_amount&quot;:&quot;0.01&quot;,&quot;subject&quot;:&quot;微信点餐订单&quot;,&quot;product_code&quot;:&quot;FAST_INSTANT_TRADE_PAY&quot;}">
<input type="submit" value="立即支付" style="display:none" >
</form>
<script>document.getElementById('bestPayForm').submit();</script>, codeUrl=null, attach=null, payPlatformEnum=null, prepayId=null)
2020-03-24 17:25:23,310 - sign content: app_id=2016101800717551&biz_content={"out_trade_no":"12345678944","total_amount":"0.01","subject":"微信点餐订单","product_code":"FAST_INSTANT_TRADE_PAY"}&charset=utf-8&method=alipay.trade.page.pay&notify_url=http://samphanie.natapp1.cc/pay/notify&return_url=http://www.lanbojy.com&sign_type=RSA2&timestamp=2020-03-24 17:25:23&version=1.0
2020-03-24 17:25:23,328 - 【发起支付】 payResponse=PayResponse(prePayParams=null, payUri=null, appId=null, timeStamp=null, nonceStr=null, packAge=null, signType=null, paySign=null, orderAmount=null, orderId=null, outTradeNo=null, mwebUrl=null, body=<form id='bestPayForm' name="punchout_form" method="post" action="https://openapi.alipaydev.com//gateway.do?charset=utf-8&method=alipay.trade.page.pay&sign=UBStDJm7JIvVh04qGX6qleRbK%2FEov%2B7Z3jGx%2FgceNuYBxBuiDZums2x9De0uSJ0Ne5nb%2BgpLgcmxYI%2FMl%2BWERt3OHA22tWVl5ofD0D%2Fu940qFS527Z7Q%2BvJNX9x7%2Bl%2BOcmuW7nM%2FzBDNgqquXSJr1SxM9fbl%2F24POhZyXdw%2FTA9jJPVpWO0D0stM7eMalFWHI2zZrLYJNfpIKhH5yRya190%2Bi9TGgSPXfnmaspIQnVc0c2%2F4Oh0szmoQkiL%2FH%2FJuqchpsO6t%2F0EyXSah%2B3ID57f3EtpJPpizGr8hfPaeTRZ3Z5wRNlUtDGW2pH7Gf%2FMKx8fidgKC7sqaCh4ELV1ayg%3D%3D&return_url=http%3A%2F%2Fwww.lanbojy.com&notify_url=http%3A%2F%2Fsamphanie.natapp1.cc%2Fpay%2Fnotify&app_id=2016101800717551&sign_type=RSA2&version=1.0&timestamp=2020-03-24+17%3A25%3A23">
<input type="hidden" name="biz_content" value="{&quot;out_trade_no&quot;:&quot;12345678944&quot;,&quot;total_amount&quot;:&quot;0.01&quot;,&quot;subject&quot;:&quot;微信点餐订单&quot;,&quot;product_code&quot;:&quot;FAST_INSTANT_TRADE_PAY&quot;}">
<input type="submit" value="立即支付" style="display:none" >
</form>
<script>document.getElementById('bestPayForm').submit();</script>, codeUrl=null, attach=null, payPlatformEnum=null, prepayId=null)
2020-03-24 17:25:46,740 - sign content: app_id=2016101800717551&biz_content={"out_trade_no":"1234567891444","total_amount":"0.01","subject":"微信点餐订单","product_code":"FAST_INSTANT_TRADE_PAY"}&charset=utf-8&method=alipay.trade.page.pay&notify_url=http://samphanie.natapp1.cc/pay/notify&return_url=http://www.lanbojy.com&sign_type=RSA2&timestamp=2020-03-24 17:25:46&version=1.0
2020-03-24 17:25:46,760 - 【发起支付】 payResponse=PayResponse(prePayParams=null, payUri=null, appId=null, timeStamp=null, nonceStr=null, packAge=null, signType=null, paySign=null, orderAmount=null, orderId=null, outTradeNo=null, mwebUrl=null, body=<form id='bestPayForm' name="punchout_form" method="post" action="https://openapi.alipaydev.com//gateway.do?charset=utf-8&method=alipay.trade.page.pay&sign=oduev6s2tOXqyggAtahGnCP3wKzfT%2Fmhr23p3T1VhivZ9OAbfKakp7E5nenrVO2cKFI4zoZ94S8uOQoLbBenjlYJRhmzIIW615cZjZdKom4ozW9DJrW2pM2kk7IYOFhU6ScmvA5J2%2FDcHPeRySxEIhDFuuI4usrXBPvUDOuxJ3pEzQZ4%2FzmCMazXW8Nk6rQOblbSy8%2BjdOsqWilApNXHC%2BDYct12oygZNz5Tw1IpMomFOVNeiFp9fQ9kXuS5ceWHFst9G9KJnsbQdPpyOoZiuPKTrOJrLiNbtDURDBvpqATMPbj9xWXubnys4LMZd8U%2BHEIX70VL86DIOjGW8kKsWg%3D%3D&return_url=http%3A%2F%2Fwww.lanbojy.com&notify_url=http%3A%2F%2Fsamphanie.natapp1.cc%2Fpay%2Fnotify&app_id=2016101800717551&sign_type=RSA2&version=1.0&timestamp=2020-03-24+17%3A25%3A46">
<input type="hidden" name="biz_content" value="{&quot;out_trade_no&quot;:&quot;1234567891444&quot;,&quot;total_amount&quot;:&quot;0.01&quot;,&quot;subject&quot;:&quot;微信点餐订单&quot;,&quot;product_code&quot;:&quot;FAST_INSTANT_TRADE_PAY&quot;}">
<input type="submit" value="立即支付" style="display:none" >
</form>
<script>document.getElementById('bestPayForm').submit();</script>, codeUrl=null, attach=null, payPlatformEnum=null, prepayId=null)
2020-03-24 17:26:05,448 - 【异步通知】支付平台的数据request=gmt_create=2020-03-24+17%3A25%3A46&charset=utf-8&gmt_payment=2020-03-24+17%3A25%3A53&notify_time=2020-03-24+17%3A25%3A54&subject=%E5%BE%AE%E4%BF%A1%E7%82%B9%E9%A4%90%E8%AE%A2%E5%8D%95&sign=PMSEwA7%2Byiqa1fB66NeMs6KP1sx2BbSKlsfW8H2bhz328nrstUbqlepHaVxcLO%2BYdHfAFLRzYz4uzPs%2FMxRs%2FfZ0q5c5NVLBcOew3jr9bKJ3uVase8feB7qn8kXCS1bYYGcuifsNlz1QeaiUM2PsHn1jpNS4m1Ej%2FTkKbApLdvMycuDMREizYz0rLLhzrlQC%2BjZip2SVRW%2BHlVVRsNELs%2Bykusbgxagiv2xCGza6cL0b3jbq4f3cbQbbWWofttBaUU1NmFibk5Cc64GIvCLrz4JLuimCiPydxkMxpcANeu8k%2B5IExKlaGyfbKoeAxWnYoX%2B7CS8Ol579sDNa5VFv%2Fg%3D%3D&buyer_id=2088102180583851&invoice_amount=0.01&version=1.0&notify_id=2020032400222172553083850505042598&fund_bill_list=%5B%7B%22amount%22%3A%220.01%22%2C%22fundChannel%22%3A%22ALIPAYACCOUNT%22%7D%5D&notify_type=trade_status_sync&out_trade_no=1234567891444&total_amount=0.01&trade_status=TRADE_SUCCESS&trade_no=2020032422001483850500835258&auth_app_id=2016101800717551&receipt_amount=0.01&point_amount=0.00&app_id=2016101800717551&buyer_pay_amount=0.01&sign_type=RSA2&seller_id=2088102180172158
2020-03-24 18:09:44,605 - Starting PayApplication on Samphanie with PID 17548 (E:\IdeaProjects\pay\target\classes started by ZSY in E:\IdeaProjects\pay)
2020-03-24 18:09:44,613 - No active profile set, falling back to default profiles: default
2020-03-24 18:09:45,987 - Tomcat initialized with port(s): 8080 (http)
2020-03-24 18:09:45,997 - Initializing ProtocolHandler ["http-nio-8080"]
2020-03-24 18:09:45,997 - Starting service [Tomcat]
2020-03-24 18:09:45,998 - Starting Servlet engine: [Apache Tomcat/9.0.31]
2020-03-24 18:09:46,150 - Initializing Spring embedded WebApplicationContext
2020-03-24 18:09:46,150 - Root WebApplicationContext: initialization completed in 1425 ms
2020-03-24 18:09:48,926 - Initializing ExecutorService 'applicationTaskExecutor'
2020-03-24 18:09:49,228 - Starting ProtocolHandler ["http-nio-8080"]
2020-03-24 18:09:49,254 - Tomcat started on port(s): 8080 (http) with context path ''
2020-03-24 18:09:49,257 - Started PayApplication in 5.357 seconds (JVM running for 7.482)
2020-03-24 18:10:16,641 - Initializing Spring DispatcherServlet 'dispatcherServlet'
2020-03-24 18:10:16,641 - Initializing Servlet 'dispatcherServlet'
2020-03-24 18:10:16,650 - Completed initialization in 9 ms
2020-03-24 18:23:51,756 - Starting PayApplication on Samphanie with PID 14384 (E:\IdeaProjects\pay\target\classes started by ZSY in E:\IdeaProjects\pay)
2020-03-24 18:23:51,759 - No active profile set, falling back to default profiles: default
2020-03-24 18:23:52,986 - Tomcat initialized with port(s): 8080 (http)
2020-03-24 18:23:52,994 - Initializing ProtocolHandler ["http-nio-8080"]
2020-03-24 18:23:52,995 - Starting service [Tomcat]
2020-03-24 18:23:52,995 - Starting Servlet engine: [Apache Tomcat/9.0.31]
2020-03-24 18:23:53,155 - Initializing Spring embedded WebApplicationContext
2020-03-24 18:23:53,155 - Root WebApplicationContext: initialization completed in 1303 ms
2020-03-24 18:23:55,829 - Initializing ExecutorService 'applicationTaskExecutor'
2020-03-24 18:23:56,069 - Starting ProtocolHandler ["http-nio-8080"]
2020-03-24 18:23:56,091 - Tomcat started on port(s): 8080 (http) with context path ''
2020-03-24 18:23:56,093 - Started PayApplication in 4.944 seconds (JVM running for 6.986)
2020-03-24 18:24:21,146 - Initializing Spring DispatcherServlet 'dispatcherServlet'
2020-03-24 18:24:21,147 - Initializing Servlet 'dispatcherServlet'
2020-03-24 18:24:21,156 - Completed initialization in 9 ms
2020-03-24 18:24:48,065 - Starting PayApplication on Samphanie with PID 5008 (E:\IdeaProjects\pay\target\classes started by ZSY in E:\IdeaProjects\pay)
2020-03-24 18:24:48,068 - No active profile set, falling back to default profiles: default
2020-03-24 18:24:49,244 - Tomcat initialized with port(s): 8080 (http)
2020-03-24 18:24:49,252 - Initializing ProtocolHandler ["http-nio-8080"]
2020-03-24 18:24:49,252 - Starting service [Tomcat]
2020-03-24 18:24:49,253 - Starting Servlet engine: [Apache Tomcat/9.0.31]
2020-03-24 18:24:49,389 - Initializing Spring embedded WebApplicationContext
2020-03-24 18:24:49,390 - Root WebApplicationContext: initialization completed in 1220 ms
2020-03-24 18:24:51,866 - Initializing ExecutorService 'applicationTaskExecutor'
2020-03-24 18:24:52,108 - Starting ProtocolHandler ["http-nio-8080"]
2020-03-24 18:24:52,133 - Tomcat started on port(s): 8080 (http) with context path ''
2020-03-24 18:24:52,136 - Started PayApplication in 4.657 seconds (JVM running for 6.667)
2020-03-24 18:25:12,875 - Initializing Spring DispatcherServlet 'dispatcherServlet'
2020-03-24 18:25:12,875 - Initializing Servlet 'dispatcherServlet'
2020-03-24 18:25:12,883 - Completed initialization in 8 ms
2020-03-24 18:25:12,988 - HikariPool-1 - Starting...
2020-03-24 18:25:13,130 - HikariPool-1 - Start completed.
2020-03-24 18:25:14,417 - sign content: app_id=2016101800717551&biz_content={"out_trade_no":"1234567894466","total_amount":"0.01","subject":"微信点餐订单","product_code":"FAST_INSTANT_TRADE_PAY"}&charset=utf-8&method=alipay.trade.page.pay&notify_url=http://samphanie.natapp1.cc/pay/notify&return_url=http://www.lanbojy.com&sign_type=RSA2&timestamp=2020-03-24 18:25:14&version=1.0
2020-03-24 18:25:14,443 - 【发起支付】 payResponse=PayResponse(prePayParams=null, payUri=null, appId=null, timeStamp=null, nonceStr=null, packAge=null, signType=null, paySign=null, orderAmount=null, orderId=null, outTradeNo=null, mwebUrl=null, body=<form id='bestPayForm' name="punchout_form" method="post" action="https://openapi.alipaydev.com//gateway.do?charset=utf-8&method=alipay.trade.page.pay&sign=mjtreWl1E%2FOPEi9GW67%2BDLIGT6aNl6YhYH2Ic8Lb4W2QsEaEdzu6B2xwpRag0A52IUje5ZrxPs4N8%2B4Qxl9Htg3xdSsMf4Yvvm%2F3CRxYA00v%2Flh7lvSZExV4I%2BrPQ7dRrsQUKzJhN8zLj8g66Rq%2FlQrYw74m6Ct9XPuj3cIhNCwcO2E8RrrdVXrgafcDjXpyjgff0xQ8Pncw0XRI4GxhMEKAXWbDedCAWm%2BxPhBLBckHez7p13BiKrWcNtS%2F1wfV7xs3a4WV4rBqNMkWUXXNcVJFoxLhIAKGPKQ%2Bn4fvMg27YsJe27pMwPedMknZLydBtmWiS2CnUNBxoC6mlTvgFw%3D%3D&return_url=http%3A%2F%2Fwww.lanbojy.com&notify_url=http%3A%2F%2Fsamphanie.natapp1.cc%2Fpay%2Fnotify&app_id=2016101800717551&sign_type=RSA2&version=1.0&timestamp=2020-03-24+18%3A25%3A14">
<input type="hidden" name="biz_content" value="{&quot;out_trade_no&quot;:&quot;1234567894466&quot;,&quot;total_amount&quot;:&quot;0.01&quot;,&quot;subject&quot;:&quot;微信点餐订单&quot;,&quot;product_code&quot;:&quot;FAST_INSTANT_TRADE_PAY&quot;}">
<input type="submit" value="立即支付" style="display:none" >
</form>
<script>document.getElementById('bestPayForm').submit();</script>, codeUrl=null, attach=null, payPlatformEnum=null, prepayId=null)
2020-03-24 18:26:08,853 - 【异步通知】支付平台的数据request=gmt_create=2020-03-24+18%3A25%3A47&charset=utf-8&gmt_payment=2020-03-24+18%3A25%3A56&notify_time=2020-03-24+18%3A25%3A57&subject=%E5%BE%AE%E4%BF%A1%E7%82%B9%E9%A4%90%E8%AE%A2%E5%8D%95&sign=Le6usra9bXN8lL61FKqsuQcfNqMbFSQAvP0efUesf3NYflkgvGHZBpjKG10nur89fLVT3nU%2BX1MZxgI5hq9MIQWvxf7EZkLysITVwGy3F8eO9GcV%2F5Z1dEeccSrRQuY%2BE3JeayBoHw3qBp%2BR82zd8LC3mZ0ap73TzsFja4rr7fpaqNqoAokX4MkK6ZufIVr5%2BfxIfj9jZ%2BBM5esedSIe%2F8l9qAqpvkB07MIfA%2BRALMeQslnXOuUZ%2BRzuUc7ajMd1ZCynuakOlK%2FIXORQISDEX8Eex%2F7gtUjbE7hXEw8iRU0NCPHnoi1a%2BrVi%2Bz7NBAVPnaT7w11DX8TkF68Cwje3Ng%3D%3D&buyer_id=2088102180583851&invoice_amount=0.01&version=1.0&notify_id=5c9a598fc70a2089ebd66222ede2b3bmk9&fund_bill_list=%5B%7B%22amount%22%3A%220.01%22%2C%22fundChannel%22%3A%22ALIPAYACCOUNT%22%7D%5D&notify_type=trade_status_sync&out_trade_no=1234567894466&total_amount=0.01&trade_status=TRADE_SUCCESS&trade_no=2020032422001483850500835259&auth_app_id=2016101800717551&receipt_amount=0.01&point_amount=0.00&app_id=2016101800717551&buyer_pay_amount=0.01&sign_type=RSA2&seller_id=2088102180172158
2020-03-24 18:35:08,296 - Starting PayApplication on Samphanie with PID 1924 (E:\IdeaProjects\pay\target\classes started by ZSY in E:\IdeaProjects\pay)
2020-03-24 18:35:08,299 - No active profile set, falling back to default profiles: default
2020-03-24 18:35:09,508 - Tomcat initialized with port(s): 8080 (http)
2020-03-24 18:35:09,518 - Initializing ProtocolHandler ["http-nio-8080"]
2020-03-24 18:35:09,519 - Starting service [Tomcat]
2020-03-24 18:35:09,519 - Starting Servlet engine: [Apache Tomcat/9.0.31]
2020-03-24 18:35:09,661 - Initializing Spring embedded WebApplicationContext
2020-03-24 18:35:09,661 - Root WebApplicationContext: initialization completed in 1265 ms
2020-03-24 18:35:12,198 - Initializing ExecutorService 'applicationTaskExecutor'
2020-03-24 18:35:12,454 - Starting ProtocolHandler ["http-nio-8080"]
2020-03-24 18:35:12,475 - Tomcat started on port(s): 8080 (http) with context path ''
2020-03-24 18:35:12,477 - Started PayApplication in 4.805 seconds (JVM running for 6.903)
2020-03-24 18:36:27,253 - Starting PayApplication on Samphanie with PID 8516 (E:\IdeaProjects\pay\target\classes started by ZSY in E:\IdeaProjects\pay)
2020-03-24 18:36:27,257 - No active profile set, falling back to default profiles: default
2020-03-24 18:36:28,518 - Tomcat initialized with port(s): 8080 (http)
2020-03-24 18:36:28,528 - Initializing ProtocolHandler ["http-nio-8080"]
2020-03-24 18:36:28,528 - Starting service [Tomcat]
2020-03-24 18:36:28,529 - Starting Servlet engine: [Apache Tomcat/9.0.31]
2020-03-24 18:36:28,677 - Initializing Spring embedded WebApplicationContext
2020-03-24 18:36:28,677 - Root WebApplicationContext: initialization completed in 1315 ms
2020-03-24 18:36:31,347 - Initializing ExecutorService 'applicationTaskExecutor'
2020-03-24 18:36:31,615 - Starting ProtocolHandler ["http-nio-8080"]
2020-03-24 18:36:31,640 - Tomcat started on port(s): 8080 (http) with context path ''
2020-03-24 18:36:31,643 - Started PayApplication in 5.021 seconds (JVM running for 7.19)
2020-03-24 18:39:35,060 - Initializing Spring DispatcherServlet 'dispatcherServlet'
2020-03-24 18:39:35,060 - Initializing Servlet 'dispatcherServlet'
2020-03-24 18:39:35,068 - Completed initialization in 8 ms
2020-03-24 18:39:35,130 - HikariPool-1 - Starting...
2020-03-24 18:39:35,284 - HikariPool-1 - Start completed.
2020-03-24 18:39:36,571 - sign content: app_id=2016101800717551&biz_content={"out_trade_no":"1234567891444","total_amount":"0.01","subject":"微信点餐订单","product_code":"FAST_INSTANT_TRADE_PAY"}&charset=utf-8&method=alipay.trade.page.pay&notify_url=http://samphanie.natapp1.cc/pay/notify&return_url=http://www.lanbojy.com&sign_type=RSA2&timestamp=2020-03-24 18:39:36&version=1.0
2020-03-24 18:39:36,596 - 【发起支付】 payResponse=PayResponse(prePayParams=null, payUri=null, appId=null, timeStamp=null, nonceStr=null, packAge=null, signType=null, paySign=null, orderAmount=null, orderId=null, outTradeNo=null, mwebUrl=null, body=<form id='bestPayForm' name="punchout_form" method="post" action="https://openapi.alipaydev.com//gateway.do?charset=utf-8&method=alipay.trade.page.pay&sign=BJ3wvamh0oYpreEL1F44KtYEdjMZks2SYbiP4dEG5f9XTX4trYb5X1SeEjUGn9fVxbA4Dc6QcYZkLjuO5MfRJZm6VtMIoq2sRBw5Br9TQurMCLXPsfFa2aMtqoCI6Jxglf9aprA0x%2BTkly%2Bv1j2kcIsspIhKAyQxa3s%2FQw5uhma%2FrfKmKbj568viR%2FBuMbLophsH0teDVRma5%2Fe3Z6l6QAe4jTDZAtN1vacEeBsoRNtykjrpCzh4yI4fmNr6uIEP8Um%2FhNbJ2zRqfY5MkxXyWn%2Fw3yUkMBauCC9tXG7XZUKbmf8KspMNW6zL5V4fR4kWfa4GDmRl1Zd5EZCYwvofQw%3D%3D&return_url=http%3A%2F%2Fwww.lanbojy.com&notify_url=http%3A%2F%2Fsamphanie.natapp1.cc%2Fpay%2Fnotify&app_id=2016101800717551&sign_type=RSA2&version=1.0&timestamp=2020-03-24+18%3A39%3A36">
<input type="hidden" name="biz_content" value="{&quot;out_trade_no&quot;:&quot;1234567891444&quot;,&quot;total_amount&quot;:&quot;0.01&quot;,&quot;subject&quot;:&quot;微信点餐订单&quot;,&quot;product_code&quot;:&quot;FAST_INSTANT_TRADE_PAY&quot;}">
<input type="submit" value="立即支付" style="display:none" >
</form>
<script>document.getElementById('bestPayForm').submit();</script>, codeUrl=null, attach=null, payPlatformEnum=null, prepayId=null)
2020-03-24 18:39:48,018 - sign content: app_id=2016101800717551&biz_content={"out_trade_no":"123456789444444","total_amount":"0.01","subject":"微信点餐订单","product_code":"FAST_INSTANT_TRADE_PAY"}&charset=utf-8&method=alipay.trade.page.pay&notify_url=http://samphanie.natapp1.cc/pay/notify&return_url=http://www.lanbojy.com&sign_type=RSA2&timestamp=2020-03-24 18:39:48&version=1.0
2020-03-24 18:39:48,039 - 【发起支付】 payResponse=PayResponse(prePayParams=null, payUri=null, appId=null, timeStamp=null, nonceStr=null, packAge=null, signType=null, paySign=null, orderAmount=null, orderId=null, outTradeNo=null, mwebUrl=null, body=<form id='bestPayForm' name="punchout_form" method="post" action="https://openapi.alipaydev.com//gateway.do?charset=utf-8&method=alipay.trade.page.pay&sign=GcxR1MRlBo1H8MhPbdQcDrKtd7vNeLmSNbAF%2F9uv8VtKzSXNqPhzIuZqnv6q3IhOwGCUcdc4MOYQMklZRkWIFmh7AUqMSnXT4hKjtNmzPFWO1AEdvjhzHbrGFua0hDGHpDlIz4Fu27XrQfJQPNAtuARqo9DT8lcwpTY%2FOEEYm5xCGIDw5t1phq0dcO9f9vn9EA%2FhMZnXlTcZAA8LZJcginQPaK%2FO220KcCmeqrmymIMAbXNiySq9MgPGrn13WduTIfprLdfOZgQmEScw4AqAT0vIzytBiqdZvkfld%2FiB9m9aLicf3ldiK%2BkCnaUCfl5ATR1YfoXoWkt51LcBk3WY5g%3D%3D&return_url=http%3A%2F%2Fwww.lanbojy.com&notify_url=http%3A%2F%2Fsamphanie.natapp1.cc%2Fpay%2Fnotify&app_id=2016101800717551&sign_type=RSA2&version=1.0&timestamp=2020-03-24+18%3A39%3A48">
<input type="hidden" name="biz_content" value="{&quot;out_trade_no&quot;:&quot;123456789444444&quot;,&quot;total_amount&quot;:&quot;0.01&quot;,&quot;subject&quot;:&quot;微信点餐订单&quot;,&quot;product_code&quot;:&quot;FAST_INSTANT_TRADE_PAY&quot;}">
<input type="submit" value="立即支付" style="display:none" >
</form>
<script>document.getElementById('bestPayForm').submit();</script>, codeUrl=null, attach=null, payPlatformEnum=null, prepayId=null)
2020-03-24 18:40:15,698 - 【异步通知】支付平台的数据request=gmt_create=2020-03-24+18%3A39%3A51&charset=utf-8&gmt_payment=2020-03-24+18%3A40%3A01&notify_time=2020-03-24+18%3A40%3A04&subject=%E5%BE%AE%E4%BF%A1%E7%82%B9%E9%A4%90%E8%AE%A2%E5%8D%95&sign=bH%2BgtLrDFmWmwoGMnqIXmev9jes9aXq4RVgShTPPYyP9np2W9B6OupJ9gXmVCvn03m3IpY9zJT9Jz9emt4hDEml5sC7D6NjqsWZAWRdugUSHAXHBVU1m4iHjiTZ2yBBnYfqONISAivNgCspveB3n6UztbAq1jr2Yzk1ADqV8IsnFOytlOXfrMzgxTqVrZsTpYFqGI0WYKn5ooAfvsO3tZUXHMiiuRayyM1LFPhOxACesqm%2Bs%2B9%2FFkbckds6G3WPZd8mISiBTmdXvlyeadQwu2RJCykpHoBHrenCE1kG15RnbTehxYPCbea8L%2BDg8cqunXMchsvsm4lzHz8Wd0CaNtw%3D%3D&buyer_id=2088102180583851&invoice_amount=0.01&version=1.0&notify_id=2020032400222184002083850505044140&fund_bill_list=%5B%7B%22amount%22%3A%220.01%22%2C%22fundChannel%22%3A%22ALIPAYACCOUNT%22%7D%5D&notify_type=trade_status_sync&out_trade_no=123456789444444&total_amount=0.01&trade_status=TRADE_SUCCESS&trade_no=2020032422001483850500835260&auth_app_id=2016101800717551&receipt_amount=0.01&point_amount=0.00&app_id=2016101800717551&buyer_pay_amount=0.01&sign_type=RSA2&seller_id=2088102180172158
