2020-03-31 09:44:52.348 [main] INFO  com.samphanie.mall.service.ICartServiceTest - Starting ICartServiceTest on Samphanie with PID 7780 (started by ZSY in E:\IdeaProjects\mall)
2020-03-31 09:44:52.350 [main] INFO  com.samphanie.mall.service.ICartServiceTest - No active profile set, falling back to default profiles: default
2020-03-31 09:44:57.658 [main] INFO  o.s.d.r.config.RepositoryConfigurationDelegate - Multiple Spring Data modules found, entering strict repository configuration mode!
2020-03-31 09:44:57.683 [main] INFO  o.s.d.r.config.RepositoryConfigurationDelegate - Bootstrapping Spring Data Redis repositories in DEFAULT mode.
2020-03-31 09:44:58.193 [main] INFO  o.s.d.r.config.RepositoryConfigurationDelegate - Finished Spring Data repository scanning in 93ms. Found 0 Redis repository interfaces.
2020-03-31 09:45:10.096 [main] INFO  o.s.scheduling.concurrent.ThreadPoolTaskExecutor - Initializing ExecutorService 'applicationTaskExecutor'
2020-03-31 09:45:12.067 [main] INFO  io.lettuce.core.EpollProvider - Starting without optional epoll library
2020-03-31 09:45:12.068 [main] INFO  io.lettuce.core.KqueueProvider - Starting without optional kqueue library
2020-03-31 09:45:18.068 [main] INFO  o.s.s.a.ScheduledAnnotationBeanPostProcessor - No TaskScheduler/ScheduledExecutorService bean found for scheduled processing
2020-03-31 09:45:18.080 [main] INFO  com.samphanie.mall.service.ICartServiceTest - Started ICartServiceTest in 27.891 seconds (JVM running for 32.148)
2020-03-31 09:45:19.337 [main] INFO  com.zaxxer.hikari.HikariDataSource - HikariPool-1 - Starting...
2020-03-31 09:45:19.706 [main] INFO  com.zaxxer.hikari.HikariDataSource - HikariPool-1 - Start completed.
2020-03-31 09:45:19.805 [main] INFO  com.samphanie.mall.service.ICartServiceTest - responseVo={
  "code": 0,
  "msg": "成功",
  "data": {
    "cartProductVoList": [
      {
        "productId": 26,
        "quantity": 10,
        "productName": "Apple iPhone 7 Plus (A1661) 128G 玫瑰金色 移动联通电信4G手机",
        "productSubtitle": "iPhone 7，现更以红色呈现。",
        "productMainImage": "http://img.springboot.cn/241997c4-9e62-4824-b7f0-7425c3c28917.jpeg",
        "productPrice": 6999.00,
        "productStatus": 1,
        "productTotalPrice": 69990.00,
        "productStock": 96,
        "productSelected": true
      },
      {
        "productId": 27,
        "quantity": 2,
        "productName": "Midea/美的 BCD-535WKZM(E)冰箱双开门对开门风冷无霜智能电家用",
        "productSubtitle": "送品牌烤箱，五一大促",
        "productMainImage": "http://img.springboot.cn/ac3e571d-13ce-4fad-89e8-c92c2eccf536.jpeg",
        "productPrice": 3299.00,
        "productStatus": 1,
        "productTotalPrice": 6598.00,
        "productStock": 99,
        "productSelected": true
      },
      {
        "productId": 29,
        "quantity": 1,
        "productName": "Haier/海尔HJ100-1HU1 10公斤滚筒洗衣机全自动带烘干家用大容量 洗烘一体",
        "productSubtitle": "门店机型 德邦送货",
        "productMainImage": "http://img.springboot.cn/173335a4-5dce-4afd-9f18-a10623724c4e.jpeg",
        "productPrice": 4299.00,
        "productStatus": 1,
        "productTotalPrice": 4299.00,
        "productStock": 100,
        "productSelected": true
      }
    ],
    "selectedAll": true,
    "cartTotalPrice": 80887.00,
    "cartTotalQuantity": 13
  }
}
2020-03-31 09:45:19.908 [SpringContextShutdownHook] INFO  o.s.scheduling.concurrent.ThreadPoolTaskExecutor - Shutting down ExecutorService 'applicationTaskExecutor'
2020-03-31 09:45:20.036 [SpringContextShutdownHook] INFO  com.zaxxer.hikari.HikariDataSource - HikariPool-1 - Shutdown initiated...
2020-03-31 09:45:20.050 [SpringContextShutdownHook] INFO  com.zaxxer.hikari.HikariDataSource - HikariPool-1 - Shutdown completed.
2020-03-31 09:45:53.595 [main] INFO  com.samphanie.mall.service.ICartServiceTest - Starting ICartServiceTest on Samphanie with PID 11220 (started by ZSY in E:\IdeaProjects\mall)
2020-03-31 09:45:53.596 [main] INFO  com.samphanie.mall.service.ICartServiceTest - No active profile set, falling back to default profiles: default
2020-03-31 09:45:54.596 [main] INFO  o.s.d.r.config.RepositoryConfigurationDelegate - Multiple Spring Data modules found, entering strict repository configuration mode!
2020-03-31 09:45:54.599 [main] INFO  o.s.d.r.config.RepositoryConfigurationDelegate - Bootstrapping Spring Data Redis repositories in DEFAULT mode.
2020-03-31 09:45:54.659 [main] INFO  o.s.d.r.config.RepositoryConfigurationDelegate - Finished Spring Data repository scanning in 35ms. Found 0 Redis repository interfaces.
2020-03-31 09:46:00.722 [main] INFO  o.s.scheduling.concurrent.ThreadPoolTaskExecutor - Initializing ExecutorService 'applicationTaskExecutor'
2020-03-31 09:46:01.749 [main] INFO  io.lettuce.core.EpollProvider - Starting without optional epoll library
2020-03-31 09:46:01.750 [main] INFO  io.lettuce.core.KqueueProvider - Starting without optional kqueue library
2020-03-31 09:46:07.725 [main] INFO  o.s.s.a.ScheduledAnnotationBeanPostProcessor - No TaskScheduler/ScheduledExecutorService bean found for scheduled processing
2020-03-31 09:46:07.737 [main] INFO  com.samphanie.mall.service.ICartServiceTest - Started ICartServiceTest in 14.661 seconds (JVM running for 16.258)
2020-03-31 09:46:08.245 [main] INFO  com.zaxxer.hikari.HikariDataSource - HikariPool-1 - Starting...
2020-03-31 09:46:08.467 [main] INFO  com.zaxxer.hikari.HikariDataSource - HikariPool-1 - Start completed.
2020-03-31 09:46:08.558 [main] INFO  com.samphanie.mall.service.ICartServiceTest - responseVo={
  "code": 0,
  "msg": "成功",
  "data": {
    "cartProductVoList": [
      {
        "productId": 26,
        "quantity": 5,
        "productName": "Apple iPhone 7 Plus (A1661) 128G 玫瑰金色 移动联通电信4G手机",
        "productSubtitle": "iPhone 7，现更以红色呈现。",
        "productMainImage": "http://img.springboot.cn/241997c4-9e62-4824-b7f0-7425c3c28917.jpeg",
        "productPrice": 6999.00,
        "productStatus": 1,
        "productTotalPrice": 34995.00,
        "productStock": 96,
        "productSelected": false
      },
      {
        "productId": 27,
        "quantity": 2,
        "productName": "Midea/美的 BCD-535WKZM(E)冰箱双开门对开门风冷无霜智能电家用",
        "productSubtitle": "送品牌烤箱，五一大促",
        "productMainImage": "http://img.springboot.cn/ac3e571d-13ce-4fad-89e8-c92c2eccf536.jpeg",
        "productPrice": 3299.00,
        "productStatus": 1,
        "productTotalPrice": 6598.00,
        "productStock": 99,
        "productSelected": true
      },
      {
        "productId": 29,
        "quantity": 1,
        "productName": "Haier/海尔HJ100-1HU1 10公斤滚筒洗衣机全自动带烘干家用大容量 洗烘一体",
        "productSubtitle": "门店机型 德邦送货",
        "productMainImage": "http://img.springboot.cn/173335a4-5dce-4afd-9f18-a10623724c4e.jpeg",
        "productPrice": 4299.00,
        "productStatus": 1,
        "productTotalPrice": 4299.00,
        "productStock": 100,
        "productSelected": true
      }
    ],
    "selectedAll": false,
    "cartTotalPrice": 10897.00,
    "cartTotalQuantity": 8
  }
}
2020-03-31 09:46:08.599 [SpringContextShutdownHook] INFO  o.s.scheduling.concurrent.ThreadPoolTaskExecutor - Shutting down ExecutorService 'applicationTaskExecutor'
2020-03-31 09:46:08.732 [SpringContextShutdownHook] INFO  com.zaxxer.hikari.HikariDataSource - HikariPool-1 - Shutdown initiated...
2020-03-31 09:46:08.752 [SpringContextShutdownHook] INFO  com.zaxxer.hikari.HikariDataSource - HikariPool-1 - Shutdown completed.
2020-03-31 10:12:29.932 [main] INFO  com.samphanie.mall.service.ICartServiceTest - Starting ICartServiceTest on Samphanie with PID 7272 (started by ZSY in E:\IdeaProjects\mall)
2020-03-31 10:12:29.934 [main] INFO  com.samphanie.mall.service.ICartServiceTest - No active profile set, falling back to default profiles: default
2020-03-31 10:12:30.865 [main] INFO  o.s.d.r.config.RepositoryConfigurationDelegate - Multiple Spring Data modules found, entering strict repository configuration mode!
2020-03-31 10:12:30.868 [main] INFO  o.s.d.r.config.RepositoryConfigurationDelegate - Bootstrapping Spring Data Redis repositories in DEFAULT mode.
2020-03-31 10:12:30.933 [main] INFO  o.s.d.r.config.RepositoryConfigurationDelegate - Finished Spring Data repository scanning in 39ms. Found 0 Redis repository interfaces.
2020-03-31 10:12:37.137 [main] INFO  o.s.scheduling.concurrent.ThreadPoolTaskExecutor - Initializing ExecutorService 'applicationTaskExecutor'
2020-03-31 10:12:38.137 [main] INFO  io.lettuce.core.EpollProvider - Starting without optional epoll library
2020-03-31 10:12:38.140 [main] INFO  io.lettuce.core.KqueueProvider - Starting without optional kqueue library
2020-03-31 10:12:44.147 [main] INFO  o.s.s.a.ScheduledAnnotationBeanPostProcessor - No TaskScheduler/ScheduledExecutorService bean found for scheduled processing
2020-03-31 10:12:44.159 [main] INFO  com.samphanie.mall.service.ICartServiceTest - Started ICartServiceTest in 14.805 seconds (JVM running for 16.435)
2020-03-31 10:12:44.655 [main] INFO  com.zaxxer.hikari.HikariDataSource - HikariPool-1 - Starting...
2020-03-31 10:12:44.866 [main] INFO  com.zaxxer.hikari.HikariDataSource - HikariPool-1 - Start completed.
2020-03-31 10:12:44.959 [main] INFO  com.samphanie.mall.service.ICartServiceTest - responseVo={
  "code": 0,
  "msg": "成功",
  "data": {
    "cartProductVoList": [
      {
        "productId": 27,
        "quantity": 2,
        "productName": "Midea/美的 BCD-535WKZM(E)冰箱双开门对开门风冷无霜智能电家用",
        "productSubtitle": "送品牌烤箱，五一大促",
        "productMainImage": "http://img.springboot.cn/ac3e571d-13ce-4fad-89e8-c92c2eccf536.jpeg",
        "productPrice": 3299.00,
        "productStatus": 1,
        "productTotalPrice": 6598.00,
        "productStock": 99,
        "productSelected": true
      },
      {
        "productId": 29,
        "quantity": 1,
        "productName": "Haier/海尔HJ100-1HU1 10公斤滚筒洗衣机全自动带烘干家用大容量 洗烘一体",
        "productSubtitle": "门店机型 德邦送货",
        "productMainImage": "http://img.springboot.cn/173335a4-5dce-4afd-9f18-a10623724c4e.jpeg",
        "productPrice": 4299.00,
        "productStatus": 1,
        "productTotalPrice": 4299.00,
        "productStock": 100,
        "productSelected": true
      }
    ],
    "selectedAll": true,
    "cartTotalPrice": 10897.00,
    "cartTotalQuantity": 3
  }
}
2020-03-31 10:12:44.994 [SpringContextShutdownHook] INFO  o.s.scheduling.concurrent.ThreadPoolTaskExecutor - Shutting down ExecutorService 'applicationTaskExecutor'
2020-03-31 10:12:45.125 [SpringContextShutdownHook] INFO  com.zaxxer.hikari.HikariDataSource - HikariPool-1 - Shutdown initiated...
2020-03-31 10:12:45.143 [SpringContextShutdownHook] INFO  com.zaxxer.hikari.HikariDataSource - HikariPool-1 - Shutdown completed.
2020-03-31 11:09:07.364 [main] INFO  com.samphanie.mall.service.ICartServiceTest - Starting ICartServiceTest on Samphanie with PID 14520 (started by ZSY in E:\IdeaProjects\mall)
2020-03-31 11:09:07.366 [main] INFO  com.samphanie.mall.service.ICartServiceTest - No active profile set, falling back to default profiles: default
2020-03-31 11:09:08.278 [main] INFO  o.s.d.r.config.RepositoryConfigurationDelegate - Multiple Spring Data modules found, entering strict repository configuration mode!
2020-03-31 11:09:08.281 [main] INFO  o.s.d.r.config.RepositoryConfigurationDelegate - Bootstrapping Spring Data Redis repositories in DEFAULT mode.
2020-03-31 11:09:08.335 [main] INFO  o.s.d.r.config.RepositoryConfigurationDelegate - Finished Spring Data repository scanning in 34ms. Found 0 Redis repository interfaces.
2020-03-31 11:09:14.325 [main] INFO  o.s.scheduling.concurrent.ThreadPoolTaskExecutor - Initializing ExecutorService 'applicationTaskExecutor'
2020-03-31 11:09:15.325 [main] INFO  io.lettuce.core.EpollProvider - Starting without optional epoll library
2020-03-31 11:09:15.327 [main] INFO  io.lettuce.core.KqueueProvider - Starting without optional kqueue library
2020-03-31 11:09:21.430 [main] INFO  o.s.s.a.ScheduledAnnotationBeanPostProcessor - No TaskScheduler/ScheduledExecutorService bean found for scheduled processing
2020-03-31 11:09:21.444 [main] INFO  com.samphanie.mall.service.ICartServiceTest - Started ICartServiceTest in 14.588 seconds (JVM running for 16.106)
2020-03-31 11:09:21.976 [main] INFO  com.zaxxer.hikari.HikariDataSource - HikariPool-1 - Starting...
2020-03-31 11:09:22.222 [main] INFO  com.zaxxer.hikari.HikariDataSource - HikariPool-1 - Start completed.
2020-03-31 11:09:22.318 [main] INFO  com.samphanie.mall.service.ICartServiceTest - responseVo={
  "code": 0,
  "msg": "成功",
  "data": {
    "cartProductVoList": [
      {
        "productId": 27,
        "quantity": 2,
        "productName": "Midea/美的 BCD-535WKZM(E)冰箱双开门对开门风冷无霜智能电家用",
        "productSubtitle": "送品牌烤箱，五一大促",
        "productMainImage": "http://img.springboot.cn/ac3e571d-13ce-4fad-89e8-c92c2eccf536.jpeg",
        "productPrice": 3299.00,
        "productStatus": 1,
        "productTotalPrice": 6598.00,
        "productStock": 99,
        "productSelected": true
      },
      {
        "productId": 29,
        "quantity": 1,
        "productName": "Haier/海尔HJ100-1HU1 10公斤滚筒洗衣机全自动带烘干家用大容量 洗烘一体",
        "productSubtitle": "门店机型 德邦送货",
        "productMainImage": "http://img.springboot.cn/173335a4-5dce-4afd-9f18-a10623724c4e.jpeg",
        "productPrice": 4299.00,
        "productStatus": 1,
        "productTotalPrice": 4299.00,
        "productStock": 100,
        "productSelected": true
      }
    ],
    "selectedAll": true,
    "cartTotalPrice": 10897.00,
    "cartTotalQuantity": 3
  }
}
2020-03-31 11:09:22.357 [SpringContextShutdownHook] INFO  o.s.scheduling.concurrent.ThreadPoolTaskExecutor - Shutting down ExecutorService 'applicationTaskExecutor'
2020-03-31 11:09:22.493 [SpringContextShutdownHook] INFO  com.zaxxer.hikari.HikariDataSource - HikariPool-1 - Shutdown initiated...
2020-03-31 11:09:22.513 [SpringContextShutdownHook] INFO  com.zaxxer.hikari.HikariDataSource - HikariPool-1 - Shutdown completed.
2020-03-31 11:09:35.811 [main] INFO  com.samphanie.mall.service.ICartServiceTest - Starting ICartServiceTest on Samphanie with PID 9716 (started by ZSY in E:\IdeaProjects\mall)
2020-03-31 11:09:35.812 [main] INFO  com.samphanie.mall.service.ICartServiceTest - No active profile set, falling back to default profiles: default
2020-03-31 11:09:36.721 [main] INFO  o.s.d.r.config.RepositoryConfigurationDelegate - Multiple Spring Data modules found, entering strict repository configuration mode!
2020-03-31 11:09:36.725 [main] INFO  o.s.d.r.config.RepositoryConfigurationDelegate - Bootstrapping Spring Data Redis repositories in DEFAULT mode.
2020-03-31 11:09:36.780 [main] INFO  o.s.d.r.config.RepositoryConfigurationDelegate - Finished Spring Data repository scanning in 37ms. Found 0 Redis repository interfaces.
2020-03-31 11:09:43.214 [main] INFO  o.s.scheduling.concurrent.ThreadPoolTaskExecutor - Initializing ExecutorService 'applicationTaskExecutor'
2020-03-31 11:09:44.232 [main] INFO  io.lettuce.core.EpollProvider - Starting without optional epoll library
2020-03-31 11:09:44.233 [main] INFO  io.lettuce.core.KqueueProvider - Starting without optional kqueue library
2020-03-31 11:09:50.205 [main] INFO  o.s.s.a.ScheduledAnnotationBeanPostProcessor - No TaskScheduler/ScheduledExecutorService bean found for scheduled processing
2020-03-31 11:09:50.216 [main] INFO  com.samphanie.mall.service.ICartServiceTest - Started ICartServiceTest in 14.879 seconds (JVM running for 16.382)
2020-03-31 11:09:50.720 [main] INFO  com.zaxxer.hikari.HikariDataSource - HikariPool-1 - Starting...
2020-03-31 11:09:50.933 [main] INFO  com.zaxxer.hikari.HikariDataSource - HikariPool-1 - Start completed.
2020-03-31 11:09:51.021 [main] INFO  com.samphanie.mall.service.ICartServiceTest - responseVo={
  "code": 0,
  "msg": "成功",
  "data": {
    "cartProductVoList": [
      {
        "productId": 27,
        "quantity": 2,
        "productName": "Midea/美的 BCD-535WKZM(E)冰箱双开门对开门风冷无霜智能电家用",
        "productSubtitle": "送品牌烤箱，五一大促",
        "productMainImage": "http://img.springboot.cn/ac3e571d-13ce-4fad-89e8-c92c2eccf536.jpeg",
        "productPrice": 3299.00,
        "productStatus": 1,
        "productTotalPrice": 6598.00,
        "productStock": 99,
        "productSelected": false
      },
      {
        "productId": 29,
        "quantity": 1,
        "productName": "Haier/海尔HJ100-1HU1 10公斤滚筒洗衣机全自动带烘干家用大容量 洗烘一体",
        "productSubtitle": "门店机型 德邦送货",
        "productMainImage": "http://img.springboot.cn/173335a4-5dce-4afd-9f18-a10623724c4e.jpeg",
        "productPrice": 4299.00,
        "productStatus": 1,
        "productTotalPrice": 4299.00,
        "productStock": 100,
        "productSelected": false
      }
    ],
    "selectedAll": false,
    "cartTotalPrice": 0,
    "cartTotalQuantity": 3
  }
}
2020-03-31 11:09:51.050 [SpringContextShutdownHook] INFO  o.s.scheduling.concurrent.ThreadPoolTaskExecutor - Shutting down ExecutorService 'applicationTaskExecutor'
2020-03-31 11:09:51.177 [SpringContextShutdownHook] INFO  com.zaxxer.hikari.HikariDataSource - HikariPool-1 - Shutdown initiated...
2020-03-31 11:09:51.193 [SpringContextShutdownHook] INFO  com.zaxxer.hikari.HikariDataSource - HikariPool-1 - Shutdown completed.
2020-03-31 11:10:06.434 [main] INFO  com.samphanie.mall.service.ICartServiceTest - Starting ICartServiceTest on Samphanie with PID 7980 (started by ZSY in E:\IdeaProjects\mall)
2020-03-31 11:10:06.435 [main] INFO  com.samphanie.mall.service.ICartServiceTest - No active profile set, falling back to default profiles: default
2020-03-31 11:10:07.391 [main] INFO  o.s.d.r.config.RepositoryConfigurationDelegate - Multiple Spring Data modules found, entering strict repository configuration mode!
2020-03-31 11:10:07.395 [main] INFO  o.s.d.r.config.RepositoryConfigurationDelegate - Bootstrapping Spring Data Redis repositories in DEFAULT mode.
2020-03-31 11:10:07.454 [main] INFO  o.s.d.r.config.RepositoryConfigurationDelegate - Finished Spring Data repository scanning in 38ms. Found 0 Redis repository interfaces.
2020-03-31 11:10:13.263 [main] INFO  o.s.scheduling.concurrent.ThreadPoolTaskExecutor - Initializing ExecutorService 'applicationTaskExecutor'
2020-03-31 11:10:14.217 [main] INFO  io.lettuce.core.EpollProvider - Starting without optional epoll library
2020-03-31 11:10:14.219 [main] INFO  io.lettuce.core.KqueueProvider - Starting without optional kqueue library
2020-03-31 11:10:19.978 [main] INFO  o.s.s.a.ScheduledAnnotationBeanPostProcessor - No TaskScheduler/ScheduledExecutorService bean found for scheduled processing
2020-03-31 11:10:19.990 [main] INFO  com.samphanie.mall.service.ICartServiceTest - Started ICartServiceTest in 14.056 seconds (JVM running for 15.516)
2020-03-31 11:10:20.419 [main] INFO  com.samphanie.mall.service.ICartServiceTest - responseVo={
  "code": 0,
  "msg": "成功",
  "data": 3
}
2020-03-31 11:10:20.442 [SpringContextShutdownHook] INFO  o.s.scheduling.concurrent.ThreadPoolTaskExecutor - Shutting down ExecutorService 'applicationTaskExecutor'
2020-03-31 11:14:49.763 [main] INFO  com.samphanie.mall.service.ICartServiceTest - Starting ICartServiceTest on Samphanie with PID 15516 (started by ZSY in E:\IdeaProjects\mall)
2020-03-31 11:14:49.765 [main] INFO  com.samphanie.mall.service.ICartServiceTest - No active profile set, falling back to default profiles: default
2020-03-31 11:14:50.678 [main] INFO  o.s.d.r.config.RepositoryConfigurationDelegate - Multiple Spring Data modules found, entering strict repository configuration mode!
2020-03-31 11:14:50.682 [main] INFO  o.s.d.r.config.RepositoryConfigurationDelegate - Bootstrapping Spring Data Redis repositories in DEFAULT mode.
2020-03-31 11:14:50.741 [main] INFO  o.s.d.r.config.RepositoryConfigurationDelegate - Finished Spring Data repository scanning in 36ms. Found 0 Redis repository interfaces.
2020-03-31 11:14:56.598 [main] INFO  o.s.scheduling.concurrent.ThreadPoolTaskExecutor - Initializing ExecutorService 'applicationTaskExecutor'
2020-03-31 11:14:57.597 [main] INFO  io.lettuce.core.EpollProvider - Starting without optional epoll library
2020-03-31 11:14:57.599 [main] INFO  io.lettuce.core.KqueueProvider - Starting without optional kqueue library
2020-03-31 11:15:03.453 [main] INFO  o.s.s.a.ScheduledAnnotationBeanPostProcessor - No TaskScheduler/ScheduledExecutorService bean found for scheduled processing
2020-03-31 11:15:03.463 [main] INFO  com.samphanie.mall.service.ICartServiceTest - Started ICartServiceTest in 14.231 seconds (JVM running for 15.807)
2020-03-31 11:15:03.891 [main] INFO  com.zaxxer.hikari.HikariDataSource - HikariPool-1 - Starting...
2020-03-31 11:15:04.104 [main] INFO  com.zaxxer.hikari.HikariDataSource - HikariPool-1 - Start completed.
2020-03-31 11:15:04.292 [main] INFO  com.samphanie.mall.service.ICartServiceTest - responseVo={
  "code": 0,
  "msg": "成功",
  "data": {
    "cartProductVoList": [
      {
        "productId": 26,
        "quantity": 1,
        "productName": "Apple iPhone 7 Plus (A1661) 128G 玫瑰金色 移动联通电信4G手机",
        "productSubtitle": "iPhone 7，现更以红色呈现。",
        "productMainImage": "http://img.springboot.cn/241997c4-9e62-4824-b7f0-7425c3c28917.jpeg",
        "productPrice": 6999.00,
        "productStatus": 1,
        "productTotalPrice": 6999.00,
        "productStock": 96,
        "productSelected": false
      }
    ],
    "selectedAll": false,
    "cartTotalPrice": 0,
    "cartTotalQuantity": 1
  }
}
2020-03-31 11:15:04.307 [main] INFO  com.samphanie.mall.service.ICartServiceTest - responseVo={
  "code": 0,
  "msg": "成功",
  "data": {
    "cartProductVoList": [
      {
        "productId": 26,
        "quantity": 1,
        "productName": "Apple iPhone 7 Plus (A1661) 128G 玫瑰金色 移动联通电信4G手机",
        "productSubtitle": "iPhone 7，现更以红色呈现。",
        "productMainImage": "http://img.springboot.cn/241997c4-9e62-4824-b7f0-7425c3c28917.jpeg",
        "productPrice": 6999.00,
        "productStatus": 1,
        "productTotalPrice": 6999.00,
        "productStock": 96,
        "productSelected": true
      }
    ],
    "selectedAll": true,
    "cartTotalPrice": 6999.00,
    "cartTotalQuantity": 1
  }
}
2020-03-31 11:15:04.337 [main] INFO  com.samphanie.mall.service.ICartServiceTest - responseVo={
  "code": 0,
  "msg": "成功",
  "data": {
    "cartProductVoList": [
      {
        "productId": 26,
        "quantity": 2,
        "productName": "Apple iPhone 7 Plus (A1661) 128G 玫瑰金色 移动联通电信4G手机",
        "productSubtitle": "iPhone 7，现更以红色呈现。",
        "productMainImage": "http://img.springboot.cn/241997c4-9e62-4824-b7f0-7425c3c28917.jpeg",
        "productPrice": 6999.00,
        "productStatus": 1,
        "productTotalPrice": 13998.00,
        "productStock": 96,
        "productSelected": true
      }
    ],
    "selectedAll": true,
    "cartTotalPrice": 13998.00,
    "cartTotalQuantity": 2
  }
}
2020-03-31 11:15:04.415 [main] INFO  com.samphanie.mall.service.ICartServiceTest - responseVo={
  "code": 0,
  "msg": "成功",
  "data": {
    "cartProductVoList": [
      {
        "productId": 26,
        "quantity": 1,
        "productName": "Apple iPhone 7 Plus (A1661) 128G 玫瑰金色 移动联通电信4G手机",
        "productSubtitle": "iPhone 7，现更以红色呈现。",
        "productMainImage": "http://img.springboot.cn/241997c4-9e62-4824-b7f0-7425c3c28917.jpeg",
        "productPrice": 6999.00,
        "productStatus": 1,
        "productTotalPrice": 6999.00,
        "productStock": 96,
        "productSelected": false
      }
    ],
    "selectedAll": false,
    "cartTotalPrice": 0,
    "cartTotalQuantity": 1
  }
}
2020-03-31 11:15:04.424 [main] INFO  com.samphanie.mall.service.ICartServiceTest - responseVo={
  "code": 0,
  "msg": "成功",
  "data": {
    "cartProductVoList": [
      {
        "productId": 26,
        "quantity": 5,
        "productName": "Apple iPhone 7 Plus (A1661) 128G 玫瑰金色 移动联通电信4G手机",
        "productSubtitle": "iPhone 7，现更以红色呈现。",
        "productMainImage": "http://img.springboot.cn/241997c4-9e62-4824-b7f0-7425c3c28917.jpeg",
        "productPrice": 6999.00,
        "productStatus": 1,
        "productTotalPrice": 34995.00,
        "productStock": 96,
        "productSelected": false
      }
    ],
    "selectedAll": false,
    "cartTotalPrice": 0,
    "cartTotalQuantity": 5
  }
}
2020-03-31 11:15:04.446 [main] INFO  com.samphanie.mall.service.ICartServiceTest - responseVo={
  "code": 0,
  "msg": "成功",
  "data": {
    "cartProductVoList": [
      {
        "productId": 26,
        "quantity": 6,
        "productName": "Apple iPhone 7 Plus (A1661) 128G 玫瑰金色 移动联通电信4G手机",
        "productSubtitle": "iPhone 7，现更以红色呈现。",
        "productMainImage": "http://img.springboot.cn/241997c4-9e62-4824-b7f0-7425c3c28917.jpeg",
        "productPrice": 6999.00,
        "productStatus": 1,
        "productTotalPrice": 41994.00,
        "productStock": 96,
        "productSelected": false
      }
    ],
    "selectedAll": false,
    "cartTotalPrice": 0,
    "cartTotalQuantity": 6
  }
}
2020-03-31 11:15:04.462 [main] INFO  com.samphanie.mall.service.ICartServiceTest - responseVo={
  "code": 0,
  "msg": "成功",
  "data": {
    "cartProductVoList": [
      {
        "productId": 26,
        "quantity": 7,
        "productName": "Apple iPhone 7 Plus (A1661) 128G 玫瑰金色 移动联通电信4G手机",
        "productSubtitle": "iPhone 7，现更以红色呈现。",
        "productMainImage": "http://img.springboot.cn/241997c4-9e62-4824-b7f0-7425c3c28917.jpeg",
        "productPrice": 6999.00,
        "productStatus": 1,
        "productTotalPrice": 48993.00,
        "productStock": 96,
        "productSelected": false
      }
    ],
    "selectedAll": false,
    "cartTotalPrice": 0,
    "cartTotalQuantity": 7
  }
}
2020-03-31 11:15:04.480 [main] INFO  com.samphanie.mall.service.ICartServiceTest - responseVo={
  "code": 0,
  "msg": "成功",
  "data": {
    "cartProductVoList": [
      {
        "productId": 26,
        "quantity": 8,
        "productName": "Apple iPhone 7 Plus (A1661) 128G 玫瑰金色 移动联通电信4G手机",
        "productSubtitle": "iPhone 7，现更以红色呈现。",
        "productMainImage": "http://img.springboot.cn/241997c4-9e62-4824-b7f0-7425c3c28917.jpeg",
        "productPrice": 6999.00,
        "productStatus": 1,
        "productTotalPrice": 55992.00,
        "productStock": 96,
        "productSelected": false
      }
    ],
    "selectedAll": false,
    "cartTotalPrice": 0,
    "cartTotalQuantity": 8
  }
}
2020-03-31 11:15:04.484 [main] INFO  com.samphanie.mall.service.ICartServiceTest - responseVo={
  "code": 0,
  "msg": "成功",
  "data": 8
}
2020-03-31 11:15:04.506 [main] INFO  com.samphanie.mall.service.ICartServiceTest - responseVo={
  "code": 0,
  "msg": "成功",
  "data": {
    "cartProductVoList": [
      {
        "productId": 26,
        "quantity": 9,
        "productName": "Apple iPhone 7 Plus (A1661) 128G 玫瑰金色 移动联通电信4G手机",
        "productSubtitle": "iPhone 7，现更以红色呈现。",
        "productMainImage": "http://img.springboot.cn/241997c4-9e62-4824-b7f0-7425c3c28917.jpeg",
        "productPrice": 6999.00,
        "productStatus": 1,
        "productTotalPrice": 62991.00,
        "productStock": 96,
        "productSelected": false
      }
    ],
    "selectedAll": false,
    "cartTotalPrice": 0,
    "cartTotalQuantity": 9
  }
}
2020-03-31 11:15:04.511 [main] INFO  com.samphanie.mall.service.ICartServiceTest - list={
  "code": 0,
  "msg": "成功",
  "data": {
    "cartProductVoList": [
      {
        "productId": 26,
        "quantity": 9,
        "productName": "Apple iPhone 7 Plus (A1661) 128G 玫瑰金色 移动联通电信4G手机",
        "productSubtitle": "iPhone 7，现更以红色呈现。",
        "productMainImage": "http://img.springboot.cn/241997c4-9e62-4824-b7f0-7425c3c28917.jpeg",
        "productPrice": 6999.00,
        "productStatus": 1,
        "productTotalPrice": 62991.00,
        "productStock": 96,
        "productSelected": false
      }
    ],
    "selectedAll": false,
    "cartTotalPrice": 0,
    "cartTotalQuantity": 9
  }
}
2020-03-31 11:15:04.529 [main] INFO  com.samphanie.mall.service.ICartServiceTest - responseVo={
  "code": 0,
  "msg": "成功",
  "data": {
    "cartProductVoList": [
      {
        "productId": 26,
        "quantity": 10,
        "productName": "Apple iPhone 7 Plus (A1661) 128G 玫瑰金色 移动联通电信4G手机",
        "productSubtitle": "iPhone 7，现更以红色呈现。",
        "productMainImage": "http://img.springboot.cn/241997c4-9e62-4824-b7f0-7425c3c28917.jpeg",
        "productPrice": 6999.00,
        "productStatus": 1,
        "productTotalPrice": 69990.00,
        "productStock": 96,
        "productSelected": false
      }
    ],
    "selectedAll": false,
    "cartTotalPrice": 0,
    "cartTotalQuantity": 10
  }
}
2020-03-31 11:15:04.536 [main] INFO  com.samphanie.mall.service.ICartServiceTest - responseVo={
  "code": 0,
  "msg": "成功",
  "data": {
    "cartProductVoList": [
      {
        "productId": 26,
        "quantity": 10,
        "productName": "Apple iPhone 7 Plus (A1661) 128G 玫瑰金色 移动联通电信4G手机",
        "productSubtitle": "iPhone 7，现更以红色呈现。",
        "productMainImage": "http://img.springboot.cn/241997c4-9e62-4824-b7f0-7425c3c28917.jpeg",
        "productPrice": 6999.00,
        "productStatus": 1,
        "productTotalPrice": 69990.00,
        "productStock": 96,
        "productSelected": false
      }
    ],
    "selectedAll": false,
    "cartTotalPrice": 0,
    "cartTotalQuantity": 10
  }
}
2020-03-31 11:15:04.551 [SpringContextShutdownHook] INFO  o.s.scheduling.concurrent.ThreadPoolTaskExecutor - Shutting down ExecutorService 'applicationTaskExecutor'
2020-03-31 11:15:04.773 [SpringContextShutdownHook] INFO  com.zaxxer.hikari.HikariDataSource - HikariPool-1 - Shutdown initiated...
2020-03-31 11:15:04.790 [SpringContextShutdownHook] INFO  com.zaxxer.hikari.HikariDataSource - HikariPool-1 - Shutdown completed.
2020-03-31 11:18:18.810 [main] INFO  com.samphanie.mall.service.ICartServiceTest - Starting ICartServiceTest on Samphanie with PID 12468 (started by ZSY in E:\IdeaProjects\mall)
2020-03-31 11:18:18.811 [main] INFO  com.samphanie.mall.service.ICartServiceTest - No active profile set, falling back to default profiles: default
2020-03-31 11:18:19.834 [main] INFO  o.s.d.r.config.RepositoryConfigurationDelegate - Multiple Spring Data modules found, entering strict repository configuration mode!
2020-03-31 11:18:19.839 [main] INFO  o.s.d.r.config.RepositoryConfigurationDelegate - Bootstrapping Spring Data Redis repositories in DEFAULT mode.
2020-03-31 11:18:19.902 [main] INFO  o.s.d.r.config.RepositoryConfigurationDelegate - Finished Spring Data repository scanning in 37ms. Found 0 Redis repository interfaces.
2020-03-31 11:18:26.175 [main] INFO  o.s.scheduling.concurrent.ThreadPoolTaskExecutor - Initializing ExecutorService 'applicationTaskExecutor'
2020-03-31 11:18:27.212 [main] INFO  io.lettuce.core.EpollProvider - Starting without optional epoll library
2020-03-31 11:18:27.213 [main] INFO  io.lettuce.core.KqueueProvider - Starting without optional kqueue library
2020-03-31 11:18:33.224 [main] INFO  o.s.s.a.ScheduledAnnotationBeanPostProcessor - No TaskScheduler/ScheduledExecutorService bean found for scheduled processing
2020-03-31 11:18:33.236 [main] INFO  com.samphanie.mall.service.ICartServiceTest - Started ICartServiceTest in 14.984 seconds (JVM running for 16.643)
2020-03-31 11:18:33.702 [main] INFO  com.zaxxer.hikari.HikariDataSource - HikariPool-1 - Starting...
2020-03-31 11:18:33.934 [main] INFO  com.zaxxer.hikari.HikariDataSource - HikariPool-1 - Start completed.
2020-03-31 11:18:34.129 [main] INFO  com.samphanie.mall.service.ICartServiceTest - responseVo={
  "code": 0,
  "msg": "成功",
  "data": {
    "cartProductVoList": [
      {
        "productId": 26,
        "quantity": 11,
        "productName": "Apple iPhone 7 Plus (A1661) 128G 玫瑰金色 移动联通电信4G手机",
        "productSubtitle": "iPhone 7，现更以红色呈现。",
        "productMainImage": "http://img.springboot.cn/241997c4-9e62-4824-b7f0-7425c3c28917.jpeg",
        "productPrice": 6999.00,
        "productStatus": 1,
        "productTotalPrice": 76989.00,
        "productStock": 96,
        "productSelected": false
      }
    ],
    "selectedAll": false,
    "cartTotalPrice": 0,
    "cartTotalQuantity": 11
  }
}
2020-03-31 11:18:34.143 [main] INFO  com.samphanie.mall.service.ICartServiceTest - responseVo={
  "code": 0,
  "msg": "成功",
  "data": {
    "cartProductVoList": [
      {
        "productId": 26,
        "quantity": 11,
        "productName": "Apple iPhone 7 Plus (A1661) 128G 玫瑰金色 移动联通电信4G手机",
        "productSubtitle": "iPhone 7，现更以红色呈现。",
        "productMainImage": "http://img.springboot.cn/241997c4-9e62-4824-b7f0-7425c3c28917.jpeg",
        "productPrice": 6999.00,
        "productStatus": 1,
        "productTotalPrice": 76989.00,
        "productStock": 96,
        "productSelected": true
      }
    ],
    "selectedAll": true,
    "cartTotalPrice": 76989.00,
    "cartTotalQuantity": 11
  }
}
2020-03-31 11:18:34.203 [main] INFO  com.samphanie.mall.service.ICartServiceTest - responseVo={
  "code": 0,
  "msg": "成功",
  "data": {
    "cartProductVoList": [
      {
        "productId": 26,
        "quantity": 1,
        "productName": "Apple iPhone 7 Plus (A1661) 128G 玫瑰金色 移动联通电信4G手机",
        "productSubtitle": "iPhone 7，现更以红色呈现。",
        "productMainImage": "http://img.springboot.cn/241997c4-9e62-4824-b7f0-7425c3c28917.jpeg",
        "productPrice": 6999.00,
        "productStatus": 1,
        "productTotalPrice": 6999.00,
        "productStock": 96,
        "productSelected": false
      }
    ],
    "selectedAll": false,
    "cartTotalPrice": 0,
    "cartTotalQuantity": 1
  }
}
2020-03-31 11:18:34.245 [main] INFO  com.samphanie.mall.service.ICartServiceTest - responseVo={
  "code": 0,
  "msg": "成功",
  "data": {
    "cartProductVoList": [
      {
        "productId": 26,
        "quantity": 1,
        "productName": "Apple iPhone 7 Plus (A1661) 128G 玫瑰金色 移动联通电信4G手机",
        "productSubtitle": "iPhone 7，现更以红色呈现。",
        "productMainImage": "http://img.springboot.cn/241997c4-9e62-4824-b7f0-7425c3c28917.jpeg",
        "productPrice": 6999.00,
        "productStatus": 1,
        "productTotalPrice": 6999.00,
        "productStock": 96,
        "productSelected": false
      }
    ],
    "selectedAll": false,
    "cartTotalPrice": 0,
    "cartTotalQuantity": 1
  }
}
2020-03-31 11:18:34.256 [main] INFO  com.samphanie.mall.service.ICartServiceTest - responseVo={
  "code": 0,
  "msg": "成功",
  "data": {
    "cartProductVoList": [
      {
        "productId": 26,
        "quantity": 5,
        "productName": "Apple iPhone 7 Plus (A1661) 128G 玫瑰金色 移动联通电信4G手机",
        "productSubtitle": "iPhone 7，现更以红色呈现。",
        "productMainImage": "http://img.springboot.cn/241997c4-9e62-4824-b7f0-7425c3c28917.jpeg",
        "productPrice": 6999.00,
        "productStatus": 1,
        "productTotalPrice": 34995.00,
        "productStock": 96,
        "productSelected": false
      }
    ],
    "selectedAll": false,
    "cartTotalPrice": 0,
    "cartTotalQuantity": 5
  }
}
2020-03-31 11:18:34.290 [main] INFO  com.samphanie.mall.service.ICartServiceTest - responseVo={
  "code": 0,
  "msg": "成功",
  "data": {
    "cartProductVoList": [
      {
        "productId": 26,
        "quantity": 1,
        "productName": "Apple iPhone 7 Plus (A1661) 128G 玫瑰金色 移动联通电信4G手机",
        "productSubtitle": "iPhone 7，现更以红色呈现。",
        "productMainImage": "http://img.springboot.cn/241997c4-9e62-4824-b7f0-7425c3c28917.jpeg",
        "productPrice": 6999.00,
        "productStatus": 1,
        "productTotalPrice": 6999.00,
        "productStock": 96,
        "productSelected": false
      }
    ],
    "selectedAll": false,
    "cartTotalPrice": 0,
    "cartTotalQuantity": 1
  }
}
2020-03-31 11:18:34.307 [main] INFO  com.samphanie.mall.service.ICartServiceTest - responseVo={
  "code": 0,
  "msg": "成功",
  "data": {
    "cartProductVoList": [
      {
        "productId": 26,
        "quantity": 2,
        "productName": "Apple iPhone 7 Plus (A1661) 128G 玫瑰金色 移动联通电信4G手机",
        "productSubtitle": "iPhone 7，现更以红色呈现。",
        "productMainImage": "http://img.springboot.cn/241997c4-9e62-4824-b7f0-7425c3c28917.jpeg",
        "productPrice": 6999.00,
        "productStatus": 1,
        "productTotalPrice": 13998.00,
        "productStock": 96,
        "productSelected": false
      }
    ],
    "selectedAll": false,
    "cartTotalPrice": 0,
    "cartTotalQuantity": 2
  }
}
2020-03-31 11:18:34.338 [main] INFO  com.samphanie.mall.service.ICartServiceTest - responseVo={
  "code": 0,
  "msg": "成功",
  "data": {
    "cartProductVoList": [
      {
        "productId": 26,
        "quantity": 1,
        "productName": "Apple iPhone 7 Plus (A1661) 128G 玫瑰金色 移动联通电信4G手机",
        "productSubtitle": "iPhone 7，现更以红色呈现。",
        "productMainImage": "http://img.springboot.cn/241997c4-9e62-4824-b7f0-7425c3c28917.jpeg",
        "productPrice": 6999.00,
        "productStatus": 1,
        "productTotalPrice": 6999.00,
        "productStock": 96,
        "productSelected": false
      }
    ],
    "selectedAll": false,
    "cartTotalPrice": 0,
    "cartTotalQuantity": 1
  }
}
2020-03-31 11:18:34.343 [main] INFO  com.samphanie.mall.service.ICartServiceTest - responseVo={
  "code": 0,
  "msg": "成功",
  "data": 1
}
2020-03-31 11:18:34.376 [main] INFO  com.samphanie.mall.service.ICartServiceTest - responseVo={
  "code": 0,
  "msg": "成功",
  "data": {
    "cartProductVoList": [
      {
        "productId": 26,
        "quantity": 1,
        "productName": "Apple iPhone 7 Plus (A1661) 128G 玫瑰金色 移动联通电信4G手机",
        "productSubtitle": "iPhone 7，现更以红色呈现。",
        "productMainImage": "http://img.springboot.cn/241997c4-9e62-4824-b7f0-7425c3c28917.jpeg",
        "productPrice": 6999.00,
        "productStatus": 1,
        "productTotalPrice": 6999.00,
        "productStock": 96,
        "productSelected": false
      }
    ],
    "selectedAll": false,
    "cartTotalPrice": 0,
    "cartTotalQuantity": 1
  }
}
2020-03-31 11:18:34.383 [main] INFO  com.samphanie.mall.service.ICartServiceTest - list={
  "code": 0,
  "msg": "成功",
  "data": {
    "cartProductVoList": [
      {
        "productId": 26,
        "quantity": 1,
        "productName": "Apple iPhone 7 Plus (A1661) 128G 玫瑰金色 移动联通电信4G手机",
        "productSubtitle": "iPhone 7，现更以红色呈现。",
        "productMainImage": "http://img.springboot.cn/241997c4-9e62-4824-b7f0-7425c3c28917.jpeg",
        "productPrice": 6999.00,
        "productStatus": 1,
        "productTotalPrice": 6999.00,
        "productStock": 96,
        "productSelected": false
      }
    ],
    "selectedAll": false,
    "cartTotalPrice": 0,
    "cartTotalQuantity": 1
  }
}
2020-03-31 11:18:34.412 [main] INFO  com.samphanie.mall.service.ICartServiceTest - responseVo={
  "code": 0,
  "msg": "成功",
  "data": {
    "cartProductVoList": [
      {
        "productId": 26,
        "quantity": 1,
        "productName": "Apple iPhone 7 Plus (A1661) 128G 玫瑰金色 移动联通电信4G手机",
        "productSubtitle": "iPhone 7，现更以红色呈现。",
        "productMainImage": "http://img.springboot.cn/241997c4-9e62-4824-b7f0-7425c3c28917.jpeg",
        "productPrice": 6999.00,
        "productStatus": 1,
        "productTotalPrice": 6999.00,
        "productStock": 96,
        "productSelected": false
      }
    ],
    "selectedAll": false,
    "cartTotalPrice": 0,
    "cartTotalQuantity": 1
  }
}
2020-03-31 11:18:34.420 [main] INFO  com.samphanie.mall.service.ICartServiceTest - responseVo={
  "code": 0,
  "msg": "成功",
  "data": {
    "cartProductVoList": [
      {
        "productId": 26,
        "quantity": 1,
        "productName": "Apple iPhone 7 Plus (A1661) 128G 玫瑰金色 移动联通电信4G手机",
        "productSubtitle": "iPhone 7，现更以红色呈现。",
        "productMainImage": "http://img.springboot.cn/241997c4-9e62-4824-b7f0-7425c3c28917.jpeg",
        "productPrice": 6999.00,
        "productStatus": 1,
        "productTotalPrice": 6999.00,
        "productStock": 96,
        "productSelected": false
      }
    ],
    "selectedAll": false,
    "cartTotalPrice": 0,
    "cartTotalQuantity": 1
  }
}
2020-03-31 11:18:34.448 [SpringContextShutdownHook] INFO  o.s.scheduling.concurrent.ThreadPoolTaskExecutor - Shutting down ExecutorService 'applicationTaskExecutor'
2020-03-31 11:18:34.574 [SpringContextShutdownHook] INFO  com.zaxxer.hikari.HikariDataSource - HikariPool-1 - Shutdown initiated...
2020-03-31 11:18:34.593 [SpringContextShutdownHook] INFO  com.zaxxer.hikari.HikariDataSource - HikariPool-1 - Shutdown completed.
2020-03-31 11:23:12.040 [main] INFO  com.samphanie.mall.service.ICartServiceTest - Starting ICartServiceTest on Samphanie with PID 1196 (started by ZSY in E:\IdeaProjects\mall)
2020-03-31 11:23:12.041 [main] INFO  com.samphanie.mall.service.ICartServiceTest - No active profile set, falling back to default profiles: default
2020-03-31 11:23:12.929 [main] INFO  o.s.d.r.config.RepositoryConfigurationDelegate - Multiple Spring Data modules found, entering strict repository configuration mode!
2020-03-31 11:23:12.934 [main] INFO  o.s.d.r.config.RepositoryConfigurationDelegate - Bootstrapping Spring Data Redis repositories in DEFAULT mode.
2020-03-31 11:23:12.997 [main] INFO  o.s.d.r.config.RepositoryConfigurationDelegate - Finished Spring Data repository scanning in 39ms. Found 0 Redis repository interfaces.
2020-03-31 11:23:19.170 [main] INFO  o.s.scheduling.concurrent.ThreadPoolTaskExecutor - Initializing ExecutorService 'applicationTaskExecutor'
2020-03-31 11:23:20.285 [main] INFO  io.lettuce.core.EpollProvider - Starting without optional epoll library
2020-03-31 11:23:20.287 [main] INFO  io.lettuce.core.KqueueProvider - Starting without optional kqueue library
2020-03-31 11:23:26.281 [main] INFO  o.s.s.a.ScheduledAnnotationBeanPostProcessor - No TaskScheduler/ScheduledExecutorService bean found for scheduled processing
2020-03-31 11:23:26.292 [main] INFO  com.samphanie.mall.service.ICartServiceTest - Started ICartServiceTest in 14.758 seconds (JVM running for 16.374)
2020-03-31 11:23:26.700 [main] INFO  com.zaxxer.hikari.HikariDataSource - HikariPool-1 - Starting...
2020-03-31 11:23:26.931 [main] INFO  com.zaxxer.hikari.HikariDataSource - HikariPool-1 - Start completed.
2020-03-31 11:23:27.112 [main] INFO  com.samphanie.mall.service.ICartServiceTest - responseVo={
  "code": 0,
  "msg": "成功",
  "data": {
    "cartProductVoList": [
      {
        "productId": 26,
        "quantity": 1,
        "productName": "Apple iPhone 7 Plus (A1661) 128G 玫瑰金色 移动联通电信4G手机",
        "productSubtitle": "iPhone 7，现更以红色呈现。",
        "productMainImage": "http://img.springboot.cn/241997c4-9e62-4824-b7f0-7425c3c28917.jpeg",
        "productPrice": 6999.00,
        "productStatus": 1,
        "productTotalPrice": 6999.00,
        "productStock": 96,
        "productSelected": false
      }
    ],
    "selectedAll": false,
    "cartTotalPrice": 0,
    "cartTotalQuantity": 1
  }
}
2020-03-31 11:23:27.123 [main] INFO  com.samphanie.mall.service.ICartServiceTest - responseVo={
  "code": 0,
  "msg": "成功",
  "data": {
    "cartProductVoList": [
      {
        "productId": 26,
        "quantity": 1,
        "productName": "Apple iPhone 7 Plus (A1661) 128G 玫瑰金色 移动联通电信4G手机",
        "productSubtitle": "iPhone 7，现更以红色呈现。",
        "productMainImage": "http://img.springboot.cn/241997c4-9e62-4824-b7f0-7425c3c28917.jpeg",
        "productPrice": 6999.00,
        "productStatus": 1,
        "productTotalPrice": 6999.00,
        "productStock": 96,
        "productSelected": true
      }
    ],
    "selectedAll": true,
    "cartTotalPrice": 6999.00,
    "cartTotalQuantity": 1
  }
}
2020-03-31 11:23:27.171 [main] INFO  com.samphanie.mall.service.ICartServiceTest - responseVo={
  "code": 0,
  "msg": "成功",
  "data": {
    "cartProductVoList": [
      {
        "productId": 26,
        "quantity": 1,
        "productName": "Apple iPhone 7 Plus (A1661) 128G 玫瑰金色 移动联通电信4G手机",
        "productSubtitle": "iPhone 7，现更以红色呈现。",
        "productMainImage": "http://img.springboot.cn/241997c4-9e62-4824-b7f0-7425c3c28917.jpeg",
        "productPrice": 6999.00,
        "productStatus": 1,
        "productTotalPrice": 6999.00,
        "productStock": 96,
        "productSelected": false
      }
    ],
    "selectedAll": false,
    "cartTotalPrice": 0,
    "cartTotalQuantity": 1
  }
}
2020-03-31 11:23:27.205 [main] INFO  com.samphanie.mall.service.ICartServiceTest - responseVo={
  "code": 0,
  "msg": "成功",
  "data": {
    "cartProductVoList": [
      {
        "productId": 26,
        "quantity": 1,
        "productName": "Apple iPhone 7 Plus (A1661) 128G 玫瑰金色 移动联通电信4G手机",
        "productSubtitle": "iPhone 7，现更以红色呈现。",
        "productMainImage": "http://img.springboot.cn/241997c4-9e62-4824-b7f0-7425c3c28917.jpeg",
        "productPrice": 6999.00,
        "productStatus": 1,
        "productTotalPrice": 6999.00,
        "productStock": 96,
        "productSelected": false
      }
    ],
    "selectedAll": false,
    "cartTotalPrice": 0,
    "cartTotalQuantity": 1
  }
}
2020-03-31 11:23:27.217 [main] INFO  com.samphanie.mall.service.ICartServiceTest - responseVo={
  "code": 0,
  "msg": "成功",
  "data": {
    "cartProductVoList": [
      {
        "productId": 26,
        "quantity": 5,
        "productName": "Apple iPhone 7 Plus (A1661) 128G 玫瑰金色 移动联通电信4G手机",
        "productSubtitle": "iPhone 7，现更以红色呈现。",
        "productMainImage": "http://img.springboot.cn/241997c4-9e62-4824-b7f0-7425c3c28917.jpeg",
        "productPrice": 6999.00,
        "productStatus": 1,
        "productTotalPrice": 34995.00,
        "productStock": 96,
        "productSelected": false
      }
    ],
    "selectedAll": false,
    "cartTotalPrice": 0,
    "cartTotalQuantity": 5
  }
}
2020-03-31 11:23:27.246 [main] INFO  com.samphanie.mall.service.ICartServiceTest - responseVo={
  "code": 0,
  "msg": "成功",
  "data": {
    "cartProductVoList": [
      {
        "productId": 26,
        "quantity": 1,
        "productName": "Apple iPhone 7 Plus (A1661) 128G 玫瑰金色 移动联通电信4G手机",
        "productSubtitle": "iPhone 7，现更以红色呈现。",
        "productMainImage": "http://img.springboot.cn/241997c4-9e62-4824-b7f0-7425c3c28917.jpeg",
        "productPrice": 6999.00,
        "productStatus": 1,
        "productTotalPrice": 6999.00,
        "productStock": 96,
        "productSelected": false
      }
    ],
    "selectedAll": false,
    "cartTotalPrice": 0,
    "cartTotalQuantity": 1
  }
}
2020-03-31 11:23:27.258 [main] INFO  com.samphanie.mall.service.ICartServiceTest - responseVo={
  "code": 0,
  "msg": "成功",
  "data": {
    "cartProductVoList": [
      {
        "productId": 26,
        "quantity": 2,
        "productName": "Apple iPhone 7 Plus (A1661) 128G 玫瑰金色 移动联通电信4G手机",
        "productSubtitle": "iPhone 7，现更以红色呈现。",
        "productMainImage": "http://img.springboot.cn/241997c4-9e62-4824-b7f0-7425c3c28917.jpeg",
        "productPrice": 6999.00,
        "productStatus": 1,
        "productTotalPrice": 13998.00,
        "productStock": 96,
        "productSelected": false
      }
    ],
    "selectedAll": false,
    "cartTotalPrice": 0,
    "cartTotalQuantity": 2
  }
}
2020-03-31 11:23:27.287 [main] INFO  com.samphanie.mall.service.ICartServiceTest - responseVo={
  "code": 0,
  "msg": "成功",
  "data": {
    "cartProductVoList": [
      {
        "productId": 26,
        "quantity": 1,
        "productName": "Apple iPhone 7 Plus (A1661) 128G 玫瑰金色 移动联通电信4G手机",
        "productSubtitle": "iPhone 7，现更以红色呈现。",
        "productMainImage": "http://img.springboot.cn/241997c4-9e62-4824-b7f0-7425c3c28917.jpeg",
        "productPrice": 6999.00,
        "productStatus": 1,
        "productTotalPrice": 6999.00,
        "productStock": 96,
        "productSelected": false
      }
    ],
    "selectedAll": false,
    "cartTotalPrice": 0,
    "cartTotalQuantity": 1
  }
}
2020-03-31 11:23:27.291 [main] INFO  com.samphanie.mall.service.ICartServiceTest - responseVo={
  "code": 0,
  "msg": "成功",
  "data": 1
}
2020-03-31 11:23:27.314 [main] INFO  com.samphanie.mall.service.ICartServiceTest - responseVo={
  "code": 0,
  "msg": "成功",
  "data": {
    "cartProductVoList": [
      {
        "productId": 26,
        "quantity": 1,
        "productName": "Apple iPhone 7 Plus (A1661) 128G 玫瑰金色 移动联通电信4G手机",
        "productSubtitle": "iPhone 7，现更以红色呈现。",
        "productMainImage": "http://img.springboot.cn/241997c4-9e62-4824-b7f0-7425c3c28917.jpeg",
        "productPrice": 6999.00,
        "productStatus": 1,
        "productTotalPrice": 6999.00,
        "productStock": 96,
        "productSelected": false
      }
    ],
    "selectedAll": false,
    "cartTotalPrice": 0,
    "cartTotalQuantity": 1
  }
}
2020-03-31 11:23:27.318 [main] INFO  com.samphanie.mall.service.ICartServiceTest - list={
  "code": 0,
  "msg": "成功",
  "data": {
    "cartProductVoList": [
      {
        "productId": 26,
        "quantity": 1,
        "productName": "Apple iPhone 7 Plus (A1661) 128G 玫瑰金色 移动联通电信4G手机",
        "productSubtitle": "iPhone 7，现更以红色呈现。",
        "productMainImage": "http://img.springboot.cn/241997c4-9e62-4824-b7f0-7425c3c28917.jpeg",
        "productPrice": 6999.00,
        "productStatus": 1,
        "productTotalPrice": 6999.00,
        "productStock": 96,
        "productSelected": false
      }
    ],
    "selectedAll": false,
    "cartTotalPrice": 0,
    "cartTotalQuantity": 1
  }
}
2020-03-31 11:23:27.342 [main] INFO  com.samphanie.mall.service.ICartServiceTest - responseVo={
  "code": 0,
  "msg": "成功",
  "data": {
    "cartProductVoList": [
      {
        "productId": 26,
        "quantity": 1,
        "productName": "Apple iPhone 7 Plus (A1661) 128G 玫瑰金色 移动联通电信4G手机",
        "productSubtitle": "iPhone 7，现更以红色呈现。",
        "productMainImage": "http://img.springboot.cn/241997c4-9e62-4824-b7f0-7425c3c28917.jpeg",
        "productPrice": 6999.00,
        "productStatus": 1,
        "productTotalPrice": 6999.00,
        "productStock": 96,
        "productSelected": false
      }
    ],
    "selectedAll": false,
    "cartTotalPrice": 0,
    "cartTotalQuantity": 1
  }
}
2020-03-31 11:23:27.350 [main] INFO  com.samphanie.mall.service.ICartServiceTest - responseVo={
  "code": 0,
  "msg": "成功",
  "data": {
    "cartProductVoList": [
      {
        "productId": 26,
        "quantity": 1,
        "productName": "Apple iPhone 7 Plus (A1661) 128G 玫瑰金色 移动联通电信4G手机",
        "productSubtitle": "iPhone 7，现更以红色呈现。",
        "productMainImage": "http://img.springboot.cn/241997c4-9e62-4824-b7f0-7425c3c28917.jpeg",
        "productPrice": 6999.00,
        "productStatus": 1,
        "productTotalPrice": 6999.00,
        "productStock": 96,
        "productSelected": false
      }
    ],
    "selectedAll": false,
    "cartTotalPrice": 0,
    "cartTotalQuantity": 1
  }
}
2020-03-31 11:23:27.377 [SpringContextShutdownHook] INFO  o.s.scheduling.concurrent.ThreadPoolTaskExecutor - Shutting down ExecutorService 'applicationTaskExecutor'
2020-03-31 11:23:27.505 [SpringContextShutdownHook] INFO  com.zaxxer.hikari.HikariDataSource - HikariPool-1 - Shutdown initiated...
2020-03-31 11:23:27.522 [SpringContextShutdownHook] INFO  com.zaxxer.hikari.HikariDataSource - HikariPool-1 - Shutdown completed.
2020-03-31 11:25:54.083 [main] INFO  com.samphanie.mall.service.ICartServiceTest - Starting ICartServiceTest on Samphanie with PID 6936 (started by ZSY in E:\IdeaProjects\mall)
2020-03-31 11:25:54.085 [main] INFO  com.samphanie.mall.service.ICartServiceTest - No active profile set, falling back to default profiles: default
2020-03-31 11:25:54.944 [main] INFO  o.s.d.r.config.RepositoryConfigurationDelegate - Multiple Spring Data modules found, entering strict repository configuration mode!
2020-03-31 11:25:54.948 [main] INFO  o.s.d.r.config.RepositoryConfigurationDelegate - Bootstrapping Spring Data Redis repositories in DEFAULT mode.
2020-03-31 11:25:55.002 [main] INFO  o.s.d.r.config.RepositoryConfigurationDelegate - Finished Spring Data repository scanning in 35ms. Found 0 Redis repository interfaces.
2020-03-31 11:26:00.836 [main] INFO  o.s.scheduling.concurrent.ThreadPoolTaskExecutor - Initializing ExecutorService 'applicationTaskExecutor'
2020-03-31 11:26:01.856 [main] INFO  io.lettuce.core.EpollProvider - Starting without optional epoll library
2020-03-31 11:26:01.858 [main] INFO  io.lettuce.core.KqueueProvider - Starting without optional kqueue library
2020-03-31 11:26:07.589 [main] INFO  o.s.s.a.ScheduledAnnotationBeanPostProcessor - No TaskScheduler/ScheduledExecutorService bean found for scheduled processing
2020-03-31 11:26:07.599 [main] INFO  com.samphanie.mall.service.ICartServiceTest - Started ICartServiceTest in 14.017 seconds (JVM running for 15.563)
2020-03-31 11:26:08.002 [main] INFO  com.zaxxer.hikari.HikariDataSource - HikariPool-1 - Starting...
2020-03-31 11:26:08.232 [main] INFO  com.zaxxer.hikari.HikariDataSource - HikariPool-1 - Start completed.
2020-03-31 11:26:08.417 [main] INFO  com.samphanie.mall.service.ICartServiceTest - responseVo={
  "code": 0,
  "msg": "成功",
  "data": {
    "cartProductVoList": [
      {
        "productId": 26,
        "quantity": 1,
        "productName": "Apple iPhone 7 Plus (A1661) 128G 玫瑰金色 移动联通电信4G手机",
        "productSubtitle": "iPhone 7，现更以红色呈现。",
        "productMainImage": "http://img.springboot.cn/241997c4-9e62-4824-b7f0-7425c3c28917.jpeg",
        "productPrice": 6999.00,
        "productStatus": 1,
        "productTotalPrice": 6999.00,
        "productStock": 96,
        "productSelected": false
      }
    ],
    "selectedAll": false,
    "cartTotalPrice": 0,
    "cartTotalQuantity": 1
  }
}
2020-03-31 11:26:08.432 [main] INFO  com.samphanie.mall.service.ICartServiceTest - responseVo={
  "code": 0,
  "msg": "成功",
  "data": {
    "cartProductVoList": [
      {
        "productId": 26,
        "quantity": 1,
        "productName": "Apple iPhone 7 Plus (A1661) 128G 玫瑰金色 移动联通电信4G手机",
        "productSubtitle": "iPhone 7，现更以红色呈现。",
        "productMainImage": "http://img.springboot.cn/241997c4-9e62-4824-b7f0-7425c3c28917.jpeg",
        "productPrice": 6999.00,
        "productStatus": 1,
        "productTotalPrice": 6999.00,
        "productStock": 96,
        "productSelected": true
      }
    ],
    "selectedAll": true,
    "cartTotalPrice": 6999.00,
    "cartTotalQuantity": 1
  }
}
2020-03-31 11:26:08.459 [main] INFO  com.samphanie.mall.service.ICartServiceTest - responseVo={
  "code": 0,
  "msg": "成功",
  "data": {
    "cartProductVoList": [
      {
        "productId": 26,
        "quantity": 2,
        "productName": "Apple iPhone 7 Plus (A1661) 128G 玫瑰金色 移动联通电信4G手机",
        "productSubtitle": "iPhone 7，现更以红色呈现。",
        "productMainImage": "http://img.springboot.cn/241997c4-9e62-4824-b7f0-7425c3c28917.jpeg",
        "productPrice": 6999.00,
        "productStatus": 1,
        "productTotalPrice": 13998.00,
        "productStock": 96,
        "productSelected": true
      }
    ],
    "selectedAll": true,
    "cartTotalPrice": 13998.00,
    "cartTotalQuantity": 2
  }
}
2020-03-31 11:26:08.496 [main] INFO  com.samphanie.mall.service.ICartServiceTest - responseVo={
  "code": 0,
  "msg": "成功",
  "data": {
    "cartProductVoList": [
      {
        "productId": 26,
        "quantity": 1,
        "productName": "Apple iPhone 7 Plus (A1661) 128G 玫瑰金色 移动联通电信4G手机",
        "productSubtitle": "iPhone 7，现更以红色呈现。",
        "productMainImage": "http://img.springboot.cn/241997c4-9e62-4824-b7f0-7425c3c28917.jpeg",
        "productPrice": 6999.00,
        "productStatus": 1,
        "productTotalPrice": 6999.00,
        "productStock": 96,
        "productSelected": false
      }
    ],
    "selectedAll": false,
    "cartTotalPrice": 0,
    "cartTotalQuantity": 1
  }
}
2020-03-31 11:26:08.506 [main] INFO  com.samphanie.mall.service.ICartServiceTest - responseVo={
  "code": 0,
  "msg": "成功",
  "data": {
    "cartProductVoList": [
      {
        "productId": 26,
        "quantity": 5,
        "productName": "Apple iPhone 7 Plus (A1661) 128G 玫瑰金色 移动联通电信4G手机",
        "productSubtitle": "iPhone 7，现更以红色呈现。",
        "productMainImage": "http://img.springboot.cn/241997c4-9e62-4824-b7f0-7425c3c28917.jpeg",
        "productPrice": 6999.00,
        "productStatus": 1,
        "productTotalPrice": 34995.00,
        "productStock": 96,
        "productSelected": false
      }
    ],
    "selectedAll": false,
    "cartTotalPrice": 0,
    "cartTotalQuantity": 5
  }
}
2020-03-31 11:26:08.524 [main] INFO  com.samphanie.mall.service.ICartServiceTest - responseVo={
  "code": 0,
  "msg": "成功",
  "data": {
    "cartProductVoList": [
      {
        "productId": 26,
        "quantity": 6,
        "productName": "Apple iPhone 7 Plus (A1661) 128G 玫瑰金色 移动联通电信4G手机",
        "productSubtitle": "iPhone 7，现更以红色呈现。",
        "productMainImage": "http://img.springboot.cn/241997c4-9e62-4824-b7f0-7425c3c28917.jpeg",
        "productPrice": 6999.00,
        "productStatus": 1,
        "productTotalPrice": 41994.00,
        "productStock": 96,
        "productSelected": false
      }
    ],
    "selectedAll": false,
    "cartTotalPrice": 0,
    "cartTotalQuantity": 6
  }
}
2020-03-31 11:26:08.538 [main] INFO  com.samphanie.mall.service.ICartServiceTest - responseVo={
  "code": 0,
  "msg": "成功",
  "data": {
    "cartProductVoList": [
      {
        "productId": 26,
        "quantity": 7,
        "productName": "Apple iPhone 7 Plus (A1661) 128G 玫瑰金色 移动联通电信4G手机",
        "productSubtitle": "iPhone 7，现更以红色呈现。",
        "productMainImage": "http://img.springboot.cn/241997c4-9e62-4824-b7f0-7425c3c28917.jpeg",
        "productPrice": 6999.00,
        "productStatus": 1,
        "productTotalPrice": 48993.00,
        "productStock": 96,
        "productSelected": false
      }
    ],
    "selectedAll": false,
    "cartTotalPrice": 0,
    "cartTotalQuantity": 7
  }
}
2020-03-31 11:26:08.553 [main] INFO  com.samphanie.mall.service.ICartServiceTest - responseVo={
  "code": 0,
  "msg": "成功",
  "data": {
    "cartProductVoList": [
      {
        "productId": 26,
        "quantity": 8,
        "productName": "Apple iPhone 7 Plus (A1661) 128G 玫瑰金色 移动联通电信4G手机",
        "productSubtitle": "iPhone 7，现更以红色呈现。",
        "productMainImage": "http://img.springboot.cn/241997c4-9e62-4824-b7f0-7425c3c28917.jpeg",
        "productPrice": 6999.00,
        "productStatus": 1,
        "productTotalPrice": 55992.00,
        "productStock": 96,
        "productSelected": false
      }
    ],
    "selectedAll": false,
    "cartTotalPrice": 0,
    "cartTotalQuantity": 8
  }
}
2020-03-31 11:26:08.556 [main] INFO  com.samphanie.mall.service.ICartServiceTest - responseVo={
  "code": 0,
  "msg": "成功",
  "data": 8
}
2020-03-31 11:26:08.576 [main] INFO  com.samphanie.mall.service.ICartServiceTest - responseVo={
  "code": 0,
  "msg": "成功",
  "data": {
    "cartProductVoList": [
      {
        "productId": 26,
        "quantity": 9,
        "productName": "Apple iPhone 7 Plus (A1661) 128G 玫瑰金色 移动联通电信4G手机",
        "productSubtitle": "iPhone 7，现更以红色呈现。",
        "productMainImage": "http://img.springboot.cn/241997c4-9e62-4824-b7f0-7425c3c28917.jpeg",
        "productPrice": 6999.00,
        "productStatus": 1,
        "productTotalPrice": 62991.00,
        "productStock": 96,
        "productSelected": false
      }
    ],
    "selectedAll": false,
    "cartTotalPrice": 0,
    "cartTotalQuantity": 9
  }
}
2020-03-31 11:26:08.581 [main] INFO  com.samphanie.mall.service.ICartServiceTest - list={
  "code": 0,
  "msg": "成功",
  "data": {
    "cartProductVoList": [
      {
        "productId": 26,
        "quantity": 9,
        "productName": "Apple iPhone 7 Plus (A1661) 128G 玫瑰金色 移动联通电信4G手机",
        "productSubtitle": "iPhone 7，现更以红色呈现。",
        "productMainImage": "http://img.springboot.cn/241997c4-9e62-4824-b7f0-7425c3c28917.jpeg",
        "productPrice": 6999.00,
        "productStatus": 1,
        "productTotalPrice": 62991.00,
        "productStock": 96,
        "productSelected": false
      }
    ],
    "selectedAll": false,
    "cartTotalPrice": 0,
    "cartTotalQuantity": 9
  }
}
2020-03-31 11:26:08.596 [main] INFO  com.samphanie.mall.service.ICartServiceTest - responseVo={
  "code": 0,
  "msg": "成功",
  "data": {
    "cartProductVoList": [
      {
        "productId": 26,
        "quantity": 10,
        "productName": "Apple iPhone 7 Plus (A1661) 128G 玫瑰金色 移动联通电信4G手机",
        "productSubtitle": "iPhone 7，现更以红色呈现。",
        "productMainImage": "http://img.springboot.cn/241997c4-9e62-4824-b7f0-7425c3c28917.jpeg",
        "productPrice": 6999.00,
        "productStatus": 1,
        "productTotalPrice": 69990.00,
        "productStock": 96,
        "productSelected": false
      }
    ],
    "selectedAll": false,
    "cartTotalPrice": 0,
    "cartTotalQuantity": 10
  }
}
2020-03-31 11:26:08.602 [main] INFO  com.samphanie.mall.service.ICartServiceTest - responseVo={
  "code": 0,
  "msg": "成功",
  "data": {
    "cartProductVoList": [
      {
        "productId": 26,
        "quantity": 10,
        "productName": "Apple iPhone 7 Plus (A1661) 128G 玫瑰金色 移动联通电信4G手机",
        "productSubtitle": "iPhone 7，现更以红色呈现。",
        "productMainImage": "http://img.springboot.cn/241997c4-9e62-4824-b7f0-7425c3c28917.jpeg",
        "productPrice": 6999.00,
        "productStatus": 1,
        "productTotalPrice": 69990.00,
        "productStock": 96,
        "productSelected": false
      }
    ],
    "selectedAll": false,
    "cartTotalPrice": 0,
    "cartTotalQuantity": 10
  }
}
2020-03-31 11:26:08.614 [SpringContextShutdownHook] INFO  o.s.scheduling.concurrent.ThreadPoolTaskExecutor - Shutting down ExecutorService 'applicationTaskExecutor'
2020-03-31 11:26:08.736 [SpringContextShutdownHook] INFO  com.zaxxer.hikari.HikariDataSource - HikariPool-1 - Shutdown initiated...
2020-03-31 11:26:08.755 [SpringContextShutdownHook] INFO  com.zaxxer.hikari.HikariDataSource - HikariPool-1 - Shutdown completed.
2020-03-31 11:26:37.361 [main] INFO  com.samphanie.mall.service.ICartServiceTest - Starting ICartServiceTest on Samphanie with PID 14596 (started by ZSY in E:\IdeaProjects\mall)
2020-03-31 11:26:37.363 [main] INFO  com.samphanie.mall.service.ICartServiceTest - No active profile set, falling back to default profiles: default
2020-03-31 11:26:38.199 [main] INFO  o.s.d.r.config.RepositoryConfigurationDelegate - Multiple Spring Data modules found, entering strict repository configuration mode!
2020-03-31 11:26:38.204 [main] INFO  o.s.d.r.config.RepositoryConfigurationDelegate - Bootstrapping Spring Data Redis repositories in DEFAULT mode.
2020-03-31 11:26:38.259 [main] INFO  o.s.d.r.config.RepositoryConfigurationDelegate - Finished Spring Data repository scanning in 33ms. Found 0 Redis repository interfaces.
2020-03-31 11:26:44.092 [main] INFO  o.s.scheduling.concurrent.ThreadPoolTaskExecutor - Initializing ExecutorService 'applicationTaskExecutor'
2020-03-31 11:26:45.159 [main] INFO  io.lettuce.core.EpollProvider - Starting without optional epoll library
2020-03-31 11:26:45.160 [main] INFO  io.lettuce.core.KqueueProvider - Starting without optional kqueue library
2020-03-31 11:26:50.960 [main] INFO  o.s.s.a.ScheduledAnnotationBeanPostProcessor - No TaskScheduler/ScheduledExecutorService bean found for scheduled processing
2020-03-31 11:26:50.973 [main] INFO  com.samphanie.mall.service.ICartServiceTest - Started ICartServiceTest in 14.096 seconds (JVM running for 15.559)
2020-03-31 11:26:51.395 [main] INFO  com.zaxxer.hikari.HikariDataSource - HikariPool-1 - Starting...
2020-03-31 11:26:51.622 [main] INFO  com.zaxxer.hikari.HikariDataSource - HikariPool-1 - Start completed.
2020-03-31 11:26:51.790 [main] INFO  com.samphanie.mall.service.ICartServiceTest - responseVo={
  "code": 0,
  "msg": "成功",
  "data": {
    "cartProductVoList": [
      {
        "productId": 26,
        "quantity": 11,
        "productName": "Apple iPhone 7 Plus (A1661) 128G 玫瑰金色 移动联通电信4G手机",
        "productSubtitle": "iPhone 7，现更以红色呈现。",
        "productMainImage": "http://img.springboot.cn/241997c4-9e62-4824-b7f0-7425c3c28917.jpeg",
        "productPrice": 6999.00,
        "productStatus": 1,
        "productTotalPrice": 76989.00,
        "productStock": 96,
        "productSelected": false
      }
    ],
    "selectedAll": false,
    "cartTotalPrice": 0,
    "cartTotalQuantity": 11
  }
}
2020-03-31 11:26:51.836 [SpringContextShutdownHook] INFO  o.s.scheduling.concurrent.ThreadPoolTaskExecutor - Shutting down ExecutorService 'applicationTaskExecutor'
2020-03-31 11:26:51.964 [SpringContextShutdownHook] INFO  com.zaxxer.hikari.HikariDataSource - HikariPool-1 - Shutdown initiated...
2020-03-31 11:26:51.983 [SpringContextShutdownHook] INFO  com.zaxxer.hikari.HikariDataSource - HikariPool-1 - Shutdown completed.
2020-03-31 11:27:31.478 [main] INFO  com.samphanie.mall.service.ICartServiceTest - Starting ICartServiceTest on Samphanie with PID 14476 (started by ZSY in E:\IdeaProjects\mall)
2020-03-31 11:27:31.480 [main] INFO  com.samphanie.mall.service.ICartServiceTest - No active profile set, falling back to default profiles: default
2020-03-31 11:27:32.408 [main] INFO  o.s.d.r.config.RepositoryConfigurationDelegate - Multiple Spring Data modules found, entering strict repository configuration mode!
2020-03-31 11:27:32.415 [main] INFO  o.s.d.r.config.RepositoryConfigurationDelegate - Bootstrapping Spring Data Redis repositories in DEFAULT mode.
2020-03-31 11:27:32.477 [main] INFO  o.s.d.r.config.RepositoryConfigurationDelegate - Finished Spring Data repository scanning in 36ms. Found 0 Redis repository interfaces.
2020-03-31 11:27:38.304 [main] INFO  o.s.scheduling.concurrent.ThreadPoolTaskExecutor - Initializing ExecutorService 'applicationTaskExecutor'
2020-03-31 11:27:39.262 [main] INFO  io.lettuce.core.EpollProvider - Starting without optional epoll library
2020-03-31 11:27:39.265 [main] INFO  io.lettuce.core.KqueueProvider - Starting without optional kqueue library
2020-03-31 11:27:44.960 [main] INFO  o.s.s.a.ScheduledAnnotationBeanPostProcessor - No TaskScheduler/ScheduledExecutorService bean found for scheduled processing
2020-03-31 11:27:44.970 [main] INFO  com.samphanie.mall.service.ICartServiceTest - Started ICartServiceTest in 14.017 seconds (JVM running for 15.54)
2020-03-31 11:27:45.385 [main] INFO  com.zaxxer.hikari.HikariDataSource - HikariPool-1 - Starting...
2020-03-31 11:27:45.589 [main] INFO  com.zaxxer.hikari.HikariDataSource - HikariPool-1 - Start completed.
2020-03-31 11:27:45.758 [main] INFO  com.samphanie.mall.service.ICartServiceTest - responseVo={
  "code": 0,
  "msg": "成功",
  "data": {
    "cartProductVoList": [
      {
        "productId": 26,
        "quantity": 1,
        "productName": "Apple iPhone 7 Plus (A1661) 128G 玫瑰金色 移动联通电信4G手机",
        "productSubtitle": "iPhone 7，现更以红色呈现。",
        "productMainImage": "http://img.springboot.cn/241997c4-9e62-4824-b7f0-7425c3c28917.jpeg",
        "productPrice": 6999.00,
        "productStatus": 1,
        "productTotalPrice": 6999.00,
        "productStock": 96,
        "productSelected": false
      }
    ],
    "selectedAll": false,
    "cartTotalPrice": 0,
    "cartTotalQuantity": 1
  }
}
2020-03-31 11:27:45.777 [main] INFO  com.samphanie.mall.service.ICartServiceTest - responseVo={
  "code": 0,
  "msg": "成功",
  "data": {
    "cartProductVoList": [
      {
        "productId": 26,
        "quantity": 2,
        "productName": "Apple iPhone 7 Plus (A1661) 128G 玫瑰金色 移动联通电信4G手机",
        "productSubtitle": "iPhone 7，现更以红色呈现。",
        "productMainImage": "http://img.springboot.cn/241997c4-9e62-4824-b7f0-7425c3c28917.jpeg",
        "productPrice": 6999.00,
        "productStatus": 1,
        "productTotalPrice": 13998.00,
        "productStock": 96,
        "productSelected": false
      }
    ],
    "selectedAll": false,
    "cartTotalPrice": 0,
    "cartTotalQuantity": 2
  }
}
2020-03-31 11:27:45.804 [SpringContextShutdownHook] INFO  o.s.scheduling.concurrent.ThreadPoolTaskExecutor - Shutting down ExecutorService 'applicationTaskExecutor'
2020-03-31 11:27:46.028 [SpringContextShutdownHook] INFO  com.zaxxer.hikari.HikariDataSource - HikariPool-1 - Shutdown initiated...
2020-03-31 11:27:46.044 [SpringContextShutdownHook] INFO  com.zaxxer.hikari.HikariDataSource - HikariPool-1 - Shutdown completed.
2020-03-31 11:33:24.972 [main] INFO  com.samphanie.mall.service.ICartServiceTest - Starting ICartServiceTest on Samphanie with PID 14200 (started by ZSY in E:\IdeaProjects\mall)
2020-03-31 11:33:24.973 [main] INFO  com.samphanie.mall.service.ICartServiceTest - No active profile set, falling back to default profiles: default
2020-03-31 11:33:25.908 [main] INFO  o.s.d.r.config.RepositoryConfigurationDelegate - Multiple Spring Data modules found, entering strict repository configuration mode!
2020-03-31 11:33:25.914 [main] INFO  o.s.d.r.config.RepositoryConfigurationDelegate - Bootstrapping Spring Data Redis repositories in DEFAULT mode.
2020-03-31 11:33:25.971 [main] INFO  o.s.d.r.config.RepositoryConfigurationDelegate - Finished Spring Data repository scanning in 37ms. Found 0 Redis repository interfaces.
2020-03-31 11:33:32.077 [main] INFO  o.s.scheduling.concurrent.ThreadPoolTaskExecutor - Initializing ExecutorService 'applicationTaskExecutor'
2020-03-31 11:33:33.123 [main] INFO  io.lettuce.core.EpollProvider - Starting without optional epoll library
2020-03-31 11:33:33.125 [main] INFO  io.lettuce.core.KqueueProvider - Starting without optional kqueue library
2020-03-31 11:33:39.163 [main] INFO  o.s.s.a.ScheduledAnnotationBeanPostProcessor - No TaskScheduler/ScheduledExecutorService bean found for scheduled processing
2020-03-31 11:33:39.175 [main] INFO  com.samphanie.mall.service.ICartServiceTest - Started ICartServiceTest in 14.71 seconds (JVM running for 16.371)
2020-03-31 11:33:39.630 [main] INFO  com.zaxxer.hikari.HikariDataSource - HikariPool-1 - Starting...
2020-03-31 11:33:39.863 [main] INFO  com.zaxxer.hikari.HikariDataSource - HikariPool-1 - Start completed.
2020-03-31 11:33:40.057 [main] INFO  com.samphanie.mall.service.ICartServiceTest - responseVo={
  "code": 0,
  "msg": "成功",
  "data": {
    "cartProductVoList": [
      {
        "productId": 26,
        "quantity": 3,
        "productName": "Apple iPhone 7 Plus (A1661) 128G 玫瑰金色 移动联通电信4G手机",
        "productSubtitle": "iPhone 7，现更以红色呈现。",
        "productMainImage": "http://img.springboot.cn/241997c4-9e62-4824-b7f0-7425c3c28917.jpeg",
        "productPrice": 6999.00,
        "productStatus": 1,
        "productTotalPrice": 20997.00,
        "productStock": 96,
        "productSelected": false
      }
    ],
    "selectedAll": false,
    "cartTotalPrice": 0,
    "cartTotalQuantity": 3
  }
}
2020-03-31 11:33:40.070 [main] INFO  com.samphanie.mall.service.ICartServiceTest - responseVo={
  "code": 0,
  "msg": "成功",
  "data": {
    "cartProductVoList": [
      {
        "productId": 26,
        "quantity": 3,
        "productName": "Apple iPhone 7 Plus (A1661) 128G 玫瑰金色 移动联通电信4G手机",
        "productSubtitle": "iPhone 7，现更以红色呈现。",
        "productMainImage": "http://img.springboot.cn/241997c4-9e62-4824-b7f0-7425c3c28917.jpeg",
        "productPrice": 6999.00,
        "productStatus": 1,
        "productTotalPrice": 20997.00,
        "productStock": 96,
        "productSelected": true
      }
    ],
    "selectedAll": true,
    "cartTotalPrice": 20997.00,
    "cartTotalQuantity": 3
  }
}
2020-03-31 11:33:40.105 [main] INFO  com.samphanie.mall.service.ICartServiceTest - responseVo={
  "code": 0,
  "msg": "成功",
  "data": {
    "cartProductVoList": [
      {
        "productId": 26,
        "quantity": 4,
        "productName": "Apple iPhone 7 Plus (A1661) 128G 玫瑰金色 移动联通电信4G手机",
        "productSubtitle": "iPhone 7，现更以红色呈现。",
        "productMainImage": "http://img.springboot.cn/241997c4-9e62-4824-b7f0-7425c3c28917.jpeg",
        "productPrice": 6999.00,
        "productStatus": 1,
        "productTotalPrice": 27996.00,
        "productStock": 96,
        "productSelected": true
      }
    ],
    "selectedAll": true,
    "cartTotalPrice": 27996.00,
    "cartTotalQuantity": 4
  }
}
2020-03-31 11:33:40.148 [main] INFO  com.samphanie.mall.service.ICartServiceTest - responseVo={
  "code": 0,
  "msg": "成功",
  "data": {
    "cartProductVoList": [
      {
        "productId": 26,
        "quantity": 1,
        "productName": "Apple iPhone 7 Plus (A1661) 128G 玫瑰金色 移动联通电信4G手机",
        "productSubtitle": "iPhone 7，现更以红色呈现。",
        "productMainImage": "http://img.springboot.cn/241997c4-9e62-4824-b7f0-7425c3c28917.jpeg",
        "productPrice": 6999.00,
        "productStatus": 1,
        "productTotalPrice": 6999.00,
        "productStock": 96,
        "productSelected": false
      }
    ],
    "selectedAll": false,
    "cartTotalPrice": 0,
    "cartTotalQuantity": 1
  }
}
2020-03-31 11:33:40.158 [main] INFO  com.samphanie.mall.service.ICartServiceTest - responseVo={
  "code": 0,
  "msg": "成功",
  "data": {
    "cartProductVoList": [
      {
        "productId": 26,
        "quantity": 5,
        "productName": "Apple iPhone 7 Plus (A1661) 128G 玫瑰金色 移动联通电信4G手机",
        "productSubtitle": "iPhone 7，现更以红色呈现。",
        "productMainImage": "http://img.springboot.cn/241997c4-9e62-4824-b7f0-7425c3c28917.jpeg",
        "productPrice": 6999.00,
        "productStatus": 1,
        "productTotalPrice": 34995.00,
        "productStock": 96,
        "productSelected": false
      }
    ],
    "selectedAll": false,
    "cartTotalPrice": 0,
    "cartTotalQuantity": 5
  }
}
2020-03-31 11:33:40.177 [main] INFO  com.samphanie.mall.service.ICartServiceTest - responseVo={
  "code": 0,
  "msg": "成功",
  "data": {
    "cartProductVoList": [
      {
        "productId": 26,
        "quantity": 6,
        "productName": "Apple iPhone 7 Plus (A1661) 128G 玫瑰金色 移动联通电信4G手机",
        "productSubtitle": "iPhone 7，现更以红色呈现。",
        "productMainImage": "http://img.springboot.cn/241997c4-9e62-4824-b7f0-7425c3c28917.jpeg",
        "productPrice": 6999.00,
        "productStatus": 1,
        "productTotalPrice": 41994.00,
        "productStock": 96,
        "productSelected": false
      }
    ],
    "selectedAll": false,
    "cartTotalPrice": 0,
    "cartTotalQuantity": 6
  }
}
2020-03-31 11:33:40.192 [main] INFO  com.samphanie.mall.service.ICartServiceTest - responseVo={
  "code": 0,
  "msg": "成功",
  "data": {
    "cartProductVoList": [
      {
        "productId": 26,
        "quantity": 7,
        "productName": "Apple iPhone 7 Plus (A1661) 128G 玫瑰金色 移动联通电信4G手机",
        "productSubtitle": "iPhone 7，现更以红色呈现。",
        "productMainImage": "http://img.springboot.cn/241997c4-9e62-4824-b7f0-7425c3c28917.jpeg",
        "productPrice": 6999.00,
        "productStatus": 1,
        "productTotalPrice": 48993.00,
        "productStock": 96,
        "productSelected": false
      }
    ],
    "selectedAll": false,
    "cartTotalPrice": 0,
    "cartTotalQuantity": 7
  }
}
2020-03-31 11:33:40.208 [main] INFO  com.samphanie.mall.service.ICartServiceTest - responseVo={
  "code": 0,
  "msg": "成功",
  "data": {
    "cartProductVoList": [
      {
        "productId": 26,
        "quantity": 8,
        "productName": "Apple iPhone 7 Plus (A1661) 128G 玫瑰金色 移动联通电信4G手机",
        "productSubtitle": "iPhone 7，现更以红色呈现。",
        "productMainImage": "http://img.springboot.cn/241997c4-9e62-4824-b7f0-7425c3c28917.jpeg",
        "productPrice": 6999.00,
        "productStatus": 1,
        "productTotalPrice": 55992.00,
        "productStock": 96,
        "productSelected": false
      }
    ],
    "selectedAll": false,
    "cartTotalPrice": 0,
    "cartTotalQuantity": 8
  }
}
2020-03-31 11:33:40.211 [main] INFO  com.samphanie.mall.service.ICartServiceTest - responseVo={
  "code": 0,
  "msg": "成功",
  "data": 8
}
2020-03-31 11:33:40.232 [main] INFO  com.samphanie.mall.service.ICartServiceTest - responseVo={
  "code": 0,
  "msg": "成功",
  "data": {
    "cartProductVoList": [
      {
        "productId": 26,
        "quantity": 9,
        "productName": "Apple iPhone 7 Plus (A1661) 128G 玫瑰金色 移动联通电信4G手机",
        "productSubtitle": "iPhone 7，现更以红色呈现。",
        "productMainImage": "http://img.springboot.cn/241997c4-9e62-4824-b7f0-7425c3c28917.jpeg",
        "productPrice": 6999.00,
        "productStatus": 1,
        "productTotalPrice": 62991.00,
        "productStock": 96,
        "productSelected": false
      }
    ],
    "selectedAll": false,
    "cartTotalPrice": 0,
    "cartTotalQuantity": 9
  }
}
2020-03-31 11:33:40.237 [main] INFO  com.samphanie.mall.service.ICartServiceTest - list={
  "code": 0,
  "msg": "成功",
  "data": {
    "cartProductVoList": [
      {
        "productId": 26,
        "quantity": 9,
        "productName": "Apple iPhone 7 Plus (A1661) 128G 玫瑰金色 移动联通电信4G手机",
        "productSubtitle": "iPhone 7，现更以红色呈现。",
        "productMainImage": "http://img.springboot.cn/241997c4-9e62-4824-b7f0-7425c3c28917.jpeg",
        "productPrice": 6999.00,
        "productStatus": 1,
        "productTotalPrice": 62991.00,
        "productStock": 96,
        "productSelected": false
      }
    ],
    "selectedAll": false,
    "cartTotalPrice": 0,
    "cartTotalQuantity": 9
  }
}
2020-03-31 11:33:40.255 [main] INFO  com.samphanie.mall.service.ICartServiceTest - responseVo={
  "code": 0,
  "msg": "成功",
  "data": {
    "cartProductVoList": [
      {
        "productId": 26,
        "quantity": 10,
        "productName": "Apple iPhone 7 Plus (A1661) 128G 玫瑰金色 移动联通电信4G手机",
        "productSubtitle": "iPhone 7，现更以红色呈现。",
        "productMainImage": "http://img.springboot.cn/241997c4-9e62-4824-b7f0-7425c3c28917.jpeg",
        "productPrice": 6999.00,
        "productStatus": 1,
        "productTotalPrice": 69990.00,
        "productStock": 96,
        "productSelected": false
      }
    ],
    "selectedAll": false,
    "cartTotalPrice": 0,
    "cartTotalQuantity": 10
  }
}
2020-03-31 11:33:40.261 [main] INFO  com.samphanie.mall.service.ICartServiceTest - responseVo={
  "code": 0,
  "msg": "成功",
  "data": {
    "cartProductVoList": [
      {
        "productId": 26,
        "quantity": 10,
        "productName": "Apple iPhone 7 Plus (A1661) 128G 玫瑰金色 移动联通电信4G手机",
        "productSubtitle": "iPhone 7，现更以红色呈现。",
        "productMainImage": "http://img.springboot.cn/241997c4-9e62-4824-b7f0-7425c3c28917.jpeg",
        "productPrice": 6999.00,
        "productStatus": 1,
        "productTotalPrice": 69990.00,
        "productStock": 96,
        "productSelected": false
      }
    ],
    "selectedAll": false,
    "cartTotalPrice": 0,
    "cartTotalQuantity": 10
  }
}
2020-03-31 11:33:40.278 [SpringContextShutdownHook] INFO  o.s.scheduling.concurrent.ThreadPoolTaskExecutor - Shutting down ExecutorService 'applicationTaskExecutor'
2020-03-31 11:33:40.404 [SpringContextShutdownHook] INFO  com.zaxxer.hikari.HikariDataSource - HikariPool-1 - Shutdown initiated...
2020-03-31 11:33:40.422 [SpringContextShutdownHook] INFO  com.zaxxer.hikari.HikariDataSource - HikariPool-1 - Shutdown completed.
2020-03-31 11:34:24.792 [main] INFO  com.samphanie.mall.service.ICartServiceTest - Starting ICartServiceTest on Samphanie with PID 3084 (started by ZSY in E:\IdeaProjects\mall)
2020-03-31 11:34:24.794 [main] INFO  com.samphanie.mall.service.ICartServiceTest - No active profile set, falling back to default profiles: default
2020-03-31 11:34:25.681 [main] INFO  o.s.d.r.config.RepositoryConfigurationDelegate - Multiple Spring Data modules found, entering strict repository configuration mode!
2020-03-31 11:34:25.685 [main] INFO  o.s.d.r.config.RepositoryConfigurationDelegate - Bootstrapping Spring Data Redis repositories in DEFAULT mode.
2020-03-31 11:34:25.737 [main] INFO  o.s.d.r.config.RepositoryConfigurationDelegate - Finished Spring Data repository scanning in 31ms. Found 0 Redis repository interfaces.
2020-03-31 11:34:31.596 [main] INFO  o.s.scheduling.concurrent.ThreadPoolTaskExecutor - Initializing ExecutorService 'applicationTaskExecutor'
2020-03-31 11:34:32.635 [main] INFO  io.lettuce.core.EpollProvider - Starting without optional epoll library
2020-03-31 11:34:32.637 [main] INFO  io.lettuce.core.KqueueProvider - Starting without optional kqueue library
2020-03-31 11:34:43.030 [main] INFO  o.s.s.a.ScheduledAnnotationBeanPostProcessor - No TaskScheduler/ScheduledExecutorService bean found for scheduled processing
2020-03-31 11:34:43.049 [main] INFO  com.samphanie.mall.service.ICartServiceTest - Started ICartServiceTest in 18.77 seconds (JVM running for 20.333)
2020-03-31 11:34:43.515 [main] INFO  com.zaxxer.hikari.HikariDataSource - HikariPool-1 - Starting...
2020-03-31 11:34:43.763 [main] INFO  com.zaxxer.hikari.HikariDataSource - HikariPool-1 - Start completed.
2020-03-31 11:34:43.944 [main] INFO  com.samphanie.mall.service.ICartServiceTest - responseVo={
  "code": 0,
  "msg": "成功",
  "data": {
    "cartProductVoList": [
      {
        "productId": 26,
        "quantity": 11,
        "productName": "Apple iPhone 7 Plus (A1661) 128G 玫瑰金色 移动联通电信4G手机",
        "productSubtitle": "iPhone 7，现更以红色呈现。",
        "productMainImage": "http://img.springboot.cn/241997c4-9e62-4824-b7f0-7425c3c28917.jpeg",
        "productPrice": 6999.00,
        "productStatus": 1,
        "productTotalPrice": 76989.00,
        "productStock": 96,
        "productSelected": false
      }
    ],
    "selectedAll": false,
    "cartTotalPrice": 0,
    "cartTotalQuantity": 11
  }
}
2020-03-31 11:34:43.957 [main] INFO  com.samphanie.mall.service.ICartServiceTest - responseVo={
  "code": 0,
  "msg": "成功",
  "data": {
    "cartProductVoList": [
      {
        "productId": 26,
        "quantity": 11,
        "productName": "Apple iPhone 7 Plus (A1661) 128G 玫瑰金色 移动联通电信4G手机",
        "productSubtitle": "iPhone 7，现更以红色呈现。",
        "productMainImage": "http://img.springboot.cn/241997c4-9e62-4824-b7f0-7425c3c28917.jpeg",
        "productPrice": 6999.00,
        "productStatus": 1,
        "productTotalPrice": 76989.00,
        "productStock": 96,
        "productSelected": true
      }
    ],
    "selectedAll": true,
    "cartTotalPrice": 76989.00,
    "cartTotalQuantity": 11
  }
}
2020-03-31 11:34:43.988 [main] INFO  com.samphanie.mall.service.ICartServiceTest - responseVo={
  "code": 0,
  "msg": "成功",
  "data": {
    "cartProductVoList": [
      {
        "productId": 26,
        "quantity": 12,
        "productName": "Apple iPhone 7 Plus (A1661) 128G 玫瑰金色 移动联通电信4G手机",
        "productSubtitle": "iPhone 7，现更以红色呈现。",
        "productMainImage": "http://img.springboot.cn/241997c4-9e62-4824-b7f0-7425c3c28917.jpeg",
        "productPrice": 6999.00,
        "productStatus": 1,
        "productTotalPrice": 83988.00,
        "productStock": 96,
        "productSelected": true
      }
    ],
    "selectedAll": true,
    "cartTotalPrice": 83988.00,
    "cartTotalQuantity": 12
  }
}
2020-03-31 11:34:44.029 [main] INFO  com.samphanie.mall.service.ICartServiceTest - responseVo={
  "code": 0,
  "msg": "成功",
  "data": {
    "cartProductVoList": [
      {
        "productId": 26,
        "quantity": 1,
        "productName": "Apple iPhone 7 Plus (A1661) 128G 玫瑰金色 移动联通电信4G手机",
        "productSubtitle": "iPhone 7，现更以红色呈现。",
        "productMainImage": "http://img.springboot.cn/241997c4-9e62-4824-b7f0-7425c3c28917.jpeg",
        "productPrice": 6999.00,
        "productStatus": 1,
        "productTotalPrice": 6999.00,
        "productStock": 96,
        "productSelected": false
      }
    ],
    "selectedAll": false,
    "cartTotalPrice": 0,
    "cartTotalQuantity": 1
  }
}
2020-03-31 11:34:44.043 [main] INFO  com.samphanie.mall.service.ICartServiceTest - responseVo={
  "code": 0,
  "msg": "成功",
  "data": {
    "cartProductVoList": [
      {
        "productId": 26,
        "quantity": 5,
        "productName": "Apple iPhone 7 Plus (A1661) 128G 玫瑰金色 移动联通电信4G手机",
        "productSubtitle": "iPhone 7，现更以红色呈现。",
        "productMainImage": "http://img.springboot.cn/241997c4-9e62-4824-b7f0-7425c3c28917.jpeg",
        "productPrice": 6999.00,
        "productStatus": 1,
        "productTotalPrice": 34995.00,
        "productStock": 96,
        "productSelected": false
      }
    ],
    "selectedAll": false,
    "cartTotalPrice": 0,
    "cartTotalQuantity": 5
  }
}
2020-03-31 11:34:44.072 [main] INFO  com.samphanie.mall.service.ICartServiceTest - responseVo={
  "code": 0,
  "msg": "成功",
  "data": {
    "cartProductVoList": [
      {
        "productId": 26,
        "quantity": 6,
        "productName": "Apple iPhone 7 Plus (A1661) 128G 玫瑰金色 移动联通电信4G手机",
        "productSubtitle": "iPhone 7，现更以红色呈现。",
        "productMainImage": "http://img.springboot.cn/241997c4-9e62-4824-b7f0-7425c3c28917.jpeg",
        "productPrice": 6999.00,
        "productStatus": 1,
        "productTotalPrice": 41994.00,
        "productStock": 96,
        "productSelected": false
      }
    ],
    "selectedAll": false,
    "cartTotalPrice": 0,
    "cartTotalQuantity": 6
  }
}
2020-03-31 11:34:44.093 [main] INFO  com.samphanie.mall.service.ICartServiceTest - responseVo={
  "code": 0,
  "msg": "成功",
  "data": {
    "cartProductVoList": [
      {
        "productId": 26,
        "quantity": 7,
        "productName": "Apple iPhone 7 Plus (A1661) 128G 玫瑰金色 移动联通电信4G手机",
        "productSubtitle": "iPhone 7，现更以红色呈现。",
        "productMainImage": "http://img.springboot.cn/241997c4-9e62-4824-b7f0-7425c3c28917.jpeg",
        "productPrice": 6999.00,
        "productStatus": 1,
        "productTotalPrice": 48993.00,
        "productStock": 96,
        "productSelected": false
      }
    ],
    "selectedAll": false,
    "cartTotalPrice": 0,
    "cartTotalQuantity": 7
  }
}
2020-03-31 11:34:44.114 [main] INFO  com.samphanie.mall.service.ICartServiceTest - responseVo={
  "code": 0,
  "msg": "成功",
  "data": {
    "cartProductVoList": [
      {
        "productId": 26,
        "quantity": 8,
        "productName": "Apple iPhone 7 Plus (A1661) 128G 玫瑰金色 移动联通电信4G手机",
        "productSubtitle": "iPhone 7，现更以红色呈现。",
        "productMainImage": "http://img.springboot.cn/241997c4-9e62-4824-b7f0-7425c3c28917.jpeg",
        "productPrice": 6999.00,
        "productStatus": 1,
        "productTotalPrice": 55992.00,
        "productStock": 96,
        "productSelected": false
      }
    ],
    "selectedAll": false,
    "cartTotalPrice": 0,
    "cartTotalQuantity": 8
  }
}
2020-03-31 11:34:44.123 [main] INFO  com.samphanie.mall.service.ICartServiceTest - responseVo={
  "code": 0,
  "msg": "成功",
  "data": 8
}
2020-03-31 11:34:44.147 [main] INFO  com.samphanie.mall.service.ICartServiceTest - responseVo={
  "code": 0,
  "msg": "成功",
  "data": {
    "cartProductVoList": [
      {
        "productId": 26,
        "quantity": 9,
        "productName": "Apple iPhone 7 Plus (A1661) 128G 玫瑰金色 移动联通电信4G手机",
        "productSubtitle": "iPhone 7，现更以红色呈现。",
        "productMainImage": "http://img.springboot.cn/241997c4-9e62-4824-b7f0-7425c3c28917.jpeg",
        "productPrice": 6999.00,
        "productStatus": 1,
        "productTotalPrice": 62991.00,
        "productStock": 96,
        "productSelected": false
      }
    ],
    "selectedAll": false,
    "cartTotalPrice": 0,
    "cartTotalQuantity": 9
  }
}
2020-03-31 11:34:44.154 [main] INFO  com.samphanie.mall.service.ICartServiceTest - list={
  "code": 0,
  "msg": "成功",
  "data": {
    "cartProductVoList": [
      {
        "productId": 26,
        "quantity": 9,
        "productName": "Apple iPhone 7 Plus (A1661) 128G 玫瑰金色 移动联通电信4G手机",
        "productSubtitle": "iPhone 7，现更以红色呈现。",
        "productMainImage": "http://img.springboot.cn/241997c4-9e62-4824-b7f0-7425c3c28917.jpeg",
        "productPrice": 6999.00,
        "productStatus": 1,
        "productTotalPrice": 62991.00,
        "productStock": 96,
        "productSelected": false
      }
    ],
    "selectedAll": false,
    "cartTotalPrice": 0,
    "cartTotalQuantity": 9
  }
}
2020-03-31 11:34:44.173 [main] INFO  com.samphanie.mall.service.ICartServiceTest - responseVo={
  "code": 0,
  "msg": "成功",
  "data": {
    "cartProductVoList": [
      {
        "productId": 26,
        "quantity": 10,
        "productName": "Apple iPhone 7 Plus (A1661) 128G 玫瑰金色 移动联通电信4G手机",
        "productSubtitle": "iPhone 7，现更以红色呈现。",
        "productMainImage": "http://img.springboot.cn/241997c4-9e62-4824-b7f0-7425c3c28917.jpeg",
        "productPrice": 6999.00,
        "productStatus": 1,
        "productTotalPrice": 69990.00,
        "productStock": 96,
        "productSelected": false
      }
    ],
    "selectedAll": false,
    "cartTotalPrice": 0,
    "cartTotalQuantity": 10
  }
}
2020-03-31 11:34:44.180 [main] INFO  com.samphanie.mall.service.ICartServiceTest - responseVo={
  "code": 0,
  "msg": "成功",
  "data": {
    "cartProductVoList": [
      {
        "productId": 26,
        "quantity": 10,
        "productName": "Apple iPhone 7 Plus (A1661) 128G 玫瑰金色 移动联通电信4G手机",
        "productSubtitle": "iPhone 7，现更以红色呈现。",
        "productMainImage": "http://img.springboot.cn/241997c4-9e62-4824-b7f0-7425c3c28917.jpeg",
        "productPrice": 6999.00,
        "productStatus": 1,
        "productTotalPrice": 69990.00,
        "productStock": 96,
        "productSelected": false
      }
    ],
    "selectedAll": false,
    "cartTotalPrice": 0,
    "cartTotalQuantity": 10
  }
}
2020-03-31 11:34:45.083 [SpringContextShutdownHook] INFO  o.s.scheduling.concurrent.ThreadPoolTaskExecutor - Shutting down ExecutorService 'applicationTaskExecutor'
2020-03-31 11:34:45.208 [SpringContextShutdownHook] INFO  com.zaxxer.hikari.HikariDataSource - HikariPool-1 - Shutdown initiated...
2020-03-31 11:34:45.226 [SpringContextShutdownHook] INFO  com.zaxxer.hikari.HikariDataSource - HikariPool-1 - Shutdown completed.
