2020-03-27 11:17:02.385 [main] INFO  com.samphanie.mall.MallApplication - Starting MallApplication on Samphanie with PID 16560 (E:\IdeaProjects\mall\target\classes started by ZSY in E:\IdeaProjects\mall)
2020-03-27 11:17:02.390 [main] INFO  com.samphanie.mall.MallApplication - No active profile set, falling back to default profiles: default
2020-03-27 11:17:05.169 [main] INFO  o.s.d.r.config.RepositoryConfigurationDelegate - Multiple Spring Data modules found, entering strict repository configuration mode!
2020-03-27 11:17:05.171 [main] INFO  o.s.d.r.config.RepositoryConfigurationDelegate - Bootstrapping Spring Data Redis repositories in DEFAULT mode.
2020-03-27 11:17:05.239 [main] INFO  o.s.d.r.config.RepositoryConfigurationDelegate - Finished Spring Data repository scanning in 55ms. Found 0 Redis repository interfaces.
2020-03-27 11:17:07.070 [main] INFO  o.s.boot.web.embedded.tomcat.TomcatWebServer - Tomcat initialized with port(s): 8888 (http)
2020-03-27 11:17:07.120 [main] INFO  org.apache.coyote.http11.Http11NioProtocol - Initializing ProtocolHandler ["http-nio-8888"]
2020-03-27 11:17:07.120 [main] INFO  org.apache.catalina.core.StandardService - Starting service [Tomcat]
2020-03-27 11:17:07.121 [main] INFO  org.apache.catalina.core.StandardEngine - Starting Servlet engine: [Apache Tomcat/9.0.31]
2020-03-27 11:17:07.376 [main] INFO  o.a.c.c.ContainerBase.[Tomcat].[localhost].[/mall] - Initializing Spring embedded WebApplicationContext
2020-03-27 11:17:07.376 [main] INFO  org.springframework.web.context.ContextLoader - Root WebApplicationContext: initialization completed in 4705 ms
2020-03-27 11:17:11.701 [main] WARN  o.s.b.w.s.c.AnnotationConfigServletWebServerApplicationContext - Exception encountered during context initialization - cancelling refresh attempt: org.springframework.beans.factory.UnsatisfiedDependencyException: Error creating bean with name 'userController': Unsatisfied dependency expressed through field 'redisTemplate'; nested exception is org.springframework.beans.factory.UnsatisfiedDependencyException: Error creating bean with name 'redisTemplate' defined in class path resource [org/springframework/boot/autoconfigure/data/redis/RedisAutoConfiguration.class]: Unsatisfied dependency expressed through method 'redisTemplate' parameter 0; nested exception is org.springframework.beans.factory.BeanCreationException: Error creating bean with name 'redisConnectionFactory' defined in class path resource [org/springframework/boot/autoconfigure/data/redis/LettuceConnectionConfiguration.class]: Bean instantiation via factory method failed; nested exception is org.springframework.beans.BeanInstantiationException: Failed to instantiate [org.springframework.data.redis.connection.lettuce.LettuceConnectionFactory]: Factory method 'redisConnectionFactory' threw exception; nested exception is java.lang.NoClassDefFoundError: org/apache/commons/pool2/impl/GenericObjectPoolConfig
2020-03-27 11:17:11.712 [main] INFO  org.apache.catalina.core.StandardService - Stopping service [Tomcat]
2020-03-27 11:17:11.723 [main] INFO  o.s.b.a.l.ConditionEvaluationReportLoggingListener - 

Error starting ApplicationContext. To display the conditions report re-run your application with 'debug' enabled.
2020-03-27 11:18:23.957 [main] INFO  com.samphanie.mall.MallApplication - Starting MallApplication on Samphanie with PID 10044 (E:\IdeaProjects\mall\target\classes started by ZSY in E:\IdeaProjects\mall)
2020-03-27 11:18:23.960 [main] INFO  com.samphanie.mall.MallApplication - No active profile set, falling back to default profiles: default
2020-03-27 11:18:24.702 [main] INFO  o.s.d.r.config.RepositoryConfigurationDelegate - Multiple Spring Data modules found, entering strict repository configuration mode!
2020-03-27 11:18:24.705 [main] INFO  o.s.d.r.config.RepositoryConfigurationDelegate - Bootstrapping Spring Data Redis repositories in DEFAULT mode.
2020-03-27 11:18:24.744 [main] INFO  o.s.d.r.config.RepositoryConfigurationDelegate - Finished Spring Data repository scanning in 22ms. Found 0 Redis repository interfaces.
2020-03-27 11:18:25.290 [main] INFO  o.s.boot.web.embedded.tomcat.TomcatWebServer - Tomcat initialized with port(s): 8888 (http)
2020-03-27 11:18:25.297 [main] INFO  org.apache.coyote.http11.Http11NioProtocol - Initializing ProtocolHandler ["http-nio-8888"]
2020-03-27 11:18:25.298 [main] INFO  org.apache.catalina.core.StandardService - Starting service [Tomcat]
2020-03-27 11:18:25.298 [main] INFO  org.apache.catalina.core.StandardEngine - Starting Servlet engine: [Apache Tomcat/9.0.31]
2020-03-27 11:18:25.418 [main] INFO  o.a.c.c.ContainerBase.[Tomcat].[localhost].[/mall] - Initializing Spring embedded WebApplicationContext
2020-03-27 11:18:25.418 [main] INFO  org.springframework.web.context.ContextLoader - Root WebApplicationContext: initialization completed in 1358 ms
2020-03-27 11:18:29.387 [main] WARN  o.s.b.w.s.c.AnnotationConfigServletWebServerApplicationContext - Exception encountered during context initialization - cancelling refresh attempt: org.springframework.beans.factory.UnsatisfiedDependencyException: Error creating bean with name 'userController': Unsatisfied dependency expressed through field 'redisTemplate'; nested exception is org.springframework.beans.factory.NoSuchBeanDefinitionException: No qualifying bean of type 'org.springframework.data.redis.core.RedisTemplate<java.lang.String, java.lang.Object>' available: expected at least 1 bean which qualifies as autowire candidate. Dependency annotations: {@org.springframework.beans.factory.annotation.Autowired(required=true)}
2020-03-27 11:18:29.392 [main] INFO  org.apache.catalina.core.StandardService - Stopping service [Tomcat]
2020-03-27 11:18:29.404 [main] INFO  o.s.b.a.l.ConditionEvaluationReportLoggingListener - 

Error starting ApplicationContext. To display the conditions report re-run your application with 'debug' enabled.
2020-03-27 11:24:46.680 [main] INFO  com.samphanie.mall.MallApplication - Starting MallApplication on Samphanie with PID 7204 (E:\IdeaProjects\mall\target\classes started by ZSY in E:\IdeaProjects\mall)
2020-03-27 11:24:46.683 [main] INFO  com.samphanie.mall.MallApplication - No active profile set, falling back to default profiles: default
2020-03-27 11:24:47.428 [main] INFO  o.s.d.r.config.RepositoryConfigurationDelegate - Multiple Spring Data modules found, entering strict repository configuration mode!
2020-03-27 11:24:47.430 [main] INFO  o.s.d.r.config.RepositoryConfigurationDelegate - Bootstrapping Spring Data Redis repositories in DEFAULT mode.
2020-03-27 11:24:47.476 [main] INFO  o.s.d.r.config.RepositoryConfigurationDelegate - Finished Spring Data repository scanning in 28ms. Found 0 Redis repository interfaces.
2020-03-27 11:24:48.103 [main] INFO  o.s.boot.web.embedded.tomcat.TomcatWebServer - Tomcat initialized with port(s): 8888 (http)
2020-03-27 11:24:48.110 [main] INFO  org.apache.coyote.http11.Http11NioProtocol - Initializing ProtocolHandler ["http-nio-8888"]
2020-03-27 11:24:48.111 [main] INFO  org.apache.catalina.core.StandardService - Starting service [Tomcat]
2020-03-27 11:24:48.111 [main] INFO  org.apache.catalina.core.StandardEngine - Starting Servlet engine: [Apache Tomcat/9.0.31]
2020-03-27 11:24:48.234 [main] INFO  o.a.c.c.ContainerBase.[Tomcat].[localhost].[/mall] - Initializing Spring embedded WebApplicationContext
2020-03-27 11:24:48.234 [main] INFO  org.springframework.web.context.ContextLoader - Root WebApplicationContext: initialization completed in 1459 ms
2020-03-27 11:24:52.080 [main] WARN  o.s.b.w.s.c.AnnotationConfigServletWebServerApplicationContext - Exception encountered during context initialization - cancelling refresh attempt: org.springframework.beans.factory.UnsatisfiedDependencyException: Error creating bean with name 'userController': Unsatisfied dependency expressed through field 'redisTemplate'; nested exception is org.springframework.beans.factory.UnsatisfiedDependencyException: Error creating bean with name 'stringRedisTemplate' defined in class path resource [org/springframework/boot/autoconfigure/data/redis/RedisAutoConfiguration.class]: Unsatisfied dependency expressed through method 'stringRedisTemplate' parameter 0; nested exception is org.springframework.beans.factory.BeanCreationException: Error creating bean with name 'redisConnectionFactory' defined in class path resource [org/springframework/boot/autoconfigure/data/redis/LettuceConnectionConfiguration.class]: Bean instantiation via factory method failed; nested exception is org.springframework.beans.BeanInstantiationException: Failed to instantiate [org.springframework.data.redis.connection.lettuce.LettuceConnectionFactory]: Factory method 'redisConnectionFactory' threw exception; nested exception is java.lang.NoClassDefFoundError: org/apache/commons/pool2/impl/GenericObjectPoolConfig
2020-03-27 11:24:52.096 [main] INFO  org.apache.catalina.core.StandardService - Stopping service [Tomcat]
2020-03-27 11:24:52.106 [main] INFO  o.s.b.a.l.ConditionEvaluationReportLoggingListener - 

Error starting ApplicationContext. To display the conditions report re-run your application with 'debug' enabled.
2020-03-27 11:29:13.244 [main] INFO  com.samphanie.mall.MallApplication - Starting MallApplication on Samphanie with PID 10008 (E:\IdeaProjects\mall\target\classes started by ZSY in E:\IdeaProjects\mall)
2020-03-27 11:29:13.248 [main] INFO  com.samphanie.mall.MallApplication - No active profile set, falling back to default profiles: default
2020-03-27 11:29:13.986 [main] INFO  o.s.d.r.config.RepositoryConfigurationDelegate - Multiple Spring Data modules found, entering strict repository configuration mode!
2020-03-27 11:29:13.989 [main] INFO  o.s.d.r.config.RepositoryConfigurationDelegate - Bootstrapping Spring Data Redis repositories in DEFAULT mode.
2020-03-27 11:29:14.023 [main] INFO  o.s.d.r.config.RepositoryConfigurationDelegate - Finished Spring Data repository scanning in 18ms. Found 0 Redis repository interfaces.
2020-03-27 11:29:14.553 [main] INFO  o.s.boot.web.embedded.tomcat.TomcatWebServer - Tomcat initialized with port(s): 8888 (http)
2020-03-27 11:29:14.561 [main] INFO  org.apache.coyote.http11.Http11NioProtocol - Initializing ProtocolHandler ["http-nio-8888"]
2020-03-27 11:29:14.561 [main] INFO  org.apache.catalina.core.StandardService - Starting service [Tomcat]
2020-03-27 11:29:14.562 [main] INFO  org.apache.catalina.core.StandardEngine - Starting Servlet engine: [Apache Tomcat/9.0.31]
2020-03-27 11:29:14.684 [main] INFO  o.a.c.c.ContainerBase.[Tomcat].[localhost].[/mall] - Initializing Spring embedded WebApplicationContext
2020-03-27 11:29:14.684 [main] INFO  org.springframework.web.context.ContextLoader - Root WebApplicationContext: initialization completed in 1339 ms
2020-03-27 11:29:18.932 [main] WARN  o.s.b.w.s.c.AnnotationConfigServletWebServerApplicationContext - Exception encountered during context initialization - cancelling refresh attempt: org.springframework.beans.factory.UnsatisfiedDependencyException: Error creating bean with name 'userController': Unsatisfied dependency expressed through field 'redisTemplate'; nested exception is org.springframework.beans.factory.UnsatisfiedDependencyException: Error creating bean with name 'stringRedisTemplate' defined in class path resource [org/springframework/boot/autoconfigure/data/redis/RedisAutoConfiguration.class]: Unsatisfied dependency expressed through method 'stringRedisTemplate' parameter 0; nested exception is org.springframework.beans.factory.BeanCreationException: Error creating bean with name 'redisConnectionFactory' defined in class path resource [org/springframework/boot/autoconfigure/data/redis/LettuceConnectionConfiguration.class]: Bean instantiation via factory method failed; nested exception is org.springframework.beans.BeanInstantiationException: Failed to instantiate [org.springframework.data.redis.connection.lettuce.LettuceConnectionFactory]: Factory method 'redisConnectionFactory' threw exception; nested exception is java.lang.NoClassDefFoundError: org/apache/commons/pool2/impl/GenericObjectPoolConfig
2020-03-27 11:29:18.948 [main] INFO  org.apache.catalina.core.StandardService - Stopping service [Tomcat]
2020-03-27 11:29:18.961 [main] INFO  o.s.b.a.l.ConditionEvaluationReportLoggingListener - 

Error starting ApplicationContext. To display the conditions report re-run your application with 'debug' enabled.
2020-03-27 11:40:34.464 [main] INFO  com.samphanie.mall.MallApplication - Starting MallApplication on Samphanie with PID 13856 (E:\IdeaProjects\mall\target\classes started by ZSY in E:\IdeaProjects\mall)
2020-03-27 11:40:34.468 [main] INFO  com.samphanie.mall.MallApplication - No active profile set, falling back to default profiles: default
2020-03-27 11:40:35.228 [main] INFO  o.s.d.r.config.RepositoryConfigurationDelegate - Multiple Spring Data modules found, entering strict repository configuration mode!
2020-03-27 11:40:35.230 [main] INFO  o.s.d.r.config.RepositoryConfigurationDelegate - Bootstrapping Spring Data Redis repositories in DEFAULT mode.
2020-03-27 11:40:35.268 [main] INFO  o.s.d.r.config.RepositoryConfigurationDelegate - Finished Spring Data repository scanning in 24ms. Found 0 Redis repository interfaces.
2020-03-27 11:40:35.797 [main] INFO  o.s.boot.web.embedded.tomcat.TomcatWebServer - Tomcat initialized with port(s): 8888 (http)
2020-03-27 11:40:35.805 [main] INFO  org.apache.coyote.http11.Http11NioProtocol - Initializing ProtocolHandler ["http-nio-8888"]
2020-03-27 11:40:35.806 [main] INFO  org.apache.catalina.core.StandardService - Starting service [Tomcat]
2020-03-27 11:40:35.806 [main] INFO  org.apache.catalina.core.StandardEngine - Starting Servlet engine: [Apache Tomcat/9.0.31]
2020-03-27 11:40:35.931 [main] INFO  o.a.c.c.ContainerBase.[Tomcat].[localhost].[/mall] - Initializing Spring embedded WebApplicationContext
2020-03-27 11:40:35.932 [main] INFO  org.springframework.web.context.ContextLoader - Root WebApplicationContext: initialization completed in 1353 ms
2020-03-27 11:40:40.452 [main] WARN  o.s.b.w.s.c.AnnotationConfigServletWebServerApplicationContext - Exception encountered during context initialization - cancelling refresh attempt: org.springframework.beans.factory.UnsatisfiedDependencyException: Error creating bean with name 'userController': Unsatisfied dependency expressed through field 'redisTemplate'; nested exception is org.springframework.beans.factory.UnsatisfiedDependencyException: Error creating bean with name 'redisTemplate' defined in class path resource [org/springframework/boot/autoconfigure/data/redis/RedisAutoConfiguration.class]: Unsatisfied dependency expressed through method 'redisTemplate' parameter 0; nested exception is org.springframework.beans.factory.BeanCreationException: Error creating bean with name 'redisConnectionFactory' defined in class path resource [org/springframework/boot/autoconfigure/data/redis/LettuceConnectionConfiguration.class]: Bean instantiation via factory method failed; nested exception is org.springframework.beans.BeanInstantiationException: Failed to instantiate [org.springframework.data.redis.connection.lettuce.LettuceConnectionFactory]: Factory method 'redisConnectionFactory' threw exception; nested exception is java.lang.NoClassDefFoundError: org/apache/commons/pool2/impl/GenericObjectPoolConfig
2020-03-27 11:40:40.469 [main] INFO  org.apache.catalina.core.StandardService - Stopping service [Tomcat]
2020-03-27 11:40:40.479 [main] INFO  o.s.b.a.l.ConditionEvaluationReportLoggingListener - 

Error starting ApplicationContext. To display the conditions report re-run your application with 'debug' enabled.
2020-03-27 11:49:36.920 [main] INFO  com.samphanie.mall.MallApplication - Starting MallApplication on Samphanie with PID 18212 (E:\IdeaProjects\mall\target\classes started by ZSY in E:\IdeaProjects\mall)
2020-03-27 11:49:36.922 [main] INFO  com.samphanie.mall.MallApplication - No active profile set, falling back to default profiles: default
2020-03-27 11:49:37.652 [main] INFO  o.s.d.r.config.RepositoryConfigurationDelegate - Multiple Spring Data modules found, entering strict repository configuration mode!
2020-03-27 11:49:37.654 [main] INFO  o.s.d.r.config.RepositoryConfigurationDelegate - Bootstrapping Spring Data Redis repositories in DEFAULT mode.
2020-03-27 11:49:37.692 [main] INFO  o.s.d.r.config.RepositoryConfigurationDelegate - Finished Spring Data repository scanning in 23ms. Found 0 Redis repository interfaces.
2020-03-27 11:49:38.227 [main] INFO  o.s.boot.web.embedded.tomcat.TomcatWebServer - Tomcat initialized with port(s): 8888 (http)
2020-03-27 11:49:38.235 [main] INFO  org.apache.coyote.http11.Http11NioProtocol - Initializing ProtocolHandler ["http-nio-8888"]
2020-03-27 11:49:38.235 [main] INFO  org.apache.catalina.core.StandardService - Starting service [Tomcat]
2020-03-27 11:49:38.236 [main] INFO  org.apache.catalina.core.StandardEngine - Starting Servlet engine: [Apache Tomcat/9.0.31]
2020-03-27 11:49:38.361 [main] INFO  o.a.c.c.ContainerBase.[Tomcat].[localhost].[/mall] - Initializing Spring embedded WebApplicationContext
2020-03-27 11:49:38.361 [main] INFO  org.springframework.web.context.ContextLoader - Root WebApplicationContext: initialization completed in 1340 ms
2020-03-27 11:49:42.120 [main] WARN  o.s.b.w.s.c.AnnotationConfigServletWebServerApplicationContext - Exception encountered during context initialization - cancelling refresh attempt: org.springframework.beans.factory.UnsatisfiedDependencyException: Error creating bean with name 'userController': Unsatisfied dependency expressed through field 'redisTemplate'; nested exception is org.springframework.beans.factory.UnsatisfiedDependencyException: Error creating bean with name 'redisTemplate' defined in class path resource [org/springframework/boot/autoconfigure/data/redis/RedisAutoConfiguration.class]: Unsatisfied dependency expressed through method 'redisTemplate' parameter 0; nested exception is org.springframework.beans.factory.BeanCreationException: Error creating bean with name 'redisConnectionFactory' defined in class path resource [org/springframework/boot/autoconfigure/data/redis/LettuceConnectionConfiguration.class]: Bean instantiation via factory method failed; nested exception is org.springframework.beans.BeanInstantiationException: Failed to instantiate [org.springframework.data.redis.connection.lettuce.LettuceConnectionFactory]: Factory method 'redisConnectionFactory' threw exception; nested exception is java.lang.NoClassDefFoundError: org/apache/commons/pool2/impl/GenericObjectPoolConfig
2020-03-27 11:49:42.136 [main] INFO  org.apache.catalina.core.StandardService - Stopping service [Tomcat]
2020-03-27 11:49:42.145 [main] INFO  o.s.b.a.l.ConditionEvaluationReportLoggingListener - 

Error starting ApplicationContext. To display the conditions report re-run your application with 'debug' enabled.
2020-03-27 11:59:43.203 [main] INFO  com.samphanie.mall.MallApplication - Starting MallApplication on Samphanie with PID 1424 (E:\IdeaProjects\mall\target\classes started by ZSY in E:\IdeaProjects\mall)
2020-03-27 11:59:43.208 [main] INFO  com.samphanie.mall.MallApplication - No active profile set, falling back to default profiles: default
2020-03-27 11:59:43.956 [main] INFO  o.s.d.r.config.RepositoryConfigurationDelegate - Multiple Spring Data modules found, entering strict repository configuration mode!
2020-03-27 11:59:43.958 [main] INFO  o.s.d.r.config.RepositoryConfigurationDelegate - Bootstrapping Spring Data Redis repositories in DEFAULT mode.
2020-03-27 11:59:43.998 [main] INFO  o.s.d.r.config.RepositoryConfigurationDelegate - Finished Spring Data repository scanning in 23ms. Found 0 Redis repository interfaces.
2020-03-27 11:59:44.504 [main] INFO  o.s.boot.web.embedded.tomcat.TomcatWebServer - Tomcat initialized with port(s): 8888 (http)
2020-03-27 11:59:44.514 [main] INFO  org.apache.coyote.http11.Http11NioProtocol - Initializing ProtocolHandler ["http-nio-8888"]
2020-03-27 11:59:44.515 [main] INFO  org.apache.catalina.core.StandardService - Starting service [Tomcat]
2020-03-27 11:59:44.515 [main] INFO  org.apache.catalina.core.StandardEngine - Starting Servlet engine: [Apache Tomcat/9.0.31]
2020-03-27 11:59:44.640 [main] INFO  o.a.c.c.ContainerBase.[Tomcat].[localhost].[/mall] - Initializing Spring embedded WebApplicationContext
2020-03-27 11:59:44.640 [main] INFO  org.springframework.web.context.ContextLoader - Root WebApplicationContext: initialization completed in 1338 ms
2020-03-27 11:59:48.997 [main] INFO  o.s.scheduling.concurrent.ThreadPoolTaskExecutor - Initializing ExecutorService 'applicationTaskExecutor'
2020-03-27 11:59:49.719 [main] INFO  org.apache.coyote.http11.Http11NioProtocol - Starting ProtocolHandler ["http-nio-8888"]
2020-03-27 11:59:49.777 [main] INFO  o.s.boot.web.embedded.tomcat.TomcatWebServer - Tomcat started on port(s): 8888 (http) with context path '/mall'
2020-03-27 11:59:49.781 [main] INFO  com.samphanie.mall.MallApplication - Started MallApplication in 7.152 seconds (JVM running for 9.894)
2020-03-27 12:02:33.482 [http-nio-8888-exec-2] INFO  o.a.c.c.ContainerBase.[Tomcat].[localhost].[/mall] - Initializing Spring DispatcherServlet 'dispatcherServlet'
2020-03-27 12:02:33.482 [http-nio-8888-exec-2] INFO  org.springframework.web.servlet.DispatcherServlet - Initializing Servlet 'dispatcherServlet'
2020-03-27 12:02:33.489 [http-nio-8888-exec-2] INFO  org.springframework.web.servlet.DispatcherServlet - Completed initialization in 7 ms
2020-03-27 12:05:36.007 [http-nio-8888-exec-4] INFO  com.zaxxer.hikari.HikariDataSource - HikariPool-1 - Starting...
2020-03-27 12:05:36.377 [http-nio-8888-exec-4] INFO  com.zaxxer.hikari.HikariDataSource - HikariPool-1 - Start completed.
2020-03-27 12:06:27.341 [http-nio-8888-exec-8] INFO  io.lettuce.core.EpollProvider - Starting without optional epoll library
2020-03-27 12:06:27.344 [http-nio-8888-exec-8] INFO  io.lettuce.core.KqueueProvider - Starting without optional kqueue library
2020-03-27 12:19:18.407 [main] INFO  com.samphanie.mall.MallApplication - Starting MallApplication on Samphanie with PID 6028 (E:\IdeaProjects\mall\target\classes started by ZSY in E:\IdeaProjects\mall)
2020-03-27 12:19:18.411 [main] INFO  com.samphanie.mall.MallApplication - No active profile set, falling back to default profiles: default
2020-03-27 12:19:19.145 [main] INFO  o.s.d.r.config.RepositoryConfigurationDelegate - Multiple Spring Data modules found, entering strict repository configuration mode!
2020-03-27 12:19:19.147 [main] INFO  o.s.d.r.config.RepositoryConfigurationDelegate - Bootstrapping Spring Data Redis repositories in DEFAULT mode.
2020-03-27 12:19:19.189 [main] INFO  o.s.d.r.config.RepositoryConfigurationDelegate - Finished Spring Data repository scanning in 26ms. Found 0 Redis repository interfaces.
2020-03-27 12:19:19.700 [main] INFO  o.s.boot.web.embedded.tomcat.TomcatWebServer - Tomcat initialized with port(s): 8888 (http)
2020-03-27 12:19:19.708 [main] INFO  org.apache.coyote.http11.Http11NioProtocol - Initializing ProtocolHandler ["http-nio-8888"]
2020-03-27 12:19:19.708 [main] INFO  org.apache.catalina.core.StandardService - Starting service [Tomcat]
2020-03-27 12:19:19.709 [main] INFO  org.apache.catalina.core.StandardEngine - Starting Servlet engine: [Apache Tomcat/9.0.31]
2020-03-27 12:19:19.832 [main] INFO  o.a.c.c.ContainerBase.[Tomcat].[localhost].[/mall] - Initializing Spring embedded WebApplicationContext
2020-03-27 12:19:19.833 [main] INFO  org.springframework.web.context.ContextLoader - Root WebApplicationContext: initialization completed in 1326 ms
2020-03-27 12:19:23.969 [main] INFO  o.s.scheduling.concurrent.ThreadPoolTaskExecutor - Initializing ExecutorService 'applicationTaskExecutor'
2020-03-27 12:19:24.279 [main] INFO  org.apache.coyote.http11.Http11NioProtocol - Starting ProtocolHandler ["http-nio-8888"]
2020-03-27 12:19:24.309 [main] INFO  o.s.boot.web.embedded.tomcat.TomcatWebServer - Tomcat started on port(s): 8888 (http) with context path '/mall'
2020-03-27 12:19:24.311 [main] INFO  com.samphanie.mall.MallApplication - Started MallApplication in 6.46 seconds (JVM running for 9.23)
2020-03-27 12:33:33.104 [http-nio-8888-exec-2] INFO  o.a.c.c.ContainerBase.[Tomcat].[localhost].[/mall] - Initializing Spring DispatcherServlet 'dispatcherServlet'
2020-03-27 12:33:33.105 [http-nio-8888-exec-2] INFO  org.springframework.web.servlet.DispatcherServlet - Initializing Servlet 'dispatcherServlet'
2020-03-27 12:33:33.113 [http-nio-8888-exec-2] INFO  org.springframework.web.servlet.DispatcherServlet - Completed initialization in 8 ms
2020-03-27 12:33:33.304 [http-nio-8888-exec-2] INFO  com.zaxxer.hikari.HikariDataSource - HikariPool-1 - Starting...
2020-03-27 12:33:33.462 [http-nio-8888-exec-2] INFO  com.zaxxer.hikari.HikariDataSource - HikariPool-1 - Start completed.
2020-03-27 12:33:33.689 [http-nio-8888-exec-2] INFO  io.lettuce.core.EpollProvider - Starting without optional epoll library
2020-03-27 12:33:33.692 [http-nio-8888-exec-2] INFO  io.lettuce.core.KqueueProvider - Starting without optional kqueue library
2020-03-27 12:51:34.521 [main] INFO  com.samphanie.mall.MallApplication - Starting MallApplication on Samphanie with PID 18248 (E:\IdeaProjects\mall\target\classes started by ZSY in E:\IdeaProjects\mall)
2020-03-27 12:51:34.525 [main] INFO  com.samphanie.mall.MallApplication - No active profile set, falling back to default profiles: default
2020-03-27 12:51:35.289 [main] INFO  o.s.d.r.config.RepositoryConfigurationDelegate - Multiple Spring Data modules found, entering strict repository configuration mode!
2020-03-27 12:51:35.291 [main] INFO  o.s.d.r.config.RepositoryConfigurationDelegate - Bootstrapping Spring Data Redis repositories in DEFAULT mode.
2020-03-27 12:51:35.328 [main] INFO  o.s.d.r.config.RepositoryConfigurationDelegate - Finished Spring Data repository scanning in 22ms. Found 0 Redis repository interfaces.
2020-03-27 12:51:35.859 [main] INFO  o.s.boot.web.embedded.tomcat.TomcatWebServer - Tomcat initialized with port(s): 8888 (http)
2020-03-27 12:51:35.867 [main] INFO  org.apache.coyote.http11.Http11NioProtocol - Initializing ProtocolHandler ["http-nio-8888"]
2020-03-27 12:51:35.867 [main] INFO  org.apache.catalina.core.StandardService - Starting service [Tomcat]
2020-03-27 12:51:35.868 [main] INFO  org.apache.catalina.core.StandardEngine - Starting Servlet engine: [Apache Tomcat/9.0.31]
2020-03-27 12:51:35.991 [main] INFO  o.a.c.c.ContainerBase.[Tomcat].[localhost].[/mall] - Initializing Spring embedded WebApplicationContext
2020-03-27 12:51:35.992 [main] INFO  org.springframework.web.context.ContextLoader - Root WebApplicationContext: initialization completed in 1366 ms
2020-03-27 12:51:40.200 [main] INFO  o.s.scheduling.concurrent.ThreadPoolTaskExecutor - Initializing ExecutorService 'applicationTaskExecutor'
2020-03-27 12:51:40.517 [main] INFO  org.apache.coyote.http11.Http11NioProtocol - Starting ProtocolHandler ["http-nio-8888"]
2020-03-27 12:51:40.546 [main] INFO  o.s.boot.web.embedded.tomcat.TomcatWebServer - Tomcat started on port(s): 8888 (http) with context path '/mall'
2020-03-27 12:51:40.548 [main] INFO  com.samphanie.mall.MallApplication - Started MallApplication in 6.586 seconds (JVM running for 9.27)
2020-03-27 12:51:47.862 [http-nio-8888-exec-2] INFO  o.a.c.c.ContainerBase.[Tomcat].[localhost].[/mall] - Initializing Spring DispatcherServlet 'dispatcherServlet'
2020-03-27 12:51:47.862 [http-nio-8888-exec-2] INFO  org.springframework.web.servlet.DispatcherServlet - Initializing Servlet 'dispatcherServlet'
2020-03-27 12:51:47.873 [http-nio-8888-exec-2] INFO  org.springframework.web.servlet.DispatcherServlet - Completed initialization in 9 ms
2020-03-27 12:51:48.060 [http-nio-8888-exec-2] INFO  com.zaxxer.hikari.HikariDataSource - HikariPool-1 - Starting...
2020-03-27 12:51:48.217 [http-nio-8888-exec-2] INFO  com.zaxxer.hikari.HikariDataSource - HikariPool-1 - Start completed.
2020-03-27 12:51:48.449 [http-nio-8888-exec-2] INFO  io.lettuce.core.EpollProvider - Starting without optional epoll library
2020-03-27 12:51:48.450 [http-nio-8888-exec-2] INFO  io.lettuce.core.KqueueProvider - Starting without optional kqueue library
2020-03-27 12:56:31.866 [main] INFO  com.samphanie.mall.MallApplication - Starting MallApplication on Samphanie with PID 2164 (E:\IdeaProjects\mall\target\classes started by ZSY in E:\IdeaProjects\mall)
2020-03-27 12:56:31.870 [main] INFO  com.samphanie.mall.MallApplication - No active profile set, falling back to default profiles: default
2020-03-27 12:56:32.792 [main] INFO  o.s.d.r.config.RepositoryConfigurationDelegate - Multiple Spring Data modules found, entering strict repository configuration mode!
2020-03-27 12:56:32.795 [main] INFO  o.s.d.r.config.RepositoryConfigurationDelegate - Bootstrapping Spring Data Redis repositories in DEFAULT mode.
2020-03-27 12:56:32.844 [main] INFO  o.s.d.r.config.RepositoryConfigurationDelegate - Finished Spring Data repository scanning in 23ms. Found 0 Redis repository interfaces.
2020-03-27 12:56:33.454 [main] INFO  o.s.boot.web.embedded.tomcat.TomcatWebServer - Tomcat initialized with port(s): 8888 (http)
2020-03-27 12:56:33.464 [main] INFO  org.apache.coyote.http11.Http11NioProtocol - Initializing ProtocolHandler ["http-nio-8888"]
2020-03-27 12:56:33.465 [main] INFO  org.apache.catalina.core.StandardService - Starting service [Tomcat]
2020-03-27 12:56:33.466 [main] INFO  org.apache.catalina.core.StandardEngine - Starting Servlet engine: [Apache Tomcat/9.0.31]
2020-03-27 12:56:33.622 [main] INFO  o.a.c.c.ContainerBase.[Tomcat].[localhost].[/mall] - Initializing Spring embedded WebApplicationContext
2020-03-27 12:56:33.622 [main] INFO  org.springframework.web.context.ContextLoader - Root WebApplicationContext: initialization completed in 1647 ms
2020-03-27 12:56:38.361 [main] INFO  o.s.scheduling.concurrent.ThreadPoolTaskExecutor - Initializing ExecutorService 'applicationTaskExecutor'
2020-03-27 12:56:38.762 [main] INFO  org.apache.coyote.http11.Http11NioProtocol - Starting ProtocolHandler ["http-nio-8888"]
2020-03-27 12:56:38.799 [main] INFO  o.s.boot.web.embedded.tomcat.TomcatWebServer - Tomcat started on port(s): 8888 (http) with context path '/mall'
2020-03-27 12:56:38.801 [main] INFO  com.samphanie.mall.MallApplication - Started MallApplication in 7.601 seconds (JVM running for 10.684)
2020-03-27 12:56:39.081 [http-nio-8888-exec-1] INFO  o.a.c.c.ContainerBase.[Tomcat].[localhost].[/mall] - Initializing Spring DispatcherServlet 'dispatcherServlet'
2020-03-27 12:56:39.082 [http-nio-8888-exec-1] INFO  org.springframework.web.servlet.DispatcherServlet - Initializing Servlet 'dispatcherServlet'
2020-03-27 12:56:39.091 [http-nio-8888-exec-1] INFO  org.springframework.web.servlet.DispatcherServlet - Completed initialization in 9 ms
2020-03-27 13:29:26.444 [main] INFO  com.samphanie.mall.MallApplication - Starting MallApplication on Samphanie with PID 17504 (E:\IdeaProjects\mall\target\classes started by ZSY in E:\IdeaProjects\mall)
2020-03-27 13:29:26.448 [main] INFO  com.samphanie.mall.MallApplication - No active profile set, falling back to default profiles: default
2020-03-27 13:29:27.350 [main] INFO  o.s.d.r.config.RepositoryConfigurationDelegate - Multiple Spring Data modules found, entering strict repository configuration mode!
2020-03-27 13:29:27.353 [main] INFO  o.s.d.r.config.RepositoryConfigurationDelegate - Bootstrapping Spring Data Redis repositories in DEFAULT mode.
2020-03-27 13:29:27.389 [main] INFO  o.s.d.r.config.RepositoryConfigurationDelegate - Finished Spring Data repository scanning in 21ms. Found 0 Redis repository interfaces.
2020-03-27 13:29:27.944 [main] INFO  o.s.boot.web.embedded.tomcat.TomcatWebServer - Tomcat initialized with port(s): 8888 (http)
2020-03-27 13:29:27.951 [main] INFO  org.apache.coyote.http11.Http11NioProtocol - Initializing ProtocolHandler ["http-nio-8888"]
2020-03-27 13:29:27.952 [main] INFO  org.apache.catalina.core.StandardService - Starting service [Tomcat]
2020-03-27 13:29:27.952 [main] INFO  org.apache.catalina.core.StandardEngine - Starting Servlet engine: [Apache Tomcat/9.0.31]
2020-03-27 13:29:28.084 [main] INFO  o.a.c.c.ContainerBase.[Tomcat].[localhost].[/mall] - Initializing Spring embedded WebApplicationContext
2020-03-27 13:29:28.085 [main] INFO  org.springframework.web.context.ContextLoader - Root WebApplicationContext: initialization completed in 1537 ms
2020-03-27 13:29:32.444 [main] INFO  o.s.scheduling.concurrent.ThreadPoolTaskExecutor - Initializing ExecutorService 'applicationTaskExecutor'
2020-03-27 13:29:32.969 [main] WARN  o.s.b.w.s.c.AnnotationConfigServletWebServerApplicationContext - Exception encountered during context initialization - cancelling refresh attempt: org.springframework.beans.factory.BeanCreationException: Error creating bean with name 'org.springframework.boot.autoconfigure.session.SessionAutoConfiguration$ServletSessionRepositoryValidator': Invocation of init method failed; nested exception is org.springframework.boot.autoconfigure.session.SessionRepositoryUnavailableException: No session repository could be auto-configured, check your configuration (session store type is 'redis')
2020-03-27 13:29:32.989 [main] INFO  o.s.scheduling.concurrent.ThreadPoolTaskExecutor - Shutting down ExecutorService 'applicationTaskExecutor'
2020-03-27 13:29:32.994 [main] INFO  org.apache.catalina.core.StandardService - Stopping service [Tomcat]
2020-03-27 13:29:33.008 [main] INFO  o.s.b.a.l.ConditionEvaluationReportLoggingListener - 

Error starting ApplicationContext. To display the conditions report re-run your application with 'debug' enabled.
2020-03-27 13:35:30.179 [main] INFO  com.samphanie.mall.MallApplication - Starting MallApplication on Samphanie with PID 11028 (E:\IdeaProjects\mall\target\classes started by ZSY in E:\IdeaProjects\mall)
2020-03-27 13:35:30.181 [main] INFO  com.samphanie.mall.MallApplication - No active profile set, falling back to default profiles: default
2020-03-27 13:35:31.006 [main] INFO  o.s.d.r.config.RepositoryConfigurationDelegate - Multiple Spring Data modules found, entering strict repository configuration mode!
2020-03-27 13:35:31.008 [main] INFO  o.s.d.r.config.RepositoryConfigurationDelegate - Bootstrapping Spring Data Redis repositories in DEFAULT mode.
2020-03-27 13:35:31.043 [main] INFO  o.s.d.r.config.RepositoryConfigurationDelegate - Finished Spring Data repository scanning in 21ms. Found 0 Redis repository interfaces.
2020-03-27 13:35:31.619 [main] INFO  o.s.boot.web.embedded.tomcat.TomcatWebServer - Tomcat initialized with port(s): 8888 (http)
2020-03-27 13:35:31.630 [main] INFO  org.apache.coyote.http11.Http11NioProtocol - Initializing ProtocolHandler ["http-nio-8888"]
2020-03-27 13:35:31.631 [main] INFO  org.apache.catalina.core.StandardService - Starting service [Tomcat]
2020-03-27 13:35:31.631 [main] INFO  org.apache.catalina.core.StandardEngine - Starting Servlet engine: [Apache Tomcat/9.0.31]
2020-03-27 13:35:31.754 [main] INFO  o.a.c.c.ContainerBase.[Tomcat].[localhost].[/mall] - Initializing Spring embedded WebApplicationContext
2020-03-27 13:35:31.755 [main] INFO  org.springframework.web.context.ContextLoader - Root WebApplicationContext: initialization completed in 1472 ms
2020-03-27 13:35:35.673 [main] INFO  o.s.scheduling.concurrent.ThreadPoolTaskExecutor - Initializing ExecutorService 'applicationTaskExecutor'
2020-03-27 13:35:35.878 [main] WARN  o.s.b.w.s.c.AnnotationConfigServletWebServerApplicationContext - Exception encountered during context initialization - cancelling refresh attempt: org.springframework.beans.factory.BeanCreationException: Error creating bean with name 'redisConnectionFactory' defined in class path resource [org/springframework/boot/autoconfigure/data/redis/LettuceConnectionConfiguration.class]: Bean instantiation via factory method failed; nested exception is org.springframework.beans.BeanInstantiationException: Failed to instantiate [org.springframework.data.redis.connection.lettuce.LettuceConnectionFactory]: Factory method 'redisConnectionFactory' threw exception; nested exception is java.lang.NoClassDefFoundError: org/apache/commons/pool2/impl/GenericObjectPoolConfig
2020-03-27 13:35:35.886 [main] INFO  o.s.scheduling.concurrent.ThreadPoolTaskExecutor - Shutting down ExecutorService 'applicationTaskExecutor'
2020-03-27 13:35:35.889 [main] INFO  org.apache.catalina.core.StandardService - Stopping service [Tomcat]
2020-03-27 13:35:35.900 [main] INFO  o.s.b.a.l.ConditionEvaluationReportLoggingListener - 

Error starting ApplicationContext. To display the conditions report re-run your application with 'debug' enabled.
2020-03-27 13:35:58.242 [main] INFO  com.samphanie.mall.MallApplication - Starting MallApplication on Samphanie with PID 14636 (E:\IdeaProjects\mall\target\classes started by ZSY in E:\IdeaProjects\mall)
2020-03-27 13:35:58.245 [main] INFO  com.samphanie.mall.MallApplication - No active profile set, falling back to default profiles: default
2020-03-27 13:35:58.986 [main] INFO  o.s.d.r.config.RepositoryConfigurationDelegate - Multiple Spring Data modules found, entering strict repository configuration mode!
2020-03-27 13:35:58.988 [main] INFO  o.s.d.r.config.RepositoryConfigurationDelegate - Bootstrapping Spring Data Redis repositories in DEFAULT mode.
2020-03-27 13:35:59.023 [main] INFO  o.s.d.r.config.RepositoryConfigurationDelegate - Finished Spring Data repository scanning in 21ms. Found 0 Redis repository interfaces.
2020-03-27 13:35:59.576 [main] INFO  o.s.boot.web.embedded.tomcat.TomcatWebServer - Tomcat initialized with port(s): 8888 (http)
2020-03-27 13:35:59.586 [main] INFO  org.apache.coyote.http11.Http11NioProtocol - Initializing ProtocolHandler ["http-nio-8888"]
2020-03-27 13:35:59.587 [main] INFO  org.apache.catalina.core.StandardService - Starting service [Tomcat]
2020-03-27 13:35:59.587 [main] INFO  org.apache.catalina.core.StandardEngine - Starting Servlet engine: [Apache Tomcat/9.0.31]
2020-03-27 13:35:59.722 [main] INFO  o.a.c.c.ContainerBase.[Tomcat].[localhost].[/mall] - Initializing Spring embedded WebApplicationContext
2020-03-27 13:35:59.722 [main] INFO  org.springframework.web.context.ContextLoader - Root WebApplicationContext: initialization completed in 1381 ms
2020-03-27 13:36:03.739 [main] INFO  o.s.scheduling.concurrent.ThreadPoolTaskExecutor - Initializing ExecutorService 'applicationTaskExecutor'
2020-03-27 13:36:04.218 [main] WARN  o.s.b.w.s.c.AnnotationConfigServletWebServerApplicationContext - Exception encountered during context initialization - cancelling refresh attempt: org.springframework.beans.factory.BeanCreationException: Error creating bean with name 'org.springframework.boot.autoconfigure.session.SessionAutoConfiguration$ServletSessionRepositoryValidator': Invocation of init method failed; nested exception is org.springframework.boot.autoconfigure.session.SessionRepositoryUnavailableException: No session repository could be auto-configured, check your configuration (session store type is 'redis')
2020-03-27 13:36:04.234 [main] INFO  o.s.scheduling.concurrent.ThreadPoolTaskExecutor - Shutting down ExecutorService 'applicationTaskExecutor'
2020-03-27 13:36:04.237 [main] INFO  org.apache.catalina.core.StandardService - Stopping service [Tomcat]
2020-03-27 13:36:04.247 [main] INFO  o.s.b.a.l.ConditionEvaluationReportLoggingListener - 

Error starting ApplicationContext. To display the conditions report re-run your application with 'debug' enabled.
2020-03-27 13:41:57.068 [main] INFO  com.samphanie.mall.MallApplication - Starting MallApplication on Samphanie with PID 8516 (E:\IdeaProjects\mall\target\classes started by ZSY in E:\IdeaProjects\mall)
2020-03-27 13:41:57.072 [main] INFO  com.samphanie.mall.MallApplication - No active profile set, falling back to default profiles: default
2020-03-27 13:41:58.320 [main] INFO  o.s.boot.web.embedded.tomcat.TomcatWebServer - Tomcat initialized with port(s): 8888 (http)
2020-03-27 13:41:58.327 [main] INFO  org.apache.coyote.http11.Http11NioProtocol - Initializing ProtocolHandler ["http-nio-8888"]
2020-03-27 13:41:58.327 [main] INFO  org.apache.catalina.core.StandardService - Starting service [Tomcat]
2020-03-27 13:41:58.327 [main] INFO  org.apache.catalina.core.StandardEngine - Starting Servlet engine: [Apache Tomcat/9.0.31]
2020-03-27 13:41:58.446 [main] INFO  o.a.c.c.ContainerBase.[Tomcat].[localhost].[/mall] - Initializing Spring embedded WebApplicationContext
2020-03-27 13:41:58.446 [main] INFO  org.springframework.web.context.ContextLoader - Root WebApplicationContext: initialization completed in 1276 ms
2020-03-27 13:42:02.357 [main] INFO  o.s.scheduling.concurrent.ThreadPoolTaskExecutor - Initializing ExecutorService 'applicationTaskExecutor'
2020-03-27 13:42:02.481 [main] WARN  o.s.b.w.s.c.AnnotationConfigServletWebServerApplicationContext - Exception encountered during context initialization - cancelling refresh attempt: org.springframework.beans.factory.UnsatisfiedDependencyException: Error creating bean with name 'redisTemplate' defined in class path resource [org/springframework/boot/autoconfigure/data/redis/RedisAutoConfiguration.class]: Unsatisfied dependency expressed through method 'redisTemplate' parameter 0; nested exception is org.springframework.beans.factory.NoSuchBeanDefinitionException: No qualifying bean of type 'org.springframework.data.redis.connection.RedisConnectionFactory' available: expected at least 1 bean which qualifies as autowire candidate. Dependency annotations: {}
2020-03-27 13:42:02.482 [main] INFO  o.s.scheduling.concurrent.ThreadPoolTaskExecutor - Shutting down ExecutorService 'applicationTaskExecutor'
2020-03-27 13:42:02.486 [main] INFO  org.apache.catalina.core.StandardService - Stopping service [Tomcat]
2020-03-27 13:42:02.497 [main] INFO  o.s.b.a.l.ConditionEvaluationReportLoggingListener - 

Error starting ApplicationContext. To display the conditions report re-run your application with 'debug' enabled.
2020-03-27 13:45:35.001 [main] INFO  com.samphanie.mall.MallApplication - Starting MallApplication on Samphanie with PID 10348 (E:\IdeaProjects\mall\target\classes started by ZSY in E:\IdeaProjects\mall)
2020-03-27 13:45:35.004 [main] INFO  com.samphanie.mall.MallApplication - No active profile set, falling back to default profiles: default
2020-03-27 13:45:36.299 [main] INFO  o.s.boot.web.embedded.tomcat.TomcatWebServer - Tomcat initialized with port(s): 8888 (http)
2020-03-27 13:45:36.308 [main] INFO  org.apache.coyote.http11.Http11NioProtocol - Initializing ProtocolHandler ["http-nio-8888"]
2020-03-27 13:45:36.309 [main] INFO  org.apache.catalina.core.StandardService - Starting service [Tomcat]
2020-03-27 13:45:36.309 [main] INFO  org.apache.catalina.core.StandardEngine - Starting Servlet engine: [Apache Tomcat/9.0.31]
2020-03-27 13:45:36.428 [main] INFO  o.a.c.c.ContainerBase.[Tomcat].[localhost].[/mall] - Initializing Spring embedded WebApplicationContext
2020-03-27 13:45:36.428 [main] INFO  org.springframework.web.context.ContextLoader - Root WebApplicationContext: initialization completed in 1327 ms
2020-03-27 13:45:40.409 [main] INFO  o.s.scheduling.concurrent.ThreadPoolTaskExecutor - Initializing ExecutorService 'applicationTaskExecutor'
2020-03-27 13:45:40.530 [main] WARN  o.s.b.w.s.c.AnnotationConfigServletWebServerApplicationContext - Exception encountered during context initialization - cancelling refresh attempt: org.springframework.beans.factory.UnsatisfiedDependencyException: Error creating bean with name 'redisTemplate' defined in class path resource [org/springframework/boot/autoconfigure/data/redis/RedisAutoConfiguration.class]: Unsatisfied dependency expressed through method 'redisTemplate' parameter 0; nested exception is org.springframework.beans.factory.NoSuchBeanDefinitionException: No qualifying bean of type 'org.springframework.data.redis.connection.RedisConnectionFactory' available: expected at least 1 bean which qualifies as autowire candidate. Dependency annotations: {}
2020-03-27 13:45:40.532 [main] INFO  o.s.scheduling.concurrent.ThreadPoolTaskExecutor - Shutting down ExecutorService 'applicationTaskExecutor'
2020-03-27 13:45:40.534 [main] INFO  org.apache.catalina.core.StandardService - Stopping service [Tomcat]
2020-03-27 13:45:40.545 [main] INFO  o.s.b.a.l.ConditionEvaluationReportLoggingListener - 

Error starting ApplicationContext. To display the conditions report re-run your application with 'debug' enabled.
2020-03-27 13:49:07.380 [main] INFO  com.samphanie.mall.MallApplication - Starting MallApplication on Samphanie with PID 13736 (E:\IdeaProjects\mall\target\classes started by ZSY in E:\IdeaProjects\mall)
2020-03-27 13:49:07.382 [main] INFO  com.samphanie.mall.MallApplication - No active profile set, falling back to default profiles: default
2020-03-27 13:49:08.205 [main] INFO  o.s.d.r.config.RepositoryConfigurationDelegate - Multiple Spring Data modules found, entering strict repository configuration mode!
2020-03-27 13:49:08.207 [main] INFO  o.s.d.r.config.RepositoryConfigurationDelegate - Bootstrapping Spring Data Redis repositories in DEFAULT mode.
2020-03-27 13:49:08.242 [main] INFO  o.s.d.r.config.RepositoryConfigurationDelegate - Finished Spring Data repository scanning in 19ms. Found 0 Redis repository interfaces.
2020-03-27 13:49:08.857 [main] INFO  o.s.boot.web.embedded.tomcat.TomcatWebServer - Tomcat initialized with port(s): 8888 (http)
2020-03-27 13:49:08.866 [main] INFO  org.apache.coyote.http11.Http11NioProtocol - Initializing ProtocolHandler ["http-nio-8888"]
2020-03-27 13:49:08.866 [main] INFO  org.apache.catalina.core.StandardService - Starting service [Tomcat]
2020-03-27 13:49:08.866 [main] INFO  org.apache.catalina.core.StandardEngine - Starting Servlet engine: [Apache Tomcat/9.0.31]
2020-03-27 13:49:08.987 [main] INFO  o.a.c.c.ContainerBase.[Tomcat].[localhost].[/mall] - Initializing Spring embedded WebApplicationContext
2020-03-27 13:49:08.987 [main] INFO  org.springframework.web.context.ContextLoader - Root WebApplicationContext: initialization completed in 1512 ms
2020-03-27 13:49:13.347 [main] INFO  o.s.scheduling.concurrent.ThreadPoolTaskExecutor - Initializing ExecutorService 'applicationTaskExecutor'
2020-03-27 13:49:13.732 [main] INFO  io.lettuce.core.EpollProvider - Starting without optional epoll library
2020-03-27 13:49:13.733 [main] INFO  io.lettuce.core.KqueueProvider - Starting without optional kqueue library
2020-03-27 13:49:18.525 [main] INFO  o.s.s.a.ScheduledAnnotationBeanPostProcessor - No TaskScheduler/ScheduledExecutorService bean found for scheduled processing
2020-03-27 13:49:18.534 [main] INFO  org.apache.coyote.http11.Http11NioProtocol - Starting ProtocolHandler ["http-nio-8888"]
2020-03-27 13:49:18.570 [main] INFO  o.s.boot.web.embedded.tomcat.TomcatWebServer - Tomcat started on port(s): 8888 (http) with context path '/mall'
2020-03-27 13:49:18.573 [main] INFO  com.samphanie.mall.MallApplication - Started MallApplication in 11.774 seconds (JVM running for 14.655)
2020-03-27 13:49:26.546 [http-nio-8888-exec-3] INFO  o.a.c.c.ContainerBase.[Tomcat].[localhost].[/mall] - Initializing Spring DispatcherServlet 'dispatcherServlet'
2020-03-27 13:49:26.547 [http-nio-8888-exec-3] INFO  org.springframework.web.servlet.DispatcherServlet - Initializing Servlet 'dispatcherServlet'
2020-03-27 13:49:26.556 [http-nio-8888-exec-3] INFO  org.springframework.web.servlet.DispatcherServlet - Completed initialization in 9 ms
2020-03-27 13:49:26.726 [http-nio-8888-exec-3] INFO  com.zaxxer.hikari.HikariDataSource - HikariPool-1 - Starting...
2020-03-27 13:49:26.854 [http-nio-8888-exec-3] INFO  com.zaxxer.hikari.HikariDataSource - HikariPool-1 - Start completed.
2020-03-27 13:54:38.343 [main] INFO  com.samphanie.mall.MallApplication - Starting MallApplication on Samphanie with PID 15188 (E:\IdeaProjects\mall\target\classes started by ZSY in E:\IdeaProjects\mall)
2020-03-27 13:54:38.346 [main] INFO  com.samphanie.mall.MallApplication - No active profile set, falling back to default profiles: default
2020-03-27 13:54:39.139 [main] INFO  o.s.d.r.config.RepositoryConfigurationDelegate - Multiple Spring Data modules found, entering strict repository configuration mode!
2020-03-27 13:54:39.142 [main] INFO  o.s.d.r.config.RepositoryConfigurationDelegate - Bootstrapping Spring Data Redis repositories in DEFAULT mode.
2020-03-27 13:54:39.178 [main] INFO  o.s.d.r.config.RepositoryConfigurationDelegate - Finished Spring Data repository scanning in 20ms. Found 0 Redis repository interfaces.
2020-03-27 13:54:39.764 [main] INFO  o.s.boot.web.embedded.tomcat.TomcatWebServer - Tomcat initialized with port(s): 8888 (http)
2020-03-27 13:54:39.775 [main] INFO  org.apache.coyote.http11.Http11NioProtocol - Initializing ProtocolHandler ["http-nio-8888"]
2020-03-27 13:54:39.776 [main] INFO  org.apache.catalina.core.StandardService - Starting service [Tomcat]
2020-03-27 13:54:39.777 [main] INFO  org.apache.catalina.core.StandardEngine - Starting Servlet engine: [Apache Tomcat/9.0.31]
2020-03-27 13:54:39.901 [main] INFO  o.a.c.c.ContainerBase.[Tomcat].[localhost].[/mall] - Initializing Spring embedded WebApplicationContext
2020-03-27 13:54:39.902 [main] INFO  org.springframework.web.context.ContextLoader - Root WebApplicationContext: initialization completed in 1465 ms
2020-03-27 13:54:44.798 [main] INFO  o.s.scheduling.concurrent.ThreadPoolTaskExecutor - Initializing ExecutorService 'applicationTaskExecutor'
2020-03-27 13:54:45.167 [main] INFO  io.lettuce.core.EpollProvider - Starting without optional epoll library
2020-03-27 13:54:45.168 [main] INFO  io.lettuce.core.KqueueProvider - Starting without optional kqueue library
2020-03-27 13:54:49.173 [main] INFO  o.s.s.a.ScheduledAnnotationBeanPostProcessor - No TaskScheduler/ScheduledExecutorService bean found for scheduled processing
2020-03-27 13:54:49.180 [main] INFO  org.apache.coyote.http11.Http11NioProtocol - Starting ProtocolHandler ["http-nio-8888"]
2020-03-27 13:54:49.203 [main] INFO  o.s.boot.web.embedded.tomcat.TomcatWebServer - Tomcat started on port(s): 8888 (http) with context path '/mall'
2020-03-27 13:54:49.207 [main] INFO  com.samphanie.mall.MallApplication - Started MallApplication in 11.398 seconds (JVM running for 14.102)
2020-03-27 13:55:04.198 [http-nio-8888-exec-3] INFO  o.a.c.c.ContainerBase.[Tomcat].[localhost].[/mall] - Initializing Spring DispatcherServlet 'dispatcherServlet'
2020-03-27 13:55:04.198 [http-nio-8888-exec-3] INFO  org.springframework.web.servlet.DispatcherServlet - Initializing Servlet 'dispatcherServlet'
2020-03-27 13:55:04.206 [http-nio-8888-exec-3] INFO  org.springframework.web.servlet.DispatcherServlet - Completed initialization in 8 ms
2020-03-27 13:55:04.387 [http-nio-8888-exec-3] INFO  com.zaxxer.hikari.HikariDataSource - HikariPool-1 - Starting...
2020-03-27 13:55:04.523 [http-nio-8888-exec-3] INFO  com.zaxxer.hikari.HikariDataSource - HikariPool-1 - Start completed.
2020-03-27 13:55:32.697 [main] INFO  com.samphanie.mall.MallApplication - Starting MallApplication on Samphanie with PID 13848 (E:\IdeaProjects\mall\target\classes started by ZSY in E:\IdeaProjects\mall)
2020-03-27 13:55:32.700 [main] INFO  com.samphanie.mall.MallApplication - No active profile set, falling back to default profiles: default
2020-03-27 13:55:33.454 [main] INFO  o.s.d.r.config.RepositoryConfigurationDelegate - Multiple Spring Data modules found, entering strict repository configuration mode!
2020-03-27 13:55:33.456 [main] INFO  o.s.d.r.config.RepositoryConfigurationDelegate - Bootstrapping Spring Data Redis repositories in DEFAULT mode.
2020-03-27 13:55:33.490 [main] INFO  o.s.d.r.config.RepositoryConfigurationDelegate - Finished Spring Data repository scanning in 21ms. Found 0 Redis repository interfaces.
2020-03-27 13:55:34.050 [main] INFO  o.s.boot.web.embedded.tomcat.TomcatWebServer - Tomcat initialized with port(s): 8888 (http)
2020-03-27 13:55:34.058 [main] INFO  org.apache.coyote.http11.Http11NioProtocol - Initializing ProtocolHandler ["http-nio-8888"]
2020-03-27 13:55:34.059 [main] INFO  org.apache.catalina.core.StandardService - Starting service [Tomcat]
2020-03-27 13:55:34.059 [main] INFO  org.apache.catalina.core.StandardEngine - Starting Servlet engine: [Apache Tomcat/9.0.31]
2020-03-27 13:55:34.179 [main] INFO  o.a.c.c.ContainerBase.[Tomcat].[localhost].[/mall] - Initializing Spring embedded WebApplicationContext
2020-03-27 13:55:34.179 [main] INFO  org.springframework.web.context.ContextLoader - Root WebApplicationContext: initialization completed in 1387 ms
2020-03-27 13:55:38.707 [main] INFO  o.s.scheduling.concurrent.ThreadPoolTaskExecutor - Initializing ExecutorService 'applicationTaskExecutor'
2020-03-27 13:55:39.140 [main] INFO  io.lettuce.core.EpollProvider - Starting without optional epoll library
2020-03-27 13:55:39.141 [main] INFO  io.lettuce.core.KqueueProvider - Starting without optional kqueue library
2020-03-27 13:55:43.384 [main] INFO  o.s.s.a.ScheduledAnnotationBeanPostProcessor - No TaskScheduler/ScheduledExecutorService bean found for scheduled processing
2020-03-27 13:55:43.390 [main] INFO  org.apache.coyote.http11.Http11NioProtocol - Starting ProtocolHandler ["http-nio-8888"]
2020-03-27 13:55:43.414 [main] INFO  o.s.boot.web.embedded.tomcat.TomcatWebServer - Tomcat started on port(s): 8888 (http) with context path '/mall'
2020-03-27 13:55:43.416 [main] INFO  com.samphanie.mall.MallApplication - Started MallApplication in 11.247 seconds (JVM running for 14.059)
2020-03-27 13:55:53.722 [http-nio-8888-exec-2] INFO  o.a.c.c.ContainerBase.[Tomcat].[localhost].[/mall] - Initializing Spring DispatcherServlet 'dispatcherServlet'
2020-03-27 13:55:53.723 [http-nio-8888-exec-2] INFO  org.springframework.web.servlet.DispatcherServlet - Initializing Servlet 'dispatcherServlet'
2020-03-27 13:55:53.731 [http-nio-8888-exec-2] INFO  org.springframework.web.servlet.DispatcherServlet - Completed initialization in 8 ms
2020-03-27 13:57:57.829 [http-nio-8888-exec-10] WARN  o.s.w.s.m.support.DefaultHandlerExceptionResolver - Resolved [org.springframework.web.HttpRequestMethodNotSupportedException: Request method 'GET' not supported]
2020-03-27 13:59:01.714 [springSessionRedisMessageListenerContainer-8] WARN  o.s.s.data.redis.RedisIndexedSessionRepository - Unable to publish SessionDestroyedEvent for session 69195ea0-51c4-49b7-b52a-4c81967b72e4
2020-03-27 13:59:59.372 [http-nio-8888-exec-2] INFO  com.zaxxer.hikari.HikariDataSource - HikariPool-1 - Starting...
2020-03-27 13:59:59.503 [http-nio-8888-exec-2] INFO  com.zaxxer.hikari.HikariDataSource - HikariPool-1 - Start completed.
2020-03-27 14:04:37.656 [lettuce-nioEventLoop-4-1] INFO  io.lettuce.core.protocol.CommandHandler - null Unexpected exception during request: java.io.IOException: 
java.io.IOException: 
	at sun.nio.ch.SocketDispatcher.read0(Native Method)
	at sun.nio.ch.SocketDispatcher.read(SocketDispatcher.java:43)
	at sun.nio.ch.IOUtil.readIntoNativeBuffer(IOUtil.java:223)
	at sun.nio.ch.IOUtil.read(IOUtil.java:192)
	at sun.nio.ch.SocketChannelImpl.read(SocketChannelImpl.java:380)
	at io.netty.buffer.PooledByteBuf.setBytes(PooledByteBuf.java:253)
	at io.netty.buffer.AbstractByteBuf.writeBytes(AbstractByteBuf.java:1133)
	at io.netty.channel.socket.nio.NioSocketChannel.doReadBytes(NioSocketChannel.java:350)
	at io.netty.channel.nio.AbstractNioByteChannel$NioByteUnsafe.read(AbstractNioByteChannel.java:148)
	at io.netty.channel.nio.NioEventLoop.processSelectedKey(NioEventLoop.java:714)
	at io.netty.channel.nio.NioEventLoop.processSelectedKeysOptimized(NioEventLoop.java:650)
	at io.netty.channel.nio.NioEventLoop.processSelectedKeys(NioEventLoop.java:576)
	at io.netty.channel.nio.NioEventLoop.run(NioEventLoop.java:493)
	at io.netty.util.concurrent.SingleThreadEventExecutor$4.run(SingleThreadEventExecutor.java:989)
	at io.netty.util.internal.ThreadExecutorMap$2.run(ThreadExecutorMap.java:74)
	at io.netty.util.concurrent.FastThreadLocalRunnable.run(FastThreadLocalRunnable.java:30)
	at java.lang.Thread.run(Thread.java:748)
2020-03-27 14:04:37.687 [lettuce-nioEventLoop-4-2] INFO  io.lettuce.core.protocol.CommandHandler - null Unexpected exception during request: java.io.IOException: 
java.io.IOException: 
	at sun.nio.ch.SocketDispatcher.read0(Native Method)
	at sun.nio.ch.SocketDispatcher.read(SocketDispatcher.java:43)
	at sun.nio.ch.IOUtil.readIntoNativeBuffer(IOUtil.java:223)
	at sun.nio.ch.IOUtil.read(IOUtil.java:192)
	at sun.nio.ch.SocketChannelImpl.read(SocketChannelImpl.java:380)
	at io.netty.buffer.PooledByteBuf.setBytes(PooledByteBuf.java:253)
	at io.netty.buffer.AbstractByteBuf.writeBytes(AbstractByteBuf.java:1133)
	at io.netty.channel.socket.nio.NioSocketChannel.doReadBytes(NioSocketChannel.java:350)
	at io.netty.channel.nio.AbstractNioByteChannel$NioByteUnsafe.read(AbstractNioByteChannel.java:148)
	at io.netty.channel.nio.NioEventLoop.processSelectedKey(NioEventLoop.java:714)
	at io.netty.channel.nio.NioEventLoop.processSelectedKeysOptimized(NioEventLoop.java:650)
	at io.netty.channel.nio.NioEventLoop.processSelectedKeys(NioEventLoop.java:576)
	at io.netty.channel.nio.NioEventLoop.run(NioEventLoop.java:493)
	at io.netty.util.concurrent.SingleThreadEventExecutor$4.run(SingleThreadEventExecutor.java:989)
	at io.netty.util.internal.ThreadExecutorMap$2.run(ThreadExecutorMap.java:74)
	at io.netty.util.concurrent.FastThreadLocalRunnable.run(FastThreadLocalRunnable.java:30)
	at java.lang.Thread.run(Thread.java:748)
2020-03-27 14:04:37.812 [lettuce-eventExecutorLoop-1-8] INFO  io.lettuce.core.protocol.ConnectionWatchdog - Reconnecting, last destination was /192.168.200.134:6379
2020-03-27 14:04:37.812 [lettuce-eventExecutorLoop-1-1] INFO  io.lettuce.core.protocol.ConnectionWatchdog - Reconnecting, last destination was /192.168.200.134:6379
2020-03-27 14:04:40.169 [lettuce-nioEventLoop-4-4] WARN  io.lettuce.core.protocol.ConnectionWatchdog - Cannot reconnect to [192.168.200.134:6379]: Network is unreachable: no further information: /192.168.200.134:6379
io.netty.channel.AbstractChannel$AnnotatedSocketException: Network is unreachable: no further information: /192.168.200.134:6379
Caused by: java.net.SocketException: Network is unreachable: no further information
	at sun.nio.ch.SocketChannelImpl.checkConnect(Native Method)
	at sun.nio.ch.SocketChannelImpl.finishConnect(SocketChannelImpl.java:717)
	at io.netty.channel.socket.nio.NioSocketChannel.doFinishConnect(NioSocketChannel.java:330)
	at io.netty.channel.nio.AbstractNioChannel$AbstractNioUnsafe.finishConnect(AbstractNioChannel.java:334)
	at io.netty.channel.nio.NioEventLoop.processSelectedKey(NioEventLoop.java:702)
	at io.netty.channel.nio.NioEventLoop.processSelectedKeysOptimized(NioEventLoop.java:650)
	at io.netty.channel.nio.NioEventLoop.processSelectedKeys(NioEventLoop.java:576)
	at io.netty.channel.nio.NioEventLoop.run(NioEventLoop.java:493)
	at io.netty.util.concurrent.SingleThreadEventExecutor$4.run(SingleThreadEventExecutor.java:989)
	at io.netty.util.internal.ThreadExecutorMap$2.run(ThreadExecutorMap.java:74)
	at io.netty.util.concurrent.FastThreadLocalRunnable.run(FastThreadLocalRunnable.java:30)
	at java.lang.Thread.run(Thread.java:748)
2020-03-27 14:04:40.169 [lettuce-nioEventLoop-4-3] WARN  io.lettuce.core.protocol.ConnectionWatchdog - Cannot reconnect to [192.168.200.134:6379]: Network is unreachable: no further information: /192.168.200.134:6379
io.netty.channel.AbstractChannel$AnnotatedSocketException: Network is unreachable: no further information: /192.168.200.134:6379
Caused by: java.net.SocketException: Network is unreachable: no further information
	at sun.nio.ch.SocketChannelImpl.checkConnect(Native Method)
	at sun.nio.ch.SocketChannelImpl.finishConnect(SocketChannelImpl.java:717)
	at io.netty.channel.socket.nio.NioSocketChannel.doFinishConnect(NioSocketChannel.java:330)
	at io.netty.channel.nio.AbstractNioChannel$AbstractNioUnsafe.finishConnect(AbstractNioChannel.java:334)
	at io.netty.channel.nio.NioEventLoop.processSelectedKey(NioEventLoop.java:702)
	at io.netty.channel.nio.NioEventLoop.processSelectedKeysOptimized(NioEventLoop.java:650)
	at io.netty.channel.nio.NioEventLoop.processSelectedKeys(NioEventLoop.java:576)
	at io.netty.channel.nio.NioEventLoop.run(NioEventLoop.java:493)
	at io.netty.util.concurrent.SingleThreadEventExecutor$4.run(SingleThreadEventExecutor.java:989)
	at io.netty.util.internal.ThreadExecutorMap$2.run(ThreadExecutorMap.java:74)
	at io.netty.util.concurrent.FastThreadLocalRunnable.run(FastThreadLocalRunnable.java:30)
	at java.lang.Thread.run(Thread.java:748)
2020-03-27 14:04:49.598 [lettuce-eventExecutorLoop-1-4] INFO  io.lettuce.core.protocol.ConnectionWatchdog - Reconnecting, last destination was 192.168.200.134:6379
2020-03-27 14:04:49.598 [lettuce-eventExecutorLoop-1-5] INFO  io.lettuce.core.protocol.ConnectionWatchdog - Reconnecting, last destination was 192.168.200.134:6379
2020-03-27 14:04:49.890 [lettuce-nioEventLoop-4-8] INFO  io.lettuce.core.protocol.ReconnectionHandler - Reconnected to 192.168.200.134:6379
2020-03-27 14:04:50.655 [lettuce-nioEventLoop-4-7] INFO  io.lettuce.core.protocol.ReconnectionHandler - Reconnected to 192.168.200.134:6379
