2020-04-07 11:45:50.904 [main] INFO  com.samphanie.mall.service.IShippingServiceTest - Starting IShippingServiceTest on Samphanie with PID 112212 (started by ZSY in E:\IdeaProjects\mall)
2020-04-07 11:45:50.905 [main] INFO  com.samphanie.mall.service.IShippingServiceTest - No active profile set, falling back to default profiles: default
2020-04-07 11:45:57.191 [main] INFO  o.s.d.r.config.RepositoryConfigurationDelegate - Multiple Spring Data modules found, entering strict repository configuration mode!
2020-04-07 11:45:57.216 [main] INFO  o.s.d.r.config.RepositoryConfigurationDelegate - Bootstrapping Spring Data Redis repositories in DEFAULT mode.
2020-04-07 11:45:57.681 [main] INFO  o.s.d.r.config.RepositoryConfigurationDelegate - Finished Spring Data repository scanning in 94ms. Found 0 Redis repository interfaces.
2020-04-07 11:46:09.542 [main] INFO  o.s.scheduling.concurrent.ThreadPoolTaskExecutor - Initializing ExecutorService 'applicationTaskExecutor'
2020-04-07 11:46:11.565 [main] INFO  io.lettuce.core.EpollProvider - Starting without optional epoll library
2020-04-07 11:46:11.567 [main] INFO  io.lettuce.core.KqueueProvider - Starting without optional kqueue library
2020-04-07 11:46:17.679 [main] INFO  o.s.s.a.ScheduledAnnotationBeanPostProcessor - No TaskScheduler/ScheduledExecutorService bean found for scheduled processing
2020-04-07 11:46:17.688 [main] INFO  com.samphanie.mall.service.IShippingServiceTest - Started IShippingServiceTest in 30.056 seconds (JVM running for 33.869)
2020-04-07 11:46:18.847 [main] INFO  com.zaxxer.hikari.HikariDataSource - HikariPool-1 - Starting...
2020-04-07 11:46:19.164 [main] INFO  com.zaxxer.hikari.HikariDataSource - HikariPool-1 - Start completed.
2020-04-07 11:46:19.294 [SpringContextShutdownHook] INFO  o.s.scheduling.concurrent.ThreadPoolTaskExecutor - Shutting down ExecutorService 'applicationTaskExecutor'
2020-04-07 11:46:19.422 [SpringContextShutdownHook] INFO  com.zaxxer.hikari.HikariDataSource - HikariPool-1 - Shutdown initiated...
2020-04-07 11:46:19.440 [SpringContextShutdownHook] INFO  com.zaxxer.hikari.HikariDataSource - HikariPool-1 - Shutdown completed.
2020-04-07 11:54:13.781 [main] INFO  com.samphanie.mall.service.IShippingServiceTest - Starting IShippingServiceTest on Samphanie with PID 1992 (started by ZSY in E:\IdeaProjects\mall)
2020-04-07 11:54:13.782 [main] INFO  com.samphanie.mall.service.IShippingServiceTest - No active profile set, falling back to default profiles: default
2020-04-07 11:54:14.785 [main] INFO  o.s.d.r.config.RepositoryConfigurationDelegate - Multiple Spring Data modules found, entering strict repository configuration mode!
2020-04-07 11:54:14.789 [main] INFO  o.s.d.r.config.RepositoryConfigurationDelegate - Bootstrapping Spring Data Redis repositories in DEFAULT mode.
2020-04-07 11:54:14.849 [main] INFO  o.s.d.r.config.RepositoryConfigurationDelegate - Finished Spring Data repository scanning in 37ms. Found 0 Redis repository interfaces.
2020-04-07 11:54:21.129 [main] INFO  o.s.scheduling.concurrent.ThreadPoolTaskExecutor - Initializing ExecutorService 'applicationTaskExecutor'
2020-04-07 11:54:22.202 [main] INFO  io.lettuce.core.EpollProvider - Starting without optional epoll library
2020-04-07 11:54:22.204 [main] INFO  io.lettuce.core.KqueueProvider - Starting without optional kqueue library
2020-04-07 11:54:28.270 [main] INFO  o.s.s.a.ScheduledAnnotationBeanPostProcessor - No TaskScheduler/ScheduledExecutorService bean found for scheduled processing
2020-04-07 11:54:28.284 [main] INFO  com.samphanie.mall.service.IShippingServiceTest - Started IShippingServiceTest in 15.12 seconds (JVM running for 16.655)
2020-04-07 11:54:28.763 [main] INFO  com.zaxxer.hikari.HikariDataSource - HikariPool-1 - Starting...
2020-04-07 11:54:29.007 [main] INFO  com.zaxxer.hikari.HikariDataSource - HikariPool-1 - Start completed.
2020-04-07 11:54:29.098 [main] INFO  com.samphanie.mall.service.IShippingServiceTest - reponseVo = ResponseVo(code=0, msg=成功, data={shippingId=6})
2020-04-07 11:54:29.132 [SpringContextShutdownHook] INFO  o.s.scheduling.concurrent.ThreadPoolTaskExecutor - Shutting down ExecutorService 'applicationTaskExecutor'
2020-04-07 11:54:29.362 [SpringContextShutdownHook] INFO  com.zaxxer.hikari.HikariDataSource - HikariPool-1 - Shutdown initiated...
2020-04-07 11:54:29.382 [SpringContextShutdownHook] INFO  com.zaxxer.hikari.HikariDataSource - HikariPool-1 - Shutdown completed.
2020-04-07 12:10:09.865 [main] INFO  com.samphanie.mall.service.IShippingServiceTest - Starting IShippingServiceTest on Samphanie with PID 7572 (started by ZSY in E:\IdeaProjects\mall)
2020-04-07 12:10:09.867 [main] INFO  com.samphanie.mall.service.IShippingServiceTest - No active profile set, falling back to default profiles: default
2020-04-07 12:10:10.979 [main] INFO  o.s.d.r.config.RepositoryConfigurationDelegate - Multiple Spring Data modules found, entering strict repository configuration mode!
2020-04-07 12:10:10.983 [main] INFO  o.s.d.r.config.RepositoryConfigurationDelegate - Bootstrapping Spring Data Redis repositories in DEFAULT mode.
2020-04-07 12:10:11.042 [main] INFO  o.s.d.r.config.RepositoryConfigurationDelegate - Finished Spring Data repository scanning in 34ms. Found 0 Redis repository interfaces.
2020-04-07 12:10:17.186 [main] INFO  o.s.scheduling.concurrent.ThreadPoolTaskExecutor - Initializing ExecutorService 'applicationTaskExecutor'
2020-04-07 12:10:18.136 [main] INFO  io.lettuce.core.EpollProvider - Starting without optional epoll library
2020-04-07 12:10:18.138 [main] INFO  io.lettuce.core.KqueueProvider - Starting without optional kqueue library
2020-04-07 12:10:24.270 [main] INFO  o.s.s.a.ScheduledAnnotationBeanPostProcessor - No TaskScheduler/ScheduledExecutorService bean found for scheduled processing
2020-04-07 12:10:24.281 [main] INFO  com.samphanie.mall.service.IShippingServiceTest - Started IShippingServiceTest in 15.031 seconds (JVM running for 16.604)
2020-04-07 12:10:24.839 [main] INFO  com.zaxxer.hikari.HikariDataSource - HikariPool-1 - Starting...
2020-04-07 12:10:25.059 [main] INFO  com.zaxxer.hikari.HikariDataSource - HikariPool-1 - Start completed.
2020-04-07 12:10:25.183 [SpringContextShutdownHook] INFO  o.s.scheduling.concurrent.ThreadPoolTaskExecutor - Shutting down ExecutorService 'applicationTaskExecutor'
2020-04-07 12:10:25.409 [SpringContextShutdownHook] INFO  com.zaxxer.hikari.HikariDataSource - HikariPool-1 - Shutdown initiated...
2020-04-07 12:10:25.424 [SpringContextShutdownHook] INFO  com.zaxxer.hikari.HikariDataSource - HikariPool-1 - Shutdown completed.
2020-04-07 12:11:29.053 [main] INFO  com.samphanie.mall.service.IShippingServiceTest - Starting IShippingServiceTest on Samphanie with PID 11560 (started by ZSY in E:\IdeaProjects\mall)
2020-04-07 12:11:29.054 [main] INFO  com.samphanie.mall.service.IShippingServiceTest - No active profile set, falling back to default profiles: default
2020-04-07 12:11:29.914 [main] INFO  o.s.d.r.config.RepositoryConfigurationDelegate - Multiple Spring Data modules found, entering strict repository configuration mode!
2020-04-07 12:11:29.917 [main] INFO  o.s.d.r.config.RepositoryConfigurationDelegate - Bootstrapping Spring Data Redis repositories in DEFAULT mode.
2020-04-07 12:11:29.969 [main] INFO  o.s.d.r.config.RepositoryConfigurationDelegate - Finished Spring Data repository scanning in 35ms. Found 0 Redis repository interfaces.
2020-04-07 12:11:35.771 [main] INFO  o.s.scheduling.concurrent.ThreadPoolTaskExecutor - Initializing ExecutorService 'applicationTaskExecutor'
2020-04-07 12:11:36.738 [main] INFO  io.lettuce.core.EpollProvider - Starting without optional epoll library
2020-04-07 12:11:36.740 [main] INFO  io.lettuce.core.KqueueProvider - Starting without optional kqueue library
2020-04-07 12:11:42.552 [main] INFO  o.s.s.a.ScheduledAnnotationBeanPostProcessor - No TaskScheduler/ScheduledExecutorService bean found for scheduled processing
2020-04-07 12:11:42.563 [main] INFO  com.samphanie.mall.service.IShippingServiceTest - Started IShippingServiceTest in 14.003 seconds (JVM running for 15.433)
2020-04-07 12:11:43.034 [main] INFO  com.zaxxer.hikari.HikariDataSource - HikariPool-1 - Starting...
2020-04-07 12:11:43.244 [main] INFO  com.zaxxer.hikari.HikariDataSource - HikariPool-1 - Start completed.
2020-04-07 12:11:43.331 [SpringContextShutdownHook] INFO  o.s.scheduling.concurrent.ThreadPoolTaskExecutor - Shutting down ExecutorService 'applicationTaskExecutor'
2020-04-07 12:11:43.456 [SpringContextShutdownHook] INFO  com.zaxxer.hikari.HikariDataSource - HikariPool-1 - Shutdown initiated...
2020-04-07 12:11:43.482 [SpringContextShutdownHook] INFO  com.zaxxer.hikari.HikariDataSource - HikariPool-1 - Shutdown completed.
2020-04-07 12:12:33.599 [main] INFO  com.samphanie.mall.service.IShippingServiceTest - Starting IShippingServiceTest on Samphanie with PID 2736 (started by ZSY in E:\IdeaProjects\mall)
2020-04-07 12:12:33.600 [main] INFO  com.samphanie.mall.service.IShippingServiceTest - No active profile set, falling back to default profiles: default
2020-04-07 12:12:34.439 [main] INFO  o.s.d.r.config.RepositoryConfigurationDelegate - Multiple Spring Data modules found, entering strict repository configuration mode!
2020-04-07 12:12:34.443 [main] INFO  o.s.d.r.config.RepositoryConfigurationDelegate - Bootstrapping Spring Data Redis repositories in DEFAULT mode.
2020-04-07 12:12:34.496 [main] INFO  o.s.d.r.config.RepositoryConfigurationDelegate - Finished Spring Data repository scanning in 33ms. Found 0 Redis repository interfaces.
2020-04-07 12:12:40.291 [main] INFO  o.s.scheduling.concurrent.ThreadPoolTaskExecutor - Initializing ExecutorService 'applicationTaskExecutor'
2020-04-07 12:12:41.240 [main] INFO  io.lettuce.core.EpollProvider - Starting without optional epoll library
2020-04-07 12:12:41.242 [main] INFO  io.lettuce.core.KqueueProvider - Starting without optional kqueue library
2020-04-07 12:12:47.206 [main] INFO  o.s.s.a.ScheduledAnnotationBeanPostProcessor - No TaskScheduler/ScheduledExecutorService bean found for scheduled processing
2020-04-07 12:12:47.243 [main] INFO  com.samphanie.mall.service.IShippingServiceTest - Started IShippingServiceTest in 14.142 seconds (JVM running for 15.55)
2020-04-07 12:12:47.798 [main] INFO  com.zaxxer.hikari.HikariDataSource - HikariPool-1 - Starting...
2020-04-07 12:12:48.043 [main] INFO  com.zaxxer.hikari.HikariDataSource - HikariPool-1 - Start completed.
2020-04-07 12:12:48.106 [main] INFO  com.samphanie.mall.service.IShippingServiceTest - reponseVo = ResponseVo(code=0, msg=成功, data=null)
2020-04-07 12:12:48.134 [SpringContextShutdownHook] INFO  o.s.scheduling.concurrent.ThreadPoolTaskExecutor - Shutting down ExecutorService 'applicationTaskExecutor'
2020-04-07 12:12:48.259 [SpringContextShutdownHook] INFO  com.zaxxer.hikari.HikariDataSource - HikariPool-1 - Shutdown initiated...
2020-04-07 12:12:48.275 [SpringContextShutdownHook] INFO  com.zaxxer.hikari.HikariDataSource - HikariPool-1 - Shutdown completed.
2020-04-07 12:13:25.742 [main] INFO  com.samphanie.mall.service.IShippingServiceTest - Starting IShippingServiceTest on Samphanie with PID 149164 (started by ZSY in E:\IdeaProjects\mall)
2020-04-07 12:13:25.743 [main] INFO  com.samphanie.mall.service.IShippingServiceTest - No active profile set, falling back to default profiles: default
2020-04-07 12:13:26.605 [main] INFO  o.s.d.r.config.RepositoryConfigurationDelegate - Multiple Spring Data modules found, entering strict repository configuration mode!
2020-04-07 12:13:26.609 [main] INFO  o.s.d.r.config.RepositoryConfigurationDelegate - Bootstrapping Spring Data Redis repositories in DEFAULT mode.
2020-04-07 12:13:26.655 [main] INFO  o.s.d.r.config.RepositoryConfigurationDelegate - Finished Spring Data repository scanning in 28ms. Found 0 Redis repository interfaces.
2020-04-07 12:13:32.511 [main] INFO  o.s.scheduling.concurrent.ThreadPoolTaskExecutor - Initializing ExecutorService 'applicationTaskExecutor'
2020-04-07 12:13:33.474 [main] INFO  io.lettuce.core.EpollProvider - Starting without optional epoll library
2020-04-07 12:13:33.476 [main] INFO  io.lettuce.core.KqueueProvider - Starting without optional kqueue library
2020-04-07 12:13:39.280 [main] INFO  o.s.s.a.ScheduledAnnotationBeanPostProcessor - No TaskScheduler/ScheduledExecutorService bean found for scheduled processing
2020-04-07 12:13:39.290 [main] INFO  com.samphanie.mall.service.IShippingServiceTest - Started IShippingServiceTest in 14.031 seconds (JVM running for 15.46)
2020-04-07 12:13:39.726 [main] INFO  com.zaxxer.hikari.HikariDataSource - HikariPool-1 - Starting...
2020-04-07 12:13:39.949 [main] INFO  com.zaxxer.hikari.HikariDataSource - HikariPool-1 - Start completed.
2020-04-07 12:13:40.011 [main] INFO  com.samphanie.mall.service.IShippingServiceTest - reponseVo = ResponseVo(code=0, msg=成功, data={shippingId=7})
2020-04-07 12:13:40.036 [SpringContextShutdownHook] INFO  o.s.scheduling.concurrent.ThreadPoolTaskExecutor - Shutting down ExecutorService 'applicationTaskExecutor'
2020-04-07 12:13:40.162 [SpringContextShutdownHook] INFO  com.zaxxer.hikari.HikariDataSource - HikariPool-1 - Shutdown initiated...
2020-04-07 12:13:40.183 [SpringContextShutdownHook] INFO  com.zaxxer.hikari.HikariDataSource - HikariPool-1 - Shutdown completed.
2020-04-07 12:26:10.629 [main] INFO  com.samphanie.mall.service.IShippingServiceTest - Starting IShippingServiceTest on Samphanie with PID 148396 (started by ZSY in E:\IdeaProjects\mall)
2020-04-07 12:26:10.631 [main] INFO  com.samphanie.mall.service.IShippingServiceTest - No active profile set, falling back to default profiles: default
2020-04-07 12:26:11.588 [main] INFO  o.s.d.r.config.RepositoryConfigurationDelegate - Multiple Spring Data modules found, entering strict repository configuration mode!
2020-04-07 12:26:11.592 [main] INFO  o.s.d.r.config.RepositoryConfigurationDelegate - Bootstrapping Spring Data Redis repositories in DEFAULT mode.
2020-04-07 12:26:11.648 [main] INFO  o.s.d.r.config.RepositoryConfigurationDelegate - Finished Spring Data repository scanning in 35ms. Found 0 Redis repository interfaces.
2020-04-07 12:26:18.132 [main] INFO  o.s.scheduling.concurrent.ThreadPoolTaskExecutor - Initializing ExecutorService 'applicationTaskExecutor'
2020-04-07 12:26:19.200 [main] INFO  io.lettuce.core.EpollProvider - Starting without optional epoll library
2020-04-07 12:26:19.203 [main] INFO  io.lettuce.core.KqueueProvider - Starting without optional kqueue library
2020-04-07 12:26:25.282 [main] INFO  o.s.s.a.ScheduledAnnotationBeanPostProcessor - No TaskScheduler/ScheduledExecutorService bean found for scheduled processing
2020-04-07 12:26:25.294 [main] INFO  com.samphanie.mall.service.IShippingServiceTest - Started IShippingServiceTest in 15.182 seconds (JVM running for 16.697)
2020-04-07 12:26:25.804 [main] INFO  com.zaxxer.hikari.HikariDataSource - HikariPool-1 - Starting...
2020-04-07 12:26:26.005 [main] INFO  com.zaxxer.hikari.HikariDataSource - HikariPool-1 - Start completed.
2020-04-07 12:26:26.102 [SpringContextShutdownHook] INFO  o.s.scheduling.concurrent.ThreadPoolTaskExecutor - Shutting down ExecutorService 'applicationTaskExecutor'
2020-04-07 12:26:26.237 [SpringContextShutdownHook] INFO  com.zaxxer.hikari.HikariDataSource - HikariPool-1 - Shutdown initiated...
2020-04-07 12:26:26.258 [SpringContextShutdownHook] INFO  com.zaxxer.hikari.HikariDataSource - HikariPool-1 - Shutdown completed.
2020-04-07 12:28:50.317 [main] INFO  com.samphanie.mall.service.IShippingServiceTest - Starting IShippingServiceTest on Samphanie with PID 78280 (started by ZSY in E:\IdeaProjects\mall)
2020-04-07 12:28:50.319 [main] INFO  com.samphanie.mall.service.IShippingServiceTest - No active profile set, falling back to default profiles: default
2020-04-07 12:28:51.205 [main] INFO  o.s.d.r.config.RepositoryConfigurationDelegate - Multiple Spring Data modules found, entering strict repository configuration mode!
2020-04-07 12:28:51.209 [main] INFO  o.s.d.r.config.RepositoryConfigurationDelegate - Bootstrapping Spring Data Redis repositories in DEFAULT mode.
2020-04-07 12:28:51.263 [main] INFO  o.s.d.r.config.RepositoryConfigurationDelegate - Finished Spring Data repository scanning in 33ms. Found 0 Redis repository interfaces.
2020-04-07 12:28:57.185 [main] INFO  o.s.scheduling.concurrent.ThreadPoolTaskExecutor - Initializing ExecutorService 'applicationTaskExecutor'
2020-04-07 12:28:58.146 [main] INFO  io.lettuce.core.EpollProvider - Starting without optional epoll library
2020-04-07 12:28:58.148 [main] INFO  io.lettuce.core.KqueueProvider - Starting without optional kqueue library
2020-04-07 12:29:03.984 [main] INFO  o.s.s.a.ScheduledAnnotationBeanPostProcessor - No TaskScheduler/ScheduledExecutorService bean found for scheduled processing
2020-04-07 12:29:03.996 [main] INFO  com.samphanie.mall.service.IShippingServiceTest - Started IShippingServiceTest in 14.222 seconds (JVM running for 15.698)
2020-04-07 12:29:04.456 [main] INFO  com.zaxxer.hikari.HikariDataSource - HikariPool-1 - Starting...
2020-04-07 12:29:04.643 [main] INFO  com.zaxxer.hikari.HikariDataSource - HikariPool-1 - Start completed.
2020-04-07 12:29:04.728 [SpringContextShutdownHook] INFO  o.s.scheduling.concurrent.ThreadPoolTaskExecutor - Shutting down ExecutorService 'applicationTaskExecutor'
2020-04-07 12:29:04.853 [SpringContextShutdownHook] INFO  com.zaxxer.hikari.HikariDataSource - HikariPool-1 - Shutdown initiated...
2020-04-07 12:29:04.876 [SpringContextShutdownHook] INFO  com.zaxxer.hikari.HikariDataSource - HikariPool-1 - Shutdown completed.
2020-04-07 12:30:12.745 [main] INFO  com.samphanie.mall.service.IShippingServiceTest - Starting IShippingServiceTest on Samphanie with PID 3964 (started by ZSY in E:\IdeaProjects\mall)
2020-04-07 12:30:12.746 [main] INFO  com.samphanie.mall.service.IShippingServiceTest - No active profile set, falling back to default profiles: default
2020-04-07 12:30:13.619 [main] INFO  o.s.d.r.config.RepositoryConfigurationDelegate - Multiple Spring Data modules found, entering strict repository configuration mode!
2020-04-07 12:30:13.623 [main] INFO  o.s.d.r.config.RepositoryConfigurationDelegate - Bootstrapping Spring Data Redis repositories in DEFAULT mode.
2020-04-07 12:30:13.675 [main] INFO  o.s.d.r.config.RepositoryConfigurationDelegate - Finished Spring Data repository scanning in 34ms. Found 0 Redis repository interfaces.
2020-04-07 12:30:19.551 [main] INFO  o.s.scheduling.concurrent.ThreadPoolTaskExecutor - Initializing ExecutorService 'applicationTaskExecutor'
2020-04-07 12:30:20.504 [main] INFO  io.lettuce.core.EpollProvider - Starting without optional epoll library
2020-04-07 12:30:20.506 [main] INFO  io.lettuce.core.KqueueProvider - Starting without optional kqueue library
2020-04-07 12:30:26.296 [main] INFO  o.s.s.a.ScheduledAnnotationBeanPostProcessor - No TaskScheduler/ScheduledExecutorService bean found for scheduled processing
2020-04-07 12:30:26.308 [main] INFO  com.samphanie.mall.service.IShippingServiceTest - Started IShippingServiceTest in 14.038 seconds (JVM running for 15.498)
2020-04-07 12:30:26.784 [main] INFO  com.zaxxer.hikari.HikariDataSource - HikariPool-1 - Starting...
2020-04-07 12:30:26.982 [main] INFO  com.zaxxer.hikari.HikariDataSource - HikariPool-1 - Start completed.
2020-04-07 12:30:27.032 [main] INFO  com.samphanie.mall.service.IShippingServiceTest - reponseVo = ResponseVo(code=0, msg=成功, data=null)
2020-04-07 12:30:27.058 [SpringContextShutdownHook] INFO  o.s.scheduling.concurrent.ThreadPoolTaskExecutor - Shutting down ExecutorService 'applicationTaskExecutor'
2020-04-07 12:30:27.180 [SpringContextShutdownHook] INFO  com.zaxxer.hikari.HikariDataSource - HikariPool-1 - Shutdown initiated...
2020-04-07 12:30:27.196 [SpringContextShutdownHook] INFO  com.zaxxer.hikari.HikariDataSource - HikariPool-1 - Shutdown completed.
2020-04-07 12:37:45.319 [main] INFO  com.samphanie.mall.service.IShippingServiceTest - Starting IShippingServiceTest on Samphanie with PID 79516 (started by ZSY in E:\IdeaProjects\mall)
2020-04-07 12:37:45.321 [main] INFO  com.samphanie.mall.service.IShippingServiceTest - No active profile set, falling back to default profiles: default
2020-04-07 12:37:46.370 [main] INFO  o.s.d.r.config.RepositoryConfigurationDelegate - Multiple Spring Data modules found, entering strict repository configuration mode!
2020-04-07 12:37:46.377 [main] INFO  o.s.d.r.config.RepositoryConfigurationDelegate - Bootstrapping Spring Data Redis repositories in DEFAULT mode.
2020-04-07 12:37:46.439 [main] INFO  o.s.d.r.config.RepositoryConfigurationDelegate - Finished Spring Data repository scanning in 36ms. Found 0 Redis repository interfaces.
2020-04-07 12:37:52.672 [main] INFO  o.s.scheduling.concurrent.ThreadPoolTaskExecutor - Initializing ExecutorService 'applicationTaskExecutor'
2020-04-07 12:37:53.725 [main] INFO  io.lettuce.core.EpollProvider - Starting without optional epoll library
2020-04-07 12:37:53.727 [main] INFO  io.lettuce.core.KqueueProvider - Starting without optional kqueue library
2020-04-07 12:37:59.825 [main] INFO  o.s.s.a.ScheduledAnnotationBeanPostProcessor - No TaskScheduler/ScheduledExecutorService bean found for scheduled processing
2020-04-07 12:37:59.839 [main] INFO  com.samphanie.mall.service.IShippingServiceTest - Started IShippingServiceTest in 15.052 seconds (JVM running for 16.641)
2020-04-07 12:38:00.373 [main] INFO  com.zaxxer.hikari.HikariDataSource - HikariPool-1 - Starting...
2020-04-07 12:38:00.603 [main] INFO  com.zaxxer.hikari.HikariDataSource - HikariPool-1 - Start completed.
2020-04-07 12:38:00.896 [main] INFO  com.samphanie.mall.service.IShippingServiceTest - reponseVo = ResponseVo(code=0, msg=成功, data=PageInfo{pageNum=1, pageSize=1, size=1, startRow=1, endRow=1, total=2, pages=2, list=Page{count=true, pageNum=1, pageSize=1, startRow=0, endRow=1, total=2, pages=2, reasonable=false, pageSizeZero=false}[Shipping(id=4, userId=1, receiverName=廖师兄, receiverPhone=010, receiverMobile=18688888888, receiverProvince=北京, receiverCity=北京市, receiverDistrict=海淀区, receiverAddress=中关村慕课网大楼, receiverZip=100000, createTime=2000-01-22T14:26:25, updateTime=2000-01-22T14:26:25)], prePage=0, nextPage=2, isFirstPage=true, isLastPage=false, hasPreviousPage=false, hasNextPage=true, navigatePages=8, navigateFirstPage=1, navigateLastPage=2, navigatepageNums=[1, 2]})
2020-04-07 12:38:00.926 [SpringContextShutdownHook] INFO  o.s.scheduling.concurrent.ThreadPoolTaskExecutor - Shutting down ExecutorService 'applicationTaskExecutor'
2020-04-07 12:38:01.051 [SpringContextShutdownHook] INFO  com.zaxxer.hikari.HikariDataSource - HikariPool-1 - Shutdown initiated...
2020-04-07 12:38:01.072 [SpringContextShutdownHook] INFO  com.zaxxer.hikari.HikariDataSource - HikariPool-1 - Shutdown completed.
2020-04-07 12:38:31.883 [main] INFO  com.samphanie.mall.service.IShippingServiceTest - Starting IShippingServiceTest on Samphanie with PID 149632 (started by ZSY in E:\IdeaProjects\mall)
2020-04-07 12:38:31.885 [main] INFO  com.samphanie.mall.service.IShippingServiceTest - No active profile set, falling back to default profiles: default
2020-04-07 12:38:32.867 [main] INFO  o.s.d.r.config.RepositoryConfigurationDelegate - Multiple Spring Data modules found, entering strict repository configuration mode!
2020-04-07 12:38:32.871 [main] INFO  o.s.d.r.config.RepositoryConfigurationDelegate - Bootstrapping Spring Data Redis repositories in DEFAULT mode.
2020-04-07 12:38:32.925 [main] INFO  o.s.d.r.config.RepositoryConfigurationDelegate - Finished Spring Data repository scanning in 35ms. Found 0 Redis repository interfaces.
2020-04-07 12:38:39.089 [main] INFO  o.s.scheduling.concurrent.ThreadPoolTaskExecutor - Initializing ExecutorService 'applicationTaskExecutor'
2020-04-07 12:38:40.152 [main] INFO  io.lettuce.core.EpollProvider - Starting without optional epoll library
2020-04-07 12:38:40.154 [main] INFO  io.lettuce.core.KqueueProvider - Starting without optional kqueue library
2020-04-07 12:38:46.204 [main] INFO  o.s.s.a.ScheduledAnnotationBeanPostProcessor - No TaskScheduler/ScheduledExecutorService bean found for scheduled processing
2020-04-07 12:38:46.220 [main] INFO  com.samphanie.mall.service.IShippingServiceTest - Started IShippingServiceTest in 14.87 seconds (JVM running for 16.422)
2020-04-07 12:38:46.794 [main] INFO  com.zaxxer.hikari.HikariDataSource - HikariPool-1 - Starting...
2020-04-07 12:38:47.004 [main] INFO  com.zaxxer.hikari.HikariDataSource - HikariPool-1 - Start completed.
2020-04-07 12:38:47.176 [main] INFO  com.samphanie.mall.service.IShippingServiceTest - reponseVo = ResponseVo(code=0, msg=成功, data=PageInfo{pageNum=1, pageSize=10, size=2, startRow=1, endRow=2, total=2, pages=1, list=Page{count=true, pageNum=1, pageSize=10, startRow=0, endRow=10, total=2, pages=1, reasonable=false, pageSizeZero=false}[Shipping(id=4, userId=1, receiverName=廖师兄, receiverPhone=010, receiverMobile=18688888888, receiverProvince=北京, receiverCity=北京市, receiverDistrict=海淀区, receiverAddress=中关村慕课网大楼, receiverZip=100000, createTime=2000-01-22T14:26:25, updateTime=2000-01-22T14:26:25), Shipping(id=7, userId=1, receiverName=zxx, receiverPhone=17354056086, receiverMobile=, receiverProvince=安徽省, receiverCity=安庆市, receiverDistrict=岳西县, receiverAddress=司空山村, receiverZip=246671, createTime=2020-04-07T12:13:39, updateTime=2020-04-07T12:30:27)], prePage=0, nextPage=0, isFirstPage=true, isLastPage=true, hasPreviousPage=false, hasNextPage=false, navigatePages=8, navigateFirstPage=1, navigateLastPage=1, navigatepageNums=[1]})
2020-04-07 12:38:47.215 [SpringContextShutdownHook] INFO  o.s.scheduling.concurrent.ThreadPoolTaskExecutor - Shutting down ExecutorService 'applicationTaskExecutor'
2020-04-07 12:38:47.340 [SpringContextShutdownHook] INFO  com.zaxxer.hikari.HikariDataSource - HikariPool-1 - Shutdown initiated...
2020-04-07 12:38:47.358 [SpringContextShutdownHook] INFO  com.zaxxer.hikari.HikariDataSource - HikariPool-1 - Shutdown completed.
2020-04-07 12:42:30.388 [main] INFO  com.samphanie.mall.service.IShippingServiceTest - Starting IShippingServiceTest on Samphanie with PID 147596 (started by ZSY in E:\IdeaProjects\mall)
2020-04-07 12:42:30.390 [main] INFO  com.samphanie.mall.service.IShippingServiceTest - No active profile set, falling back to default profiles: default
2020-04-07 12:42:31.326 [main] INFO  o.s.d.r.config.RepositoryConfigurationDelegate - Multiple Spring Data modules found, entering strict repository configuration mode!
2020-04-07 12:42:31.330 [main] INFO  o.s.d.r.config.RepositoryConfigurationDelegate - Bootstrapping Spring Data Redis repositories in DEFAULT mode.
2020-04-07 12:42:31.386 [main] INFO  o.s.d.r.config.RepositoryConfigurationDelegate - Finished Spring Data repository scanning in 32ms. Found 0 Redis repository interfaces.
2020-04-07 12:42:37.358 [main] INFO  o.s.scheduling.concurrent.ThreadPoolTaskExecutor - Initializing ExecutorService 'applicationTaskExecutor'
2020-04-07 12:42:38.316 [main] INFO  io.lettuce.core.EpollProvider - Starting without optional epoll library
2020-04-07 12:42:38.318 [main] INFO  io.lettuce.core.KqueueProvider - Starting without optional kqueue library
2020-04-07 12:42:44.240 [main] INFO  o.s.s.a.ScheduledAnnotationBeanPostProcessor - No TaskScheduler/ScheduledExecutorService bean found for scheduled processing
2020-04-07 12:42:44.250 [main] INFO  com.samphanie.mall.service.IShippingServiceTest - Started IShippingServiceTest in 14.36 seconds (JVM running for 15.837)
2020-04-07 12:42:44.690 [main] INFO  com.zaxxer.hikari.HikariDataSource - HikariPool-1 - Starting...
2020-04-07 12:42:44.901 [main] INFO  com.zaxxer.hikari.HikariDataSource - HikariPool-1 - Start completed.
2020-04-07 12:42:44.972 [main] INFO  com.samphanie.mall.service.IShippingServiceTest - reponseVo = ResponseVo(code=0, msg=成功, data={shippingId=8})
2020-04-07 12:42:44.995 [main] INFO  com.samphanie.mall.service.IShippingServiceTest - reponseVo = ResponseVo(code=0, msg=成功, data=null)
2020-04-07 12:42:45.032 [main] INFO  com.samphanie.mall.service.IShippingServiceTest - reponseVo = ResponseVo(code=0, msg=成功, data=null)
2020-04-07 12:42:45.054 [main] INFO  com.samphanie.mall.service.IShippingServiceTest - reponseVo = ResponseVo(code=0, msg=成功, data={shippingId=9})
2020-04-07 12:42:45.160 [main] INFO  com.samphanie.mall.service.IShippingServiceTest - reponseVo = ResponseVo(code=0, msg=成功, data=PageInfo{pageNum=1, pageSize=10, size=3, startRow=1, endRow=3, total=3, pages=1, list=Page{count=true, pageNum=1, pageSize=10, startRow=0, endRow=10, total=3, pages=1, reasonable=false, pageSizeZero=false}[Shipping(id=4, userId=1, receiverName=廖师兄, receiverPhone=010, receiverMobile=18688888888, receiverProvince=北京, receiverCity=北京市, receiverDistrict=海淀区, receiverAddress=中关村慕课网大楼, receiverZip=100000, createTime=2000-01-22T14:26:25, updateTime=2000-01-22T14:26:25), Shipping(id=7, userId=1, receiverName=zxx, receiverPhone=17354056086, receiverMobile=, receiverProvince=安徽省, receiverCity=安庆市, receiverDistrict=岳西县, receiverAddress=司空山村, receiverZip=246671, createTime=2020-04-07T12:13:39, updateTime=2020-04-07T12:30:27), Shipping(id=9, userId=1, receiverName=陌离, receiverPhone=17354056086, receiverMobile=, receiverProvince=安徽省, receiverCity=安庆市, receiverDistrict=岳西县, receiverAddress=司空山村, receiverZip=246671, createTime=2020-04-07T12:42:45, updateTime=2020-04-07T12:42:45)], prePage=0, nextPage=0, isFirstPage=true, isLastPage=true, hasPreviousPage=false, hasNextPage=false, navigatePages=8, navigateFirstPage=1, navigateLastPage=1, navigatepageNums=[1]})
2020-04-07 12:42:45.167 [main] INFO  com.samphanie.mall.service.IShippingServiceTest - reponseVo = ResponseVo(code=0, msg=成功, data=null)
2020-04-07 12:42:45.184 [SpringContextShutdownHook] INFO  o.s.scheduling.concurrent.ThreadPoolTaskExecutor - Shutting down ExecutorService 'applicationTaskExecutor'
2020-04-07 12:42:45.409 [SpringContextShutdownHook] INFO  com.zaxxer.hikari.HikariDataSource - HikariPool-1 - Shutdown initiated...
2020-04-07 12:42:45.427 [SpringContextShutdownHook] INFO  com.zaxxer.hikari.HikariDataSource - HikariPool-1 - Shutdown completed.
2020-04-07 12:43:13.298 [main] INFO  com.samphanie.mall.service.IShippingServiceTest - Starting IShippingServiceTest on Samphanie with PID 149620 (started by ZSY in E:\IdeaProjects\mall)
2020-04-07 12:43:13.299 [main] INFO  com.samphanie.mall.service.IShippingServiceTest - No active profile set, falling back to default profiles: default
2020-04-07 12:43:14.260 [main] INFO  o.s.d.r.config.RepositoryConfigurationDelegate - Multiple Spring Data modules found, entering strict repository configuration mode!
2020-04-07 12:43:14.263 [main] INFO  o.s.d.r.config.RepositoryConfigurationDelegate - Bootstrapping Spring Data Redis repositories in DEFAULT mode.
2020-04-07 12:43:14.316 [main] INFO  o.s.d.r.config.RepositoryConfigurationDelegate - Finished Spring Data repository scanning in 34ms. Found 0 Redis repository interfaces.
2020-04-07 12:43:20.537 [main] INFO  o.s.scheduling.concurrent.ThreadPoolTaskExecutor - Initializing ExecutorService 'applicationTaskExecutor'
2020-04-07 12:43:21.614 [main] INFO  io.lettuce.core.EpollProvider - Starting without optional epoll library
2020-04-07 12:43:21.616 [main] INFO  io.lettuce.core.KqueueProvider - Starting without optional kqueue library
2020-04-07 12:43:27.546 [main] INFO  o.s.s.a.ScheduledAnnotationBeanPostProcessor - No TaskScheduler/ScheduledExecutorService bean found for scheduled processing
2020-04-07 12:43:27.557 [main] INFO  com.samphanie.mall.service.IShippingServiceTest - Started IShippingServiceTest in 14.801 seconds (JVM running for 16.323)
2020-04-07 12:43:27.996 [main] INFO  com.zaxxer.hikari.HikariDataSource - HikariPool-1 - Starting...
2020-04-07 12:43:28.196 [main] INFO  com.zaxxer.hikari.HikariDataSource - HikariPool-1 - Start completed.
2020-04-07 12:43:28.262 [main] INFO  com.samphanie.mall.service.IShippingServiceTest - reponseVo = ResponseVo(code=0, msg=成功, data={shippingId=10})
2020-04-07 12:43:28.297 [main] INFO  com.samphanie.mall.service.IShippingServiceTest - reponseVo = ResponseVo(code=0, msg=成功, data=null)
2020-04-07 12:43:28.336 [main] INFO  com.samphanie.mall.service.IShippingServiceTest - reponseVo = ResponseVo(code=0, msg=成功, data={shippingId=11})
2020-04-07 12:43:28.346 [main] INFO  com.samphanie.mall.service.IShippingServiceTest - reponseVo = ResponseVo(code=0, msg=成功, data=null)
2020-04-07 12:43:28.353 [main] INFO  com.samphanie.mall.service.IShippingServiceTest - reponseVo = ResponseVo(code=0, msg=成功, data=null)
2020-04-07 12:43:28.366 [main] INFO  com.samphanie.mall.service.IShippingServiceTest - reponseVo = ResponseVo(code=0, msg=成功, data={shippingId=12})
2020-04-07 12:43:28.451 [main] INFO  com.samphanie.mall.service.IShippingServiceTest - reponseVo = ResponseVo(code=0, msg=成功, data=PageInfo{pageNum=1, pageSize=10, size=3, startRow=1, endRow=3, total=3, pages=1, list=Page{count=true, pageNum=1, pageSize=10, startRow=0, endRow=10, total=3, pages=1, reasonable=false, pageSizeZero=false}[Shipping(id=4, userId=1, receiverName=廖师兄, receiverPhone=010, receiverMobile=18688888888, receiverProvince=北京, receiverCity=北京市, receiverDistrict=海淀区, receiverAddress=中关村慕课网大楼, receiverZip=100000, createTime=2000-01-22T14:26:25, updateTime=2000-01-22T14:26:25), Shipping(id=7, userId=1, receiverName=zxx, receiverPhone=17354056086, receiverMobile=, receiverProvince=安徽省, receiverCity=安庆市, receiverDistrict=岳西县, receiverAddress=司空山村, receiverZip=246671, createTime=2020-04-07T12:13:39, updateTime=2020-04-07T12:30:27), Shipping(id=12, userId=1, receiverName=陌离, receiverPhone=17354056086, receiverMobile=, receiverProvince=安徽省, receiverCity=安庆市, receiverDistrict=岳西县, receiverAddress=司空山村, receiverZip=246671, createTime=2020-04-07T12:43:28, updateTime=2020-04-07T12:43:28)], prePage=0, nextPage=0, isFirstPage=true, isLastPage=true, hasPreviousPage=false, hasNextPage=false, navigatePages=8, navigateFirstPage=1, navigateLastPage=1, navigatepageNums=[1]})
2020-04-07 12:43:28.457 [main] INFO  com.samphanie.mall.service.IShippingServiceTest - reponseVo = ResponseVo(code=0, msg=成功, data=null)
2020-04-07 12:43:28.473 [SpringContextShutdownHook] INFO  o.s.scheduling.concurrent.ThreadPoolTaskExecutor - Shutting down ExecutorService 'applicationTaskExecutor'
2020-04-07 12:43:28.595 [SpringContextShutdownHook] INFO  com.zaxxer.hikari.HikariDataSource - HikariPool-1 - Shutdown initiated...
2020-04-07 12:43:28.613 [SpringContextShutdownHook] INFO  com.zaxxer.hikari.HikariDataSource - HikariPool-1 - Shutdown completed.
2020-04-07 12:43:38.671 [main] INFO  com.samphanie.mall.service.IShippingServiceTest - Starting IShippingServiceTest on Samphanie with PID 10680 (started by ZSY in E:\IdeaProjects\mall)
2020-04-07 12:43:38.673 [main] INFO  com.samphanie.mall.service.IShippingServiceTest - No active profile set, falling back to default profiles: default
2020-04-07 12:43:39.605 [main] INFO  o.s.d.r.config.RepositoryConfigurationDelegate - Multiple Spring Data modules found, entering strict repository configuration mode!
2020-04-07 12:43:39.610 [main] INFO  o.s.d.r.config.RepositoryConfigurationDelegate - Bootstrapping Spring Data Redis repositories in DEFAULT mode.
2020-04-07 12:43:39.673 [main] INFO  o.s.d.r.config.RepositoryConfigurationDelegate - Finished Spring Data repository scanning in 38ms. Found 0 Redis repository interfaces.
2020-04-07 12:43:45.681 [main] INFO  o.s.scheduling.concurrent.ThreadPoolTaskExecutor - Initializing ExecutorService 'applicationTaskExecutor'
2020-04-07 12:43:46.646 [main] INFO  io.lettuce.core.EpollProvider - Starting without optional epoll library
2020-04-07 12:43:46.648 [main] INFO  io.lettuce.core.KqueueProvider - Starting without optional kqueue library
2020-04-07 12:43:52.524 [main] INFO  o.s.s.a.ScheduledAnnotationBeanPostProcessor - No TaskScheduler/ScheduledExecutorService bean found for scheduled processing
2020-04-07 12:43:52.538 [main] INFO  com.samphanie.mall.service.IShippingServiceTest - Started IShippingServiceTest in 14.431 seconds (JVM running for 15.939)
2020-04-07 12:43:53.006 [main] INFO  com.zaxxer.hikari.HikariDataSource - HikariPool-1 - Starting...
2020-04-07 12:43:53.215 [main] INFO  com.zaxxer.hikari.HikariDataSource - HikariPool-1 - Start completed.
2020-04-07 12:43:53.277 [main] INFO  com.samphanie.mall.service.IShippingServiceTest - reponseVo = ResponseVo(code=0, msg=成功, data={shippingId=13})
2020-04-07 12:43:53.298 [main] INFO  com.samphanie.mall.service.IShippingServiceTest - reponseVo = ResponseVo(code=0, msg=成功, data=null)
2020-04-07 12:43:53.331 [main] INFO  com.samphanie.mall.service.IShippingServiceTest - reponseVo = ResponseVo(code=0, msg=成功, data=null)
2020-04-07 12:43:53.353 [main] INFO  com.samphanie.mall.service.IShippingServiceTest - reponseVo = ResponseVo(code=0, msg=成功, data={shippingId=14})
2020-04-07 12:43:53.449 [main] INFO  com.samphanie.mall.service.IShippingServiceTest - reponseVo = ResponseVo(code=0, msg=成功, data=PageInfo{pageNum=1, pageSize=10, size=3, startRow=1, endRow=3, total=3, pages=1, list=Page{count=true, pageNum=1, pageSize=10, startRow=0, endRow=10, total=3, pages=1, reasonable=false, pageSizeZero=false}[Shipping(id=4, userId=1, receiverName=廖师兄, receiverPhone=010, receiverMobile=18688888888, receiverProvince=北京, receiverCity=北京市, receiverDistrict=海淀区, receiverAddress=中关村慕课网大楼, receiverZip=100000, createTime=2000-01-22T14:26:25, updateTime=2000-01-22T14:26:25), Shipping(id=7, userId=1, receiverName=zxx, receiverPhone=17354056086, receiverMobile=, receiverProvince=安徽省, receiverCity=安庆市, receiverDistrict=岳西县, receiverAddress=司空山村, receiverZip=246671, createTime=2020-04-07T12:13:39, updateTime=2020-04-07T12:30:27), Shipping(id=14, userId=1, receiverName=陌离, receiverPhone=17354056086, receiverMobile=, receiverProvince=安徽省, receiverCity=安庆市, receiverDistrict=岳西县, receiverAddress=司空山村, receiverZip=246671, createTime=2020-04-07T12:43:53, updateTime=2020-04-07T12:43:53)], prePage=0, nextPage=0, isFirstPage=true, isLastPage=true, hasPreviousPage=false, hasNextPage=false, navigatePages=8, navigateFirstPage=1, navigateLastPage=1, navigatepageNums=[1]})
2020-04-07 12:43:53.455 [main] INFO  com.samphanie.mall.service.IShippingServiceTest - reponseVo = ResponseVo(code=0, msg=成功, data=null)
2020-04-07 12:43:53.470 [SpringContextShutdownHook] INFO  o.s.scheduling.concurrent.ThreadPoolTaskExecutor - Shutting down ExecutorService 'applicationTaskExecutor'
2020-04-07 12:43:53.594 [SpringContextShutdownHook] INFO  com.zaxxer.hikari.HikariDataSource - HikariPool-1 - Shutdown initiated...
2020-04-07 12:43:53.613 [SpringContextShutdownHook] INFO  com.zaxxer.hikari.HikariDataSource - HikariPool-1 - Shutdown completed.
2020-04-07 12:45:35.093 [main] INFO  com.samphanie.mall.service.IShippingServiceTest - Starting IShippingServiceTest on Samphanie with PID 148536 (started by ZSY in E:\IdeaProjects\mall)
2020-04-07 12:45:35.094 [main] INFO  com.samphanie.mall.service.IShippingServiceTest - No active profile set, falling back to default profiles: default
2020-04-07 12:45:36.190 [main] INFO  o.s.d.r.config.RepositoryConfigurationDelegate - Multiple Spring Data modules found, entering strict repository configuration mode!
2020-04-07 12:45:36.193 [main] INFO  o.s.d.r.config.RepositoryConfigurationDelegate - Bootstrapping Spring Data Redis repositories in DEFAULT mode.
2020-04-07 12:45:36.257 [main] INFO  o.s.d.r.config.RepositoryConfigurationDelegate - Finished Spring Data repository scanning in 43ms. Found 0 Redis repository interfaces.
2020-04-07 12:45:43.155 [main] INFO  o.s.scheduling.concurrent.ThreadPoolTaskExecutor - Initializing ExecutorService 'applicationTaskExecutor'
2020-04-07 12:45:44.351 [main] INFO  io.lettuce.core.EpollProvider - Starting without optional epoll library
2020-04-07 12:45:44.354 [main] INFO  io.lettuce.core.KqueueProvider - Starting without optional kqueue library
2020-04-07 12:45:50.853 [main] INFO  o.s.s.a.ScheduledAnnotationBeanPostProcessor - No TaskScheduler/ScheduledExecutorService bean found for scheduled processing
2020-04-07 12:45:50.866 [main] INFO  com.samphanie.mall.service.IShippingServiceTest - Started IShippingServiceTest in 16.394 seconds (JVM running for 18.05)
2020-04-07 12:45:51.374 [main] INFO  com.zaxxer.hikari.HikariDataSource - HikariPool-1 - Starting...
2020-04-07 12:45:51.614 [main] INFO  com.zaxxer.hikari.HikariDataSource - HikariPool-1 - Start completed.
2020-04-07 12:45:51.692 [main] INFO  com.samphanie.mall.service.IShippingServiceTest - reponseVo = ResponseVo(code=0, msg=成功, data={shippingId=15})
2020-04-07 12:45:51.713 [main] INFO  com.samphanie.mall.service.IShippingServiceTest - reponseVo = ResponseVo(code=0, msg=成功, data=null)
2020-04-07 12:45:51.745 [main] INFO  com.samphanie.mall.service.IShippingServiceTest - reponseVo = ResponseVo(code=0, msg=成功, data=null)
2020-04-07 12:45:51.770 [main] INFO  com.samphanie.mall.service.IShippingServiceTest - reponseVo = ResponseVo(code=0, msg=成功, data={shippingId=16})
2020-04-07 12:45:51.879 [main] INFO  com.samphanie.mall.service.IShippingServiceTest - reponseVo = ResponseVo(code=0, msg=成功, data=PageInfo{pageNum=1, pageSize=10, size=3, startRow=1, endRow=3, total=3, pages=1, list=Page{count=true, pageNum=1, pageSize=10, startRow=0, endRow=10, total=3, pages=1, reasonable=false, pageSizeZero=false}[Shipping(id=4, userId=1, receiverName=廖师兄, receiverPhone=010, receiverMobile=18688888888, receiverProvince=北京, receiverCity=北京市, receiverDistrict=海淀区, receiverAddress=中关村慕课网大楼, receiverZip=100000, createTime=2000-01-22T14:26:25, updateTime=2000-01-22T14:26:25), Shipping(id=7, userId=1, receiverName=zxx, receiverPhone=17354056086, receiverMobile=, receiverProvince=安徽省, receiverCity=安庆市, receiverDistrict=岳西县, receiverAddress=司空山村, receiverZip=246671, createTime=2020-04-07T12:13:39, updateTime=2020-04-07T12:30:27), Shipping(id=16, userId=1, receiverName=陌离, receiverPhone=17354056086, receiverMobile=, receiverProvince=安徽省, receiverCity=安庆市, receiverDistrict=岳西县, receiverAddress=司空山村, receiverZip=246671, createTime=2020-04-07T12:45:51, updateTime=2020-04-07T12:45:51)], prePage=0, nextPage=0, isFirstPage=true, isLastPage=true, hasPreviousPage=false, hasNextPage=false, navigatePages=8, navigateFirstPage=1, navigateLastPage=1, navigatepageNums=[1]})
2020-04-07 12:45:51.887 [main] INFO  com.samphanie.mall.service.IShippingServiceTest - reponseVo = ResponseVo(code=0, msg=成功, data=null)
2020-04-07 12:45:51.904 [SpringContextShutdownHook] INFO  o.s.scheduling.concurrent.ThreadPoolTaskExecutor - Shutting down ExecutorService 'applicationTaskExecutor'
2020-04-07 12:45:52.028 [SpringContextShutdownHook] INFO  com.zaxxer.hikari.HikariDataSource - HikariPool-1 - Shutdown initiated...
2020-04-07 12:45:52.052 [SpringContextShutdownHook] INFO  com.zaxxer.hikari.HikariDataSource - HikariPool-1 - Shutdown completed.
2020-04-07 13:02:02.453 [main] INFO  com.samphanie.mall.service.IShippingServiceTest - Starting IShippingServiceTest on Samphanie with PID 80512 (started by ZSY in E:\IdeaProjects\mall)
2020-04-07 13:02:02.455 [main] INFO  com.samphanie.mall.service.IShippingServiceTest - No active profile set, falling back to default profiles: default
2020-04-07 13:02:03.476 [main] INFO  o.s.d.r.config.RepositoryConfigurationDelegate - Multiple Spring Data modules found, entering strict repository configuration mode!
2020-04-07 13:02:03.480 [main] INFO  o.s.d.r.config.RepositoryConfigurationDelegate - Bootstrapping Spring Data Redis repositories in DEFAULT mode.
2020-04-07 13:02:03.541 [main] INFO  o.s.d.r.config.RepositoryConfigurationDelegate - Finished Spring Data repository scanning in 34ms. Found 0 Redis repository interfaces.
2020-04-07 13:02:09.485 [main] INFO  o.s.scheduling.concurrent.ThreadPoolTaskExecutor - Initializing ExecutorService 'applicationTaskExecutor'
2020-04-07 13:02:10.401 [main] INFO  io.lettuce.core.EpollProvider - Starting without optional epoll library
2020-04-07 13:02:10.403 [main] INFO  io.lettuce.core.KqueueProvider - Starting without optional kqueue library
2020-04-07 13:02:16.227 [main] INFO  o.s.s.a.ScheduledAnnotationBeanPostProcessor - No TaskScheduler/ScheduledExecutorService bean found for scheduled processing
2020-04-07 13:02:16.257 [main] INFO  com.samphanie.mall.service.IShippingServiceTest - Started IShippingServiceTest in 14.347 seconds (JVM running for 15.855)
2020-04-07 13:02:16.709 [main] INFO  com.zaxxer.hikari.HikariDataSource - HikariPool-1 - Starting...
2020-04-07 13:02:16.893 [main] INFO  com.zaxxer.hikari.HikariDataSource - HikariPool-1 - Start completed.
2020-04-07 13:02:16.959 [main] INFO  com.samphanie.mall.service.IShippingServiceTest - reponseVo = ResponseVo(code=0, msg=成功, data={shippingId=17})
2020-04-07 13:02:16.981 [main] INFO  com.samphanie.mall.service.IShippingServiceTest - reponseVo = ResponseVo(code=0, msg=成功, data=null)
2020-04-07 13:02:17.010 [main] INFO  com.samphanie.mall.service.IShippingServiceTest - reponseVo = ResponseVo(code=0, msg=成功, data=null)
2020-04-07 13:02:17.032 [main] INFO  com.samphanie.mall.service.IShippingServiceTest - reponseVo = ResponseVo(code=0, msg=成功, data={shippingId=18})
2020-04-07 13:02:17.128 [main] INFO  com.samphanie.mall.service.IShippingServiceTest - reponseVo = ResponseVo(code=0, msg=成功, data=PageInfo{pageNum=1, pageSize=10, size=3, startRow=1, endRow=3, total=3, pages=1, list=Page{count=true, pageNum=1, pageSize=10, startRow=0, endRow=10, total=3, pages=1, reasonable=false, pageSizeZero=false}[Shipping(id=4, userId=1, receiverName=廖师兄, receiverPhone=010, receiverMobile=18688888888, receiverProvince=北京, receiverCity=北京市, receiverDistrict=海淀区, receiverAddress=中关村慕课网大楼, receiverZip=100000, createTime=2000-01-22T14:26:25, updateTime=2000-01-22T14:26:25), Shipping(id=7, userId=1, receiverName=zxx, receiverPhone=17354056086, receiverMobile=, receiverProvince=安徽省, receiverCity=安庆市, receiverDistrict=岳西县, receiverAddress=司空山村, receiverZip=246671, createTime=2020-04-07T12:13:39, updateTime=2020-04-07T12:30:27), Shipping(id=18, userId=1, receiverName=陌离, receiverPhone=17354056086, receiverMobile=, receiverProvince=安徽省, receiverCity=安庆市, receiverDistrict=岳西县, receiverAddress=司空山村, receiverZip=246671, createTime=2020-04-07T13:02:17, updateTime=2020-04-07T13:02:17)], prePage=0, nextPage=0, isFirstPage=true, isLastPage=true, hasPreviousPage=false, hasNextPage=false, navigatePages=8, navigateFirstPage=1, navigateLastPage=1, navigatepageNums=[1]})
2020-04-07 13:02:17.134 [main] INFO  com.samphanie.mall.service.IShippingServiceTest - reponseVo = ResponseVo(code=0, msg=成功, data=null)
2020-04-07 13:02:17.152 [SpringContextShutdownHook] INFO  o.s.scheduling.concurrent.ThreadPoolTaskExecutor - Shutting down ExecutorService 'applicationTaskExecutor'
2020-04-07 13:02:17.278 [SpringContextShutdownHook] INFO  com.zaxxer.hikari.HikariDataSource - HikariPool-1 - Shutdown initiated...
2020-04-07 13:02:17.298 [SpringContextShutdownHook] INFO  com.zaxxer.hikari.HikariDataSource - HikariPool-1 - Shutdown completed.
2020-04-07 14:33:02.435 [main] INFO  com.samphanie.mall.MallApplication - Starting MallApplication on Samphanie with PID 660 (E:\IdeaProjects\mall\target\classes started by ZSY in E:\IdeaProjects\mall)
2020-04-07 14:33:02.439 [main] INFO  com.samphanie.mall.MallApplication - No active profile set, falling back to default profiles: default
2020-04-07 14:33:03.214 [main] INFO  o.s.d.r.config.RepositoryConfigurationDelegate - Multiple Spring Data modules found, entering strict repository configuration mode!
2020-04-07 14:33:03.217 [main] INFO  o.s.d.r.config.RepositoryConfigurationDelegate - Bootstrapping Spring Data Redis repositories in DEFAULT mode.
2020-04-07 14:33:03.255 [main] INFO  o.s.d.r.config.RepositoryConfigurationDelegate - Finished Spring Data repository scanning in 24ms. Found 0 Redis repository interfaces.
2020-04-07 14:33:04.273 [main] INFO  o.s.boot.web.embedded.tomcat.TomcatWebServer - Tomcat initialized with port(s): 8888 (http)
2020-04-07 14:33:04.303 [main] INFO  org.apache.coyote.http11.Http11NioProtocol - Initializing ProtocolHandler ["http-nio-8888"]
2020-04-07 14:33:04.303 [main] INFO  org.apache.catalina.core.StandardService - Starting service [Tomcat]
2020-04-07 14:33:04.304 [main] INFO  org.apache.catalina.core.StandardEngine - Starting Servlet engine: [Apache Tomcat/9.0.31]
2020-04-07 14:33:04.535 [main] INFO  o.a.c.c.ContainerBase.[Tomcat].[localhost].[/mall] - Initializing Spring embedded WebApplicationContext
2020-04-07 14:33:04.535 [main] INFO  org.springframework.web.context.ContextLoader - Root WebApplicationContext: initialization completed in 2002 ms
2020-04-07 14:33:08.607 [main] INFO  o.s.scheduling.concurrent.ThreadPoolTaskExecutor - Initializing ExecutorService 'applicationTaskExecutor'
2020-04-07 14:33:10.048 [main] INFO  io.lettuce.core.EpollProvider - Starting without optional epoll library
2020-04-07 14:33:10.049 [main] INFO  io.lettuce.core.KqueueProvider - Starting without optional kqueue library
2020-04-07 14:33:14.461 [main] INFO  o.s.s.a.ScheduledAnnotationBeanPostProcessor - No TaskScheduler/ScheduledExecutorService bean found for scheduled processing
2020-04-07 14:33:14.467 [main] INFO  org.apache.coyote.http11.Http11NioProtocol - Starting ProtocolHandler ["http-nio-8888"]
2020-04-07 14:33:14.536 [main] INFO  o.s.boot.web.embedded.tomcat.TomcatWebServer - Tomcat started on port(s): 8888 (http) with context path '/mall'
2020-04-07 14:33:14.539 [main] INFO  com.samphanie.mall.MallApplication - Started MallApplication in 12.732 seconds (JVM running for 15.46)
2020-04-07 14:33:33.014 [http-nio-8888-exec-3] INFO  o.a.c.c.ContainerBase.[Tomcat].[localhost].[/mall] - Initializing Spring DispatcherServlet 'dispatcherServlet'
2020-04-07 14:33:33.014 [http-nio-8888-exec-3] INFO  org.springframework.web.servlet.DispatcherServlet - Initializing Servlet 'dispatcherServlet'
2020-04-07 14:33:33.023 [http-nio-8888-exec-3] INFO  org.springframework.web.servlet.DispatcherServlet - Completed initialization in 9 ms
2020-04-07 14:33:33.353 [http-nio-8888-exec-3] INFO  com.zaxxer.hikari.HikariDataSource - HikariPool-1 - Starting...
2020-04-07 14:33:33.490 [http-nio-8888-exec-3] INFO  com.zaxxer.hikari.HikariDataSource - HikariPool-1 - Start completed.
2020-04-07 14:33:38.162 [http-nio-8888-exec-2] INFO  c.samphanie.mall.interceptor.UserLoginInterceptor - preHandle...
2020-04-07 14:34:57.062 [http-nio-8888-exec-6] INFO  c.samphanie.mall.interceptor.UserLoginInterceptor - preHandle...
2020-04-07 16:20:59.062 [main] INFO  com.samphanie.mall.service.IOrderServiceTest - Starting IOrderServiceTest on Samphanie with PID 147200 (started by ZSY in E:\IdeaProjects\mall)
2020-04-07 16:20:59.064 [main] INFO  com.samphanie.mall.service.IOrderServiceTest - No active profile set, falling back to default profiles: default
2020-04-07 16:20:59.997 [main] INFO  o.s.d.r.config.RepositoryConfigurationDelegate - Multiple Spring Data modules found, entering strict repository configuration mode!
2020-04-07 16:21:00.001 [main] INFO  o.s.d.r.config.RepositoryConfigurationDelegate - Bootstrapping Spring Data Redis repositories in DEFAULT mode.
2020-04-07 16:21:00.051 [main] INFO  o.s.d.r.config.RepositoryConfigurationDelegate - Finished Spring Data repository scanning in 29ms. Found 0 Redis repository interfaces.
2020-04-07 16:21:06.328 [main] INFO  o.s.scheduling.concurrent.ThreadPoolTaskExecutor - Initializing ExecutorService 'applicationTaskExecutor'
2020-04-07 16:21:07.327 [main] INFO  io.lettuce.core.EpollProvider - Starting without optional epoll library
2020-04-07 16:21:07.329 [main] INFO  io.lettuce.core.KqueueProvider - Starting without optional kqueue library
2020-04-07 16:21:13.191 [main] INFO  o.s.s.a.ScheduledAnnotationBeanPostProcessor - No TaskScheduler/ScheduledExecutorService bean found for scheduled processing
2020-04-07 16:21:13.205 [main] INFO  com.samphanie.mall.service.IOrderServiceTest - Started IOrderServiceTest in 14.657 seconds (JVM running for 16.098)
2020-04-07 16:21:13.706 [main] INFO  com.zaxxer.hikari.HikariDataSource - HikariPool-1 - Starting...
2020-04-07 16:21:13.915 [main] INFO  com.zaxxer.hikari.HikariDataSource - HikariPool-1 - Start completed.
2020-04-07 16:21:14.139 [SpringContextShutdownHook] INFO  o.s.scheduling.concurrent.ThreadPoolTaskExecutor - Shutting down ExecutorService 'applicationTaskExecutor'
2020-04-07 16:21:14.266 [SpringContextShutdownHook] INFO  com.zaxxer.hikari.HikariDataSource - HikariPool-1 - Shutdown initiated...
2020-04-07 16:21:14.284 [SpringContextShutdownHook] INFO  com.zaxxer.hikari.HikariDataSource - HikariPool-1 - Shutdown completed.
2020-04-07 16:25:15.045 [main] INFO  com.samphanie.mall.service.IOrderServiceTest - Starting IOrderServiceTest on Samphanie with PID 12956 (started by ZSY in E:\IdeaProjects\mall)
2020-04-07 16:25:15.046 [main] INFO  com.samphanie.mall.service.IOrderServiceTest - No active profile set, falling back to default profiles: default
2020-04-07 16:25:15.963 [main] INFO  o.s.d.r.config.RepositoryConfigurationDelegate - Multiple Spring Data modules found, entering strict repository configuration mode!
2020-04-07 16:25:15.967 [main] INFO  o.s.d.r.config.RepositoryConfigurationDelegate - Bootstrapping Spring Data Redis repositories in DEFAULT mode.
2020-04-07 16:25:16.018 [main] INFO  o.s.d.r.config.RepositoryConfigurationDelegate - Finished Spring Data repository scanning in 33ms. Found 0 Redis repository interfaces.
2020-04-07 16:25:21.901 [main] INFO  o.s.scheduling.concurrent.ThreadPoolTaskExecutor - Initializing ExecutorService 'applicationTaskExecutor'
2020-04-07 16:25:22.848 [main] INFO  io.lettuce.core.EpollProvider - Starting without optional epoll library
2020-04-07 16:25:22.849 [main] INFO  io.lettuce.core.KqueueProvider - Starting without optional kqueue library
2020-04-07 16:25:28.744 [main] INFO  o.s.s.a.ScheduledAnnotationBeanPostProcessor - No TaskScheduler/ScheduledExecutorService bean found for scheduled processing
2020-04-07 16:25:28.756 [main] INFO  com.samphanie.mall.service.IOrderServiceTest - Started IOrderServiceTest in 14.213 seconds (JVM running for 15.555)
2020-04-07 16:25:29.228 [main] INFO  com.zaxxer.hikari.HikariDataSource - HikariPool-1 - Starting...
2020-04-07 16:25:29.427 [main] INFO  com.zaxxer.hikari.HikariDataSource - HikariPool-1 - Start completed.
2020-04-07 16:25:29.545 [main] INFO  com.samphanie.mall.service.IOrderServiceTest - reponseVo = null
2020-04-07 16:25:29.587 [SpringContextShutdownHook] INFO  o.s.scheduling.concurrent.ThreadPoolTaskExecutor - Shutting down ExecutorService 'applicationTaskExecutor'
2020-04-07 16:25:29.712 [SpringContextShutdownHook] INFO  com.zaxxer.hikari.HikariDataSource - HikariPool-1 - Shutdown initiated...
2020-04-07 16:25:29.732 [SpringContextShutdownHook] INFO  com.zaxxer.hikari.HikariDataSource - HikariPool-1 - Shutdown completed.
2020-04-07 17:43:59.124 [main] INFO  com.samphanie.mall.service.IOrderServiceTest - Starting IOrderServiceTest on Samphanie with PID 151456 (started by ZSY in E:\IdeaProjects\mall)
2020-04-07 17:43:59.126 [main] INFO  com.samphanie.mall.service.IOrderServiceTest - No active profile set, falling back to default profiles: default
2020-04-07 17:43:59.998 [main] INFO  o.s.d.r.config.RepositoryConfigurationDelegate - Multiple Spring Data modules found, entering strict repository configuration mode!
2020-04-07 17:44:00.002 [main] INFO  o.s.d.r.config.RepositoryConfigurationDelegate - Bootstrapping Spring Data Redis repositories in DEFAULT mode.
2020-04-07 17:44:00.053 [main] INFO  o.s.d.r.config.RepositoryConfigurationDelegate - Finished Spring Data repository scanning in 31ms. Found 0 Redis repository interfaces.
2020-04-07 17:44:06.158 [main] INFO  o.s.scheduling.concurrent.ThreadPoolTaskExecutor - Initializing ExecutorService 'applicationTaskExecutor'
2020-04-07 17:44:07.173 [main] INFO  io.lettuce.core.EpollProvider - Starting without optional epoll library
2020-04-07 17:44:07.175 [main] INFO  io.lettuce.core.KqueueProvider - Starting without optional kqueue library
2020-04-07 17:44:13.094 [main] INFO  o.s.s.a.ScheduledAnnotationBeanPostProcessor - No TaskScheduler/ScheduledExecutorService bean found for scheduled processing
2020-04-07 17:44:13.105 [main] INFO  com.samphanie.mall.service.IOrderServiceTest - Started IOrderServiceTest in 14.452 seconds (JVM running for 15.862)
2020-04-07 17:44:13.591 [main] INFO  com.zaxxer.hikari.HikariDataSource - HikariPool-1 - Starting...
2020-04-07 17:44:13.818 [main] INFO  com.zaxxer.hikari.HikariDataSource - HikariPool-1 - Start completed.
2020-04-07 17:44:14.037 [SpringContextShutdownHook] INFO  o.s.scheduling.concurrent.ThreadPoolTaskExecutor - Shutting down ExecutorService 'applicationTaskExecutor'
2020-04-07 17:44:14.179 [SpringContextShutdownHook] INFO  com.zaxxer.hikari.HikariDataSource - HikariPool-1 - Shutdown initiated...
2020-04-07 17:44:14.200 [SpringContextShutdownHook] INFO  com.zaxxer.hikari.HikariDataSource - HikariPool-1 - Shutdown completed.
2020-04-07 17:44:52.512 [main] INFO  com.samphanie.mall.service.IOrderServiceTest - Starting IOrderServiceTest on Samphanie with PID 14228 (started by ZSY in E:\IdeaProjects\mall)
2020-04-07 17:44:52.514 [main] INFO  com.samphanie.mall.service.IOrderServiceTest - No active profile set, falling back to default profiles: default
2020-04-07 17:44:53.454 [main] INFO  o.s.d.r.config.RepositoryConfigurationDelegate - Multiple Spring Data modules found, entering strict repository configuration mode!
2020-04-07 17:44:53.458 [main] INFO  o.s.d.r.config.RepositoryConfigurationDelegate - Bootstrapping Spring Data Redis repositories in DEFAULT mode.
2020-04-07 17:44:53.505 [main] INFO  o.s.d.r.config.RepositoryConfigurationDelegate - Finished Spring Data repository scanning in 29ms. Found 0 Redis repository interfaces.
2020-04-07 17:44:59.456 [main] INFO  o.s.scheduling.concurrent.ThreadPoolTaskExecutor - Initializing ExecutorService 'applicationTaskExecutor'
2020-04-07 17:45:00.405 [main] INFO  io.lettuce.core.EpollProvider - Starting without optional epoll library
2020-04-07 17:45:00.407 [main] INFO  io.lettuce.core.KqueueProvider - Starting without optional kqueue library
2020-04-07 17:45:10.091 [main] INFO  o.s.s.a.ScheduledAnnotationBeanPostProcessor - No TaskScheduler/ScheduledExecutorService bean found for scheduled processing
2020-04-07 17:45:10.107 [main] INFO  com.samphanie.mall.service.IOrderServiceTest - Started IOrderServiceTest in 18.1 seconds (JVM running for 19.526)
2020-04-07 17:45:10.643 [main] INFO  com.zaxxer.hikari.HikariDataSource - HikariPool-1 - Starting...
2020-04-07 17:45:10.851 [main] INFO  com.zaxxer.hikari.HikariDataSource - HikariPool-1 - Start completed.
2020-04-07 17:45:11.048 [SpringContextShutdownHook] INFO  o.s.scheduling.concurrent.ThreadPoolTaskExecutor - Shutting down ExecutorService 'applicationTaskExecutor'
2020-04-07 17:45:11.176 [SpringContextShutdownHook] INFO  com.zaxxer.hikari.HikariDataSource - HikariPool-1 - Shutdown initiated...
2020-04-07 17:45:11.199 [SpringContextShutdownHook] INFO  com.zaxxer.hikari.HikariDataSource - HikariPool-1 - Shutdown completed.
2020-04-07 17:52:22.345 [main] INFO  com.samphanie.mall.service.IOrderServiceTest - Starting IOrderServiceTest on Samphanie with PID 150972 (started by ZSY in E:\IdeaProjects\mall)
2020-04-07 17:52:22.346 [main] INFO  com.samphanie.mall.service.IOrderServiceTest - No active profile set, falling back to default profiles: default
2020-04-07 17:52:23.235 [main] INFO  o.s.d.r.config.RepositoryConfigurationDelegate - Multiple Spring Data modules found, entering strict repository configuration mode!
2020-04-07 17:52:23.241 [main] INFO  o.s.d.r.config.RepositoryConfigurationDelegate - Bootstrapping Spring Data Redis repositories in DEFAULT mode.
2020-04-07 17:52:23.294 [main] INFO  o.s.d.r.config.RepositoryConfigurationDelegate - Finished Spring Data repository scanning in 30ms. Found 0 Redis repository interfaces.
2020-04-07 17:52:29.062 [main] INFO  o.s.scheduling.concurrent.ThreadPoolTaskExecutor - Initializing ExecutorService 'applicationTaskExecutor'
2020-04-07 17:52:29.950 [main] INFO  io.lettuce.core.EpollProvider - Starting without optional epoll library
2020-04-07 17:52:29.952 [main] INFO  io.lettuce.core.KqueueProvider - Starting without optional kqueue library
2020-04-07 17:52:35.655 [main] INFO  o.s.s.a.ScheduledAnnotationBeanPostProcessor - No TaskScheduler/ScheduledExecutorService bean found for scheduled processing
2020-04-07 17:52:35.666 [main] INFO  com.samphanie.mall.service.IOrderServiceTest - Started IOrderServiceTest in 13.803 seconds (JVM running for 15.153)
2020-04-07 17:52:36.169 [main] INFO  com.zaxxer.hikari.HikariDataSource - HikariPool-1 - Starting...
2020-04-07 17:52:36.359 [main] INFO  com.zaxxer.hikari.HikariDataSource - HikariPool-1 - Start completed.
2020-04-07 17:52:36.533 [SpringContextShutdownHook] INFO  o.s.scheduling.concurrent.ThreadPoolTaskExecutor - Shutting down ExecutorService 'applicationTaskExecutor'
2020-04-07 17:52:36.657 [SpringContextShutdownHook] INFO  com.zaxxer.hikari.HikariDataSource - HikariPool-1 - Shutdown initiated...
2020-04-07 17:52:36.677 [SpringContextShutdownHook] INFO  com.zaxxer.hikari.HikariDataSource - HikariPool-1 - Shutdown completed.
2020-04-07 17:53:39.633 [main] INFO  com.samphanie.mall.service.IOrderServiceTest - Starting IOrderServiceTest on Samphanie with PID 40940 (started by ZSY in E:\IdeaProjects\mall)
2020-04-07 17:53:39.634 [main] INFO  com.samphanie.mall.service.IOrderServiceTest - No active profile set, falling back to default profiles: default
2020-04-07 17:53:40.530 [main] INFO  o.s.d.r.config.RepositoryConfigurationDelegate - Multiple Spring Data modules found, entering strict repository configuration mode!
2020-04-07 17:53:40.533 [main] INFO  o.s.d.r.config.RepositoryConfigurationDelegate - Bootstrapping Spring Data Redis repositories in DEFAULT mode.
2020-04-07 17:53:40.590 [main] INFO  o.s.d.r.config.RepositoryConfigurationDelegate - Finished Spring Data repository scanning in 38ms. Found 0 Redis repository interfaces.
2020-04-07 17:53:46.416 [main] INFO  o.s.scheduling.concurrent.ThreadPoolTaskExecutor - Initializing ExecutorService 'applicationTaskExecutor'
2020-04-07 17:53:47.337 [main] INFO  io.lettuce.core.EpollProvider - Starting without optional epoll library
2020-04-07 17:53:47.338 [main] INFO  io.lettuce.core.KqueueProvider - Starting without optional kqueue library
2020-04-07 17:53:53.129 [main] INFO  o.s.s.a.ScheduledAnnotationBeanPostProcessor - No TaskScheduler/ScheduledExecutorService bean found for scheduled processing
2020-04-07 17:53:53.142 [main] INFO  com.samphanie.mall.service.IOrderServiceTest - Started IOrderServiceTest in 13.998 seconds (JVM running for 15.409)
2020-04-07 17:53:53.600 [main] INFO  com.zaxxer.hikari.HikariDataSource - HikariPool-1 - Starting...
2020-04-07 17:53:53.786 [main] INFO  com.zaxxer.hikari.HikariDataSource - HikariPool-1 - Start completed.
2020-04-07 17:53:53.941 [SpringContextShutdownHook] INFO  o.s.scheduling.concurrent.ThreadPoolTaskExecutor - Shutting down ExecutorService 'applicationTaskExecutor'
2020-04-07 17:53:54.070 [SpringContextShutdownHook] INFO  com.zaxxer.hikari.HikariDataSource - HikariPool-1 - Shutdown initiated...
2020-04-07 17:53:54.089 [SpringContextShutdownHook] INFO  com.zaxxer.hikari.HikariDataSource - HikariPool-1 - Shutdown completed.
2020-04-07 17:54:38.005 [main] INFO  com.samphanie.mall.service.IOrderServiceTest - Starting IOrderServiceTest on Samphanie with PID 6456 (started by ZSY in E:\IdeaProjects\mall)
2020-04-07 17:54:38.006 [main] INFO  com.samphanie.mall.service.IOrderServiceTest - No active profile set, falling back to default profiles: default
2020-04-07 17:54:38.887 [main] INFO  o.s.d.r.config.RepositoryConfigurationDelegate - Multiple Spring Data modules found, entering strict repository configuration mode!
2020-04-07 17:54:38.890 [main] INFO  o.s.d.r.config.RepositoryConfigurationDelegate - Bootstrapping Spring Data Redis repositories in DEFAULT mode.
2020-04-07 17:54:38.944 [main] INFO  o.s.d.r.config.RepositoryConfigurationDelegate - Finished Spring Data repository scanning in 37ms. Found 0 Redis repository interfaces.
2020-04-07 17:54:44.607 [main] INFO  o.s.scheduling.concurrent.ThreadPoolTaskExecutor - Initializing ExecutorService 'applicationTaskExecutor'
2020-04-07 17:54:45.556 [main] INFO  io.lettuce.core.EpollProvider - Starting without optional epoll library
2020-04-07 17:54:45.557 [main] INFO  io.lettuce.core.KqueueProvider - Starting without optional kqueue library
2020-04-07 17:54:51.284 [main] INFO  o.s.s.a.ScheduledAnnotationBeanPostProcessor - No TaskScheduler/ScheduledExecutorService bean found for scheduled processing
2020-04-07 17:54:51.294 [main] INFO  com.samphanie.mall.service.IOrderServiceTest - Started IOrderServiceTest in 13.823 seconds (JVM running for 15.238)
2020-04-07 17:54:51.748 [main] INFO  com.zaxxer.hikari.HikariDataSource - HikariPool-1 - Starting...
2020-04-07 17:54:51.930 [main] INFO  com.zaxxer.hikari.HikariDataSource - HikariPool-1 - Start completed.
2020-04-07 17:54:52.080 [SpringContextShutdownHook] INFO  o.s.scheduling.concurrent.ThreadPoolTaskExecutor - Shutting down ExecutorService 'applicationTaskExecutor'
2020-04-07 17:54:52.207 [SpringContextShutdownHook] INFO  com.zaxxer.hikari.HikariDataSource - HikariPool-1 - Shutdown initiated...
2020-04-07 17:54:52.226 [SpringContextShutdownHook] INFO  com.zaxxer.hikari.HikariDataSource - HikariPool-1 - Shutdown completed.
2020-04-07 17:59:15.527 [main] INFO  com.samphanie.mall.service.IOrderServiceTest - Starting IOrderServiceTest on Samphanie with PID 8920 (started by ZSY in E:\IdeaProjects\mall)
2020-04-07 17:59:15.528 [main] INFO  com.samphanie.mall.service.IOrderServiceTest - No active profile set, falling back to default profiles: default
2020-04-07 17:59:16.404 [main] INFO  o.s.d.r.config.RepositoryConfigurationDelegate - Multiple Spring Data modules found, entering strict repository configuration mode!
2020-04-07 17:59:16.408 [main] INFO  o.s.d.r.config.RepositoryConfigurationDelegate - Bootstrapping Spring Data Redis repositories in DEFAULT mode.
2020-04-07 17:59:16.454 [main] INFO  o.s.d.r.config.RepositoryConfigurationDelegate - Finished Spring Data repository scanning in 27ms. Found 0 Redis repository interfaces.
2020-04-07 17:59:22.448 [main] INFO  o.s.scheduling.concurrent.ThreadPoolTaskExecutor - Initializing ExecutorService 'applicationTaskExecutor'
2020-04-07 17:59:23.390 [main] INFO  io.lettuce.core.EpollProvider - Starting without optional epoll library
2020-04-07 17:59:23.393 [main] INFO  io.lettuce.core.KqueueProvider - Starting without optional kqueue library
2020-04-07 17:59:29.254 [main] INFO  o.s.s.a.ScheduledAnnotationBeanPostProcessor - No TaskScheduler/ScheduledExecutorService bean found for scheduled processing
2020-04-07 17:59:29.266 [main] INFO  com.samphanie.mall.service.IOrderServiceTest - Started IOrderServiceTest in 14.229 seconds (JVM running for 15.631)
2020-04-07 17:59:29.748 [main] INFO  com.zaxxer.hikari.HikariDataSource - HikariPool-1 - Starting...
2020-04-07 17:59:29.972 [main] INFO  com.zaxxer.hikari.HikariDataSource - HikariPool-1 - Start completed.
2020-04-07 17:59:30.165 [main] INFO  com.samphanie.mall.service.IOrderServiceTest - reponseVo = ResponseVo(code=0, msg=成功, data=null)
2020-04-07 17:59:30.197 [SpringContextShutdownHook] INFO  o.s.scheduling.concurrent.ThreadPoolTaskExecutor - Shutting down ExecutorService 'applicationTaskExecutor'
2020-04-07 17:59:30.322 [SpringContextShutdownHook] INFO  com.zaxxer.hikari.HikariDataSource - HikariPool-1 - Shutdown initiated...
2020-04-07 17:59:30.342 [SpringContextShutdownHook] INFO  com.zaxxer.hikari.HikariDataSource - HikariPool-1 - Shutdown completed.
2020-04-07 18:00:22.925 [main] INFO  com.samphanie.mall.service.IOrderServiceTest - Starting IOrderServiceTest on Samphanie with PID 151456 (started by ZSY in E:\IdeaProjects\mall)
2020-04-07 18:00:22.926 [main] INFO  com.samphanie.mall.service.IOrderServiceTest - No active profile set, falling back to default profiles: default
2020-04-07 18:00:23.854 [main] INFO  o.s.d.r.config.RepositoryConfigurationDelegate - Multiple Spring Data modules found, entering strict repository configuration mode!
2020-04-07 18:00:23.857 [main] INFO  o.s.d.r.config.RepositoryConfigurationDelegate - Bootstrapping Spring Data Redis repositories in DEFAULT mode.
2020-04-07 18:00:23.910 [main] INFO  o.s.d.r.config.RepositoryConfigurationDelegate - Finished Spring Data repository scanning in 35ms. Found 0 Redis repository interfaces.
2020-04-07 18:00:29.955 [main] INFO  o.s.scheduling.concurrent.ThreadPoolTaskExecutor - Initializing ExecutorService 'applicationTaskExecutor'
2020-04-07 18:00:30.938 [main] INFO  io.lettuce.core.EpollProvider - Starting without optional epoll library
2020-04-07 18:00:30.940 [main] INFO  io.lettuce.core.KqueueProvider - Starting without optional kqueue library
2020-04-07 18:00:36.823 [main] INFO  o.s.s.a.ScheduledAnnotationBeanPostProcessor - No TaskScheduler/ScheduledExecutorService bean found for scheduled processing
2020-04-07 18:00:36.834 [main] INFO  com.samphanie.mall.service.IOrderServiceTest - Started IOrderServiceTest in 14.381 seconds (JVM running for 15.796)
2020-04-07 18:00:37.303 [main] INFO  com.zaxxer.hikari.HikariDataSource - HikariPool-1 - Starting...
2020-04-07 18:00:37.494 [main] INFO  com.zaxxer.hikari.HikariDataSource - HikariPool-1 - Start completed.
2020-04-07 18:00:37.672 [main] INFO  com.samphanie.mall.service.IOrderServiceTest - reponseVo = ResponseVo(code=0, msg=成功, data=null)
2020-04-07 18:00:37.707 [SpringContextShutdownHook] INFO  o.s.scheduling.concurrent.ThreadPoolTaskExecutor - Shutting down ExecutorService 'applicationTaskExecutor'
2020-04-07 18:00:37.833 [SpringContextShutdownHook] INFO  com.zaxxer.hikari.HikariDataSource - HikariPool-1 - Shutdown initiated...
2020-04-07 18:00:37.850 [SpringContextShutdownHook] INFO  com.zaxxer.hikari.HikariDataSource - HikariPool-1 - Shutdown completed.
